<?xml version="1.0" encoding="UTF-8"?>
<testsuite name="hudson.scheduler.CronTabDayOfWeekLocaleTest" time="0.392" tests="2983" errors="0" skipped="0" failures="0">
  <properties>
    <property name="java.runtime.name" value="OpenJDK Runtime Environment"/>
    <property name="sun.boot.library.path" value="/usr/lib/jvm/java-8-openjdk-amd64/jre/lib/amd64"/>
    <property name="java.vm.version" value="25.232-b09"/>
    <property name="java.vm.vendor" value="Private Build"/>
    <property name="maven.multiModuleProjectDirectory" value="/home/bcty222/MP3/mp3/jenkins"/>
    <property name="java.vendor.url" value="http://java.oracle.com/"/>
    <property name="path.separator" value=":"/>
    <property name="guice.disable.misplaced.annotation.check" value="true"/>
    <property name="java.vm.name" value="OpenJDK 64-Bit Server VM"/>
    <property name="file.encoding.pkg" value="sun.io"/>
    <property name="sun.java.launcher" value="SUN_STANDARD"/>
    <property name="sun.os.patch.level" value="unknown"/>
    <property name="java.vm.specification.name" value="Java Virtual Machine Specification"/>
    <property name="user.dir" value="/home/bcty222/MP3/mp3/jenkins"/>
    <property name="java.runtime.version" value="1.8.0_232-8u232-b09-0ubuntu1~18.04.1-b09"/>
    <property name="java.awt.graphicsenv" value="sun.awt.X11GraphicsEnvironment"/>
    <property name="java.endorsed.dirs" value="/usr/lib/jvm/java-8-openjdk-amd64/jre/lib/endorsed"/>
    <property name="os.arch" value="amd64"/>
    <property name="java.io.tmpdir" value="/tmp"/>
    <property name="line.separator" value="&#10;"/>
    <property name="java.vm.specification.vendor" value="Oracle Corporation"/>
    <property name="os.name" value="Linux"/>
    <property name="classworlds.conf" value="/usr/share/maven/bin/m2.conf"/>
    <property name="sun.jnu.encoding" value="UTF-8"/>
    <property name="java.library.path" value="/usr/java/packages/lib/amd64:/usr/lib/x86_64-linux-gnu/jni:/lib/x86_64-linux-gnu:/usr/lib/x86_64-linux-gnu:/usr/lib/jni:/lib:/usr/lib"/>
    <property name="maven.conf" value="/usr/share/maven/conf"/>
    <property name="java.specification.name" value="Java Platform API Specification"/>
    <property name="java.class.version" value="52.0"/>
    <property name="sun.management.compiler" value="HotSpot 64-Bit Tiered Compilers"/>
    <property name="os.version" value="4.15.0-74-generic"/>
    <property name="library.jansi.path" value="/usr/share/maven/lib/jansi-native"/>
    <property name="user.home" value="/home/bcty222"/>
    <property name="user.timezone" value="America/New_York"/>
    <property name="java.awt.printerjob" value="sun.print.PSPrinterJob"/>
    <property name="java.specification.version" value="1.8"/>
    <property name="file.encoding" value="UTF-8"/>
    <property name="user.name" value="bcty222"/>
    <property name="java.class.path" value="/usr/share/maven/boot/plexus-classworlds-2.x.jar"/>
    <property name="java.vm.specification.version" value="1.8"/>
    <property name="sun.arch.data.model" value="64"/>
    <property name="java.home" value="/usr/lib/jvm/java-8-openjdk-amd64/jre"/>
    <property name="sun.java.command" value="org.codehaus.plexus.classworlds.launcher.Launcher clean -Plight-test install"/>
    <property name="java.specification.vendor" value="Oracle Corporation"/>
    <property name="user.language" value="en"/>
    <property name="awt.toolkit" value="sun.awt.X11.XToolkit"/>
    <property name="java.vm.info" value="mixed mode"/>
    <property name="java.version" value="1.8.0_232"/>
    <property name="java.ext.dirs" value="/usr/lib/jvm/java-8-openjdk-amd64/jre/lib/ext:/usr/java/packages/lib/ext"/>
    <property name="securerandom.source" value="file:/dev/./urandom"/>
    <property name="sun.boot.class.path" value="/usr/lib/jvm/java-8-openjdk-amd64/jre/lib/resources.jar:/usr/lib/jvm/java-8-openjdk-amd64/jre/lib/rt.jar:/usr/lib/jvm/java-8-openjdk-amd64/jre/lib/sunrsasign.jar:/usr/lib/jvm/java-8-openjdk-amd64/jre/lib/jsse.jar:/usr/lib/jvm/java-8-openjdk-amd64/jre/lib/jce.jar:/usr/lib/jvm/java-8-openjdk-amd64/jre/lib/charsets.jar:/usr/lib/jvm/java-8-openjdk-amd64/jre/lib/jfr.jar:/usr/lib/jvm/java-8-openjdk-amd64/jre/classes"/>
    <property name="java.vendor" value="Private Build"/>
    <property name="maven.home" value="/usr/share/maven"/>
    <property name="file.separator" value="/"/>
    <property name="java.vendor.url.bug" value="http://bugreport.sun.com/bugreport/"/>
    <property name="sun.cpu.endian" value="little"/>
    <property name="sun.io.unicode.encoding" value="UnicodeLittle"/>
    <property name="sun.cpu.isalist" value=""/>
  </properties>
  <testcase name="isSundayAndPreviousRunIsTuesday[0]" classname="hudson.scheduler.CronTabDayOfWeekLocaleTest" time="0.001"/>
  <testcase name="isSundayAndPreviousRunIsThursday[0]" classname="hudson.scheduler.CronTabDayOfWeekLocaleTest" time="0.005"/>
  <testcase name="isSundayAndPreviousRunIsWednesday[0]" classname="hudson.scheduler.CronTabDayOfWeekLocaleTest" time="0.001"/>
  <testcase name="isSundayAndPreviousRunIsSaturday[0]" classname="hudson.scheduler.CronTabDayOfWeekLocaleTest" time="0"/>
  <testcase name="isSundayAndPreviousRunIsPreviousSunday[0]" classname="hudson.scheduler.CronTabDayOfWeekLocaleTest" time="0.001"/>
  <testcase name="isSundayAndNextRunIsFriday[0]" classname="hudson.scheduler.CronTabDayOfWeekLocaleTest" time="0"/>
  <testcase name="isSundayAndPreviousRunIsSaturdayAsterisk[0]" classname="hudson.scheduler.CronTabDayOfWeekLocaleTest" time="0"/>
  <testcase name="isSundayAndNextRunIsMonday[0]" classname="hudson.scheduler.CronTabDayOfWeekLocaleTest" time="0"/>
  <testcase name="isSundayAndPreviousRunIsFriday[0]" classname="hudson.scheduler.CronTabDayOfWeekLocaleTest" time="0"/>
  <testcase name="isSundayAndNextRunIsTuesday[0]" classname="hudson.scheduler.CronTabDayOfWeekLocaleTest" time="0.001"/>
  <testcase name="isSundayAndNextRunIsNextSunday7[0]" classname="hudson.scheduler.CronTabDayOfWeekLocaleTest" time="0.008"/>
  <testcase name="isSundayAndPreviousRunIsMonday[0]" classname="hudson.scheduler.CronTabDayOfWeekLocaleTest" time="0"/>
  <testcase name="isSaturdayAndNextRunIsSundayAsterisk[0]" classname="hudson.scheduler.CronTabDayOfWeekLocaleTest" time="0"/>
  <testcase name="hudson8658[0]" classname="hudson.scheduler.CronTabDayOfWeekLocaleTest" time="0.001"/>
  <testcase name="isSundayAndNextRunIsNextSunday[0]" classname="hudson.scheduler.CronTabDayOfWeekLocaleTest" time="0"/>
  <testcase name="isSundayAndNextRunIsThursday[0]" classname="hudson.scheduler.CronTabDayOfWeekLocaleTest" time="0"/>
  <testcase name="isSundayAndPreviousRunIsPreviousSunday7[0]" classname="hudson.scheduler.CronTabDayOfWeekLocaleTest" time="0"/>
  <testcase name="isSundayAndNextRunIsWednesday[0]" classname="hudson.scheduler.CronTabDayOfWeekLocaleTest" time="0"/>
  <testcase name="isSundayAndNextRunIsSaturday[0]" classname="hudson.scheduler.CronTabDayOfWeekLocaleTest" time="0.001"/>
  <testcase name="isSundayAndPreviousRunIsTuesday[1]" classname="hudson.scheduler.CronTabDayOfWeekLocaleTest" time="0"/>
  <testcase name="isSundayAndPreviousRunIsThursday[1]" classname="hudson.scheduler.CronTabDayOfWeekLocaleTest" time="0.001"/>
  <testcase name="isSundayAndPreviousRunIsWednesday[1]" classname="hudson.scheduler.CronTabDayOfWeekLocaleTest" time="0"/>
  <testcase name="isSundayAndPreviousRunIsSaturday[1]" classname="hudson.scheduler.CronTabDayOfWeekLocaleTest" time="0"/>
  <testcase name="isSundayAndPreviousRunIsPreviousSunday[1]" classname="hudson.scheduler.CronTabDayOfWeekLocaleTest" time="0"/>
  <testcase name="isSundayAndNextRunIsFriday[1]" classname="hudson.scheduler.CronTabDayOfWeekLocaleTest" time="0"/>
  <testcase name="isSundayAndPreviousRunIsSaturdayAsterisk[1]" classname="hudson.scheduler.CronTabDayOfWeekLocaleTest" time="0.001"/>
  <testcase name="isSundayAndNextRunIsMonday[1]" classname="hudson.scheduler.CronTabDayOfWeekLocaleTest" time="0"/>
  <testcase name="isSundayAndPreviousRunIsFriday[1]" classname="hudson.scheduler.CronTabDayOfWeekLocaleTest" time="0.001"/>
  <testcase name="isSundayAndNextRunIsTuesday[1]" classname="hudson.scheduler.CronTabDayOfWeekLocaleTest" time="0"/>
  <testcase name="isSundayAndNextRunIsNextSunday7[1]" classname="hudson.scheduler.CronTabDayOfWeekLocaleTest" time="0"/>
  <testcase name="isSundayAndPreviousRunIsMonday[1]" classname="hudson.scheduler.CronTabDayOfWeekLocaleTest" time="0.001"/>
  <testcase name="isSaturdayAndNextRunIsSundayAsterisk[1]" classname="hudson.scheduler.CronTabDayOfWeekLocaleTest" time="0"/>
  <testcase name="hudson8658[1]" classname="hudson.scheduler.CronTabDayOfWeekLocaleTest" time="0"/>
  <testcase name="isSundayAndNextRunIsNextSunday[1]" classname="hudson.scheduler.CronTabDayOfWeekLocaleTest" time="0.001"/>
  <testcase name="isSundayAndNextRunIsThursday[1]" classname="hudson.scheduler.CronTabDayOfWeekLocaleTest" time="0"/>
  <testcase name="isSundayAndPreviousRunIsPreviousSunday7[1]" classname="hudson.scheduler.CronTabDayOfWeekLocaleTest" time="0.004"/>
  <testcase name="isSundayAndNextRunIsWednesday[1]" classname="hudson.scheduler.CronTabDayOfWeekLocaleTest" time="0"/>
  <testcase name="isSundayAndNextRunIsSaturday[1]" classname="hudson.scheduler.CronTabDayOfWeekLocaleTest" time="0"/>
  <testcase name="isSundayAndPreviousRunIsTuesday[2]" classname="hudson.scheduler.CronTabDayOfWeekLocaleTest" time="0.001"/>
  <testcase name="isSundayAndPreviousRunIsThursday[2]" classname="hudson.scheduler.CronTabDayOfWeekLocaleTest" time="0"/>
  <testcase name="isSundayAndPreviousRunIsWednesday[2]" classname="hudson.scheduler.CronTabDayOfWeekLocaleTest" time="0.003"/>
  <testcase name="isSundayAndPreviousRunIsSaturday[2]" classname="hudson.scheduler.CronTabDayOfWeekLocaleTest" time="0.001"/>
  <testcase name="isSundayAndPreviousRunIsPreviousSunday[2]" classname="hudson.scheduler.CronTabDayOfWeekLocaleTest" time="0"/>
  <testcase name="isSundayAndNextRunIsFriday[2]" classname="hudson.scheduler.CronTabDayOfWeekLocaleTest" time="0.001"/>
  <testcase name="isSundayAndPreviousRunIsSaturdayAsterisk[2]" classname="hudson.scheduler.CronTabDayOfWeekLocaleTest" time="0"/>
  <testcase name="isSundayAndNextRunIsMonday[2]" classname="hudson.scheduler.CronTabDayOfWeekLocaleTest" time="0.001"/>
  <testcase name="isSundayAndPreviousRunIsFriday[2]" classname="hudson.scheduler.CronTabDayOfWeekLocaleTest" time="0.002"/>
  <testcase name="isSundayAndNextRunIsTuesday[2]" classname="hudson.scheduler.CronTabDayOfWeekLocaleTest" time="0.001"/>
  <testcase name="isSundayAndNextRunIsNextSunday7[2]" classname="hudson.scheduler.CronTabDayOfWeekLocaleTest" time="0.001"/>
  <testcase name="isSundayAndPreviousRunIsMonday[2]" classname="hudson.scheduler.CronTabDayOfWeekLocaleTest" time="0"/>
  <testcase name="isSaturdayAndNextRunIsSundayAsterisk[2]" classname="hudson.scheduler.CronTabDayOfWeekLocaleTest" time="0"/>
  <testcase name="hudson8658[2]" classname="hudson.scheduler.CronTabDayOfWeekLocaleTest" time="0"/>
  <testcase name="isSundayAndNextRunIsNextSunday[2]" classname="hudson.scheduler.CronTabDayOfWeekLocaleTest" time="0.001"/>
  <testcase name="isSundayAndNextRunIsThursday[2]" classname="hudson.scheduler.CronTabDayOfWeekLocaleTest" time="0.004"/>
  <testcase name="isSundayAndPreviousRunIsPreviousSunday7[2]" classname="hudson.scheduler.CronTabDayOfWeekLocaleTest" time="0"/>
  <testcase name="isSundayAndNextRunIsWednesday[2]" classname="hudson.scheduler.CronTabDayOfWeekLocaleTest" time="0.001"/>
  <testcase name="isSundayAndNextRunIsSaturday[2]" classname="hudson.scheduler.CronTabDayOfWeekLocaleTest" time="0"/>
  <testcase name="isSundayAndPreviousRunIsTuesday[3]" classname="hudson.scheduler.CronTabDayOfWeekLocaleTest" time="0.001"/>
  <testcase name="isSundayAndPreviousRunIsThursday[3]" classname="hudson.scheduler.CronTabDayOfWeekLocaleTest" time="0"/>
  <testcase name="isSundayAndPreviousRunIsWednesday[3]" classname="hudson.scheduler.CronTabDayOfWeekLocaleTest" time="0"/>
  <testcase name="isSundayAndPreviousRunIsSaturday[3]" classname="hudson.scheduler.CronTabDayOfWeekLocaleTest" time="0"/>
  <testcase name="isSundayAndPreviousRunIsPreviousSunday[3]" classname="hudson.scheduler.CronTabDayOfWeekLocaleTest" time="0"/>
  <testcase name="isSundayAndNextRunIsFriday[3]" classname="hudson.scheduler.CronTabDayOfWeekLocaleTest" time="0"/>
  <testcase name="isSundayAndPreviousRunIsSaturdayAsterisk[3]" classname="hudson.scheduler.CronTabDayOfWeekLocaleTest" time="0"/>
  <testcase name="isSundayAndNextRunIsMonday[3]" classname="hudson.scheduler.CronTabDayOfWeekLocaleTest" time="0"/>
  <testcase name="isSundayAndPreviousRunIsFriday[3]" classname="hudson.scheduler.CronTabDayOfWeekLocaleTest" time="0"/>
  <testcase name="isSundayAndNextRunIsTuesday[3]" classname="hudson.scheduler.CronTabDayOfWeekLocaleTest" time="0"/>
  <testcase name="isSundayAndNextRunIsNextSunday7[3]" classname="hudson.scheduler.CronTabDayOfWeekLocaleTest" time="0"/>
  <testcase name="isSundayAndPreviousRunIsMonday[3]" classname="hudson.scheduler.CronTabDayOfWeekLocaleTest" time="0"/>
  <testcase name="isSaturdayAndNextRunIsSundayAsterisk[3]" classname="hudson.scheduler.CronTabDayOfWeekLocaleTest" time="0"/>
  <testcase name="hudson8658[3]" classname="hudson.scheduler.CronTabDayOfWeekLocaleTest" time="0"/>
  <testcase name="isSundayAndNextRunIsNextSunday[3]" classname="hudson.scheduler.CronTabDayOfWeekLocaleTest" time="0"/>
  <testcase name="isSundayAndNextRunIsThursday[3]" classname="hudson.scheduler.CronTabDayOfWeekLocaleTest" time="0"/>
  <testcase name="isSundayAndPreviousRunIsPreviousSunday7[3]" classname="hudson.scheduler.CronTabDayOfWeekLocaleTest" time="0.002"/>
  <testcase name="isSundayAndNextRunIsWednesday[3]" classname="hudson.scheduler.CronTabDayOfWeekLocaleTest" time="0.001"/>
  <testcase name="isSundayAndNextRunIsSaturday[3]" classname="hudson.scheduler.CronTabDayOfWeekLocaleTest" time="0"/>
  <testcase name="isSundayAndPreviousRunIsTuesday[4]" classname="hudson.scheduler.CronTabDayOfWeekLocaleTest" time="0.002"/>
  <testcase name="isSundayAndPreviousRunIsThursday[4]" classname="hudson.scheduler.CronTabDayOfWeekLocaleTest" time="0"/>
  <testcase name="isSundayAndPreviousRunIsWednesday[4]" classname="hudson.scheduler.CronTabDayOfWeekLocaleTest" time="0.001"/>
  <testcase name="isSundayAndPreviousRunIsSaturday[4]" classname="hudson.scheduler.CronTabDayOfWeekLocaleTest" time="0.001"/>
  <testcase name="isSundayAndPreviousRunIsPreviousSunday[4]" classname="hudson.scheduler.CronTabDayOfWeekLocaleTest" time="0.001"/>
  <testcase name="isSundayAndNextRunIsFriday[4]" classname="hudson.scheduler.CronTabDayOfWeekLocaleTest" time="0.001"/>
  <testcase name="isSundayAndPreviousRunIsSaturdayAsterisk[4]" classname="hudson.scheduler.CronTabDayOfWeekLocaleTest" time="0"/>
  <testcase name="isSundayAndNextRunIsMonday[4]" classname="hudson.scheduler.CronTabDayOfWeekLocaleTest" time="0.001"/>
  <testcase name="isSundayAndPreviousRunIsFriday[4]" classname="hudson.scheduler.CronTabDayOfWeekLocaleTest" time="0.001"/>
  <testcase name="isSundayAndNextRunIsTuesday[4]" classname="hudson.scheduler.CronTabDayOfWeekLocaleTest" time="0.001"/>
  <testcase name="isSundayAndNextRunIsNextSunday7[4]" classname="hudson.scheduler.CronTabDayOfWeekLocaleTest" time="0"/>
  <testcase name="isSundayAndPreviousRunIsMonday[4]" classname="hudson.scheduler.CronTabDayOfWeekLocaleTest" time="0.001"/>
  <testcase name="isSaturdayAndNextRunIsSundayAsterisk[4]" classname="hudson.scheduler.CronTabDayOfWeekLocaleTest" time="0.001"/>
  <testcase name="hudson8658[4]" classname="hudson.scheduler.CronTabDayOfWeekLocaleTest" time="0"/>
  <testcase name="isSundayAndNextRunIsNextSunday[4]" classname="hudson.scheduler.CronTabDayOfWeekLocaleTest" time="0"/>
  <testcase name="isSundayAndNextRunIsThursday[4]" classname="hudson.scheduler.CronTabDayOfWeekLocaleTest" time="0.001"/>
  <testcase name="isSundayAndPreviousRunIsPreviousSunday7[4]" classname="hudson.scheduler.CronTabDayOfWeekLocaleTest" time="0"/>
  <testcase name="isSundayAndNextRunIsWednesday[4]" classname="hudson.scheduler.CronTabDayOfWeekLocaleTest" time="0.001"/>
  <testcase name="isSundayAndNextRunIsSaturday[4]" classname="hudson.scheduler.CronTabDayOfWeekLocaleTest" time="0.001"/>
  <testcase name="isSundayAndPreviousRunIsTuesday[5]" classname="hudson.scheduler.CronTabDayOfWeekLocaleTest" time="0"/>
  <testcase name="isSundayAndPreviousRunIsThursday[5]" classname="hudson.scheduler.CronTabDayOfWeekLocaleTest" time="0"/>
  <testcase name="isSundayAndPreviousRunIsWednesday[5]" classname="hudson.scheduler.CronTabDayOfWeekLocaleTest" time="0"/>
  <testcase name="isSundayAndPreviousRunIsSaturday[5]" classname="hudson.scheduler.CronTabDayOfWeekLocaleTest" time="0"/>
  <testcase name="isSundayAndPreviousRunIsPreviousSunday[5]" classname="hudson.scheduler.CronTabDayOfWeekLocaleTest" time="0"/>
  <testcase name="isSundayAndNextRunIsFriday[5]" classname="hudson.scheduler.CronTabDayOfWeekLocaleTest" time="0"/>
  <testcase name="isSundayAndPreviousRunIsSaturdayAsterisk[5]" classname="hudson.scheduler.CronTabDayOfWeekLocaleTest" time="0"/>
  <testcase name="isSundayAndNextRunIsMonday[5]" classname="hudson.scheduler.CronTabDayOfWeekLocaleTest" time="0"/>
  <testcase name="isSundayAndPreviousRunIsFriday[5]" classname="hudson.scheduler.CronTabDayOfWeekLocaleTest" time="0"/>
  <testcase name="isSundayAndNextRunIsTuesday[5]" classname="hudson.scheduler.CronTabDayOfWeekLocaleTest" time="0"/>
  <testcase name="isSundayAndNextRunIsNextSunday7[5]" classname="hudson.scheduler.CronTabDayOfWeekLocaleTest" time="0"/>
  <testcase name="isSundayAndPreviousRunIsMonday[5]" classname="hudson.scheduler.CronTabDayOfWeekLocaleTest" time="0"/>
  <testcase name="isSaturdayAndNextRunIsSundayAsterisk[5]" classname="hudson.scheduler.CronTabDayOfWeekLocaleTest" time="0.001"/>
  <testcase name="hudson8658[5]" classname="hudson.scheduler.CronTabDayOfWeekLocaleTest" time="0"/>
  <testcase name="isSundayAndNextRunIsNextSunday[5]" classname="hudson.scheduler.CronTabDayOfWeekLocaleTest" time="0.001"/>
  <testcase name="isSundayAndNextRunIsThursday[5]" classname="hudson.scheduler.CronTabDayOfWeekLocaleTest" time="0"/>
  <testcase name="isSundayAndPreviousRunIsPreviousSunday7[5]" classname="hudson.scheduler.CronTabDayOfWeekLocaleTest" time="0"/>
  <testcase name="isSundayAndNextRunIsWednesday[5]" classname="hudson.scheduler.CronTabDayOfWeekLocaleTest" time="0"/>
  <testcase name="isSundayAndNextRunIsSaturday[5]" classname="hudson.scheduler.CronTabDayOfWeekLocaleTest" time="0"/>
  <testcase name="isSundayAndPreviousRunIsTuesday[6]" classname="hudson.scheduler.CronTabDayOfWeekLocaleTest" time="0.001"/>
  <testcase name="isSundayAndPreviousRunIsThursday[6]" classname="hudson.scheduler.CronTabDayOfWeekLocaleTest" time="0"/>
  <testcase name="isSundayAndPreviousRunIsWednesday[6]" classname="hudson.scheduler.CronTabDayOfWeekLocaleTest" time="0"/>
  <testcase name="isSundayAndPreviousRunIsSaturday[6]" classname="hudson.scheduler.CronTabDayOfWeekLocaleTest" time="0"/>
  <testcase name="isSundayAndPreviousRunIsPreviousSunday[6]" classname="hudson.scheduler.CronTabDayOfWeekLocaleTest" time="0"/>
  <testcase name="isSundayAndNextRunIsFriday[6]" classname="hudson.scheduler.CronTabDayOfWeekLocaleTest" time="0.001"/>
  <testcase name="isSundayAndPreviousRunIsSaturdayAsterisk[6]" classname="hudson.scheduler.CronTabDayOfWeekLocaleTest" time="0.007"/>
  <testcase name="isSundayAndNextRunIsMonday[6]" classname="hudson.scheduler.CronTabDayOfWeekLocaleTest" time="0"/>
  <testcase name="isSundayAndPreviousRunIsFriday[6]" classname="hudson.scheduler.CronTabDayOfWeekLocaleTest" time="0.001"/>
  <testcase name="isSundayAndNextRunIsTuesday[6]" classname="hudson.scheduler.CronTabDayOfWeekLocaleTest" time="0"/>
  <testcase name="isSundayAndNextRunIsNextSunday7[6]" classname="hudson.scheduler.CronTabDayOfWeekLocaleTest" time="0.001"/>
  <testcase name="isSundayAndPreviousRunIsMonday[6]" classname="hudson.scheduler.CronTabDayOfWeekLocaleTest" time="0"/>
  <testcase name="isSaturdayAndNextRunIsSundayAsterisk[6]" classname="hudson.scheduler.CronTabDayOfWeekLocaleTest" time="0"/>
  <testcase name="hudson8658[6]" classname="hudson.scheduler.CronTabDayOfWeekLocaleTest" time="0"/>
  <testcase name="isSundayAndNextRunIsNextSunday[6]" classname="hudson.scheduler.CronTabDayOfWeekLocaleTest" time="0"/>
  <testcase name="isSundayAndNextRunIsThursday[6]" classname="hudson.scheduler.CronTabDayOfWeekLocaleTest" time="0.001"/>
  <testcase name="isSundayAndPreviousRunIsPreviousSunday7[6]" classname="hudson.scheduler.CronTabDayOfWeekLocaleTest" time="0"/>
  <testcase name="isSundayAndNextRunIsWednesday[6]" classname="hudson.scheduler.CronTabDayOfWeekLocaleTest" time="0"/>
  <testcase name="isSundayAndNextRunIsSaturday[6]" classname="hudson.scheduler.CronTabDayOfWeekLocaleTest" time="0.001"/>
  <testcase name="isSundayAndPreviousRunIsTuesday[7]" classname="hudson.scheduler.CronTabDayOfWeekLocaleTest" time="0"/>
  <testcase name="isSundayAndPreviousRunIsThursday[7]" classname="hudson.scheduler.CronTabDayOfWeekLocaleTest" time="0.001"/>
  <testcase name="isSundayAndPreviousRunIsWednesday[7]" classname="hudson.scheduler.CronTabDayOfWeekLocaleTest" time="0"/>
  <testcase name="isSundayAndPreviousRunIsSaturday[7]" classname="hudson.scheduler.CronTabDayOfWeekLocaleTest" time="0"/>
  <testcase name="isSundayAndPreviousRunIsPreviousSunday[7]" classname="hudson.scheduler.CronTabDayOfWeekLocaleTest" time="0.001"/>
  <testcase name="isSundayAndNextRunIsFriday[7]" classname="hudson.scheduler.CronTabDayOfWeekLocaleTest" time="0"/>
  <testcase name="isSundayAndPreviousRunIsSaturdayAsterisk[7]" classname="hudson.scheduler.CronTabDayOfWeekLocaleTest" time="0.001"/>
  <testcase name="isSundayAndNextRunIsMonday[7]" classname="hudson.scheduler.CronTabDayOfWeekLocaleTest" time="0"/>
  <testcase name="isSundayAndPreviousRunIsFriday[7]" classname="hudson.scheduler.CronTabDayOfWeekLocaleTest" time="0"/>
  <testcase name="isSundayAndNextRunIsTuesday[7]" classname="hudson.scheduler.CronTabDayOfWeekLocaleTest" time="0"/>
  <testcase name="isSundayAndNextRunIsNextSunday7[7]" classname="hudson.scheduler.CronTabDayOfWeekLocaleTest" time="0"/>
  <testcase name="isSundayAndPreviousRunIsMonday[7]" classname="hudson.scheduler.CronTabDayOfWeekLocaleTest" time="0"/>
  <testcase name="isSaturdayAndNextRunIsSundayAsterisk[7]" classname="hudson.scheduler.CronTabDayOfWeekLocaleTest" time="0"/>
  <testcase name="hudson8658[7]" classname="hudson.scheduler.CronTabDayOfWeekLocaleTest" time="0"/>
  <testcase name="isSundayAndNextRunIsNextSunday[7]" classname="hudson.scheduler.CronTabDayOfWeekLocaleTest" time="0.005"/>
  <testcase name="isSundayAndNextRunIsThursday[7]" classname="hudson.scheduler.CronTabDayOfWeekLocaleTest" time="0.001"/>
  <testcase name="isSundayAndPreviousRunIsPreviousSunday7[7]" classname="hudson.scheduler.CronTabDayOfWeekLocaleTest" time="0"/>
  <testcase name="isSundayAndNextRunIsWednesday[7]" classname="hudson.scheduler.CronTabDayOfWeekLocaleTest" time="0.001"/>
  <testcase name="isSundayAndNextRunIsSaturday[7]" classname="hudson.scheduler.CronTabDayOfWeekLocaleTest" time="0"/>
  <testcase name="isSundayAndPreviousRunIsTuesday[8]" classname="hudson.scheduler.CronTabDayOfWeekLocaleTest" time="0.001"/>
  <testcase name="isSundayAndPreviousRunIsThursday[8]" classname="hudson.scheduler.CronTabDayOfWeekLocaleTest" time="0"/>
  <testcase name="isSundayAndPreviousRunIsWednesday[8]" classname="hudson.scheduler.CronTabDayOfWeekLocaleTest" time="0.007"/>
  <testcase name="isSundayAndPreviousRunIsSaturday[8]" classname="hudson.scheduler.CronTabDayOfWeekLocaleTest" time="0"/>
  <testcase name="isSundayAndPreviousRunIsPreviousSunday[8]" classname="hudson.scheduler.CronTabDayOfWeekLocaleTest" time="0"/>
  <testcase name="isSundayAndNextRunIsFriday[8]" classname="hudson.scheduler.CronTabDayOfWeekLocaleTest" time="0"/>
  <testcase name="isSundayAndPreviousRunIsSaturdayAsterisk[8]" classname="hudson.scheduler.CronTabDayOfWeekLocaleTest" time="0.001"/>
  <testcase name="isSundayAndNextRunIsMonday[8]" classname="hudson.scheduler.CronTabDayOfWeekLocaleTest" time="0"/>
  <testcase name="isSundayAndPreviousRunIsFriday[8]" classname="hudson.scheduler.CronTabDayOfWeekLocaleTest" time="0"/>
  <testcase name="isSundayAndNextRunIsTuesday[8]" classname="hudson.scheduler.CronTabDayOfWeekLocaleTest" time="0.001"/>
  <testcase name="isSundayAndNextRunIsNextSunday7[8]" classname="hudson.scheduler.CronTabDayOfWeekLocaleTest" time="0"/>
  <testcase name="isSundayAndPreviousRunIsMonday[8]" classname="hudson.scheduler.CronTabDayOfWeekLocaleTest" time="0"/>
  <testcase name="isSaturdayAndNextRunIsSundayAsterisk[8]" classname="hudson.scheduler.CronTabDayOfWeekLocaleTest" time="0.001"/>
  <testcase name="hudson8658[8]" classname="hudson.scheduler.CronTabDayOfWeekLocaleTest" time="0"/>
  <testcase name="isSundayAndNextRunIsNextSunday[8]" classname="hudson.scheduler.CronTabDayOfWeekLocaleTest" time="0"/>
  <testcase name="isSundayAndNextRunIsThursday[8]" classname="hudson.scheduler.CronTabDayOfWeekLocaleTest" time="0.001"/>
  <testcase name="isSundayAndPreviousRunIsPreviousSunday7[8]" classname="hudson.scheduler.CronTabDayOfWeekLocaleTest" time="0"/>
  <testcase name="isSundayAndNextRunIsWednesday[8]" classname="hudson.scheduler.CronTabDayOfWeekLocaleTest" time="0"/>
  <testcase name="isSundayAndNextRunIsSaturday[8]" classname="hudson.scheduler.CronTabDayOfWeekLocaleTest" time="0"/>
  <testcase name="isSundayAndPreviousRunIsTuesday[9]" classname="hudson.scheduler.CronTabDayOfWeekLocaleTest" time="0"/>
  <testcase name="isSundayAndPreviousRunIsThursday[9]" classname="hudson.scheduler.CronTabDayOfWeekLocaleTest" time="0.001"/>
  <testcase name="isSundayAndPreviousRunIsWednesday[9]" classname="hudson.scheduler.CronTabDayOfWeekLocaleTest" time="0"/>
  <testcase name="isSundayAndPreviousRunIsSaturday[9]" classname="hudson.scheduler.CronTabDayOfWeekLocaleTest" time="0"/>
  <testcase name="isSundayAndPreviousRunIsPreviousSunday[9]" classname="hudson.scheduler.CronTabDayOfWeekLocaleTest" time="0.001"/>
  <testcase name="isSundayAndNextRunIsFriday[9]" classname="hudson.scheduler.CronTabDayOfWeekLocaleTest" time="0"/>
  <testcase name="isSundayAndPreviousRunIsSaturdayAsterisk[9]" classname="hudson.scheduler.CronTabDayOfWeekLocaleTest" time="0"/>
  <testcase name="isSundayAndNextRunIsMonday[9]" classname="hudson.scheduler.CronTabDayOfWeekLocaleTest" time="0.001"/>
  <testcase name="isSundayAndPreviousRunIsFriday[9]" classname="hudson.scheduler.CronTabDayOfWeekLocaleTest" time="0"/>
  <testcase name="isSundayAndNextRunIsTuesday[9]" classname="hudson.scheduler.CronTabDayOfWeekLocaleTest" time="0"/>
  <testcase name="isSundayAndNextRunIsNextSunday7[9]" classname="hudson.scheduler.CronTabDayOfWeekLocaleTest" time="0"/>
  <testcase name="isSundayAndPreviousRunIsMonday[9]" classname="hudson.scheduler.CronTabDayOfWeekLocaleTest" time="0"/>
  <testcase name="isSaturdayAndNextRunIsSundayAsterisk[9]" classname="hudson.scheduler.CronTabDayOfWeekLocaleTest" time="0"/>
  <testcase name="hudson8658[9]" classname="hudson.scheduler.CronTabDayOfWeekLocaleTest" time="0"/>
  <testcase name="isSundayAndNextRunIsNextSunday[9]" classname="hudson.scheduler.CronTabDayOfWeekLocaleTest" time="0"/>
  <testcase name="isSundayAndNextRunIsThursday[9]" classname="hudson.scheduler.CronTabDayOfWeekLocaleTest" time="0"/>
  <testcase name="isSundayAndPreviousRunIsPreviousSunday7[9]" classname="hudson.scheduler.CronTabDayOfWeekLocaleTest" time="0"/>
  <testcase name="isSundayAndNextRunIsWednesday[9]" classname="hudson.scheduler.CronTabDayOfWeekLocaleTest" time="0"/>
  <testcase name="isSundayAndNextRunIsSaturday[9]" classname="hudson.scheduler.CronTabDayOfWeekLocaleTest" time="0"/>
  <testcase name="isSundayAndPreviousRunIsTuesday[10]" classname="hudson.scheduler.CronTabDayOfWeekLocaleTest" time="0.001"/>
  <testcase name="isSundayAndPreviousRunIsThursday[10]" classname="hudson.scheduler.CronTabDayOfWeekLocaleTest" time="0"/>
  <testcase name="isSundayAndPreviousRunIsWednesday[10]" classname="hudson.scheduler.CronTabDayOfWeekLocaleTest" time="0"/>
  <testcase name="isSundayAndPreviousRunIsSaturday[10]" classname="hudson.scheduler.CronTabDayOfWeekLocaleTest" time="0.001"/>
  <testcase name="isSundayAndPreviousRunIsPreviousSunday[10]" classname="hudson.scheduler.CronTabDayOfWeekLocaleTest" time="0"/>
  <testcase name="isSundayAndNextRunIsFriday[10]" classname="hudson.scheduler.CronTabDayOfWeekLocaleTest" time="0"/>
  <testcase name="isSundayAndPreviousRunIsSaturdayAsterisk[10]" classname="hudson.scheduler.CronTabDayOfWeekLocaleTest" time="0"/>
  <testcase name="isSundayAndNextRunIsMonday[10]" classname="hudson.scheduler.CronTabDayOfWeekLocaleTest" time="0"/>
  <testcase name="isSundayAndPreviousRunIsFriday[10]" classname="hudson.scheduler.CronTabDayOfWeekLocaleTest" time="0"/>
  <testcase name="isSundayAndNextRunIsTuesday[10]" classname="hudson.scheduler.CronTabDayOfWeekLocaleTest" time="0"/>
  <testcase name="isSundayAndNextRunIsNextSunday7[10]" classname="hudson.scheduler.CronTabDayOfWeekLocaleTest" time="0"/>
  <testcase name="isSundayAndPreviousRunIsMonday[10]" classname="hudson.scheduler.CronTabDayOfWeekLocaleTest" time="0"/>
  <testcase name="isSaturdayAndNextRunIsSundayAsterisk[10]" classname="hudson.scheduler.CronTabDayOfWeekLocaleTest" time="0"/>
  <testcase name="hudson8658[10]" classname="hudson.scheduler.CronTabDayOfWeekLocaleTest" time="0.001"/>
  <testcase name="isSundayAndNextRunIsNextSunday[10]" classname="hudson.scheduler.CronTabDayOfWeekLocaleTest" time="0"/>
  <testcase name="isSundayAndNextRunIsThursday[10]" classname="hudson.scheduler.CronTabDayOfWeekLocaleTest" time="0"/>
  <testcase name="isSundayAndPreviousRunIsPreviousSunday7[10]" classname="hudson.scheduler.CronTabDayOfWeekLocaleTest" time="0.001"/>
  <testcase name="isSundayAndNextRunIsWednesday[10]" classname="hudson.scheduler.CronTabDayOfWeekLocaleTest" time="0"/>
  <testcase name="isSundayAndNextRunIsSaturday[10]" classname="hudson.scheduler.CronTabDayOfWeekLocaleTest" time="0"/>
  <testcase name="isSundayAndPreviousRunIsTuesday[11]" classname="hudson.scheduler.CronTabDayOfWeekLocaleTest" time="0.001"/>
  <testcase name="isSundayAndPreviousRunIsThursday[11]" classname="hudson.scheduler.CronTabDayOfWeekLocaleTest" time="0"/>
  <testcase name="isSundayAndPreviousRunIsWednesday[11]" classname="hudson.scheduler.CronTabDayOfWeekLocaleTest" time="0"/>
  <testcase name="isSundayAndPreviousRunIsSaturday[11]" classname="hudson.scheduler.CronTabDayOfWeekLocaleTest" time="0.001"/>
  <testcase name="isSundayAndPreviousRunIsPreviousSunday[11]" classname="hudson.scheduler.CronTabDayOfWeekLocaleTest" time="0"/>
  <testcase name="isSundayAndNextRunIsFriday[11]" classname="hudson.scheduler.CronTabDayOfWeekLocaleTest" time="0"/>
  <testcase name="isSundayAndPreviousRunIsSaturdayAsterisk[11]" classname="hudson.scheduler.CronTabDayOfWeekLocaleTest" time="0.001"/>
  <testcase name="isSundayAndNextRunIsMonday[11]" classname="hudson.scheduler.CronTabDayOfWeekLocaleTest" time="0"/>
  <testcase name="isSundayAndPreviousRunIsFriday[11]" classname="hudson.scheduler.CronTabDayOfWeekLocaleTest" time="0"/>
  <testcase name="isSundayAndNextRunIsTuesday[11]" classname="hudson.scheduler.CronTabDayOfWeekLocaleTest" time="0.001"/>
  <testcase name="isSundayAndNextRunIsNextSunday7[11]" classname="hudson.scheduler.CronTabDayOfWeekLocaleTest" time="0"/>
  <testcase name="isSundayAndPreviousRunIsMonday[11]" classname="hudson.scheduler.CronTabDayOfWeekLocaleTest" time="0"/>
  <testcase name="isSaturdayAndNextRunIsSundayAsterisk[11]" classname="hudson.scheduler.CronTabDayOfWeekLocaleTest" time="0.001"/>
  <testcase name="hudson8658[11]" classname="hudson.scheduler.CronTabDayOfWeekLocaleTest" time="0"/>
  <testcase name="isSundayAndNextRunIsNextSunday[11]" classname="hudson.scheduler.CronTabDayOfWeekLocaleTest" time="0"/>
  <testcase name="isSundayAndNextRunIsThursday[11]" classname="hudson.scheduler.CronTabDayOfWeekLocaleTest" time="0"/>
  <testcase name="isSundayAndPreviousRunIsPreviousSunday7[11]" classname="hudson.scheduler.CronTabDayOfWeekLocaleTest" time="0.001"/>
  <testcase name="isSundayAndNextRunIsWednesday[11]" classname="hudson.scheduler.CronTabDayOfWeekLocaleTest" time="0"/>
  <testcase name="isSundayAndNextRunIsSaturday[11]" classname="hudson.scheduler.CronTabDayOfWeekLocaleTest" time="0"/>
  <testcase name="isSundayAndPreviousRunIsTuesday[12]" classname="hudson.scheduler.CronTabDayOfWeekLocaleTest" time="0.001"/>
  <testcase name="isSundayAndPreviousRunIsThursday[12]" classname="hudson.scheduler.CronTabDayOfWeekLocaleTest" time="0"/>
  <testcase name="isSundayAndPreviousRunIsWednesday[12]" classname="hudson.scheduler.CronTabDayOfWeekLocaleTest" time="0"/>
  <testcase name="isSundayAndPreviousRunIsSaturday[12]" classname="hudson.scheduler.CronTabDayOfWeekLocaleTest" time="0"/>
  <testcase name="isSundayAndPreviousRunIsPreviousSunday[12]" classname="hudson.scheduler.CronTabDayOfWeekLocaleTest" time="0"/>
  <testcase name="isSundayAndNextRunIsFriday[12]" classname="hudson.scheduler.CronTabDayOfWeekLocaleTest" time="0"/>
  <testcase name="isSundayAndPreviousRunIsSaturdayAsterisk[12]" classname="hudson.scheduler.CronTabDayOfWeekLocaleTest" time="0"/>
  <testcase name="isSundayAndNextRunIsMonday[12]" classname="hudson.scheduler.CronTabDayOfWeekLocaleTest" time="0"/>
  <testcase name="isSundayAndPreviousRunIsFriday[12]" classname="hudson.scheduler.CronTabDayOfWeekLocaleTest" time="0"/>
  <testcase name="isSundayAndNextRunIsTuesday[12]" classname="hudson.scheduler.CronTabDayOfWeekLocaleTest" time="0"/>
  <testcase name="isSundayAndNextRunIsNextSunday7[12]" classname="hudson.scheduler.CronTabDayOfWeekLocaleTest" time="0"/>
  <testcase name="isSundayAndPreviousRunIsMonday[12]" classname="hudson.scheduler.CronTabDayOfWeekLocaleTest" time="0"/>
  <testcase name="isSaturdayAndNextRunIsSundayAsterisk[12]" classname="hudson.scheduler.CronTabDayOfWeekLocaleTest" time="0"/>
  <testcase name="hudson8658[12]" classname="hudson.scheduler.CronTabDayOfWeekLocaleTest" time="0"/>
  <testcase name="isSundayAndNextRunIsNextSunday[12]" classname="hudson.scheduler.CronTabDayOfWeekLocaleTest" time="0"/>
  <testcase name="isSundayAndNextRunIsThursday[12]" classname="hudson.scheduler.CronTabDayOfWeekLocaleTest" time="0"/>
  <testcase name="isSundayAndPreviousRunIsPreviousSunday7[12]" classname="hudson.scheduler.CronTabDayOfWeekLocaleTest" time="0"/>
  <testcase name="isSundayAndNextRunIsWednesday[12]" classname="hudson.scheduler.CronTabDayOfWeekLocaleTest" time="0"/>
  <testcase name="isSundayAndNextRunIsSaturday[12]" classname="hudson.scheduler.CronTabDayOfWeekLocaleTest" time="0"/>
  <testcase name="isSundayAndPreviousRunIsTuesday[13]" classname="hudson.scheduler.CronTabDayOfWeekLocaleTest" time="0"/>
  <testcase name="isSundayAndPreviousRunIsThursday[13]" classname="hudson.scheduler.CronTabDayOfWeekLocaleTest" time="0"/>
  <testcase name="isSundayAndPreviousRunIsWednesday[13]" classname="hudson.scheduler.CronTabDayOfWeekLocaleTest" time="0"/>
  <testcase name="isSundayAndPreviousRunIsSaturday[13]" classname="hudson.scheduler.CronTabDayOfWeekLocaleTest" time="0"/>
  <testcase name="isSundayAndPreviousRunIsPreviousSunday[13]" classname="hudson.scheduler.CronTabDayOfWeekLocaleTest" time="0"/>
  <testcase name="isSundayAndNextRunIsFriday[13]" classname="hudson.scheduler.CronTabDayOfWeekLocaleTest" time="0"/>
  <testcase name="isSundayAndPreviousRunIsSaturdayAsterisk[13]" classname="hudson.scheduler.CronTabDayOfWeekLocaleTest" time="0"/>
  <testcase name="isSundayAndNextRunIsMonday[13]" classname="hudson.scheduler.CronTabDayOfWeekLocaleTest" time="0.001"/>
  <testcase name="isSundayAndPreviousRunIsFriday[13]" classname="hudson.scheduler.CronTabDayOfWeekLocaleTest" time="0"/>
  <testcase name="isSundayAndNextRunIsTuesday[13]" classname="hudson.scheduler.CronTabDayOfWeekLocaleTest" time="0"/>
  <testcase name="isSundayAndNextRunIsNextSunday7[13]" classname="hudson.scheduler.CronTabDayOfWeekLocaleTest" time="0"/>
  <testcase name="isSundayAndPreviousRunIsMonday[13]" classname="hudson.scheduler.CronTabDayOfWeekLocaleTest" time="0"/>
  <testcase name="isSaturdayAndNextRunIsSundayAsterisk[13]" classname="hudson.scheduler.CronTabDayOfWeekLocaleTest" time="0"/>
  <testcase name="hudson8658[13]" classname="hudson.scheduler.CronTabDayOfWeekLocaleTest" time="0"/>
  <testcase name="isSundayAndNextRunIsNextSunday[13]" classname="hudson.scheduler.CronTabDayOfWeekLocaleTest" time="0.001"/>
  <testcase name="isSundayAndNextRunIsThursday[13]" classname="hudson.scheduler.CronTabDayOfWeekLocaleTest" time="0"/>
  <testcase name="isSundayAndPreviousRunIsPreviousSunday7[13]" classname="hudson.scheduler.CronTabDayOfWeekLocaleTest" time="0"/>
  <testcase name="isSundayAndNextRunIsWednesday[13]" classname="hudson.scheduler.CronTabDayOfWeekLocaleTest" time="0"/>
  <testcase name="isSundayAndNextRunIsSaturday[13]" classname="hudson.scheduler.CronTabDayOfWeekLocaleTest" time="0"/>
  <testcase name="isSundayAndPreviousRunIsTuesday[14]" classname="hudson.scheduler.CronTabDayOfWeekLocaleTest" time="0"/>
  <testcase name="isSundayAndPreviousRunIsThursday[14]" classname="hudson.scheduler.CronTabDayOfWeekLocaleTest" time="0"/>
  <testcase name="isSundayAndPreviousRunIsWednesday[14]" classname="hudson.scheduler.CronTabDayOfWeekLocaleTest" time="0.001"/>
  <testcase name="isSundayAndPreviousRunIsSaturday[14]" classname="hudson.scheduler.CronTabDayOfWeekLocaleTest" time="0"/>
  <testcase name="isSundayAndPreviousRunIsPreviousSunday[14]" classname="hudson.scheduler.CronTabDayOfWeekLocaleTest" time="0"/>
  <testcase name="isSundayAndNextRunIsFriday[14]" classname="hudson.scheduler.CronTabDayOfWeekLocaleTest" time="0.001"/>
  <testcase name="isSundayAndPreviousRunIsSaturdayAsterisk[14]" classname="hudson.scheduler.CronTabDayOfWeekLocaleTest" time="0"/>
  <testcase name="isSundayAndNextRunIsMonday[14]" classname="hudson.scheduler.CronTabDayOfWeekLocaleTest" time="0"/>
  <testcase name="isSundayAndPreviousRunIsFriday[14]" classname="hudson.scheduler.CronTabDayOfWeekLocaleTest" time="0"/>
  <testcase name="isSundayAndNextRunIsTuesday[14]" classname="hudson.scheduler.CronTabDayOfWeekLocaleTest" time="0"/>
  <testcase name="isSundayAndNextRunIsNextSunday7[14]" classname="hudson.scheduler.CronTabDayOfWeekLocaleTest" time="0"/>
  <testcase name="isSundayAndPreviousRunIsMonday[14]" classname="hudson.scheduler.CronTabDayOfWeekLocaleTest" time="0"/>
  <testcase name="isSaturdayAndNextRunIsSundayAsterisk[14]" classname="hudson.scheduler.CronTabDayOfWeekLocaleTest" time="0.001"/>
  <testcase name="hudson8658[14]" classname="hudson.scheduler.CronTabDayOfWeekLocaleTest" time="0"/>
  <testcase name="isSundayAndNextRunIsNextSunday[14]" classname="hudson.scheduler.CronTabDayOfWeekLocaleTest" time="0"/>
  <testcase name="isSundayAndNextRunIsThursday[14]" classname="hudson.scheduler.CronTabDayOfWeekLocaleTest" time="0"/>
  <testcase name="isSundayAndPreviousRunIsPreviousSunday7[14]" classname="hudson.scheduler.CronTabDayOfWeekLocaleTest" time="0.001"/>
  <testcase name="isSundayAndNextRunIsWednesday[14]" classname="hudson.scheduler.CronTabDayOfWeekLocaleTest" time="0"/>
  <testcase name="isSundayAndNextRunIsSaturday[14]" classname="hudson.scheduler.CronTabDayOfWeekLocaleTest" time="0"/>
  <testcase name="isSundayAndPreviousRunIsTuesday[15]" classname="hudson.scheduler.CronTabDayOfWeekLocaleTest" time="0.001"/>
  <testcase name="isSundayAndPreviousRunIsThursday[15]" classname="hudson.scheduler.CronTabDayOfWeekLocaleTest" time="0.001"/>
  <testcase name="isSundayAndPreviousRunIsWednesday[15]" classname="hudson.scheduler.CronTabDayOfWeekLocaleTest" time="0"/>
  <testcase name="isSundayAndPreviousRunIsSaturday[15]" classname="hudson.scheduler.CronTabDayOfWeekLocaleTest" time="0.001"/>
  <testcase name="isSundayAndPreviousRunIsPreviousSunday[15]" classname="hudson.scheduler.CronTabDayOfWeekLocaleTest" time="0"/>
  <testcase name="isSundayAndNextRunIsFriday[15]" classname="hudson.scheduler.CronTabDayOfWeekLocaleTest" time="0.001"/>
  <testcase name="isSundayAndPreviousRunIsSaturdayAsterisk[15]" classname="hudson.scheduler.CronTabDayOfWeekLocaleTest" time="0"/>
  <testcase name="isSundayAndNextRunIsMonday[15]" classname="hudson.scheduler.CronTabDayOfWeekLocaleTest" time="0.001"/>
  <testcase name="isSundayAndPreviousRunIsFriday[15]" classname="hudson.scheduler.CronTabDayOfWeekLocaleTest" time="0"/>
  <testcase name="isSundayAndNextRunIsTuesday[15]" classname="hudson.scheduler.CronTabDayOfWeekLocaleTest" time="0.001"/>
  <testcase name="isSundayAndNextRunIsNextSunday7[15]" classname="hudson.scheduler.CronTabDayOfWeekLocaleTest" time="0.001"/>
  <testcase name="isSundayAndPreviousRunIsMonday[15]" classname="hudson.scheduler.CronTabDayOfWeekLocaleTest" time="0"/>
  <testcase name="isSaturdayAndNextRunIsSundayAsterisk[15]" classname="hudson.scheduler.CronTabDayOfWeekLocaleTest" time="0.001"/>
  <testcase name="hudson8658[15]" classname="hudson.scheduler.CronTabDayOfWeekLocaleTest" time="0"/>
  <testcase name="isSundayAndNextRunIsNextSunday[15]" classname="hudson.scheduler.CronTabDayOfWeekLocaleTest" time="0.001"/>
  <testcase name="isSundayAndNextRunIsThursday[15]" classname="hudson.scheduler.CronTabDayOfWeekLocaleTest" time="0"/>
  <testcase name="isSundayAndPreviousRunIsPreviousSunday7[15]" classname="hudson.scheduler.CronTabDayOfWeekLocaleTest" time="0.001"/>
  <testcase name="isSundayAndNextRunIsWednesday[15]" classname="hudson.scheduler.CronTabDayOfWeekLocaleTest" time="0"/>
  <testcase name="isSundayAndNextRunIsSaturday[15]" classname="hudson.scheduler.CronTabDayOfWeekLocaleTest" time="0"/>
  <testcase name="isSundayAndPreviousRunIsTuesday[16]" classname="hudson.scheduler.CronTabDayOfWeekLocaleTest" time="0"/>
  <testcase name="isSundayAndPreviousRunIsThursday[16]" classname="hudson.scheduler.CronTabDayOfWeekLocaleTest" time="0.001"/>
  <testcase name="isSundayAndPreviousRunIsWednesday[16]" classname="hudson.scheduler.CronTabDayOfWeekLocaleTest" time="0"/>
  <testcase name="isSundayAndPreviousRunIsSaturday[16]" classname="hudson.scheduler.CronTabDayOfWeekLocaleTest" time="0"/>
  <testcase name="isSundayAndPreviousRunIsPreviousSunday[16]" classname="hudson.scheduler.CronTabDayOfWeekLocaleTest" time="0.001"/>
  <testcase name="isSundayAndNextRunIsFriday[16]" classname="hudson.scheduler.CronTabDayOfWeekLocaleTest" time="0"/>
  <testcase name="isSundayAndPreviousRunIsSaturdayAsterisk[16]" classname="hudson.scheduler.CronTabDayOfWeekLocaleTest" time="0"/>
  <testcase name="isSundayAndNextRunIsMonday[16]" classname="hudson.scheduler.CronTabDayOfWeekLocaleTest" time="0"/>
  <testcase name="isSundayAndPreviousRunIsFriday[16]" classname="hudson.scheduler.CronTabDayOfWeekLocaleTest" time="0"/>
  <testcase name="isSundayAndNextRunIsTuesday[16]" classname="hudson.scheduler.CronTabDayOfWeekLocaleTest" time="0"/>
  <testcase name="isSundayAndNextRunIsNextSunday7[16]" classname="hudson.scheduler.CronTabDayOfWeekLocaleTest" time="0"/>
  <testcase name="isSundayAndPreviousRunIsMonday[16]" classname="hudson.scheduler.CronTabDayOfWeekLocaleTest" time="0.001"/>
  <testcase name="isSaturdayAndNextRunIsSundayAsterisk[16]" classname="hudson.scheduler.CronTabDayOfWeekLocaleTest" time="0"/>
  <testcase name="hudson8658[16]" classname="hudson.scheduler.CronTabDayOfWeekLocaleTest" time="0"/>
  <testcase name="isSundayAndNextRunIsNextSunday[16]" classname="hudson.scheduler.CronTabDayOfWeekLocaleTest" time="0"/>
  <testcase name="isSundayAndNextRunIsThursday[16]" classname="hudson.scheduler.CronTabDayOfWeekLocaleTest" time="0"/>
  <testcase name="isSundayAndPreviousRunIsPreviousSunday7[16]" classname="hudson.scheduler.CronTabDayOfWeekLocaleTest" time="0"/>
  <testcase name="isSundayAndNextRunIsWednesday[16]" classname="hudson.scheduler.CronTabDayOfWeekLocaleTest" time="0"/>
  <testcase name="isSundayAndNextRunIsSaturday[16]" classname="hudson.scheduler.CronTabDayOfWeekLocaleTest" time="0.001"/>
  <testcase name="isSundayAndPreviousRunIsTuesday[17]" classname="hudson.scheduler.CronTabDayOfWeekLocaleTest" time="0"/>
  <testcase name="isSundayAndPreviousRunIsThursday[17]" classname="hudson.scheduler.CronTabDayOfWeekLocaleTest" time="0"/>
  <testcase name="isSundayAndPreviousRunIsWednesday[17]" classname="hudson.scheduler.CronTabDayOfWeekLocaleTest" time="0.005"/>
  <testcase name="isSundayAndPreviousRunIsSaturday[17]" classname="hudson.scheduler.CronTabDayOfWeekLocaleTest" time="0.002"/>
  <testcase name="isSundayAndPreviousRunIsPreviousSunday[17]" classname="hudson.scheduler.CronTabDayOfWeekLocaleTest" time="0.001"/>
  <testcase name="isSundayAndNextRunIsFriday[17]" classname="hudson.scheduler.CronTabDayOfWeekLocaleTest" time="0.001"/>
  <testcase name="isSundayAndPreviousRunIsSaturdayAsterisk[17]" classname="hudson.scheduler.CronTabDayOfWeekLocaleTest" time="0.001"/>
  <testcase name="isSundayAndNextRunIsMonday[17]" classname="hudson.scheduler.CronTabDayOfWeekLocaleTest" time="0"/>
  <testcase name="isSundayAndPreviousRunIsFriday[17]" classname="hudson.scheduler.CronTabDayOfWeekLocaleTest" time="0"/>
  <testcase name="isSundayAndNextRunIsTuesday[17]" classname="hudson.scheduler.CronTabDayOfWeekLocaleTest" time="0"/>
  <testcase name="isSundayAndNextRunIsNextSunday7[17]" classname="hudson.scheduler.CronTabDayOfWeekLocaleTest" time="0"/>
  <testcase name="isSundayAndPreviousRunIsMonday[17]" classname="hudson.scheduler.CronTabDayOfWeekLocaleTest" time="0"/>
  <testcase name="isSaturdayAndNextRunIsSundayAsterisk[17]" classname="hudson.scheduler.CronTabDayOfWeekLocaleTest" time="0"/>
  <testcase name="hudson8658[17]" classname="hudson.scheduler.CronTabDayOfWeekLocaleTest" time="0"/>
  <testcase name="isSundayAndNextRunIsNextSunday[17]" classname="hudson.scheduler.CronTabDayOfWeekLocaleTest" time="0"/>
  <testcase name="isSundayAndNextRunIsThursday[17]" classname="hudson.scheduler.CronTabDayOfWeekLocaleTest" time="0"/>
  <testcase name="isSundayAndPreviousRunIsPreviousSunday7[17]" classname="hudson.scheduler.CronTabDayOfWeekLocaleTest" time="0"/>
  <testcase name="isSundayAndNextRunIsWednesday[17]" classname="hudson.scheduler.CronTabDayOfWeekLocaleTest" time="0.001"/>
  <testcase name="isSundayAndNextRunIsSaturday[17]" classname="hudson.scheduler.CronTabDayOfWeekLocaleTest" time="0"/>
  <testcase name="isSundayAndPreviousRunIsTuesday[18]" classname="hudson.scheduler.CronTabDayOfWeekLocaleTest" time="0"/>
  <testcase name="isSundayAndPreviousRunIsThursday[18]" classname="hudson.scheduler.CronTabDayOfWeekLocaleTest" time="0"/>
  <testcase name="isSundayAndPreviousRunIsWednesday[18]" classname="hudson.scheduler.CronTabDayOfWeekLocaleTest" time="0"/>
  <testcase name="isSundayAndPreviousRunIsSaturday[18]" classname="hudson.scheduler.CronTabDayOfWeekLocaleTest" time="0"/>
  <testcase name="isSundayAndPreviousRunIsPreviousSunday[18]" classname="hudson.scheduler.CronTabDayOfWeekLocaleTest" time="0.001"/>
  <testcase name="isSundayAndNextRunIsFriday[18]" classname="hudson.scheduler.CronTabDayOfWeekLocaleTest" time="0"/>
  <testcase name="isSundayAndPreviousRunIsSaturdayAsterisk[18]" classname="hudson.scheduler.CronTabDayOfWeekLocaleTest" time="0"/>
  <testcase name="isSundayAndNextRunIsMonday[18]" classname="hudson.scheduler.CronTabDayOfWeekLocaleTest" time="0"/>
  <testcase name="isSundayAndPreviousRunIsFriday[18]" classname="hudson.scheduler.CronTabDayOfWeekLocaleTest" time="0"/>
  <testcase name="isSundayAndNextRunIsTuesday[18]" classname="hudson.scheduler.CronTabDayOfWeekLocaleTest" time="0"/>
  <testcase name="isSundayAndNextRunIsNextSunday7[18]" classname="hudson.scheduler.CronTabDayOfWeekLocaleTest" time="0"/>
  <testcase name="isSundayAndPreviousRunIsMonday[18]" classname="hudson.scheduler.CronTabDayOfWeekLocaleTest" time="0"/>
  <testcase name="isSaturdayAndNextRunIsSundayAsterisk[18]" classname="hudson.scheduler.CronTabDayOfWeekLocaleTest" time="0"/>
  <testcase name="hudson8658[18]" classname="hudson.scheduler.CronTabDayOfWeekLocaleTest" time="0"/>
  <testcase name="isSundayAndNextRunIsNextSunday[18]" classname="hudson.scheduler.CronTabDayOfWeekLocaleTest" time="0"/>
  <testcase name="isSundayAndNextRunIsThursday[18]" classname="hudson.scheduler.CronTabDayOfWeekLocaleTest" time="0"/>
  <testcase name="isSundayAndPreviousRunIsPreviousSunday7[18]" classname="hudson.scheduler.CronTabDayOfWeekLocaleTest" time="0"/>
  <testcase name="isSundayAndNextRunIsWednesday[18]" classname="hudson.scheduler.CronTabDayOfWeekLocaleTest" time="0"/>
  <testcase name="isSundayAndNextRunIsSaturday[18]" classname="hudson.scheduler.CronTabDayOfWeekLocaleTest" time="0"/>
  <testcase name="isSundayAndPreviousRunIsTuesday[19]" classname="hudson.scheduler.CronTabDayOfWeekLocaleTest" time="0"/>
  <testcase name="isSundayAndPreviousRunIsThursday[19]" classname="hudson.scheduler.CronTabDayOfWeekLocaleTest" time="0"/>
  <testcase name="isSundayAndPreviousRunIsWednesday[19]" classname="hudson.scheduler.CronTabDayOfWeekLocaleTest" time="0"/>
  <testcase name="isSundayAndPreviousRunIsSaturday[19]" classname="hudson.scheduler.CronTabDayOfWeekLocaleTest" time="0"/>
  <testcase name="isSundayAndPreviousRunIsPreviousSunday[19]" classname="hudson.scheduler.CronTabDayOfWeekLocaleTest" time="0"/>
  <testcase name="isSundayAndNextRunIsFriday[19]" classname="hudson.scheduler.CronTabDayOfWeekLocaleTest" time="0"/>
  <testcase name="isSundayAndPreviousRunIsSaturdayAsterisk[19]" classname="hudson.scheduler.CronTabDayOfWeekLocaleTest" time="0"/>
  <testcase name="isSundayAndNextRunIsMonday[19]" classname="hudson.scheduler.CronTabDayOfWeekLocaleTest" time="0.001"/>
  <testcase name="isSundayAndPreviousRunIsFriday[19]" classname="hudson.scheduler.CronTabDayOfWeekLocaleTest" time="0"/>
  <testcase name="isSundayAndNextRunIsTuesday[19]" classname="hudson.scheduler.CronTabDayOfWeekLocaleTest" time="0"/>
  <testcase name="isSundayAndNextRunIsNextSunday7[19]" classname="hudson.scheduler.CronTabDayOfWeekLocaleTest" time="0"/>
  <testcase name="isSundayAndPreviousRunIsMonday[19]" classname="hudson.scheduler.CronTabDayOfWeekLocaleTest" time="0"/>
  <testcase name="isSaturdayAndNextRunIsSundayAsterisk[19]" classname="hudson.scheduler.CronTabDayOfWeekLocaleTest" time="0"/>
  <testcase name="hudson8658[19]" classname="hudson.scheduler.CronTabDayOfWeekLocaleTest" time="0"/>
  <testcase name="isSundayAndNextRunIsNextSunday[19]" classname="hudson.scheduler.CronTabDayOfWeekLocaleTest" time="0"/>
  <testcase name="isSundayAndNextRunIsThursday[19]" classname="hudson.scheduler.CronTabDayOfWeekLocaleTest" time="0"/>
  <testcase name="isSundayAndPreviousRunIsPreviousSunday7[19]" classname="hudson.scheduler.CronTabDayOfWeekLocaleTest" time="0.001"/>
  <testcase name="isSundayAndNextRunIsWednesday[19]" classname="hudson.scheduler.CronTabDayOfWeekLocaleTest" time="0"/>
  <testcase name="isSundayAndNextRunIsSaturday[19]" classname="hudson.scheduler.CronTabDayOfWeekLocaleTest" time="0"/>
  <testcase name="isSundayAndPreviousRunIsTuesday[20]" classname="hudson.scheduler.CronTabDayOfWeekLocaleTest" time="0"/>
  <testcase name="isSundayAndPreviousRunIsThursday[20]" classname="hudson.scheduler.CronTabDayOfWeekLocaleTest" time="0"/>
  <testcase name="isSundayAndPreviousRunIsWednesday[20]" classname="hudson.scheduler.CronTabDayOfWeekLocaleTest" time="0.001"/>
  <testcase name="isSundayAndPreviousRunIsSaturday[20]" classname="hudson.scheduler.CronTabDayOfWeekLocaleTest" time="0.002"/>
  <testcase name="isSundayAndPreviousRunIsPreviousSunday[20]" classname="hudson.scheduler.CronTabDayOfWeekLocaleTest" time="0"/>
  <testcase name="isSundayAndNextRunIsFriday[20]" classname="hudson.scheduler.CronTabDayOfWeekLocaleTest" time="0"/>
  <testcase name="isSundayAndPreviousRunIsSaturdayAsterisk[20]" classname="hudson.scheduler.CronTabDayOfWeekLocaleTest" time="0"/>
  <testcase name="isSundayAndNextRunIsMonday[20]" classname="hudson.scheduler.CronTabDayOfWeekLocaleTest" time="0.001"/>
  <testcase name="isSundayAndPreviousRunIsFriday[20]" classname="hudson.scheduler.CronTabDayOfWeekLocaleTest" time="0"/>
  <testcase name="isSundayAndNextRunIsTuesday[20]" classname="hudson.scheduler.CronTabDayOfWeekLocaleTest" time="0"/>
  <testcase name="isSundayAndNextRunIsNextSunday7[20]" classname="hudson.scheduler.CronTabDayOfWeekLocaleTest" time="0"/>
  <testcase name="isSundayAndPreviousRunIsMonday[20]" classname="hudson.scheduler.CronTabDayOfWeekLocaleTest" time="0"/>
  <testcase name="isSaturdayAndNextRunIsSundayAsterisk[20]" classname="hudson.scheduler.CronTabDayOfWeekLocaleTest" time="0"/>
  <testcase name="hudson8658[20]" classname="hudson.scheduler.CronTabDayOfWeekLocaleTest" time="0"/>
  <testcase name="isSundayAndNextRunIsNextSunday[20]" classname="hudson.scheduler.CronTabDayOfWeekLocaleTest" time="0.001"/>
  <testcase name="isSundayAndNextRunIsThursday[20]" classname="hudson.scheduler.CronTabDayOfWeekLocaleTest" time="0"/>
  <testcase name="isSundayAndPreviousRunIsPreviousSunday7[20]" classname="hudson.scheduler.CronTabDayOfWeekLocaleTest" time="0.002"/>
  <testcase name="isSundayAndNextRunIsWednesday[20]" classname="hudson.scheduler.CronTabDayOfWeekLocaleTest" time="0"/>
  <testcase name="isSundayAndNextRunIsSaturday[20]" classname="hudson.scheduler.CronTabDayOfWeekLocaleTest" time="0.001"/>
  <testcase name="isSundayAndPreviousRunIsTuesday[21]" classname="hudson.scheduler.CronTabDayOfWeekLocaleTest" time="0"/>
  <testcase name="isSundayAndPreviousRunIsThursday[21]" classname="hudson.scheduler.CronTabDayOfWeekLocaleTest" time="0"/>
  <testcase name="isSundayAndPreviousRunIsWednesday[21]" classname="hudson.scheduler.CronTabDayOfWeekLocaleTest" time="0"/>
  <testcase name="isSundayAndPreviousRunIsSaturday[21]" classname="hudson.scheduler.CronTabDayOfWeekLocaleTest" time="0"/>
  <testcase name="isSundayAndPreviousRunIsPreviousSunday[21]" classname="hudson.scheduler.CronTabDayOfWeekLocaleTest" time="0"/>
  <testcase name="isSundayAndNextRunIsFriday[21]" classname="hudson.scheduler.CronTabDayOfWeekLocaleTest" time="0.002"/>
  <testcase name="isSundayAndPreviousRunIsSaturdayAsterisk[21]" classname="hudson.scheduler.CronTabDayOfWeekLocaleTest" time="0"/>
  <testcase name="isSundayAndNextRunIsMonday[21]" classname="hudson.scheduler.CronTabDayOfWeekLocaleTest" time="0.002"/>
  <testcase name="isSundayAndPreviousRunIsFriday[21]" classname="hudson.scheduler.CronTabDayOfWeekLocaleTest" time="0.001"/>
  <testcase name="isSundayAndNextRunIsTuesday[21]" classname="hudson.scheduler.CronTabDayOfWeekLocaleTest" time="0"/>
  <testcase name="isSundayAndNextRunIsNextSunday7[21]" classname="hudson.scheduler.CronTabDayOfWeekLocaleTest" time="0"/>
  <testcase name="isSundayAndPreviousRunIsMonday[21]" classname="hudson.scheduler.CronTabDayOfWeekLocaleTest" time="0"/>
  <testcase name="isSaturdayAndNextRunIsSundayAsterisk[21]" classname="hudson.scheduler.CronTabDayOfWeekLocaleTest" time="0"/>
  <testcase name="hudson8658[21]" classname="hudson.scheduler.CronTabDayOfWeekLocaleTest" time="0"/>
  <testcase name="isSundayAndNextRunIsNextSunday[21]" classname="hudson.scheduler.CronTabDayOfWeekLocaleTest" time="0.001"/>
  <testcase name="isSundayAndNextRunIsThursday[21]" classname="hudson.scheduler.CronTabDayOfWeekLocaleTest" time="0"/>
  <testcase name="isSundayAndPreviousRunIsPreviousSunday7[21]" classname="hudson.scheduler.CronTabDayOfWeekLocaleTest" time="0"/>
  <testcase name="isSundayAndNextRunIsWednesday[21]" classname="hudson.scheduler.CronTabDayOfWeekLocaleTest" time="0"/>
  <testcase name="isSundayAndNextRunIsSaturday[21]" classname="hudson.scheduler.CronTabDayOfWeekLocaleTest" time="0"/>
  <testcase name="isSundayAndPreviousRunIsTuesday[22]" classname="hudson.scheduler.CronTabDayOfWeekLocaleTest" time="0"/>
  <testcase name="isSundayAndPreviousRunIsThursday[22]" classname="hudson.scheduler.CronTabDayOfWeekLocaleTest" time="0"/>
  <testcase name="isSundayAndPreviousRunIsWednesday[22]" classname="hudson.scheduler.CronTabDayOfWeekLocaleTest" time="0.001"/>
  <testcase name="isSundayAndPreviousRunIsSaturday[22]" classname="hudson.scheduler.CronTabDayOfWeekLocaleTest" time="0"/>
  <testcase name="isSundayAndPreviousRunIsPreviousSunday[22]" classname="hudson.scheduler.CronTabDayOfWeekLocaleTest" time="0"/>
  <testcase name="isSundayAndNextRunIsFriday[22]" classname="hudson.scheduler.CronTabDayOfWeekLocaleTest" time="0"/>
  <testcase name="isSundayAndPreviousRunIsSaturdayAsterisk[22]" classname="hudson.scheduler.CronTabDayOfWeekLocaleTest" time="0"/>
  <testcase name="isSundayAndNextRunIsMonday[22]" classname="hudson.scheduler.CronTabDayOfWeekLocaleTest" time="0"/>
  <testcase name="isSundayAndPreviousRunIsFriday[22]" classname="hudson.scheduler.CronTabDayOfWeekLocaleTest" time="0"/>
  <testcase name="isSundayAndNextRunIsTuesday[22]" classname="hudson.scheduler.CronTabDayOfWeekLocaleTest" time="0"/>
  <testcase name="isSundayAndNextRunIsNextSunday7[22]" classname="hudson.scheduler.CronTabDayOfWeekLocaleTest" time="0.001"/>
  <testcase name="isSundayAndPreviousRunIsMonday[22]" classname="hudson.scheduler.CronTabDayOfWeekLocaleTest" time="0"/>
  <testcase name="isSaturdayAndNextRunIsSundayAsterisk[22]" classname="hudson.scheduler.CronTabDayOfWeekLocaleTest" time="0"/>
  <testcase name="hudson8658[22]" classname="hudson.scheduler.CronTabDayOfWeekLocaleTest" time="0"/>
  <testcase name="isSundayAndNextRunIsNextSunday[22]" classname="hudson.scheduler.CronTabDayOfWeekLocaleTest" time="0"/>
  <testcase name="isSundayAndNextRunIsThursday[22]" classname="hudson.scheduler.CronTabDayOfWeekLocaleTest" time="0"/>
  <testcase name="isSundayAndPreviousRunIsPreviousSunday7[22]" classname="hudson.scheduler.CronTabDayOfWeekLocaleTest" time="0"/>
  <testcase name="isSundayAndNextRunIsWednesday[22]" classname="hudson.scheduler.CronTabDayOfWeekLocaleTest" time="0"/>
  <testcase name="isSundayAndNextRunIsSaturday[22]" classname="hudson.scheduler.CronTabDayOfWeekLocaleTest" time="0.001"/>
  <testcase name="isSundayAndPreviousRunIsTuesday[23]" classname="hudson.scheduler.CronTabDayOfWeekLocaleTest" time="0"/>
  <testcase name="isSundayAndPreviousRunIsThursday[23]" classname="hudson.scheduler.CronTabDayOfWeekLocaleTest" time="0"/>
  <testcase name="isSundayAndPreviousRunIsWednesday[23]" classname="hudson.scheduler.CronTabDayOfWeekLocaleTest" time="0"/>
  <testcase name="isSundayAndPreviousRunIsSaturday[23]" classname="hudson.scheduler.CronTabDayOfWeekLocaleTest" time="0"/>
  <testcase name="isSundayAndPreviousRunIsPreviousSunday[23]" classname="hudson.scheduler.CronTabDayOfWeekLocaleTest" time="0"/>
  <testcase name="isSundayAndNextRunIsFriday[23]" classname="hudson.scheduler.CronTabDayOfWeekLocaleTest" time="0"/>
  <testcase name="isSundayAndPreviousRunIsSaturdayAsterisk[23]" classname="hudson.scheduler.CronTabDayOfWeekLocaleTest" time="0"/>
  <testcase name="isSundayAndNextRunIsMonday[23]" classname="hudson.scheduler.CronTabDayOfWeekLocaleTest" time="0"/>
  <testcase name="isSundayAndPreviousRunIsFriday[23]" classname="hudson.scheduler.CronTabDayOfWeekLocaleTest" time="0"/>
  <testcase name="isSundayAndNextRunIsTuesday[23]" classname="hudson.scheduler.CronTabDayOfWeekLocaleTest" time="0"/>
  <testcase name="isSundayAndNextRunIsNextSunday7[23]" classname="hudson.scheduler.CronTabDayOfWeekLocaleTest" time="0"/>
  <testcase name="isSundayAndPreviousRunIsMonday[23]" classname="hudson.scheduler.CronTabDayOfWeekLocaleTest" time="0"/>
  <testcase name="isSaturdayAndNextRunIsSundayAsterisk[23]" classname="hudson.scheduler.CronTabDayOfWeekLocaleTest" time="0"/>
  <testcase name="hudson8658[23]" classname="hudson.scheduler.CronTabDayOfWeekLocaleTest" time="0"/>
  <testcase name="isSundayAndNextRunIsNextSunday[23]" classname="hudson.scheduler.CronTabDayOfWeekLocaleTest" time="0"/>
  <testcase name="isSundayAndNextRunIsThursday[23]" classname="hudson.scheduler.CronTabDayOfWeekLocaleTest" time="0"/>
  <testcase name="isSundayAndPreviousRunIsPreviousSunday7[23]" classname="hudson.scheduler.CronTabDayOfWeekLocaleTest" time="0"/>
  <testcase name="isSundayAndNextRunIsWednesday[23]" classname="hudson.scheduler.CronTabDayOfWeekLocaleTest" time="0"/>
  <testcase name="isSundayAndNextRunIsSaturday[23]" classname="hudson.scheduler.CronTabDayOfWeekLocaleTest" time="0"/>
  <testcase name="isSundayAndPreviousRunIsTuesday[24]" classname="hudson.scheduler.CronTabDayOfWeekLocaleTest" time="0"/>
  <testcase name="isSundayAndPreviousRunIsThursday[24]" classname="hudson.scheduler.CronTabDayOfWeekLocaleTest" time="0"/>
  <testcase name="isSundayAndPreviousRunIsWednesday[24]" classname="hudson.scheduler.CronTabDayOfWeekLocaleTest" time="0"/>
  <testcase name="isSundayAndPreviousRunIsSaturday[24]" classname="hudson.scheduler.CronTabDayOfWeekLocaleTest" time="0"/>
  <testcase name="isSundayAndPreviousRunIsPreviousSunday[24]" classname="hudson.scheduler.CronTabDayOfWeekLocaleTest" time="0"/>
  <testcase name="isSundayAndNextRunIsFriday[24]" classname="hudson.scheduler.CronTabDayOfWeekLocaleTest" time="0"/>
  <testcase name="isSundayAndPreviousRunIsSaturdayAsterisk[24]" classname="hudson.scheduler.CronTabDayOfWeekLocaleTest" time="0"/>
  <testcase name="isSundayAndNextRunIsMonday[24]" classname="hudson.scheduler.CronTabDayOfWeekLocaleTest" time="0"/>
  <testcase name="isSundayAndPreviousRunIsFriday[24]" classname="hudson.scheduler.CronTabDayOfWeekLocaleTest" time="0"/>
  <testcase name="isSundayAndNextRunIsTuesday[24]" classname="hudson.scheduler.CronTabDayOfWeekLocaleTest" time="0"/>
  <testcase name="isSundayAndNextRunIsNextSunday7[24]" classname="hudson.scheduler.CronTabDayOfWeekLocaleTest" time="0.004"/>
  <testcase name="isSundayAndPreviousRunIsMonday[24]" classname="hudson.scheduler.CronTabDayOfWeekLocaleTest" time="0"/>
  <testcase name="isSaturdayAndNextRunIsSundayAsterisk[24]" classname="hudson.scheduler.CronTabDayOfWeekLocaleTest" time="0"/>
  <testcase name="hudson8658[24]" classname="hudson.scheduler.CronTabDayOfWeekLocaleTest" time="0.001"/>
  <testcase name="isSundayAndNextRunIsNextSunday[24]" classname="hudson.scheduler.CronTabDayOfWeekLocaleTest" time="0"/>
  <testcase name="isSundayAndNextRunIsThursday[24]" classname="hudson.scheduler.CronTabDayOfWeekLocaleTest" time="0"/>
  <testcase name="isSundayAndPreviousRunIsPreviousSunday7[24]" classname="hudson.scheduler.CronTabDayOfWeekLocaleTest" time="0"/>
  <testcase name="isSundayAndNextRunIsWednesday[24]" classname="hudson.scheduler.CronTabDayOfWeekLocaleTest" time="0"/>
  <testcase name="isSundayAndNextRunIsSaturday[24]" classname="hudson.scheduler.CronTabDayOfWeekLocaleTest" time="0"/>
  <testcase name="isSundayAndPreviousRunIsTuesday[25]" classname="hudson.scheduler.CronTabDayOfWeekLocaleTest" time="0"/>
  <testcase name="isSundayAndPreviousRunIsThursday[25]" classname="hudson.scheduler.CronTabDayOfWeekLocaleTest" time="0.001"/>
  <testcase name="isSundayAndPreviousRunIsWednesday[25]" classname="hudson.scheduler.CronTabDayOfWeekLocaleTest" time="0"/>
  <testcase name="isSundayAndPreviousRunIsSaturday[25]" classname="hudson.scheduler.CronTabDayOfWeekLocaleTest" time="0"/>
  <testcase name="isSundayAndPreviousRunIsPreviousSunday[25]" classname="hudson.scheduler.CronTabDayOfWeekLocaleTest" time="0"/>
  <testcase name="isSundayAndNextRunIsFriday[25]" classname="hudson.scheduler.CronTabDayOfWeekLocaleTest" time="0"/>
  <testcase name="isSundayAndPreviousRunIsSaturdayAsterisk[25]" classname="hudson.scheduler.CronTabDayOfWeekLocaleTest" time="0.001"/>
  <testcase name="isSundayAndNextRunIsMonday[25]" classname="hudson.scheduler.CronTabDayOfWeekLocaleTest" time="0"/>
  <testcase name="isSundayAndPreviousRunIsFriday[25]" classname="hudson.scheduler.CronTabDayOfWeekLocaleTest" time="0"/>
  <testcase name="isSundayAndNextRunIsTuesday[25]" classname="hudson.scheduler.CronTabDayOfWeekLocaleTest" time="0"/>
  <testcase name="isSundayAndNextRunIsNextSunday7[25]" classname="hudson.scheduler.CronTabDayOfWeekLocaleTest" time="0"/>
  <testcase name="isSundayAndPreviousRunIsMonday[25]" classname="hudson.scheduler.CronTabDayOfWeekLocaleTest" time="0"/>
  <testcase name="isSaturdayAndNextRunIsSundayAsterisk[25]" classname="hudson.scheduler.CronTabDayOfWeekLocaleTest" time="0.001"/>
  <testcase name="hudson8658[25]" classname="hudson.scheduler.CronTabDayOfWeekLocaleTest" time="0"/>
  <testcase name="isSundayAndNextRunIsNextSunday[25]" classname="hudson.scheduler.CronTabDayOfWeekLocaleTest" time="0.001"/>
  <testcase name="isSundayAndNextRunIsThursday[25]" classname="hudson.scheduler.CronTabDayOfWeekLocaleTest" time="0"/>
  <testcase name="isSundayAndPreviousRunIsPreviousSunday7[25]" classname="hudson.scheduler.CronTabDayOfWeekLocaleTest" time="0.001"/>
  <testcase name="isSundayAndNextRunIsWednesday[25]" classname="hudson.scheduler.CronTabDayOfWeekLocaleTest" time="0"/>
  <testcase name="isSundayAndNextRunIsSaturday[25]" classname="hudson.scheduler.CronTabDayOfWeekLocaleTest" time="0"/>
  <testcase name="isSundayAndPreviousRunIsTuesday[26]" classname="hudson.scheduler.CronTabDayOfWeekLocaleTest" time="0"/>
  <testcase name="isSundayAndPreviousRunIsThursday[26]" classname="hudson.scheduler.CronTabDayOfWeekLocaleTest" time="0"/>
  <testcase name="isSundayAndPreviousRunIsWednesday[26]" classname="hudson.scheduler.CronTabDayOfWeekLocaleTest" time="0"/>
  <testcase name="isSundayAndPreviousRunIsSaturday[26]" classname="hudson.scheduler.CronTabDayOfWeekLocaleTest" time="0.001"/>
  <testcase name="isSundayAndPreviousRunIsPreviousSunday[26]" classname="hudson.scheduler.CronTabDayOfWeekLocaleTest" time="0"/>
  <testcase name="isSundayAndNextRunIsFriday[26]" classname="hudson.scheduler.CronTabDayOfWeekLocaleTest" time="0"/>
  <testcase name="isSundayAndPreviousRunIsSaturdayAsterisk[26]" classname="hudson.scheduler.CronTabDayOfWeekLocaleTest" time="0"/>
  <testcase name="isSundayAndNextRunIsMonday[26]" classname="hudson.scheduler.CronTabDayOfWeekLocaleTest" time="0.001"/>
  <testcase name="isSundayAndPreviousRunIsFriday[26]" classname="hudson.scheduler.CronTabDayOfWeekLocaleTest" time="0"/>
  <testcase name="isSundayAndNextRunIsTuesday[26]" classname="hudson.scheduler.CronTabDayOfWeekLocaleTest" time="0"/>
  <testcase name="isSundayAndNextRunIsNextSunday7[26]" classname="hudson.scheduler.CronTabDayOfWeekLocaleTest" time="0"/>
  <testcase name="isSundayAndPreviousRunIsMonday[26]" classname="hudson.scheduler.CronTabDayOfWeekLocaleTest" time="0"/>
  <testcase name="isSaturdayAndNextRunIsSundayAsterisk[26]" classname="hudson.scheduler.CronTabDayOfWeekLocaleTest" time="0"/>
  <testcase name="hudson8658[26]" classname="hudson.scheduler.CronTabDayOfWeekLocaleTest" time="0.001"/>
  <testcase name="isSundayAndNextRunIsNextSunday[26]" classname="hudson.scheduler.CronTabDayOfWeekLocaleTest" time="0"/>
  <testcase name="isSundayAndNextRunIsThursday[26]" classname="hudson.scheduler.CronTabDayOfWeekLocaleTest" time="0"/>
  <testcase name="isSundayAndPreviousRunIsPreviousSunday7[26]" classname="hudson.scheduler.CronTabDayOfWeekLocaleTest" time="0.001"/>
  <testcase name="isSundayAndNextRunIsWednesday[26]" classname="hudson.scheduler.CronTabDayOfWeekLocaleTest" time="0"/>
  <testcase name="isSundayAndNextRunIsSaturday[26]" classname="hudson.scheduler.CronTabDayOfWeekLocaleTest" time="0"/>
  <testcase name="isSundayAndPreviousRunIsTuesday[27]" classname="hudson.scheduler.CronTabDayOfWeekLocaleTest" time="0"/>
  <testcase name="isSundayAndPreviousRunIsThursday[27]" classname="hudson.scheduler.CronTabDayOfWeekLocaleTest" time="0"/>
  <testcase name="isSundayAndPreviousRunIsWednesday[27]" classname="hudson.scheduler.CronTabDayOfWeekLocaleTest" time="0.002"/>
  <testcase name="isSundayAndPreviousRunIsSaturday[27]" classname="hudson.scheduler.CronTabDayOfWeekLocaleTest" time="0"/>
  <testcase name="isSundayAndPreviousRunIsPreviousSunday[27]" classname="hudson.scheduler.CronTabDayOfWeekLocaleTest" time="0"/>
  <testcase name="isSundayAndNextRunIsFriday[27]" classname="hudson.scheduler.CronTabDayOfWeekLocaleTest" time="0"/>
  <testcase name="isSundayAndPreviousRunIsSaturdayAsterisk[27]" classname="hudson.scheduler.CronTabDayOfWeekLocaleTest" time="0"/>
  <testcase name="isSundayAndNextRunIsMonday[27]" classname="hudson.scheduler.CronTabDayOfWeekLocaleTest" time="0"/>
  <testcase name="isSundayAndPreviousRunIsFriday[27]" classname="hudson.scheduler.CronTabDayOfWeekLocaleTest" time="0"/>
  <testcase name="isSundayAndNextRunIsTuesday[27]" classname="hudson.scheduler.CronTabDayOfWeekLocaleTest" time="0.001"/>
  <testcase name="isSundayAndNextRunIsNextSunday7[27]" classname="hudson.scheduler.CronTabDayOfWeekLocaleTest" time="0"/>
  <testcase name="isSundayAndPreviousRunIsMonday[27]" classname="hudson.scheduler.CronTabDayOfWeekLocaleTest" time="0"/>
  <testcase name="isSaturdayAndNextRunIsSundayAsterisk[27]" classname="hudson.scheduler.CronTabDayOfWeekLocaleTest" time="0"/>
  <testcase name="hudson8658[27]" classname="hudson.scheduler.CronTabDayOfWeekLocaleTest" time="0"/>
  <testcase name="isSundayAndNextRunIsNextSunday[27]" classname="hudson.scheduler.CronTabDayOfWeekLocaleTest" time="0"/>
  <testcase name="isSundayAndNextRunIsThursday[27]" classname="hudson.scheduler.CronTabDayOfWeekLocaleTest" time="0"/>
  <testcase name="isSundayAndPreviousRunIsPreviousSunday7[27]" classname="hudson.scheduler.CronTabDayOfWeekLocaleTest" time="0"/>
  <testcase name="isSundayAndNextRunIsWednesday[27]" classname="hudson.scheduler.CronTabDayOfWeekLocaleTest" time="0"/>
  <testcase name="isSundayAndNextRunIsSaturday[27]" classname="hudson.scheduler.CronTabDayOfWeekLocaleTest" time="0"/>
  <testcase name="isSundayAndPreviousRunIsTuesday[28]" classname="hudson.scheduler.CronTabDayOfWeekLocaleTest" time="0"/>
  <testcase name="isSundayAndPreviousRunIsThursday[28]" classname="hudson.scheduler.CronTabDayOfWeekLocaleTest" time="0"/>
  <testcase name="isSundayAndPreviousRunIsWednesday[28]" classname="hudson.scheduler.CronTabDayOfWeekLocaleTest" time="0"/>
  <testcase name="isSundayAndPreviousRunIsSaturday[28]" classname="hudson.scheduler.CronTabDayOfWeekLocaleTest" time="0"/>
  <testcase name="isSundayAndPreviousRunIsPreviousSunday[28]" classname="hudson.scheduler.CronTabDayOfWeekLocaleTest" time="0"/>
  <testcase name="isSundayAndNextRunIsFriday[28]" classname="hudson.scheduler.CronTabDayOfWeekLocaleTest" time="0"/>
  <testcase name="isSundayAndPreviousRunIsSaturdayAsterisk[28]" classname="hudson.scheduler.CronTabDayOfWeekLocaleTest" time="0"/>
  <testcase name="isSundayAndNextRunIsMonday[28]" classname="hudson.scheduler.CronTabDayOfWeekLocaleTest" time="0"/>
  <testcase name="isSundayAndPreviousRunIsFriday[28]" classname="hudson.scheduler.CronTabDayOfWeekLocaleTest" time="0"/>
  <testcase name="isSundayAndNextRunIsTuesday[28]" classname="hudson.scheduler.CronTabDayOfWeekLocaleTest" time="0"/>
  <testcase name="isSundayAndNextRunIsNextSunday7[28]" classname="hudson.scheduler.CronTabDayOfWeekLocaleTest" time="0"/>
  <testcase name="isSundayAndPreviousRunIsMonday[28]" classname="hudson.scheduler.CronTabDayOfWeekLocaleTest" time="0.001"/>
  <testcase name="isSaturdayAndNextRunIsSundayAsterisk[28]" classname="hudson.scheduler.CronTabDayOfWeekLocaleTest" time="0"/>
  <testcase name="hudson8658[28]" classname="hudson.scheduler.CronTabDayOfWeekLocaleTest" time="0"/>
  <testcase name="isSundayAndNextRunIsNextSunday[28]" classname="hudson.scheduler.CronTabDayOfWeekLocaleTest" time="0"/>
  <testcase name="isSundayAndNextRunIsThursday[28]" classname="hudson.scheduler.CronTabDayOfWeekLocaleTest" time="0"/>
  <testcase name="isSundayAndPreviousRunIsPreviousSunday7[28]" classname="hudson.scheduler.CronTabDayOfWeekLocaleTest" time="0"/>
  <testcase name="isSundayAndNextRunIsWednesday[28]" classname="hudson.scheduler.CronTabDayOfWeekLocaleTest" time="0"/>
  <testcase name="isSundayAndNextRunIsSaturday[28]" classname="hudson.scheduler.CronTabDayOfWeekLocaleTest" time="0"/>
  <testcase name="isSundayAndPreviousRunIsTuesday[29]" classname="hudson.scheduler.CronTabDayOfWeekLocaleTest" time="0.001"/>
  <testcase name="isSundayAndPreviousRunIsThursday[29]" classname="hudson.scheduler.CronTabDayOfWeekLocaleTest" time="0"/>
  <testcase name="isSundayAndPreviousRunIsWednesday[29]" classname="hudson.scheduler.CronTabDayOfWeekLocaleTest" time="0"/>
  <testcase name="isSundayAndPreviousRunIsSaturday[29]" classname="hudson.scheduler.CronTabDayOfWeekLocaleTest" time="0"/>
  <testcase name="isSundayAndPreviousRunIsPreviousSunday[29]" classname="hudson.scheduler.CronTabDayOfWeekLocaleTest" time="0"/>
  <testcase name="isSundayAndNextRunIsFriday[29]" classname="hudson.scheduler.CronTabDayOfWeekLocaleTest" time="0"/>
  <testcase name="isSundayAndPreviousRunIsSaturdayAsterisk[29]" classname="hudson.scheduler.CronTabDayOfWeekLocaleTest" time="0"/>
  <testcase name="isSundayAndNextRunIsMonday[29]" classname="hudson.scheduler.CronTabDayOfWeekLocaleTest" time="0"/>
  <testcase name="isSundayAndPreviousRunIsFriday[29]" classname="hudson.scheduler.CronTabDayOfWeekLocaleTest" time="0"/>
  <testcase name="isSundayAndNextRunIsTuesday[29]" classname="hudson.scheduler.CronTabDayOfWeekLocaleTest" time="0"/>
  <testcase name="isSundayAndNextRunIsNextSunday7[29]" classname="hudson.scheduler.CronTabDayOfWeekLocaleTest" time="0.001"/>
  <testcase name="isSundayAndPreviousRunIsMonday[29]" classname="hudson.scheduler.CronTabDayOfWeekLocaleTest" time="0"/>
  <testcase name="isSaturdayAndNextRunIsSundayAsterisk[29]" classname="hudson.scheduler.CronTabDayOfWeekLocaleTest" time="0"/>
  <testcase name="hudson8658[29]" classname="hudson.scheduler.CronTabDayOfWeekLocaleTest" time="0"/>
  <testcase name="isSundayAndNextRunIsNextSunday[29]" classname="hudson.scheduler.CronTabDayOfWeekLocaleTest" time="0"/>
  <testcase name="isSundayAndNextRunIsThursday[29]" classname="hudson.scheduler.CronTabDayOfWeekLocaleTest" time="0"/>
  <testcase name="isSundayAndPreviousRunIsPreviousSunday7[29]" classname="hudson.scheduler.CronTabDayOfWeekLocaleTest" time="0"/>
  <testcase name="isSundayAndNextRunIsWednesday[29]" classname="hudson.scheduler.CronTabDayOfWeekLocaleTest" time="0"/>
  <testcase name="isSundayAndNextRunIsSaturday[29]" classname="hudson.scheduler.CronTabDayOfWeekLocaleTest" time="0"/>
  <testcase name="isSundayAndPreviousRunIsTuesday[30]" classname="hudson.scheduler.CronTabDayOfWeekLocaleTest" time="0"/>
  <testcase name="isSundayAndPreviousRunIsThursday[30]" classname="hudson.scheduler.CronTabDayOfWeekLocaleTest" time="0"/>
  <testcase name="isSundayAndPreviousRunIsWednesday[30]" classname="hudson.scheduler.CronTabDayOfWeekLocaleTest" time="0"/>
  <testcase name="isSundayAndPreviousRunIsSaturday[30]" classname="hudson.scheduler.CronTabDayOfWeekLocaleTest" time="0"/>
  <testcase name="isSundayAndPreviousRunIsPreviousSunday[30]" classname="hudson.scheduler.CronTabDayOfWeekLocaleTest" time="0.001"/>
  <testcase name="isSundayAndNextRunIsFriday[30]" classname="hudson.scheduler.CronTabDayOfWeekLocaleTest" time="0"/>
  <testcase name="isSundayAndPreviousRunIsSaturdayAsterisk[30]" classname="hudson.scheduler.CronTabDayOfWeekLocaleTest" time="0"/>
  <testcase name="isSundayAndNextRunIsMonday[30]" classname="hudson.scheduler.CronTabDayOfWeekLocaleTest" time="0"/>
  <testcase name="isSundayAndPreviousRunIsFriday[30]" classname="hudson.scheduler.CronTabDayOfWeekLocaleTest" time="0"/>
  <testcase name="isSundayAndNextRunIsTuesday[30]" classname="hudson.scheduler.CronTabDayOfWeekLocaleTest" time="0"/>
  <testcase name="isSundayAndNextRunIsNextSunday7[30]" classname="hudson.scheduler.CronTabDayOfWeekLocaleTest" time="0"/>
  <testcase name="isSundayAndPreviousRunIsMonday[30]" classname="hudson.scheduler.CronTabDayOfWeekLocaleTest" time="0"/>
  <testcase name="isSaturdayAndNextRunIsSundayAsterisk[30]" classname="hudson.scheduler.CronTabDayOfWeekLocaleTest" time="0"/>
  <testcase name="hudson8658[30]" classname="hudson.scheduler.CronTabDayOfWeekLocaleTest" time="0"/>
  <testcase name="isSundayAndNextRunIsNextSunday[30]" classname="hudson.scheduler.CronTabDayOfWeekLocaleTest" time="0.002"/>
  <testcase name="isSundayAndNextRunIsThursday[30]" classname="hudson.scheduler.CronTabDayOfWeekLocaleTest" time="0"/>
  <testcase name="isSundayAndPreviousRunIsPreviousSunday7[30]" classname="hudson.scheduler.CronTabDayOfWeekLocaleTest" time="0"/>
  <testcase name="isSundayAndNextRunIsWednesday[30]" classname="hudson.scheduler.CronTabDayOfWeekLocaleTest" time="0"/>
  <testcase name="isSundayAndNextRunIsSaturday[30]" classname="hudson.scheduler.CronTabDayOfWeekLocaleTest" time="0"/>
  <testcase name="isSundayAndPreviousRunIsTuesday[31]" classname="hudson.scheduler.CronTabDayOfWeekLocaleTest" time="0"/>
  <testcase name="isSundayAndPreviousRunIsThursday[31]" classname="hudson.scheduler.CronTabDayOfWeekLocaleTest" time="0"/>
  <testcase name="isSundayAndPreviousRunIsWednesday[31]" classname="hudson.scheduler.CronTabDayOfWeekLocaleTest" time="0.001"/>
  <testcase name="isSundayAndPreviousRunIsSaturday[31]" classname="hudson.scheduler.CronTabDayOfWeekLocaleTest" time="0"/>
  <testcase name="isSundayAndPreviousRunIsPreviousSunday[31]" classname="hudson.scheduler.CronTabDayOfWeekLocaleTest" time="0"/>
  <testcase name="isSundayAndNextRunIsFriday[31]" classname="hudson.scheduler.CronTabDayOfWeekLocaleTest" time="0"/>
  <testcase name="isSundayAndPreviousRunIsSaturdayAsterisk[31]" classname="hudson.scheduler.CronTabDayOfWeekLocaleTest" time="0"/>
  <testcase name="isSundayAndNextRunIsMonday[31]" classname="hudson.scheduler.CronTabDayOfWeekLocaleTest" time="0"/>
  <testcase name="isSundayAndPreviousRunIsFriday[31]" classname="hudson.scheduler.CronTabDayOfWeekLocaleTest" time="0"/>
  <testcase name="isSundayAndNextRunIsTuesday[31]" classname="hudson.scheduler.CronTabDayOfWeekLocaleTest" time="0"/>
  <testcase name="isSundayAndNextRunIsNextSunday7[31]" classname="hudson.scheduler.CronTabDayOfWeekLocaleTest" time="0"/>
  <testcase name="isSundayAndPreviousRunIsMonday[31]" classname="hudson.scheduler.CronTabDayOfWeekLocaleTest" time="0"/>
  <testcase name="isSaturdayAndNextRunIsSundayAsterisk[31]" classname="hudson.scheduler.CronTabDayOfWeekLocaleTest" time="0.001"/>
  <testcase name="hudson8658[31]" classname="hudson.scheduler.CronTabDayOfWeekLocaleTest" time="0"/>
  <testcase name="isSundayAndNextRunIsNextSunday[31]" classname="hudson.scheduler.CronTabDayOfWeekLocaleTest" time="0"/>
  <testcase name="isSundayAndNextRunIsThursday[31]" classname="hudson.scheduler.CronTabDayOfWeekLocaleTest" time="0"/>
  <testcase name="isSundayAndPreviousRunIsPreviousSunday7[31]" classname="hudson.scheduler.CronTabDayOfWeekLocaleTest" time="0"/>
  <testcase name="isSundayAndNextRunIsWednesday[31]" classname="hudson.scheduler.CronTabDayOfWeekLocaleTest" time="0"/>
  <testcase name="isSundayAndNextRunIsSaturday[31]" classname="hudson.scheduler.CronTabDayOfWeekLocaleTest" time="0"/>
  <testcase name="isSundayAndPreviousRunIsTuesday[32]" classname="hudson.scheduler.CronTabDayOfWeekLocaleTest" time="0"/>
  <testcase name="isSundayAndPreviousRunIsThursday[32]" classname="hudson.scheduler.CronTabDayOfWeekLocaleTest" time="0.001"/>
  <testcase name="isSundayAndPreviousRunIsWednesday[32]" classname="hudson.scheduler.CronTabDayOfWeekLocaleTest" time="0"/>
  <testcase name="isSundayAndPreviousRunIsSaturday[32]" classname="hudson.scheduler.CronTabDayOfWeekLocaleTest" time="0"/>
  <testcase name="isSundayAndPreviousRunIsPreviousSunday[32]" classname="hudson.scheduler.CronTabDayOfWeekLocaleTest" time="0"/>
  <testcase name="isSundayAndNextRunIsFriday[32]" classname="hudson.scheduler.CronTabDayOfWeekLocaleTest" time="0"/>
  <testcase name="isSundayAndPreviousRunIsSaturdayAsterisk[32]" classname="hudson.scheduler.CronTabDayOfWeekLocaleTest" time="0"/>
  <testcase name="isSundayAndNextRunIsMonday[32]" classname="hudson.scheduler.CronTabDayOfWeekLocaleTest" time="0"/>
  <testcase name="isSundayAndPreviousRunIsFriday[32]" classname="hudson.scheduler.CronTabDayOfWeekLocaleTest" time="0"/>
  <testcase name="isSundayAndNextRunIsTuesday[32]" classname="hudson.scheduler.CronTabDayOfWeekLocaleTest" time="0"/>
  <testcase name="isSundayAndNextRunIsNextSunday7[32]" classname="hudson.scheduler.CronTabDayOfWeekLocaleTest" time="0"/>
  <testcase name="isSundayAndPreviousRunIsMonday[32]" classname="hudson.scheduler.CronTabDayOfWeekLocaleTest" time="0.001"/>
  <testcase name="isSaturdayAndNextRunIsSundayAsterisk[32]" classname="hudson.scheduler.CronTabDayOfWeekLocaleTest" time="0"/>
  <testcase name="hudson8658[32]" classname="hudson.scheduler.CronTabDayOfWeekLocaleTest" time="0"/>
  <testcase name="isSundayAndNextRunIsNextSunday[32]" classname="hudson.scheduler.CronTabDayOfWeekLocaleTest" time="0"/>
  <testcase name="isSundayAndNextRunIsThursday[32]" classname="hudson.scheduler.CronTabDayOfWeekLocaleTest" time="0"/>
  <testcase name="isSundayAndPreviousRunIsPreviousSunday7[32]" classname="hudson.scheduler.CronTabDayOfWeekLocaleTest" time="0"/>
  <testcase name="isSundayAndNextRunIsWednesday[32]" classname="hudson.scheduler.CronTabDayOfWeekLocaleTest" time="0"/>
  <testcase name="isSundayAndNextRunIsSaturday[32]" classname="hudson.scheduler.CronTabDayOfWeekLocaleTest" time="0"/>
  <testcase name="isSundayAndPreviousRunIsTuesday[33]" classname="hudson.scheduler.CronTabDayOfWeekLocaleTest" time="0"/>
  <testcase name="isSundayAndPreviousRunIsThursday[33]" classname="hudson.scheduler.CronTabDayOfWeekLocaleTest" time="0.001"/>
  <testcase name="isSundayAndPreviousRunIsWednesday[33]" classname="hudson.scheduler.CronTabDayOfWeekLocaleTest" time="0"/>
  <testcase name="isSundayAndPreviousRunIsSaturday[33]" classname="hudson.scheduler.CronTabDayOfWeekLocaleTest" time="0"/>
  <testcase name="isSundayAndPreviousRunIsPreviousSunday[33]" classname="hudson.scheduler.CronTabDayOfWeekLocaleTest" time="0"/>
  <testcase name="isSundayAndNextRunIsFriday[33]" classname="hudson.scheduler.CronTabDayOfWeekLocaleTest" time="0"/>
  <testcase name="isSundayAndPreviousRunIsSaturdayAsterisk[33]" classname="hudson.scheduler.CronTabDayOfWeekLocaleTest" time="0.005"/>
  <testcase name="isSundayAndNextRunIsMonday[33]" classname="hudson.scheduler.CronTabDayOfWeekLocaleTest" time="0"/>
  <testcase name="isSundayAndPreviousRunIsFriday[33]" classname="hudson.scheduler.CronTabDayOfWeekLocaleTest" time="0.002"/>
  <testcase name="isSundayAndNextRunIsTuesday[33]" classname="hudson.scheduler.CronTabDayOfWeekLocaleTest" time="0"/>
  <testcase name="isSundayAndNextRunIsNextSunday7[33]" classname="hudson.scheduler.CronTabDayOfWeekLocaleTest" time="0"/>
  <testcase name="isSundayAndPreviousRunIsMonday[33]" classname="hudson.scheduler.CronTabDayOfWeekLocaleTest" time="0"/>
  <testcase name="isSaturdayAndNextRunIsSundayAsterisk[33]" classname="hudson.scheduler.CronTabDayOfWeekLocaleTest" time="0"/>
  <testcase name="hudson8658[33]" classname="hudson.scheduler.CronTabDayOfWeekLocaleTest" time="0"/>
  <testcase name="isSundayAndNextRunIsNextSunday[33]" classname="hudson.scheduler.CronTabDayOfWeekLocaleTest" time="0"/>
  <testcase name="isSundayAndNextRunIsThursday[33]" classname="hudson.scheduler.CronTabDayOfWeekLocaleTest" time="0"/>
  <testcase name="isSundayAndPreviousRunIsPreviousSunday7[33]" classname="hudson.scheduler.CronTabDayOfWeekLocaleTest" time="0"/>
  <testcase name="isSundayAndNextRunIsWednesday[33]" classname="hudson.scheduler.CronTabDayOfWeekLocaleTest" time="0"/>
  <testcase name="isSundayAndNextRunIsSaturday[33]" classname="hudson.scheduler.CronTabDayOfWeekLocaleTest" time="0"/>
  <testcase name="isSundayAndPreviousRunIsTuesday[34]" classname="hudson.scheduler.CronTabDayOfWeekLocaleTest" time="0"/>
  <testcase name="isSundayAndPreviousRunIsThursday[34]" classname="hudson.scheduler.CronTabDayOfWeekLocaleTest" time="0"/>
  <testcase name="isSundayAndPreviousRunIsWednesday[34]" classname="hudson.scheduler.CronTabDayOfWeekLocaleTest" time="0"/>
  <testcase name="isSundayAndPreviousRunIsSaturday[34]" classname="hudson.scheduler.CronTabDayOfWeekLocaleTest" time="0"/>
  <testcase name="isSundayAndPreviousRunIsPreviousSunday[34]" classname="hudson.scheduler.CronTabDayOfWeekLocaleTest" time="0"/>
  <testcase name="isSundayAndNextRunIsFriday[34]" classname="hudson.scheduler.CronTabDayOfWeekLocaleTest" time="0"/>
  <testcase name="isSundayAndPreviousRunIsSaturdayAsterisk[34]" classname="hudson.scheduler.CronTabDayOfWeekLocaleTest" time="0"/>
  <testcase name="isSundayAndNextRunIsMonday[34]" classname="hudson.scheduler.CronTabDayOfWeekLocaleTest" time="0"/>
  <testcase name="isSundayAndPreviousRunIsFriday[34]" classname="hudson.scheduler.CronTabDayOfWeekLocaleTest" time="0"/>
  <testcase name="isSundayAndNextRunIsTuesday[34]" classname="hudson.scheduler.CronTabDayOfWeekLocaleTest" time="0"/>
  <testcase name="isSundayAndNextRunIsNextSunday7[34]" classname="hudson.scheduler.CronTabDayOfWeekLocaleTest" time="0"/>
  <testcase name="isSundayAndPreviousRunIsMonday[34]" classname="hudson.scheduler.CronTabDayOfWeekLocaleTest" time="0"/>
  <testcase name="isSaturdayAndNextRunIsSundayAsterisk[34]" classname="hudson.scheduler.CronTabDayOfWeekLocaleTest" time="0"/>
  <testcase name="hudson8658[34]" classname="hudson.scheduler.CronTabDayOfWeekLocaleTest" time="0"/>
  <testcase name="isSundayAndNextRunIsNextSunday[34]" classname="hudson.scheduler.CronTabDayOfWeekLocaleTest" time="0"/>
  <testcase name="isSundayAndNextRunIsThursday[34]" classname="hudson.scheduler.CronTabDayOfWeekLocaleTest" time="0"/>
  <testcase name="isSundayAndPreviousRunIsPreviousSunday7[34]" classname="hudson.scheduler.CronTabDayOfWeekLocaleTest" time="0"/>
  <testcase name="isSundayAndNextRunIsWednesday[34]" classname="hudson.scheduler.CronTabDayOfWeekLocaleTest" time="0.001"/>
  <testcase name="isSundayAndNextRunIsSaturday[34]" classname="hudson.scheduler.CronTabDayOfWeekLocaleTest" time="0"/>
  <testcase name="isSundayAndPreviousRunIsTuesday[35]" classname="hudson.scheduler.CronTabDayOfWeekLocaleTest" time="0"/>
  <testcase name="isSundayAndPreviousRunIsThursday[35]" classname="hudson.scheduler.CronTabDayOfWeekLocaleTest" time="0"/>
  <testcase name="isSundayAndPreviousRunIsWednesday[35]" classname="hudson.scheduler.CronTabDayOfWeekLocaleTest" time="0"/>
  <testcase name="isSundayAndPreviousRunIsSaturday[35]" classname="hudson.scheduler.CronTabDayOfWeekLocaleTest" time="0"/>
  <testcase name="isSundayAndPreviousRunIsPreviousSunday[35]" classname="hudson.scheduler.CronTabDayOfWeekLocaleTest" time="0"/>
  <testcase name="isSundayAndNextRunIsFriday[35]" classname="hudson.scheduler.CronTabDayOfWeekLocaleTest" time="0"/>
  <testcase name="isSundayAndPreviousRunIsSaturdayAsterisk[35]" classname="hudson.scheduler.CronTabDayOfWeekLocaleTest" time="0"/>
  <testcase name="isSundayAndNextRunIsMonday[35]" classname="hudson.scheduler.CronTabDayOfWeekLocaleTest" time="0.001"/>
  <testcase name="isSundayAndPreviousRunIsFriday[35]" classname="hudson.scheduler.CronTabDayOfWeekLocaleTest" time="0"/>
  <testcase name="isSundayAndNextRunIsTuesday[35]" classname="hudson.scheduler.CronTabDayOfWeekLocaleTest" time="0"/>
  <testcase name="isSundayAndNextRunIsNextSunday7[35]" classname="hudson.scheduler.CronTabDayOfWeekLocaleTest" time="0"/>
  <testcase name="isSundayAndPreviousRunIsMonday[35]" classname="hudson.scheduler.CronTabDayOfWeekLocaleTest" time="0"/>
  <testcase name="isSaturdayAndNextRunIsSundayAsterisk[35]" classname="hudson.scheduler.CronTabDayOfWeekLocaleTest" time="0"/>
  <testcase name="hudson8658[35]" classname="hudson.scheduler.CronTabDayOfWeekLocaleTest" time="0"/>
  <testcase name="isSundayAndNextRunIsNextSunday[35]" classname="hudson.scheduler.CronTabDayOfWeekLocaleTest" time="0"/>
  <testcase name="isSundayAndNextRunIsThursday[35]" classname="hudson.scheduler.CronTabDayOfWeekLocaleTest" time="0"/>
  <testcase name="isSundayAndPreviousRunIsPreviousSunday7[35]" classname="hudson.scheduler.CronTabDayOfWeekLocaleTest" time="0"/>
  <testcase name="isSundayAndNextRunIsWednesday[35]" classname="hudson.scheduler.CronTabDayOfWeekLocaleTest" time="0"/>
  <testcase name="isSundayAndNextRunIsSaturday[35]" classname="hudson.scheduler.CronTabDayOfWeekLocaleTest" time="0"/>
  <testcase name="isSundayAndPreviousRunIsTuesday[36]" classname="hudson.scheduler.CronTabDayOfWeekLocaleTest" time="0"/>
  <testcase name="isSundayAndPreviousRunIsThursday[36]" classname="hudson.scheduler.CronTabDayOfWeekLocaleTest" time="0"/>
  <testcase name="isSundayAndPreviousRunIsWednesday[36]" classname="hudson.scheduler.CronTabDayOfWeekLocaleTest" time="0"/>
  <testcase name="isSundayAndPreviousRunIsSaturday[36]" classname="hudson.scheduler.CronTabDayOfWeekLocaleTest" time="0"/>
  <testcase name="isSundayAndPreviousRunIsPreviousSunday[36]" classname="hudson.scheduler.CronTabDayOfWeekLocaleTest" time="0"/>
  <testcase name="isSundayAndNextRunIsFriday[36]" classname="hudson.scheduler.CronTabDayOfWeekLocaleTest" time="0"/>
  <testcase name="isSundayAndPreviousRunIsSaturdayAsterisk[36]" classname="hudson.scheduler.CronTabDayOfWeekLocaleTest" time="0"/>
  <testcase name="isSundayAndNextRunIsMonday[36]" classname="hudson.scheduler.CronTabDayOfWeekLocaleTest" time="0"/>
  <testcase name="isSundayAndPreviousRunIsFriday[36]" classname="hudson.scheduler.CronTabDayOfWeekLocaleTest" time="0.001"/>
  <testcase name="isSundayAndNextRunIsTuesday[36]" classname="hudson.scheduler.CronTabDayOfWeekLocaleTest" time="0"/>
  <testcase name="isSundayAndNextRunIsNextSunday7[36]" classname="hudson.scheduler.CronTabDayOfWeekLocaleTest" time="0"/>
  <testcase name="isSundayAndPreviousRunIsMonday[36]" classname="hudson.scheduler.CronTabDayOfWeekLocaleTest" time="0"/>
  <testcase name="isSaturdayAndNextRunIsSundayAsterisk[36]" classname="hudson.scheduler.CronTabDayOfWeekLocaleTest" time="0"/>
  <testcase name="hudson8658[36]" classname="hudson.scheduler.CronTabDayOfWeekLocaleTest" time="0"/>
  <testcase name="isSundayAndNextRunIsNextSunday[36]" classname="hudson.scheduler.CronTabDayOfWeekLocaleTest" time="0"/>
  <testcase name="isSundayAndNextRunIsThursday[36]" classname="hudson.scheduler.CronTabDayOfWeekLocaleTest" time="0"/>
  <testcase name="isSundayAndPreviousRunIsPreviousSunday7[36]" classname="hudson.scheduler.CronTabDayOfWeekLocaleTest" time="0"/>
  <testcase name="isSundayAndNextRunIsWednesday[36]" classname="hudson.scheduler.CronTabDayOfWeekLocaleTest" time="0"/>
  <testcase name="isSundayAndNextRunIsSaturday[36]" classname="hudson.scheduler.CronTabDayOfWeekLocaleTest" time="0"/>
  <testcase name="isSundayAndPreviousRunIsTuesday[37]" classname="hudson.scheduler.CronTabDayOfWeekLocaleTest" time="0"/>
  <testcase name="isSundayAndPreviousRunIsThursday[37]" classname="hudson.scheduler.CronTabDayOfWeekLocaleTest" time="0"/>
  <testcase name="isSundayAndPreviousRunIsWednesday[37]" classname="hudson.scheduler.CronTabDayOfWeekLocaleTest" time="0"/>
  <testcase name="isSundayAndPreviousRunIsSaturday[37]" classname="hudson.scheduler.CronTabDayOfWeekLocaleTest" time="0"/>
  <testcase name="isSundayAndPreviousRunIsPreviousSunday[37]" classname="hudson.scheduler.CronTabDayOfWeekLocaleTest" time="0"/>
  <testcase name="isSundayAndNextRunIsFriday[37]" classname="hudson.scheduler.CronTabDayOfWeekLocaleTest" time="0"/>
  <testcase name="isSundayAndPreviousRunIsSaturdayAsterisk[37]" classname="hudson.scheduler.CronTabDayOfWeekLocaleTest" time="0"/>
  <testcase name="isSundayAndNextRunIsMonday[37]" classname="hudson.scheduler.CronTabDayOfWeekLocaleTest" time="0"/>
  <testcase name="isSundayAndPreviousRunIsFriday[37]" classname="hudson.scheduler.CronTabDayOfWeekLocaleTest" time="0"/>
  <testcase name="isSundayAndNextRunIsTuesday[37]" classname="hudson.scheduler.CronTabDayOfWeekLocaleTest" time="0.001"/>
  <testcase name="isSundayAndNextRunIsNextSunday7[37]" classname="hudson.scheduler.CronTabDayOfWeekLocaleTest" time="0"/>
  <testcase name="isSundayAndPreviousRunIsMonday[37]" classname="hudson.scheduler.CronTabDayOfWeekLocaleTest" time="0"/>
  <testcase name="isSaturdayAndNextRunIsSundayAsterisk[37]" classname="hudson.scheduler.CronTabDayOfWeekLocaleTest" time="0"/>
  <testcase name="hudson8658[37]" classname="hudson.scheduler.CronTabDayOfWeekLocaleTest" time="0"/>
  <testcase name="isSundayAndNextRunIsNextSunday[37]" classname="hudson.scheduler.CronTabDayOfWeekLocaleTest" time="0.001"/>
  <testcase name="isSundayAndNextRunIsThursday[37]" classname="hudson.scheduler.CronTabDayOfWeekLocaleTest" time="0"/>
  <testcase name="isSundayAndPreviousRunIsPreviousSunday7[37]" classname="hudson.scheduler.CronTabDayOfWeekLocaleTest" time="0"/>
  <testcase name="isSundayAndNextRunIsWednesday[37]" classname="hudson.scheduler.CronTabDayOfWeekLocaleTest" time="0"/>
  <testcase name="isSundayAndNextRunIsSaturday[37]" classname="hudson.scheduler.CronTabDayOfWeekLocaleTest" time="0"/>
  <testcase name="isSundayAndPreviousRunIsTuesday[38]" classname="hudson.scheduler.CronTabDayOfWeekLocaleTest" time="0"/>
  <testcase name="isSundayAndPreviousRunIsThursday[38]" classname="hudson.scheduler.CronTabDayOfWeekLocaleTest" time="0"/>
  <testcase name="isSundayAndPreviousRunIsWednesday[38]" classname="hudson.scheduler.CronTabDayOfWeekLocaleTest" time="0"/>
  <testcase name="isSundayAndPreviousRunIsSaturday[38]" classname="hudson.scheduler.CronTabDayOfWeekLocaleTest" time="0"/>
  <testcase name="isSundayAndPreviousRunIsPreviousSunday[38]" classname="hudson.scheduler.CronTabDayOfWeekLocaleTest" time="0"/>
  <testcase name="isSundayAndNextRunIsFriday[38]" classname="hudson.scheduler.CronTabDayOfWeekLocaleTest" time="0.001"/>
  <testcase name="isSundayAndPreviousRunIsSaturdayAsterisk[38]" classname="hudson.scheduler.CronTabDayOfWeekLocaleTest" time="0"/>
  <testcase name="isSundayAndNextRunIsMonday[38]" classname="hudson.scheduler.CronTabDayOfWeekLocaleTest" time="0"/>
  <testcase name="isSundayAndPreviousRunIsFriday[38]" classname="hudson.scheduler.CronTabDayOfWeekLocaleTest" time="0"/>
  <testcase name="isSundayAndNextRunIsTuesday[38]" classname="hudson.scheduler.CronTabDayOfWeekLocaleTest" time="0"/>
  <testcase name="isSundayAndNextRunIsNextSunday7[38]" classname="hudson.scheduler.CronTabDayOfWeekLocaleTest" time="0"/>
  <testcase name="isSundayAndPreviousRunIsMonday[38]" classname="hudson.scheduler.CronTabDayOfWeekLocaleTest" time="0"/>
  <testcase name="isSaturdayAndNextRunIsSundayAsterisk[38]" classname="hudson.scheduler.CronTabDayOfWeekLocaleTest" time="0"/>
  <testcase name="hudson8658[38]" classname="hudson.scheduler.CronTabDayOfWeekLocaleTest" time="0"/>
  <testcase name="isSundayAndNextRunIsNextSunday[38]" classname="hudson.scheduler.CronTabDayOfWeekLocaleTest" time="0"/>
  <testcase name="isSundayAndNextRunIsThursday[38]" classname="hudson.scheduler.CronTabDayOfWeekLocaleTest" time="0"/>
  <testcase name="isSundayAndPreviousRunIsPreviousSunday7[38]" classname="hudson.scheduler.CronTabDayOfWeekLocaleTest" time="0"/>
  <testcase name="isSundayAndNextRunIsWednesday[38]" classname="hudson.scheduler.CronTabDayOfWeekLocaleTest" time="0"/>
  <testcase name="isSundayAndNextRunIsSaturday[38]" classname="hudson.scheduler.CronTabDayOfWeekLocaleTest" time="0"/>
  <testcase name="isSundayAndPreviousRunIsTuesday[39]" classname="hudson.scheduler.CronTabDayOfWeekLocaleTest" time="0"/>
  <testcase name="isSundayAndPreviousRunIsThursday[39]" classname="hudson.scheduler.CronTabDayOfWeekLocaleTest" time="0"/>
  <testcase name="isSundayAndPreviousRunIsWednesday[39]" classname="hudson.scheduler.CronTabDayOfWeekLocaleTest" time="0"/>
  <testcase name="isSundayAndPreviousRunIsSaturday[39]" classname="hudson.scheduler.CronTabDayOfWeekLocaleTest" time="0"/>
  <testcase name="isSundayAndPreviousRunIsPreviousSunday[39]" classname="hudson.scheduler.CronTabDayOfWeekLocaleTest" time="0"/>
  <testcase name="isSundayAndNextRunIsFriday[39]" classname="hudson.scheduler.CronTabDayOfWeekLocaleTest" time="0"/>
  <testcase name="isSundayAndPreviousRunIsSaturdayAsterisk[39]" classname="hudson.scheduler.CronTabDayOfWeekLocaleTest" time="0.001"/>
  <testcase name="isSundayAndNextRunIsMonday[39]" classname="hudson.scheduler.CronTabDayOfWeekLocaleTest" time="0"/>
  <testcase name="isSundayAndPreviousRunIsFriday[39]" classname="hudson.scheduler.CronTabDayOfWeekLocaleTest" time="0"/>
  <testcase name="isSundayAndNextRunIsTuesday[39]" classname="hudson.scheduler.CronTabDayOfWeekLocaleTest" time="0"/>
  <testcase name="isSundayAndNextRunIsNextSunday7[39]" classname="hudson.scheduler.CronTabDayOfWeekLocaleTest" time="0"/>
  <testcase name="isSundayAndPreviousRunIsMonday[39]" classname="hudson.scheduler.CronTabDayOfWeekLocaleTest" time="0"/>
  <testcase name="isSaturdayAndNextRunIsSundayAsterisk[39]" classname="hudson.scheduler.CronTabDayOfWeekLocaleTest" time="0"/>
  <testcase name="hudson8658[39]" classname="hudson.scheduler.CronTabDayOfWeekLocaleTest" time="0"/>
  <testcase name="isSundayAndNextRunIsNextSunday[39]" classname="hudson.scheduler.CronTabDayOfWeekLocaleTest" time="0"/>
  <testcase name="isSundayAndNextRunIsThursday[39]" classname="hudson.scheduler.CronTabDayOfWeekLocaleTest" time="0"/>
  <testcase name="isSundayAndPreviousRunIsPreviousSunday7[39]" classname="hudson.scheduler.CronTabDayOfWeekLocaleTest" time="0"/>
  <testcase name="isSundayAndNextRunIsWednesday[39]" classname="hudson.scheduler.CronTabDayOfWeekLocaleTest" time="0"/>
  <testcase name="isSundayAndNextRunIsSaturday[39]" classname="hudson.scheduler.CronTabDayOfWeekLocaleTest" time="0"/>
  <testcase name="isSundayAndPreviousRunIsTuesday[40]" classname="hudson.scheduler.CronTabDayOfWeekLocaleTest" time="0"/>
  <testcase name="isSundayAndPreviousRunIsThursday[40]" classname="hudson.scheduler.CronTabDayOfWeekLocaleTest" time="0"/>
  <testcase name="isSundayAndPreviousRunIsWednesday[40]" classname="hudson.scheduler.CronTabDayOfWeekLocaleTest" time="0"/>
  <testcase name="isSundayAndPreviousRunIsSaturday[40]" classname="hudson.scheduler.CronTabDayOfWeekLocaleTest" time="0"/>
  <testcase name="isSundayAndPreviousRunIsPreviousSunday[40]" classname="hudson.scheduler.CronTabDayOfWeekLocaleTest" time="0"/>
  <testcase name="isSundayAndNextRunIsFriday[40]" classname="hudson.scheduler.CronTabDayOfWeekLocaleTest" time="0"/>
  <testcase name="isSundayAndPreviousRunIsSaturdayAsterisk[40]" classname="hudson.scheduler.CronTabDayOfWeekLocaleTest" time="0"/>
  <testcase name="isSundayAndNextRunIsMonday[40]" classname="hudson.scheduler.CronTabDayOfWeekLocaleTest" time="0.001"/>
  <testcase name="isSundayAndPreviousRunIsFriday[40]" classname="hudson.scheduler.CronTabDayOfWeekLocaleTest" time="0"/>
  <testcase name="isSundayAndNextRunIsTuesday[40]" classname="hudson.scheduler.CronTabDayOfWeekLocaleTest" time="0"/>
  <testcase name="isSundayAndNextRunIsNextSunday7[40]" classname="hudson.scheduler.CronTabDayOfWeekLocaleTest" time="0"/>
  <testcase name="isSundayAndPreviousRunIsMonday[40]" classname="hudson.scheduler.CronTabDayOfWeekLocaleTest" time="0"/>
  <testcase name="isSaturdayAndNextRunIsSundayAsterisk[40]" classname="hudson.scheduler.CronTabDayOfWeekLocaleTest" time="0"/>
  <testcase name="hudson8658[40]" classname="hudson.scheduler.CronTabDayOfWeekLocaleTest" time="0"/>
  <testcase name="isSundayAndNextRunIsNextSunday[40]" classname="hudson.scheduler.CronTabDayOfWeekLocaleTest" time="0"/>
  <testcase name="isSundayAndNextRunIsThursday[40]" classname="hudson.scheduler.CronTabDayOfWeekLocaleTest" time="0"/>
  <testcase name="isSundayAndPreviousRunIsPreviousSunday7[40]" classname="hudson.scheduler.CronTabDayOfWeekLocaleTest" time="0"/>
  <testcase name="isSundayAndNextRunIsWednesday[40]" classname="hudson.scheduler.CronTabDayOfWeekLocaleTest" time="0"/>
  <testcase name="isSundayAndNextRunIsSaturday[40]" classname="hudson.scheduler.CronTabDayOfWeekLocaleTest" time="0.001"/>
  <testcase name="isSundayAndPreviousRunIsTuesday[41]" classname="hudson.scheduler.CronTabDayOfWeekLocaleTest" time="0"/>
  <testcase name="isSundayAndPreviousRunIsThursday[41]" classname="hudson.scheduler.CronTabDayOfWeekLocaleTest" time="0"/>
  <testcase name="isSundayAndPreviousRunIsWednesday[41]" classname="hudson.scheduler.CronTabDayOfWeekLocaleTest" time="0"/>
  <testcase name="isSundayAndPreviousRunIsSaturday[41]" classname="hudson.scheduler.CronTabDayOfWeekLocaleTest" time="0"/>
  <testcase name="isSundayAndPreviousRunIsPreviousSunday[41]" classname="hudson.scheduler.CronTabDayOfWeekLocaleTest" time="0"/>
  <testcase name="isSundayAndNextRunIsFriday[41]" classname="hudson.scheduler.CronTabDayOfWeekLocaleTest" time="0"/>
  <testcase name="isSundayAndPreviousRunIsSaturdayAsterisk[41]" classname="hudson.scheduler.CronTabDayOfWeekLocaleTest" time="0"/>
  <testcase name="isSundayAndNextRunIsMonday[41]" classname="hudson.scheduler.CronTabDayOfWeekLocaleTest" time="0"/>
  <testcase name="isSundayAndPreviousRunIsFriday[41]" classname="hudson.scheduler.CronTabDayOfWeekLocaleTest" time="0"/>
  <testcase name="isSundayAndNextRunIsTuesday[41]" classname="hudson.scheduler.CronTabDayOfWeekLocaleTest" time="0.001"/>
  <testcase name="isSundayAndNextRunIsNextSunday7[41]" classname="hudson.scheduler.CronTabDayOfWeekLocaleTest" time="0"/>
  <testcase name="isSundayAndPreviousRunIsMonday[41]" classname="hudson.scheduler.CronTabDayOfWeekLocaleTest" time="0"/>
  <testcase name="isSaturdayAndNextRunIsSundayAsterisk[41]" classname="hudson.scheduler.CronTabDayOfWeekLocaleTest" time="0"/>
  <testcase name="hudson8658[41]" classname="hudson.scheduler.CronTabDayOfWeekLocaleTest" time="0"/>
  <testcase name="isSundayAndNextRunIsNextSunday[41]" classname="hudson.scheduler.CronTabDayOfWeekLocaleTest" time="0"/>
  <testcase name="isSundayAndNextRunIsThursday[41]" classname="hudson.scheduler.CronTabDayOfWeekLocaleTest" time="0"/>
  <testcase name="isSundayAndPreviousRunIsPreviousSunday7[41]" classname="hudson.scheduler.CronTabDayOfWeekLocaleTest" time="0.001"/>
  <testcase name="isSundayAndNextRunIsWednesday[41]" classname="hudson.scheduler.CronTabDayOfWeekLocaleTest" time="0"/>
  <testcase name="isSundayAndNextRunIsSaturday[41]" classname="hudson.scheduler.CronTabDayOfWeekLocaleTest" time="0"/>
  <testcase name="isSundayAndPreviousRunIsTuesday[42]" classname="hudson.scheduler.CronTabDayOfWeekLocaleTest" time="0"/>
  <testcase name="isSundayAndPreviousRunIsThursday[42]" classname="hudson.scheduler.CronTabDayOfWeekLocaleTest" time="0"/>
  <testcase name="isSundayAndPreviousRunIsWednesday[42]" classname="hudson.scheduler.CronTabDayOfWeekLocaleTest" time="0"/>
  <testcase name="isSundayAndPreviousRunIsSaturday[42]" classname="hudson.scheduler.CronTabDayOfWeekLocaleTest" time="0"/>
  <testcase name="isSundayAndPreviousRunIsPreviousSunday[42]" classname="hudson.scheduler.CronTabDayOfWeekLocaleTest" time="0"/>
  <testcase name="isSundayAndNextRunIsFriday[42]" classname="hudson.scheduler.CronTabDayOfWeekLocaleTest" time="0"/>
  <testcase name="isSundayAndPreviousRunIsSaturdayAsterisk[42]" classname="hudson.scheduler.CronTabDayOfWeekLocaleTest" time="0.001"/>
  <testcase name="isSundayAndNextRunIsMonday[42]" classname="hudson.scheduler.CronTabDayOfWeekLocaleTest" time="0"/>
  <testcase name="isSundayAndPreviousRunIsFriday[42]" classname="hudson.scheduler.CronTabDayOfWeekLocaleTest" time="0"/>
  <testcase name="isSundayAndNextRunIsTuesday[42]" classname="hudson.scheduler.CronTabDayOfWeekLocaleTest" time="0"/>
  <testcase name="isSundayAndNextRunIsNextSunday7[42]" classname="hudson.scheduler.CronTabDayOfWeekLocaleTest" time="0"/>
  <testcase name="isSundayAndPreviousRunIsMonday[42]" classname="hudson.scheduler.CronTabDayOfWeekLocaleTest" time="0"/>
  <testcase name="isSaturdayAndNextRunIsSundayAsterisk[42]" classname="hudson.scheduler.CronTabDayOfWeekLocaleTest" time="0"/>
  <testcase name="hudson8658[42]" classname="hudson.scheduler.CronTabDayOfWeekLocaleTest" time="0"/>
  <testcase name="isSundayAndNextRunIsNextSunday[42]" classname="hudson.scheduler.CronTabDayOfWeekLocaleTest" time="0"/>
  <testcase name="isSundayAndNextRunIsThursday[42]" classname="hudson.scheduler.CronTabDayOfWeekLocaleTest" time="0"/>
  <testcase name="isSundayAndPreviousRunIsPreviousSunday7[42]" classname="hudson.scheduler.CronTabDayOfWeekLocaleTest" time="0"/>
  <testcase name="isSundayAndNextRunIsWednesday[42]" classname="hudson.scheduler.CronTabDayOfWeekLocaleTest" time="0.001"/>
  <testcase name="isSundayAndNextRunIsSaturday[42]" classname="hudson.scheduler.CronTabDayOfWeekLocaleTest" time="0"/>
  <testcase name="isSundayAndPreviousRunIsTuesday[43]" classname="hudson.scheduler.CronTabDayOfWeekLocaleTest" time="0"/>
  <testcase name="isSundayAndPreviousRunIsThursday[43]" classname="hudson.scheduler.CronTabDayOfWeekLocaleTest" time="0"/>
  <testcase name="isSundayAndPreviousRunIsWednesday[43]" classname="hudson.scheduler.CronTabDayOfWeekLocaleTest" time="0"/>
  <testcase name="isSundayAndPreviousRunIsSaturday[43]" classname="hudson.scheduler.CronTabDayOfWeekLocaleTest" time="0"/>
  <testcase name="isSundayAndPreviousRunIsPreviousSunday[43]" classname="hudson.scheduler.CronTabDayOfWeekLocaleTest" time="0"/>
  <testcase name="isSundayAndNextRunIsFriday[43]" classname="hudson.scheduler.CronTabDayOfWeekLocaleTest" time="0"/>
  <testcase name="isSundayAndPreviousRunIsSaturdayAsterisk[43]" classname="hudson.scheduler.CronTabDayOfWeekLocaleTest" time="0"/>
  <testcase name="isSundayAndNextRunIsMonday[43]" classname="hudson.scheduler.CronTabDayOfWeekLocaleTest" time="0.001"/>
  <testcase name="isSundayAndPreviousRunIsFriday[43]" classname="hudson.scheduler.CronTabDayOfWeekLocaleTest" time="0"/>
  <testcase name="isSundayAndNextRunIsTuesday[43]" classname="hudson.scheduler.CronTabDayOfWeekLocaleTest" time="0"/>
  <testcase name="isSundayAndNextRunIsNextSunday7[43]" classname="hudson.scheduler.CronTabDayOfWeekLocaleTest" time="0"/>
  <testcase name="isSundayAndPreviousRunIsMonday[43]" classname="hudson.scheduler.CronTabDayOfWeekLocaleTest" time="0"/>
  <testcase name="isSaturdayAndNextRunIsSundayAsterisk[43]" classname="hudson.scheduler.CronTabDayOfWeekLocaleTest" time="0"/>
  <testcase name="hudson8658[43]" classname="hudson.scheduler.CronTabDayOfWeekLocaleTest" time="0"/>
  <testcase name="isSundayAndNextRunIsNextSunday[43]" classname="hudson.scheduler.CronTabDayOfWeekLocaleTest" time="0"/>
  <testcase name="isSundayAndNextRunIsThursday[43]" classname="hudson.scheduler.CronTabDayOfWeekLocaleTest" time="0"/>
  <testcase name="isSundayAndPreviousRunIsPreviousSunday7[43]" classname="hudson.scheduler.CronTabDayOfWeekLocaleTest" time="0"/>
  <testcase name="isSundayAndNextRunIsWednesday[43]" classname="hudson.scheduler.CronTabDayOfWeekLocaleTest" time="0"/>
  <testcase name="isSundayAndNextRunIsSaturday[43]" classname="hudson.scheduler.CronTabDayOfWeekLocaleTest" time="0.001"/>
  <testcase name="isSundayAndPreviousRunIsTuesday[44]" classname="hudson.scheduler.CronTabDayOfWeekLocaleTest" time="0"/>
  <testcase name="isSundayAndPreviousRunIsThursday[44]" classname="hudson.scheduler.CronTabDayOfWeekLocaleTest" time="0"/>
  <testcase name="isSundayAndPreviousRunIsWednesday[44]" classname="hudson.scheduler.CronTabDayOfWeekLocaleTest" time="0"/>
  <testcase name="isSundayAndPreviousRunIsSaturday[44]" classname="hudson.scheduler.CronTabDayOfWeekLocaleTest" time="0"/>
  <testcase name="isSundayAndPreviousRunIsPreviousSunday[44]" classname="hudson.scheduler.CronTabDayOfWeekLocaleTest" time="0"/>
  <testcase name="isSundayAndNextRunIsFriday[44]" classname="hudson.scheduler.CronTabDayOfWeekLocaleTest" time="0"/>
  <testcase name="isSundayAndPreviousRunIsSaturdayAsterisk[44]" classname="hudson.scheduler.CronTabDayOfWeekLocaleTest" time="0"/>
  <testcase name="isSundayAndNextRunIsMonday[44]" classname="hudson.scheduler.CronTabDayOfWeekLocaleTest" time="0"/>
  <testcase name="isSundayAndPreviousRunIsFriday[44]" classname="hudson.scheduler.CronTabDayOfWeekLocaleTest" time="0"/>
  <testcase name="isSundayAndNextRunIsTuesday[44]" classname="hudson.scheduler.CronTabDayOfWeekLocaleTest" time="0.001"/>
  <testcase name="isSundayAndNextRunIsNextSunday7[44]" classname="hudson.scheduler.CronTabDayOfWeekLocaleTest" time="0"/>
  <testcase name="isSundayAndPreviousRunIsMonday[44]" classname="hudson.scheduler.CronTabDayOfWeekLocaleTest" time="0"/>
  <testcase name="isSaturdayAndNextRunIsSundayAsterisk[44]" classname="hudson.scheduler.CronTabDayOfWeekLocaleTest" time="0"/>
  <testcase name="hudson8658[44]" classname="hudson.scheduler.CronTabDayOfWeekLocaleTest" time="0"/>
  <testcase name="isSundayAndNextRunIsNextSunday[44]" classname="hudson.scheduler.CronTabDayOfWeekLocaleTest" time="0"/>
  <testcase name="isSundayAndNextRunIsThursday[44]" classname="hudson.scheduler.CronTabDayOfWeekLocaleTest" time="0"/>
  <testcase name="isSundayAndPreviousRunIsPreviousSunday7[44]" classname="hudson.scheduler.CronTabDayOfWeekLocaleTest" time="0"/>
  <testcase name="isSundayAndNextRunIsWednesday[44]" classname="hudson.scheduler.CronTabDayOfWeekLocaleTest" time="0"/>
  <testcase name="isSundayAndNextRunIsSaturday[44]" classname="hudson.scheduler.CronTabDayOfWeekLocaleTest" time="0"/>
  <testcase name="isSundayAndPreviousRunIsTuesday[45]" classname="hudson.scheduler.CronTabDayOfWeekLocaleTest" time="0.001"/>
  <testcase name="isSundayAndPreviousRunIsThursday[45]" classname="hudson.scheduler.CronTabDayOfWeekLocaleTest" time="0"/>
  <testcase name="isSundayAndPreviousRunIsWednesday[45]" classname="hudson.scheduler.CronTabDayOfWeekLocaleTest" time="0"/>
  <testcase name="isSundayAndPreviousRunIsSaturday[45]" classname="hudson.scheduler.CronTabDayOfWeekLocaleTest" time="0"/>
  <testcase name="isSundayAndPreviousRunIsPreviousSunday[45]" classname="hudson.scheduler.CronTabDayOfWeekLocaleTest" time="0"/>
  <testcase name="isSundayAndNextRunIsFriday[45]" classname="hudson.scheduler.CronTabDayOfWeekLocaleTest" time="0"/>
  <testcase name="isSundayAndPreviousRunIsSaturdayAsterisk[45]" classname="hudson.scheduler.CronTabDayOfWeekLocaleTest" time="0"/>
  <testcase name="isSundayAndNextRunIsMonday[45]" classname="hudson.scheduler.CronTabDayOfWeekLocaleTest" time="0"/>
  <testcase name="isSundayAndPreviousRunIsFriday[45]" classname="hudson.scheduler.CronTabDayOfWeekLocaleTest" time="0"/>
  <testcase name="isSundayAndNextRunIsTuesday[45]" classname="hudson.scheduler.CronTabDayOfWeekLocaleTest" time="0"/>
  <testcase name="isSundayAndNextRunIsNextSunday7[45]" classname="hudson.scheduler.CronTabDayOfWeekLocaleTest" time="0.001"/>
  <testcase name="isSundayAndPreviousRunIsMonday[45]" classname="hudson.scheduler.CronTabDayOfWeekLocaleTest" time="0"/>
  <testcase name="isSaturdayAndNextRunIsSundayAsterisk[45]" classname="hudson.scheduler.CronTabDayOfWeekLocaleTest" time="0"/>
  <testcase name="hudson8658[45]" classname="hudson.scheduler.CronTabDayOfWeekLocaleTest" time="0"/>
  <testcase name="isSundayAndNextRunIsNextSunday[45]" classname="hudson.scheduler.CronTabDayOfWeekLocaleTest" time="0"/>
  <testcase name="isSundayAndNextRunIsThursday[45]" classname="hudson.scheduler.CronTabDayOfWeekLocaleTest" time="0"/>
  <testcase name="isSundayAndPreviousRunIsPreviousSunday7[45]" classname="hudson.scheduler.CronTabDayOfWeekLocaleTest" time="0"/>
  <testcase name="isSundayAndNextRunIsWednesday[45]" classname="hudson.scheduler.CronTabDayOfWeekLocaleTest" time="0"/>
  <testcase name="isSundayAndNextRunIsSaturday[45]" classname="hudson.scheduler.CronTabDayOfWeekLocaleTest" time="0"/>
  <testcase name="isSundayAndPreviousRunIsTuesday[46]" classname="hudson.scheduler.CronTabDayOfWeekLocaleTest" time="0"/>
  <testcase name="isSundayAndPreviousRunIsThursday[46]" classname="hudson.scheduler.CronTabDayOfWeekLocaleTest" time="0.001"/>
  <testcase name="isSundayAndPreviousRunIsWednesday[46]" classname="hudson.scheduler.CronTabDayOfWeekLocaleTest" time="0"/>
  <testcase name="isSundayAndPreviousRunIsSaturday[46]" classname="hudson.scheduler.CronTabDayOfWeekLocaleTest" time="0"/>
  <testcase name="isSundayAndPreviousRunIsPreviousSunday[46]" classname="hudson.scheduler.CronTabDayOfWeekLocaleTest" time="0"/>
  <testcase name="isSundayAndNextRunIsFriday[46]" classname="hudson.scheduler.CronTabDayOfWeekLocaleTest" time="0"/>
  <testcase name="isSundayAndPreviousRunIsSaturdayAsterisk[46]" classname="hudson.scheduler.CronTabDayOfWeekLocaleTest" time="0"/>
  <testcase name="isSundayAndNextRunIsMonday[46]" classname="hudson.scheduler.CronTabDayOfWeekLocaleTest" time="0"/>
  <testcase name="isSundayAndPreviousRunIsFriday[46]" classname="hudson.scheduler.CronTabDayOfWeekLocaleTest" time="0"/>
  <testcase name="isSundayAndNextRunIsTuesday[46]" classname="hudson.scheduler.CronTabDayOfWeekLocaleTest" time="0"/>
  <testcase name="isSundayAndNextRunIsNextSunday7[46]" classname="hudson.scheduler.CronTabDayOfWeekLocaleTest" time="0"/>
  <testcase name="isSundayAndPreviousRunIsMonday[46]" classname="hudson.scheduler.CronTabDayOfWeekLocaleTest" time="0.001"/>
  <testcase name="isSaturdayAndNextRunIsSundayAsterisk[46]" classname="hudson.scheduler.CronTabDayOfWeekLocaleTest" time="0"/>
  <testcase name="hudson8658[46]" classname="hudson.scheduler.CronTabDayOfWeekLocaleTest" time="0"/>
  <testcase name="isSundayAndNextRunIsNextSunday[46]" classname="hudson.scheduler.CronTabDayOfWeekLocaleTest" time="0"/>
  <testcase name="isSundayAndNextRunIsThursday[46]" classname="hudson.scheduler.CronTabDayOfWeekLocaleTest" time="0"/>
  <testcase name="isSundayAndPreviousRunIsPreviousSunday7[46]" classname="hudson.scheduler.CronTabDayOfWeekLocaleTest" time="0"/>
  <testcase name="isSundayAndNextRunIsWednesday[46]" classname="hudson.scheduler.CronTabDayOfWeekLocaleTest" time="0"/>
  <testcase name="isSundayAndNextRunIsSaturday[46]" classname="hudson.scheduler.CronTabDayOfWeekLocaleTest" time="0"/>
  <testcase name="isSundayAndPreviousRunIsTuesday[47]" classname="hudson.scheduler.CronTabDayOfWeekLocaleTest" time="0"/>
  <testcase name="isSundayAndPreviousRunIsThursday[47]" classname="hudson.scheduler.CronTabDayOfWeekLocaleTest" time="0.001"/>
  <testcase name="isSundayAndPreviousRunIsWednesday[47]" classname="hudson.scheduler.CronTabDayOfWeekLocaleTest" time="0"/>
  <testcase name="isSundayAndPreviousRunIsSaturday[47]" classname="hudson.scheduler.CronTabDayOfWeekLocaleTest" time="0"/>
  <testcase name="isSundayAndPreviousRunIsPreviousSunday[47]" classname="hudson.scheduler.CronTabDayOfWeekLocaleTest" time="0"/>
  <testcase name="isSundayAndNextRunIsFriday[47]" classname="hudson.scheduler.CronTabDayOfWeekLocaleTest" time="0"/>
  <testcase name="isSundayAndPreviousRunIsSaturdayAsterisk[47]" classname="hudson.scheduler.CronTabDayOfWeekLocaleTest" time="0"/>
  <testcase name="isSundayAndNextRunIsMonday[47]" classname="hudson.scheduler.CronTabDayOfWeekLocaleTest" time="0.001"/>
  <testcase name="isSundayAndPreviousRunIsFriday[47]" classname="hudson.scheduler.CronTabDayOfWeekLocaleTest" time="0"/>
  <testcase name="isSundayAndNextRunIsTuesday[47]" classname="hudson.scheduler.CronTabDayOfWeekLocaleTest" time="0"/>
  <testcase name="isSundayAndNextRunIsNextSunday7[47]" classname="hudson.scheduler.CronTabDayOfWeekLocaleTest" time="0"/>
  <testcase name="isSundayAndPreviousRunIsMonday[47]" classname="hudson.scheduler.CronTabDayOfWeekLocaleTest" time="0"/>
  <testcase name="isSaturdayAndNextRunIsSundayAsterisk[47]" classname="hudson.scheduler.CronTabDayOfWeekLocaleTest" time="0"/>
  <testcase name="hudson8658[47]" classname="hudson.scheduler.CronTabDayOfWeekLocaleTest" time="0"/>
  <testcase name="isSundayAndNextRunIsNextSunday[47]" classname="hudson.scheduler.CronTabDayOfWeekLocaleTest" time="0"/>
  <testcase name="isSundayAndNextRunIsThursday[47]" classname="hudson.scheduler.CronTabDayOfWeekLocaleTest" time="0"/>
  <testcase name="isSundayAndPreviousRunIsPreviousSunday7[47]" classname="hudson.scheduler.CronTabDayOfWeekLocaleTest" time="0"/>
  <testcase name="isSundayAndNextRunIsWednesday[47]" classname="hudson.scheduler.CronTabDayOfWeekLocaleTest" time="0.001"/>
  <testcase name="isSundayAndNextRunIsSaturday[47]" classname="hudson.scheduler.CronTabDayOfWeekLocaleTest" time="0"/>
  <testcase name="isSundayAndPreviousRunIsTuesday[48]" classname="hudson.scheduler.CronTabDayOfWeekLocaleTest" time="0"/>
  <testcase name="isSundayAndPreviousRunIsThursday[48]" classname="hudson.scheduler.CronTabDayOfWeekLocaleTest" time="0"/>
  <testcase name="isSundayAndPreviousRunIsWednesday[48]" classname="hudson.scheduler.CronTabDayOfWeekLocaleTest" time="0"/>
  <testcase name="isSundayAndPreviousRunIsSaturday[48]" classname="hudson.scheduler.CronTabDayOfWeekLocaleTest" time="0"/>
  <testcase name="isSundayAndPreviousRunIsPreviousSunday[48]" classname="hudson.scheduler.CronTabDayOfWeekLocaleTest" time="0"/>
  <testcase name="isSundayAndNextRunIsFriday[48]" classname="hudson.scheduler.CronTabDayOfWeekLocaleTest" time="0.001"/>
  <testcase name="isSundayAndPreviousRunIsSaturdayAsterisk[48]" classname="hudson.scheduler.CronTabDayOfWeekLocaleTest" time="0"/>
  <testcase name="isSundayAndNextRunIsMonday[48]" classname="hudson.scheduler.CronTabDayOfWeekLocaleTest" time="0"/>
  <testcase name="isSundayAndPreviousRunIsFriday[48]" classname="hudson.scheduler.CronTabDayOfWeekLocaleTest" time="0"/>
  <testcase name="isSundayAndNextRunIsTuesday[48]" classname="hudson.scheduler.CronTabDayOfWeekLocaleTest" time="0"/>
  <testcase name="isSundayAndNextRunIsNextSunday7[48]" classname="hudson.scheduler.CronTabDayOfWeekLocaleTest" time="0"/>
  <testcase name="isSundayAndPreviousRunIsMonday[48]" classname="hudson.scheduler.CronTabDayOfWeekLocaleTest" time="0"/>
  <testcase name="isSaturdayAndNextRunIsSundayAsterisk[48]" classname="hudson.scheduler.CronTabDayOfWeekLocaleTest" time="0"/>
  <testcase name="hudson8658[48]" classname="hudson.scheduler.CronTabDayOfWeekLocaleTest" time="0"/>
  <testcase name="isSundayAndNextRunIsNextSunday[48]" classname="hudson.scheduler.CronTabDayOfWeekLocaleTest" time="0"/>
  <testcase name="isSundayAndNextRunIsThursday[48]" classname="hudson.scheduler.CronTabDayOfWeekLocaleTest" time="0.001"/>
  <testcase name="isSundayAndPreviousRunIsPreviousSunday7[48]" classname="hudson.scheduler.CronTabDayOfWeekLocaleTest" time="0"/>
  <testcase name="isSundayAndNextRunIsWednesday[48]" classname="hudson.scheduler.CronTabDayOfWeekLocaleTest" time="0"/>
  <testcase name="isSundayAndNextRunIsSaturday[48]" classname="hudson.scheduler.CronTabDayOfWeekLocaleTest" time="0"/>
  <testcase name="isSundayAndPreviousRunIsTuesday[49]" classname="hudson.scheduler.CronTabDayOfWeekLocaleTest" time="0"/>
  <testcase name="isSundayAndPreviousRunIsThursday[49]" classname="hudson.scheduler.CronTabDayOfWeekLocaleTest" time="0"/>
  <testcase name="isSundayAndPreviousRunIsWednesday[49]" classname="hudson.scheduler.CronTabDayOfWeekLocaleTest" time="0"/>
  <testcase name="isSundayAndPreviousRunIsSaturday[49]" classname="hudson.scheduler.CronTabDayOfWeekLocaleTest" time="0"/>
  <testcase name="isSundayAndPreviousRunIsPreviousSunday[49]" classname="hudson.scheduler.CronTabDayOfWeekLocaleTest" time="0"/>
  <testcase name="isSundayAndNextRunIsFriday[49]" classname="hudson.scheduler.CronTabDayOfWeekLocaleTest" time="0.001"/>
  <testcase name="isSundayAndPreviousRunIsSaturdayAsterisk[49]" classname="hudson.scheduler.CronTabDayOfWeekLocaleTest" time="0"/>
  <testcase name="isSundayAndNextRunIsMonday[49]" classname="hudson.scheduler.CronTabDayOfWeekLocaleTest" time="0"/>
  <testcase name="isSundayAndPreviousRunIsFriday[49]" classname="hudson.scheduler.CronTabDayOfWeekLocaleTest" time="0"/>
  <testcase name="isSundayAndNextRunIsTuesday[49]" classname="hudson.scheduler.CronTabDayOfWeekLocaleTest" time="0"/>
  <testcase name="isSundayAndNextRunIsNextSunday7[49]" classname="hudson.scheduler.CronTabDayOfWeekLocaleTest" time="0"/>
  <testcase name="isSundayAndPreviousRunIsMonday[49]" classname="hudson.scheduler.CronTabDayOfWeekLocaleTest" time="0"/>
  <testcase name="isSaturdayAndNextRunIsSundayAsterisk[49]" classname="hudson.scheduler.CronTabDayOfWeekLocaleTest" time="0"/>
  <testcase name="hudson8658[49]" classname="hudson.scheduler.CronTabDayOfWeekLocaleTest" time="0"/>
  <testcase name="isSundayAndNextRunIsNextSunday[49]" classname="hudson.scheduler.CronTabDayOfWeekLocaleTest" time="0"/>
  <testcase name="isSundayAndNextRunIsThursday[49]" classname="hudson.scheduler.CronTabDayOfWeekLocaleTest" time="0"/>
  <testcase name="isSundayAndPreviousRunIsPreviousSunday7[49]" classname="hudson.scheduler.CronTabDayOfWeekLocaleTest" time="0"/>
  <testcase name="isSundayAndNextRunIsWednesday[49]" classname="hudson.scheduler.CronTabDayOfWeekLocaleTest" time="0"/>
  <testcase name="isSundayAndNextRunIsSaturday[49]" classname="hudson.scheduler.CronTabDayOfWeekLocaleTest" time="0"/>
  <testcase name="isSundayAndPreviousRunIsTuesday[50]" classname="hudson.scheduler.CronTabDayOfWeekLocaleTest" time="0"/>
  <testcase name="isSundayAndPreviousRunIsThursday[50]" classname="hudson.scheduler.CronTabDayOfWeekLocaleTest" time="0"/>
  <testcase name="isSundayAndPreviousRunIsWednesday[50]" classname="hudson.scheduler.CronTabDayOfWeekLocaleTest" time="0"/>
  <testcase name="isSundayAndPreviousRunIsSaturday[50]" classname="hudson.scheduler.CronTabDayOfWeekLocaleTest" time="0"/>
  <testcase name="isSundayAndPreviousRunIsPreviousSunday[50]" classname="hudson.scheduler.CronTabDayOfWeekLocaleTest" time="0"/>
  <testcase name="isSundayAndNextRunIsFriday[50]" classname="hudson.scheduler.CronTabDayOfWeekLocaleTest" time="0"/>
  <testcase name="isSundayAndPreviousRunIsSaturdayAsterisk[50]" classname="hudson.scheduler.CronTabDayOfWeekLocaleTest" time="0.001"/>
  <testcase name="isSundayAndNextRunIsMonday[50]" classname="hudson.scheduler.CronTabDayOfWeekLocaleTest" time="0"/>
  <testcase name="isSundayAndPreviousRunIsFriday[50]" classname="hudson.scheduler.CronTabDayOfWeekLocaleTest" time="0"/>
  <testcase name="isSundayAndNextRunIsTuesday[50]" classname="hudson.scheduler.CronTabDayOfWeekLocaleTest" time="0"/>
  <testcase name="isSundayAndNextRunIsNextSunday7[50]" classname="hudson.scheduler.CronTabDayOfWeekLocaleTest" time="0"/>
  <testcase name="isSundayAndPreviousRunIsMonday[50]" classname="hudson.scheduler.CronTabDayOfWeekLocaleTest" time="0"/>
  <testcase name="isSaturdayAndNextRunIsSundayAsterisk[50]" classname="hudson.scheduler.CronTabDayOfWeekLocaleTest" time="0"/>
  <testcase name="hudson8658[50]" classname="hudson.scheduler.CronTabDayOfWeekLocaleTest" time="0"/>
  <testcase name="isSundayAndNextRunIsNextSunday[50]" classname="hudson.scheduler.CronTabDayOfWeekLocaleTest" time="0"/>
  <testcase name="isSundayAndNextRunIsThursday[50]" classname="hudson.scheduler.CronTabDayOfWeekLocaleTest" time="0"/>
  <testcase name="isSundayAndPreviousRunIsPreviousSunday7[50]" classname="hudson.scheduler.CronTabDayOfWeekLocaleTest" time="0.001"/>
  <testcase name="isSundayAndNextRunIsWednesday[50]" classname="hudson.scheduler.CronTabDayOfWeekLocaleTest" time="0"/>
  <testcase name="isSundayAndNextRunIsSaturday[50]" classname="hudson.scheduler.CronTabDayOfWeekLocaleTest" time="0"/>
  <testcase name="isSundayAndPreviousRunIsTuesday[51]" classname="hudson.scheduler.CronTabDayOfWeekLocaleTest" time="0"/>
  <testcase name="isSundayAndPreviousRunIsThursday[51]" classname="hudson.scheduler.CronTabDayOfWeekLocaleTest" time="0"/>
  <testcase name="isSundayAndPreviousRunIsWednesday[51]" classname="hudson.scheduler.CronTabDayOfWeekLocaleTest" time="0"/>
  <testcase name="isSundayAndPreviousRunIsSaturday[51]" classname="hudson.scheduler.CronTabDayOfWeekLocaleTest" time="0"/>
  <testcase name="isSundayAndPreviousRunIsPreviousSunday[51]" classname="hudson.scheduler.CronTabDayOfWeekLocaleTest" time="0"/>
  <testcase name="isSundayAndNextRunIsFriday[51]" classname="hudson.scheduler.CronTabDayOfWeekLocaleTest" time="0"/>
  <testcase name="isSundayAndPreviousRunIsSaturdayAsterisk[51]" classname="hudson.scheduler.CronTabDayOfWeekLocaleTest" time="0"/>
  <testcase name="isSundayAndNextRunIsMonday[51]" classname="hudson.scheduler.CronTabDayOfWeekLocaleTest" time="0.001"/>
  <testcase name="isSundayAndPreviousRunIsFriday[51]" classname="hudson.scheduler.CronTabDayOfWeekLocaleTest" time="0"/>
  <testcase name="isSundayAndNextRunIsTuesday[51]" classname="hudson.scheduler.CronTabDayOfWeekLocaleTest" time="0"/>
  <testcase name="isSundayAndNextRunIsNextSunday7[51]" classname="hudson.scheduler.CronTabDayOfWeekLocaleTest" time="0"/>
  <testcase name="isSundayAndPreviousRunIsMonday[51]" classname="hudson.scheduler.CronTabDayOfWeekLocaleTest" time="0"/>
  <testcase name="isSaturdayAndNextRunIsSundayAsterisk[51]" classname="hudson.scheduler.CronTabDayOfWeekLocaleTest" time="0"/>
  <testcase name="hudson8658[51]" classname="hudson.scheduler.CronTabDayOfWeekLocaleTest" time="0"/>
  <testcase name="isSundayAndNextRunIsNextSunday[51]" classname="hudson.scheduler.CronTabDayOfWeekLocaleTest" time="0.001"/>
  <testcase name="isSundayAndNextRunIsThursday[51]" classname="hudson.scheduler.CronTabDayOfWeekLocaleTest" time="0"/>
  <testcase name="isSundayAndPreviousRunIsPreviousSunday7[51]" classname="hudson.scheduler.CronTabDayOfWeekLocaleTest" time="0"/>
  <testcase name="isSundayAndNextRunIsWednesday[51]" classname="hudson.scheduler.CronTabDayOfWeekLocaleTest" time="0"/>
  <testcase name="isSundayAndNextRunIsSaturday[51]" classname="hudson.scheduler.CronTabDayOfWeekLocaleTest" time="0"/>
  <testcase name="isSundayAndPreviousRunIsTuesday[52]" classname="hudson.scheduler.CronTabDayOfWeekLocaleTest" time="0"/>
  <testcase name="isSundayAndPreviousRunIsThursday[52]" classname="hudson.scheduler.CronTabDayOfWeekLocaleTest" time="0"/>
  <testcase name="isSundayAndPreviousRunIsWednesday[52]" classname="hudson.scheduler.CronTabDayOfWeekLocaleTest" time="0"/>
  <testcase name="isSundayAndPreviousRunIsSaturday[52]" classname="hudson.scheduler.CronTabDayOfWeekLocaleTest" time="0"/>
  <testcase name="isSundayAndPreviousRunIsPreviousSunday[52]" classname="hudson.scheduler.CronTabDayOfWeekLocaleTest" time="0"/>
  <testcase name="isSundayAndNextRunIsFriday[52]" classname="hudson.scheduler.CronTabDayOfWeekLocaleTest" time="0"/>
  <testcase name="isSundayAndPreviousRunIsSaturdayAsterisk[52]" classname="hudson.scheduler.CronTabDayOfWeekLocaleTest" time="0"/>
  <testcase name="isSundayAndNextRunIsMonday[52]" classname="hudson.scheduler.CronTabDayOfWeekLocaleTest" time="0"/>
  <testcase name="isSundayAndPreviousRunIsFriday[52]" classname="hudson.scheduler.CronTabDayOfWeekLocaleTest" time="0"/>
  <testcase name="isSundayAndNextRunIsTuesday[52]" classname="hudson.scheduler.CronTabDayOfWeekLocaleTest" time="0"/>
  <testcase name="isSundayAndNextRunIsNextSunday7[52]" classname="hudson.scheduler.CronTabDayOfWeekLocaleTest" time="0"/>
  <testcase name="isSundayAndPreviousRunIsMonday[52]" classname="hudson.scheduler.CronTabDayOfWeekLocaleTest" time="0"/>
  <testcase name="isSaturdayAndNextRunIsSundayAsterisk[52]" classname="hudson.scheduler.CronTabDayOfWeekLocaleTest" time="0.001"/>
  <testcase name="hudson8658[52]" classname="hudson.scheduler.CronTabDayOfWeekLocaleTest" time="0"/>
  <testcase name="isSundayAndNextRunIsNextSunday[52]" classname="hudson.scheduler.CronTabDayOfWeekLocaleTest" time="0"/>
  <testcase name="isSundayAndNextRunIsThursday[52]" classname="hudson.scheduler.CronTabDayOfWeekLocaleTest" time="0"/>
  <testcase name="isSundayAndPreviousRunIsPreviousSunday7[52]" classname="hudson.scheduler.CronTabDayOfWeekLocaleTest" time="0"/>
  <testcase name="isSundayAndNextRunIsWednesday[52]" classname="hudson.scheduler.CronTabDayOfWeekLocaleTest" time="0"/>
  <testcase name="isSundayAndNextRunIsSaturday[52]" classname="hudson.scheduler.CronTabDayOfWeekLocaleTest" time="0.001"/>
  <testcase name="isSundayAndPreviousRunIsTuesday[53]" classname="hudson.scheduler.CronTabDayOfWeekLocaleTest" time="0"/>
  <testcase name="isSundayAndPreviousRunIsThursday[53]" classname="hudson.scheduler.CronTabDayOfWeekLocaleTest" time="0"/>
  <testcase name="isSundayAndPreviousRunIsWednesday[53]" classname="hudson.scheduler.CronTabDayOfWeekLocaleTest" time="0"/>
  <testcase name="isSundayAndPreviousRunIsSaturday[53]" classname="hudson.scheduler.CronTabDayOfWeekLocaleTest" time="0"/>
  <testcase name="isSundayAndPreviousRunIsPreviousSunday[53]" classname="hudson.scheduler.CronTabDayOfWeekLocaleTest" time="0.001"/>
  <testcase name="isSundayAndNextRunIsFriday[53]" classname="hudson.scheduler.CronTabDayOfWeekLocaleTest" time="0"/>
  <testcase name="isSundayAndPreviousRunIsSaturdayAsterisk[53]" classname="hudson.scheduler.CronTabDayOfWeekLocaleTest" time="0"/>
  <testcase name="isSundayAndNextRunIsMonday[53]" classname="hudson.scheduler.CronTabDayOfWeekLocaleTest" time="0"/>
  <testcase name="isSundayAndPreviousRunIsFriday[53]" classname="hudson.scheduler.CronTabDayOfWeekLocaleTest" time="0"/>
  <testcase name="isSundayAndNextRunIsTuesday[53]" classname="hudson.scheduler.CronTabDayOfWeekLocaleTest" time="0"/>
  <testcase name="isSundayAndNextRunIsNextSunday7[53]" classname="hudson.scheduler.CronTabDayOfWeekLocaleTest" time="0.001"/>
  <testcase name="isSundayAndPreviousRunIsMonday[53]" classname="hudson.scheduler.CronTabDayOfWeekLocaleTest" time="0"/>
  <testcase name="isSaturdayAndNextRunIsSundayAsterisk[53]" classname="hudson.scheduler.CronTabDayOfWeekLocaleTest" time="0"/>
  <testcase name="hudson8658[53]" classname="hudson.scheduler.CronTabDayOfWeekLocaleTest" time="0"/>
  <testcase name="isSundayAndNextRunIsNextSunday[53]" classname="hudson.scheduler.CronTabDayOfWeekLocaleTest" time="0"/>
  <testcase name="isSundayAndNextRunIsThursday[53]" classname="hudson.scheduler.CronTabDayOfWeekLocaleTest" time="0"/>
  <testcase name="isSundayAndPreviousRunIsPreviousSunday7[53]" classname="hudson.scheduler.CronTabDayOfWeekLocaleTest" time="0.001"/>
  <testcase name="isSundayAndNextRunIsWednesday[53]" classname="hudson.scheduler.CronTabDayOfWeekLocaleTest" time="0"/>
  <testcase name="isSundayAndNextRunIsSaturday[53]" classname="hudson.scheduler.CronTabDayOfWeekLocaleTest" time="0"/>
  <testcase name="isSundayAndPreviousRunIsTuesday[54]" classname="hudson.scheduler.CronTabDayOfWeekLocaleTest" time="0"/>
  <testcase name="isSundayAndPreviousRunIsThursday[54]" classname="hudson.scheduler.CronTabDayOfWeekLocaleTest" time="0.001"/>
  <testcase name="isSundayAndPreviousRunIsWednesday[54]" classname="hudson.scheduler.CronTabDayOfWeekLocaleTest" time="0"/>
  <testcase name="isSundayAndPreviousRunIsSaturday[54]" classname="hudson.scheduler.CronTabDayOfWeekLocaleTest" time="0"/>
  <testcase name="isSundayAndPreviousRunIsPreviousSunday[54]" classname="hudson.scheduler.CronTabDayOfWeekLocaleTest" time="0"/>
  <testcase name="isSundayAndNextRunIsFriday[54]" classname="hudson.scheduler.CronTabDayOfWeekLocaleTest" time="0"/>
  <testcase name="isSundayAndPreviousRunIsSaturdayAsterisk[54]" classname="hudson.scheduler.CronTabDayOfWeekLocaleTest" time="0"/>
  <testcase name="isSundayAndNextRunIsMonday[54]" classname="hudson.scheduler.CronTabDayOfWeekLocaleTest" time="0"/>
  <testcase name="isSundayAndPreviousRunIsFriday[54]" classname="hudson.scheduler.CronTabDayOfWeekLocaleTest" time="0"/>
  <testcase name="isSundayAndNextRunIsTuesday[54]" classname="hudson.scheduler.CronTabDayOfWeekLocaleTest" time="0"/>
  <testcase name="isSundayAndNextRunIsNextSunday7[54]" classname="hudson.scheduler.CronTabDayOfWeekLocaleTest" time="0"/>
  <testcase name="isSundayAndPreviousRunIsMonday[54]" classname="hudson.scheduler.CronTabDayOfWeekLocaleTest" time="0"/>
  <testcase name="isSaturdayAndNextRunIsSundayAsterisk[54]" classname="hudson.scheduler.CronTabDayOfWeekLocaleTest" time="0"/>
  <testcase name="hudson8658[54]" classname="hudson.scheduler.CronTabDayOfWeekLocaleTest" time="0"/>
  <testcase name="isSundayAndNextRunIsNextSunday[54]" classname="hudson.scheduler.CronTabDayOfWeekLocaleTest" time="0"/>
  <testcase name="isSundayAndNextRunIsThursday[54]" classname="hudson.scheduler.CronTabDayOfWeekLocaleTest" time="0"/>
  <testcase name="isSundayAndPreviousRunIsPreviousSunday7[54]" classname="hudson.scheduler.CronTabDayOfWeekLocaleTest" time="0"/>
  <testcase name="isSundayAndNextRunIsWednesday[54]" classname="hudson.scheduler.CronTabDayOfWeekLocaleTest" time="0"/>
  <testcase name="isSundayAndNextRunIsSaturday[54]" classname="hudson.scheduler.CronTabDayOfWeekLocaleTest" time="0"/>
  <testcase name="isSundayAndPreviousRunIsTuesday[55]" classname="hudson.scheduler.CronTabDayOfWeekLocaleTest" time="0"/>
  <testcase name="isSundayAndPreviousRunIsThursday[55]" classname="hudson.scheduler.CronTabDayOfWeekLocaleTest" time="0"/>
  <testcase name="isSundayAndPreviousRunIsWednesday[55]" classname="hudson.scheduler.CronTabDayOfWeekLocaleTest" time="0"/>
  <testcase name="isSundayAndPreviousRunIsSaturday[55]" classname="hudson.scheduler.CronTabDayOfWeekLocaleTest" time="0"/>
  <testcase name="isSundayAndPreviousRunIsPreviousSunday[55]" classname="hudson.scheduler.CronTabDayOfWeekLocaleTest" time="0"/>
  <testcase name="isSundayAndNextRunIsFriday[55]" classname="hudson.scheduler.CronTabDayOfWeekLocaleTest" time="0"/>
  <testcase name="isSundayAndPreviousRunIsSaturdayAsterisk[55]" classname="hudson.scheduler.CronTabDayOfWeekLocaleTest" time="0"/>
  <testcase name="isSundayAndNextRunIsMonday[55]" classname="hudson.scheduler.CronTabDayOfWeekLocaleTest" time="0"/>
  <testcase name="isSundayAndPreviousRunIsFriday[55]" classname="hudson.scheduler.CronTabDayOfWeekLocaleTest" time="0"/>
  <testcase name="isSundayAndNextRunIsTuesday[55]" classname="hudson.scheduler.CronTabDayOfWeekLocaleTest" time="0.001"/>
  <testcase name="isSundayAndNextRunIsNextSunday7[55]" classname="hudson.scheduler.CronTabDayOfWeekLocaleTest" time="0"/>
  <testcase name="isSundayAndPreviousRunIsMonday[55]" classname="hudson.scheduler.CronTabDayOfWeekLocaleTest" time="0"/>
  <testcase name="isSaturdayAndNextRunIsSundayAsterisk[55]" classname="hudson.scheduler.CronTabDayOfWeekLocaleTest" time="0"/>
  <testcase name="hudson8658[55]" classname="hudson.scheduler.CronTabDayOfWeekLocaleTest" time="0"/>
  <testcase name="isSundayAndNextRunIsNextSunday[55]" classname="hudson.scheduler.CronTabDayOfWeekLocaleTest" time="0"/>
  <testcase name="isSundayAndNextRunIsThursday[55]" classname="hudson.scheduler.CronTabDayOfWeekLocaleTest" time="0"/>
  <testcase name="isSundayAndPreviousRunIsPreviousSunday7[55]" classname="hudson.scheduler.CronTabDayOfWeekLocaleTest" time="0"/>
  <testcase name="isSundayAndNextRunIsWednesday[55]" classname="hudson.scheduler.CronTabDayOfWeekLocaleTest" time="0"/>
  <testcase name="isSundayAndNextRunIsSaturday[55]" classname="hudson.scheduler.CronTabDayOfWeekLocaleTest" time="0"/>
  <testcase name="isSundayAndPreviousRunIsTuesday[56]" classname="hudson.scheduler.CronTabDayOfWeekLocaleTest" time="0.001"/>
  <testcase name="isSundayAndPreviousRunIsThursday[56]" classname="hudson.scheduler.CronTabDayOfWeekLocaleTest" time="0"/>
  <testcase name="isSundayAndPreviousRunIsWednesday[56]" classname="hudson.scheduler.CronTabDayOfWeekLocaleTest" time="0"/>
  <testcase name="isSundayAndPreviousRunIsSaturday[56]" classname="hudson.scheduler.CronTabDayOfWeekLocaleTest" time="0"/>
  <testcase name="isSundayAndPreviousRunIsPreviousSunday[56]" classname="hudson.scheduler.CronTabDayOfWeekLocaleTest" time="0"/>
  <testcase name="isSundayAndNextRunIsFriday[56]" classname="hudson.scheduler.CronTabDayOfWeekLocaleTest" time="0"/>
  <testcase name="isSundayAndPreviousRunIsSaturdayAsterisk[56]" classname="hudson.scheduler.CronTabDayOfWeekLocaleTest" time="0"/>
  <testcase name="isSundayAndNextRunIsMonday[56]" classname="hudson.scheduler.CronTabDayOfWeekLocaleTest" time="0"/>
  <testcase name="isSundayAndPreviousRunIsFriday[56]" classname="hudson.scheduler.CronTabDayOfWeekLocaleTest" time="0"/>
  <testcase name="isSundayAndNextRunIsTuesday[56]" classname="hudson.scheduler.CronTabDayOfWeekLocaleTest" time="0"/>
  <testcase name="isSundayAndNextRunIsNextSunday7[56]" classname="hudson.scheduler.CronTabDayOfWeekLocaleTest" time="0.001"/>
  <testcase name="isSundayAndPreviousRunIsMonday[56]" classname="hudson.scheduler.CronTabDayOfWeekLocaleTest" time="0"/>
  <testcase name="isSaturdayAndNextRunIsSundayAsterisk[56]" classname="hudson.scheduler.CronTabDayOfWeekLocaleTest" time="0"/>
  <testcase name="hudson8658[56]" classname="hudson.scheduler.CronTabDayOfWeekLocaleTest" time="0"/>
  <testcase name="isSundayAndNextRunIsNextSunday[56]" classname="hudson.scheduler.CronTabDayOfWeekLocaleTest" time="0"/>
  <testcase name="isSundayAndNextRunIsThursday[56]" classname="hudson.scheduler.CronTabDayOfWeekLocaleTest" time="0"/>
  <testcase name="isSundayAndPreviousRunIsPreviousSunday7[56]" classname="hudson.scheduler.CronTabDayOfWeekLocaleTest" time="0"/>
  <testcase name="isSundayAndNextRunIsWednesday[56]" classname="hudson.scheduler.CronTabDayOfWeekLocaleTest" time="0"/>
  <testcase name="isSundayAndNextRunIsSaturday[56]" classname="hudson.scheduler.CronTabDayOfWeekLocaleTest" time="0"/>
  <testcase name="isSundayAndPreviousRunIsTuesday[57]" classname="hudson.scheduler.CronTabDayOfWeekLocaleTest" time="0"/>
  <testcase name="isSundayAndPreviousRunIsThursday[57]" classname="hudson.scheduler.CronTabDayOfWeekLocaleTest" time="0.001"/>
  <testcase name="isSundayAndPreviousRunIsWednesday[57]" classname="hudson.scheduler.CronTabDayOfWeekLocaleTest" time="0"/>
  <testcase name="isSundayAndPreviousRunIsSaturday[57]" classname="hudson.scheduler.CronTabDayOfWeekLocaleTest" time="0"/>
  <testcase name="isSundayAndPreviousRunIsPreviousSunday[57]" classname="hudson.scheduler.CronTabDayOfWeekLocaleTest" time="0"/>
  <testcase name="isSundayAndNextRunIsFriday[57]" classname="hudson.scheduler.CronTabDayOfWeekLocaleTest" time="0"/>
  <testcase name="isSundayAndPreviousRunIsSaturdayAsterisk[57]" classname="hudson.scheduler.CronTabDayOfWeekLocaleTest" time="0"/>
  <testcase name="isSundayAndNextRunIsMonday[57]" classname="hudson.scheduler.CronTabDayOfWeekLocaleTest" time="0"/>
  <testcase name="isSundayAndPreviousRunIsFriday[57]" classname="hudson.scheduler.CronTabDayOfWeekLocaleTest" time="0"/>
  <testcase name="isSundayAndNextRunIsTuesday[57]" classname="hudson.scheduler.CronTabDayOfWeekLocaleTest" time="0"/>
  <testcase name="isSundayAndNextRunIsNextSunday7[57]" classname="hudson.scheduler.CronTabDayOfWeekLocaleTest" time="0"/>
  <testcase name="isSundayAndPreviousRunIsMonday[57]" classname="hudson.scheduler.CronTabDayOfWeekLocaleTest" time="0"/>
  <testcase name="isSaturdayAndNextRunIsSundayAsterisk[57]" classname="hudson.scheduler.CronTabDayOfWeekLocaleTest" time="0.001"/>
  <testcase name="hudson8658[57]" classname="hudson.scheduler.CronTabDayOfWeekLocaleTest" time="0"/>
  <testcase name="isSundayAndNextRunIsNextSunday[57]" classname="hudson.scheduler.CronTabDayOfWeekLocaleTest" time="0"/>
  <testcase name="isSundayAndNextRunIsThursday[57]" classname="hudson.scheduler.CronTabDayOfWeekLocaleTest" time="0"/>
  <testcase name="isSundayAndPreviousRunIsPreviousSunday7[57]" classname="hudson.scheduler.CronTabDayOfWeekLocaleTest" time="0"/>
  <testcase name="isSundayAndNextRunIsWednesday[57]" classname="hudson.scheduler.CronTabDayOfWeekLocaleTest" time="0"/>
  <testcase name="isSundayAndNextRunIsSaturday[57]" classname="hudson.scheduler.CronTabDayOfWeekLocaleTest" time="0"/>
  <testcase name="isSundayAndPreviousRunIsTuesday[58]" classname="hudson.scheduler.CronTabDayOfWeekLocaleTest" time="0"/>
  <testcase name="isSundayAndPreviousRunIsThursday[58]" classname="hudson.scheduler.CronTabDayOfWeekLocaleTest" time="0"/>
  <testcase name="isSundayAndPreviousRunIsWednesday[58]" classname="hudson.scheduler.CronTabDayOfWeekLocaleTest" time="0"/>
  <testcase name="isSundayAndPreviousRunIsSaturday[58]" classname="hudson.scheduler.CronTabDayOfWeekLocaleTest" time="0.001"/>
  <testcase name="isSundayAndPreviousRunIsPreviousSunday[58]" classname="hudson.scheduler.CronTabDayOfWeekLocaleTest" time="0"/>
  <testcase name="isSundayAndNextRunIsFriday[58]" classname="hudson.scheduler.CronTabDayOfWeekLocaleTest" time="0"/>
  <testcase name="isSundayAndPreviousRunIsSaturdayAsterisk[58]" classname="hudson.scheduler.CronTabDayOfWeekLocaleTest" time="0"/>
  <testcase name="isSundayAndNextRunIsMonday[58]" classname="hudson.scheduler.CronTabDayOfWeekLocaleTest" time="0"/>
  <testcase name="isSundayAndPreviousRunIsFriday[58]" classname="hudson.scheduler.CronTabDayOfWeekLocaleTest" time="0"/>
  <testcase name="isSundayAndNextRunIsTuesday[58]" classname="hudson.scheduler.CronTabDayOfWeekLocaleTest" time="0"/>
  <testcase name="isSundayAndNextRunIsNextSunday7[58]" classname="hudson.scheduler.CronTabDayOfWeekLocaleTest" time="0"/>
  <testcase name="isSundayAndPreviousRunIsMonday[58]" classname="hudson.scheduler.CronTabDayOfWeekLocaleTest" time="0"/>
  <testcase name="isSaturdayAndNextRunIsSundayAsterisk[58]" classname="hudson.scheduler.CronTabDayOfWeekLocaleTest" time="0"/>
  <testcase name="hudson8658[58]" classname="hudson.scheduler.CronTabDayOfWeekLocaleTest" time="0"/>
  <testcase name="isSundayAndNextRunIsNextSunday[58]" classname="hudson.scheduler.CronTabDayOfWeekLocaleTest" time="0"/>
  <testcase name="isSundayAndNextRunIsThursday[58]" classname="hudson.scheduler.CronTabDayOfWeekLocaleTest" time="0"/>
  <testcase name="isSundayAndPreviousRunIsPreviousSunday7[58]" classname="hudson.scheduler.CronTabDayOfWeekLocaleTest" time="0"/>
  <testcase name="isSundayAndNextRunIsWednesday[58]" classname="hudson.scheduler.CronTabDayOfWeekLocaleTest" time="0"/>
  <testcase name="isSundayAndNextRunIsSaturday[58]" classname="hudson.scheduler.CronTabDayOfWeekLocaleTest" time="0"/>
  <testcase name="isSundayAndPreviousRunIsTuesday[59]" classname="hudson.scheduler.CronTabDayOfWeekLocaleTest" time="0"/>
  <testcase name="isSundayAndPreviousRunIsThursday[59]" classname="hudson.scheduler.CronTabDayOfWeekLocaleTest" time="0"/>
  <testcase name="isSundayAndPreviousRunIsWednesday[59]" classname="hudson.scheduler.CronTabDayOfWeekLocaleTest" time="0"/>
  <testcase name="isSundayAndPreviousRunIsSaturday[59]" classname="hudson.scheduler.CronTabDayOfWeekLocaleTest" time="0"/>
  <testcase name="isSundayAndPreviousRunIsPreviousSunday[59]" classname="hudson.scheduler.CronTabDayOfWeekLocaleTest" time="0.001"/>
  <testcase name="isSundayAndNextRunIsFriday[59]" classname="hudson.scheduler.CronTabDayOfWeekLocaleTest" time="0"/>
  <testcase name="isSundayAndPreviousRunIsSaturdayAsterisk[59]" classname="hudson.scheduler.CronTabDayOfWeekLocaleTest" time="0"/>
  <testcase name="isSundayAndNextRunIsMonday[59]" classname="hudson.scheduler.CronTabDayOfWeekLocaleTest" time="0"/>
  <testcase name="isSundayAndPreviousRunIsFriday[59]" classname="hudson.scheduler.CronTabDayOfWeekLocaleTest" time="0"/>
  <testcase name="isSundayAndNextRunIsTuesday[59]" classname="hudson.scheduler.CronTabDayOfWeekLocaleTest" time="0"/>
  <testcase name="isSundayAndNextRunIsNextSunday7[59]" classname="hudson.scheduler.CronTabDayOfWeekLocaleTest" time="0"/>
  <testcase name="isSundayAndPreviousRunIsMonday[59]" classname="hudson.scheduler.CronTabDayOfWeekLocaleTest" time="0"/>
  <testcase name="isSaturdayAndNextRunIsSundayAsterisk[59]" classname="hudson.scheduler.CronTabDayOfWeekLocaleTest" time="0"/>
  <testcase name="hudson8658[59]" classname="hudson.scheduler.CronTabDayOfWeekLocaleTest" time="0"/>
  <testcase name="isSundayAndNextRunIsNextSunday[59]" classname="hudson.scheduler.CronTabDayOfWeekLocaleTest" time="0"/>
  <testcase name="isSundayAndNextRunIsThursday[59]" classname="hudson.scheduler.CronTabDayOfWeekLocaleTest" time="0"/>
  <testcase name="isSundayAndPreviousRunIsPreviousSunday7[59]" classname="hudson.scheduler.CronTabDayOfWeekLocaleTest" time="0"/>
  <testcase name="isSundayAndNextRunIsWednesday[59]" classname="hudson.scheduler.CronTabDayOfWeekLocaleTest" time="0"/>
  <testcase name="isSundayAndNextRunIsSaturday[59]" classname="hudson.scheduler.CronTabDayOfWeekLocaleTest" time="0"/>
  <testcase name="isSundayAndPreviousRunIsTuesday[60]" classname="hudson.scheduler.CronTabDayOfWeekLocaleTest" time="0"/>
  <testcase name="isSundayAndPreviousRunIsThursday[60]" classname="hudson.scheduler.CronTabDayOfWeekLocaleTest" time="0"/>
  <testcase name="isSundayAndPreviousRunIsWednesday[60]" classname="hudson.scheduler.CronTabDayOfWeekLocaleTest" time="0"/>
  <testcase name="isSundayAndPreviousRunIsSaturday[60]" classname="hudson.scheduler.CronTabDayOfWeekLocaleTest" time="0"/>
  <testcase name="isSundayAndPreviousRunIsPreviousSunday[60]" classname="hudson.scheduler.CronTabDayOfWeekLocaleTest" time="0"/>
  <testcase name="isSundayAndNextRunIsFriday[60]" classname="hudson.scheduler.CronTabDayOfWeekLocaleTest" time="0.001"/>
  <testcase name="isSundayAndPreviousRunIsSaturdayAsterisk[60]" classname="hudson.scheduler.CronTabDayOfWeekLocaleTest" time="0"/>
  <testcase name="isSundayAndNextRunIsMonday[60]" classname="hudson.scheduler.CronTabDayOfWeekLocaleTest" time="0"/>
  <testcase name="isSundayAndPreviousRunIsFriday[60]" classname="hudson.scheduler.CronTabDayOfWeekLocaleTest" time="0"/>
  <testcase name="isSundayAndNextRunIsTuesday[60]" classname="hudson.scheduler.CronTabDayOfWeekLocaleTest" time="0"/>
  <testcase name="isSundayAndNextRunIsNextSunday7[60]" classname="hudson.scheduler.CronTabDayOfWeekLocaleTest" time="0"/>
  <testcase name="isSundayAndPreviousRunIsMonday[60]" classname="hudson.scheduler.CronTabDayOfWeekLocaleTest" time="0"/>
  <testcase name="isSaturdayAndNextRunIsSundayAsterisk[60]" classname="hudson.scheduler.CronTabDayOfWeekLocaleTest" time="0"/>
  <testcase name="hudson8658[60]" classname="hudson.scheduler.CronTabDayOfWeekLocaleTest" time="0"/>
  <testcase name="isSundayAndNextRunIsNextSunday[60]" classname="hudson.scheduler.CronTabDayOfWeekLocaleTest" time="0"/>
  <testcase name="isSundayAndNextRunIsThursday[60]" classname="hudson.scheduler.CronTabDayOfWeekLocaleTest" time="0"/>
  <testcase name="isSundayAndPreviousRunIsPreviousSunday7[60]" classname="hudson.scheduler.CronTabDayOfWeekLocaleTest" time="0.001"/>
  <testcase name="isSundayAndNextRunIsWednesday[60]" classname="hudson.scheduler.CronTabDayOfWeekLocaleTest" time="0"/>
  <testcase name="isSundayAndNextRunIsSaturday[60]" classname="hudson.scheduler.CronTabDayOfWeekLocaleTest" time="0"/>
  <testcase name="isSundayAndPreviousRunIsTuesday[61]" classname="hudson.scheduler.CronTabDayOfWeekLocaleTest" time="0"/>
  <testcase name="isSundayAndPreviousRunIsThursday[61]" classname="hudson.scheduler.CronTabDayOfWeekLocaleTest" time="0"/>
  <testcase name="isSundayAndPreviousRunIsWednesday[61]" classname="hudson.scheduler.CronTabDayOfWeekLocaleTest" time="0"/>
  <testcase name="isSundayAndPreviousRunIsSaturday[61]" classname="hudson.scheduler.CronTabDayOfWeekLocaleTest" time="0"/>
  <testcase name="isSundayAndPreviousRunIsPreviousSunday[61]" classname="hudson.scheduler.CronTabDayOfWeekLocaleTest" time="0"/>
  <testcase name="isSundayAndNextRunIsFriday[61]" classname="hudson.scheduler.CronTabDayOfWeekLocaleTest" time="0"/>
  <testcase name="isSundayAndPreviousRunIsSaturdayAsterisk[61]" classname="hudson.scheduler.CronTabDayOfWeekLocaleTest" time="0"/>
  <testcase name="isSundayAndNextRunIsMonday[61]" classname="hudson.scheduler.CronTabDayOfWeekLocaleTest" time="0.001"/>
  <testcase name="isSundayAndPreviousRunIsFriday[61]" classname="hudson.scheduler.CronTabDayOfWeekLocaleTest" time="0"/>
  <testcase name="isSundayAndNextRunIsTuesday[61]" classname="hudson.scheduler.CronTabDayOfWeekLocaleTest" time="0"/>
  <testcase name="isSundayAndNextRunIsNextSunday7[61]" classname="hudson.scheduler.CronTabDayOfWeekLocaleTest" time="0"/>
  <testcase name="isSundayAndPreviousRunIsMonday[61]" classname="hudson.scheduler.CronTabDayOfWeekLocaleTest" time="0"/>
  <testcase name="isSaturdayAndNextRunIsSundayAsterisk[61]" classname="hudson.scheduler.CronTabDayOfWeekLocaleTest" time="0"/>
  <testcase name="hudson8658[61]" classname="hudson.scheduler.CronTabDayOfWeekLocaleTest" time="0"/>
  <testcase name="isSundayAndNextRunIsNextSunday[61]" classname="hudson.scheduler.CronTabDayOfWeekLocaleTest" time="0"/>
  <testcase name="isSundayAndNextRunIsThursday[61]" classname="hudson.scheduler.CronTabDayOfWeekLocaleTest" time="0"/>
  <testcase name="isSundayAndPreviousRunIsPreviousSunday7[61]" classname="hudson.scheduler.CronTabDayOfWeekLocaleTest" time="0"/>
  <testcase name="isSundayAndNextRunIsWednesday[61]" classname="hudson.scheduler.CronTabDayOfWeekLocaleTest" time="0.001"/>
  <testcase name="isSundayAndNextRunIsSaturday[61]" classname="hudson.scheduler.CronTabDayOfWeekLocaleTest" time="0"/>
  <testcase name="isSundayAndPreviousRunIsTuesday[62]" classname="hudson.scheduler.CronTabDayOfWeekLocaleTest" time="0"/>
  <testcase name="isSundayAndPreviousRunIsThursday[62]" classname="hudson.scheduler.CronTabDayOfWeekLocaleTest" time="0"/>
  <testcase name="isSundayAndPreviousRunIsWednesday[62]" classname="hudson.scheduler.CronTabDayOfWeekLocaleTest" time="0"/>
  <testcase name="isSundayAndPreviousRunIsSaturday[62]" classname="hudson.scheduler.CronTabDayOfWeekLocaleTest" time="0"/>
  <testcase name="isSundayAndPreviousRunIsPreviousSunday[62]" classname="hudson.scheduler.CronTabDayOfWeekLocaleTest" time="0"/>
  <testcase name="isSundayAndNextRunIsFriday[62]" classname="hudson.scheduler.CronTabDayOfWeekLocaleTest" time="0"/>
  <testcase name="isSundayAndPreviousRunIsSaturdayAsterisk[62]" classname="hudson.scheduler.CronTabDayOfWeekLocaleTest" time="0"/>
  <testcase name="isSundayAndNextRunIsMonday[62]" classname="hudson.scheduler.CronTabDayOfWeekLocaleTest" time="0"/>
  <testcase name="isSundayAndPreviousRunIsFriday[62]" classname="hudson.scheduler.CronTabDayOfWeekLocaleTest" time="0.001"/>
  <testcase name="isSundayAndNextRunIsTuesday[62]" classname="hudson.scheduler.CronTabDayOfWeekLocaleTest" time="0"/>
  <testcase name="isSundayAndNextRunIsNextSunday7[62]" classname="hudson.scheduler.CronTabDayOfWeekLocaleTest" time="0"/>
  <testcase name="isSundayAndPreviousRunIsMonday[62]" classname="hudson.scheduler.CronTabDayOfWeekLocaleTest" time="0"/>
  <testcase name="isSaturdayAndNextRunIsSundayAsterisk[62]" classname="hudson.scheduler.CronTabDayOfWeekLocaleTest" time="0"/>
  <testcase name="hudson8658[62]" classname="hudson.scheduler.CronTabDayOfWeekLocaleTest" time="0"/>
  <testcase name="isSundayAndNextRunIsNextSunday[62]" classname="hudson.scheduler.CronTabDayOfWeekLocaleTest" time="0"/>
  <testcase name="isSundayAndNextRunIsThursday[62]" classname="hudson.scheduler.CronTabDayOfWeekLocaleTest" time="0"/>
  <testcase name="isSundayAndPreviousRunIsPreviousSunday7[62]" classname="hudson.scheduler.CronTabDayOfWeekLocaleTest" time="0"/>
  <testcase name="isSundayAndNextRunIsWednesday[62]" classname="hudson.scheduler.CronTabDayOfWeekLocaleTest" time="0"/>
  <testcase name="isSundayAndNextRunIsSaturday[62]" classname="hudson.scheduler.CronTabDayOfWeekLocaleTest" time="0"/>
  <testcase name="isSundayAndPreviousRunIsTuesday[63]" classname="hudson.scheduler.CronTabDayOfWeekLocaleTest" time="0"/>
  <testcase name="isSundayAndPreviousRunIsThursday[63]" classname="hudson.scheduler.CronTabDayOfWeekLocaleTest" time="0"/>
  <testcase name="isSundayAndPreviousRunIsWednesday[63]" classname="hudson.scheduler.CronTabDayOfWeekLocaleTest" time="0"/>
  <testcase name="isSundayAndPreviousRunIsSaturday[63]" classname="hudson.scheduler.CronTabDayOfWeekLocaleTest" time="0"/>
  <testcase name="isSundayAndPreviousRunIsPreviousSunday[63]" classname="hudson.scheduler.CronTabDayOfWeekLocaleTest" time="0"/>
  <testcase name="isSundayAndNextRunIsFriday[63]" classname="hudson.scheduler.CronTabDayOfWeekLocaleTest" time="0"/>
  <testcase name="isSundayAndPreviousRunIsSaturdayAsterisk[63]" classname="hudson.scheduler.CronTabDayOfWeekLocaleTest" time="0"/>
  <testcase name="isSundayAndNextRunIsMonday[63]" classname="hudson.scheduler.CronTabDayOfWeekLocaleTest" time="0"/>
  <testcase name="isSundayAndPreviousRunIsFriday[63]" classname="hudson.scheduler.CronTabDayOfWeekLocaleTest" time="0"/>
  <testcase name="isSundayAndNextRunIsTuesday[63]" classname="hudson.scheduler.CronTabDayOfWeekLocaleTest" time="0"/>
  <testcase name="isSundayAndNextRunIsNextSunday7[63]" classname="hudson.scheduler.CronTabDayOfWeekLocaleTest" time="0"/>
  <testcase name="isSundayAndPreviousRunIsMonday[63]" classname="hudson.scheduler.CronTabDayOfWeekLocaleTest" time="0"/>
  <testcase name="isSaturdayAndNextRunIsSundayAsterisk[63]" classname="hudson.scheduler.CronTabDayOfWeekLocaleTest" time="0"/>
  <testcase name="hudson8658[63]" classname="hudson.scheduler.CronTabDayOfWeekLocaleTest" time="0"/>
  <testcase name="isSundayAndNextRunIsNextSunday[63]" classname="hudson.scheduler.CronTabDayOfWeekLocaleTest" time="0"/>
  <testcase name="isSundayAndNextRunIsThursday[63]" classname="hudson.scheduler.CronTabDayOfWeekLocaleTest" time="0"/>
  <testcase name="isSundayAndPreviousRunIsPreviousSunday7[63]" classname="hudson.scheduler.CronTabDayOfWeekLocaleTest" time="0"/>
  <testcase name="isSundayAndNextRunIsWednesday[63]" classname="hudson.scheduler.CronTabDayOfWeekLocaleTest" time="0"/>
  <testcase name="isSundayAndNextRunIsSaturday[63]" classname="hudson.scheduler.CronTabDayOfWeekLocaleTest" time="0"/>
  <testcase name="isSundayAndPreviousRunIsTuesday[64]" classname="hudson.scheduler.CronTabDayOfWeekLocaleTest" time="0"/>
  <testcase name="isSundayAndPreviousRunIsThursday[64]" classname="hudson.scheduler.CronTabDayOfWeekLocaleTest" time="0"/>
  <testcase name="isSundayAndPreviousRunIsWednesday[64]" classname="hudson.scheduler.CronTabDayOfWeekLocaleTest" time="0"/>
  <testcase name="isSundayAndPreviousRunIsSaturday[64]" classname="hudson.scheduler.CronTabDayOfWeekLocaleTest" time="0"/>
  <testcase name="isSundayAndPreviousRunIsPreviousSunday[64]" classname="hudson.scheduler.CronTabDayOfWeekLocaleTest" time="0"/>
  <testcase name="isSundayAndNextRunIsFriday[64]" classname="hudson.scheduler.CronTabDayOfWeekLocaleTest" time="0"/>
  <testcase name="isSundayAndPreviousRunIsSaturdayAsterisk[64]" classname="hudson.scheduler.CronTabDayOfWeekLocaleTest" time="0"/>
  <testcase name="isSundayAndNextRunIsMonday[64]" classname="hudson.scheduler.CronTabDayOfWeekLocaleTest" time="0"/>
  <testcase name="isSundayAndPreviousRunIsFriday[64]" classname="hudson.scheduler.CronTabDayOfWeekLocaleTest" time="0"/>
  <testcase name="isSundayAndNextRunIsTuesday[64]" classname="hudson.scheduler.CronTabDayOfWeekLocaleTest" time="0"/>
  <testcase name="isSundayAndNextRunIsNextSunday7[64]" classname="hudson.scheduler.CronTabDayOfWeekLocaleTest" time="0"/>
  <testcase name="isSundayAndPreviousRunIsMonday[64]" classname="hudson.scheduler.CronTabDayOfWeekLocaleTest" time="0.001"/>
  <testcase name="isSaturdayAndNextRunIsSundayAsterisk[64]" classname="hudson.scheduler.CronTabDayOfWeekLocaleTest" time="0"/>
  <testcase name="hudson8658[64]" classname="hudson.scheduler.CronTabDayOfWeekLocaleTest" time="0"/>
  <testcase name="isSundayAndNextRunIsNextSunday[64]" classname="hudson.scheduler.CronTabDayOfWeekLocaleTest" time="0"/>
  <testcase name="isSundayAndNextRunIsThursday[64]" classname="hudson.scheduler.CronTabDayOfWeekLocaleTest" time="0"/>
  <testcase name="isSundayAndPreviousRunIsPreviousSunday7[64]" classname="hudson.scheduler.CronTabDayOfWeekLocaleTest" time="0"/>
  <testcase name="isSundayAndNextRunIsWednesday[64]" classname="hudson.scheduler.CronTabDayOfWeekLocaleTest" time="0"/>
  <testcase name="isSundayAndNextRunIsSaturday[64]" classname="hudson.scheduler.CronTabDayOfWeekLocaleTest" time="0"/>
  <testcase name="isSundayAndPreviousRunIsTuesday[65]" classname="hudson.scheduler.CronTabDayOfWeekLocaleTest" time="0"/>
  <testcase name="isSundayAndPreviousRunIsThursday[65]" classname="hudson.scheduler.CronTabDayOfWeekLocaleTest" time="0"/>
  <testcase name="isSundayAndPreviousRunIsWednesday[65]" classname="hudson.scheduler.CronTabDayOfWeekLocaleTest" time="0.001"/>
  <testcase name="isSundayAndPreviousRunIsSaturday[65]" classname="hudson.scheduler.CronTabDayOfWeekLocaleTest" time="0"/>
  <testcase name="isSundayAndPreviousRunIsPreviousSunday[65]" classname="hudson.scheduler.CronTabDayOfWeekLocaleTest" time="0"/>
  <testcase name="isSundayAndNextRunIsFriday[65]" classname="hudson.scheduler.CronTabDayOfWeekLocaleTest" time="0"/>
  <testcase name="isSundayAndPreviousRunIsSaturdayAsterisk[65]" classname="hudson.scheduler.CronTabDayOfWeekLocaleTest" time="0"/>
  <testcase name="isSundayAndNextRunIsMonday[65]" classname="hudson.scheduler.CronTabDayOfWeekLocaleTest" time="0"/>
  <testcase name="isSundayAndPreviousRunIsFriday[65]" classname="hudson.scheduler.CronTabDayOfWeekLocaleTest" time="0"/>
  <testcase name="isSundayAndNextRunIsTuesday[65]" classname="hudson.scheduler.CronTabDayOfWeekLocaleTest" time="0"/>
  <testcase name="isSundayAndNextRunIsNextSunday7[65]" classname="hudson.scheduler.CronTabDayOfWeekLocaleTest" time="0"/>
  <testcase name="isSundayAndPreviousRunIsMonday[65]" classname="hudson.scheduler.CronTabDayOfWeekLocaleTest" time="0"/>
  <testcase name="isSaturdayAndNextRunIsSundayAsterisk[65]" classname="hudson.scheduler.CronTabDayOfWeekLocaleTest" time="0"/>
  <testcase name="hudson8658[65]" classname="hudson.scheduler.CronTabDayOfWeekLocaleTest" time="0"/>
  <testcase name="isSundayAndNextRunIsNextSunday[65]" classname="hudson.scheduler.CronTabDayOfWeekLocaleTest" time="0"/>
  <testcase name="isSundayAndNextRunIsThursday[65]" classname="hudson.scheduler.CronTabDayOfWeekLocaleTest" time="0"/>
  <testcase name="isSundayAndPreviousRunIsPreviousSunday7[65]" classname="hudson.scheduler.CronTabDayOfWeekLocaleTest" time="0"/>
  <testcase name="isSundayAndNextRunIsWednesday[65]" classname="hudson.scheduler.CronTabDayOfWeekLocaleTest" time="0"/>
  <testcase name="isSundayAndNextRunIsSaturday[65]" classname="hudson.scheduler.CronTabDayOfWeekLocaleTest" time="0"/>
  <testcase name="isSundayAndPreviousRunIsTuesday[66]" classname="hudson.scheduler.CronTabDayOfWeekLocaleTest" time="0"/>
  <testcase name="isSundayAndPreviousRunIsThursday[66]" classname="hudson.scheduler.CronTabDayOfWeekLocaleTest" time="0"/>
  <testcase name="isSundayAndPreviousRunIsWednesday[66]" classname="hudson.scheduler.CronTabDayOfWeekLocaleTest" time="0"/>
  <testcase name="isSundayAndPreviousRunIsSaturday[66]" classname="hudson.scheduler.CronTabDayOfWeekLocaleTest" time="0.001"/>
  <testcase name="isSundayAndPreviousRunIsPreviousSunday[66]" classname="hudson.scheduler.CronTabDayOfWeekLocaleTest" time="0"/>
  <testcase name="isSundayAndNextRunIsFriday[66]" classname="hudson.scheduler.CronTabDayOfWeekLocaleTest" time="0"/>
  <testcase name="isSundayAndPreviousRunIsSaturdayAsterisk[66]" classname="hudson.scheduler.CronTabDayOfWeekLocaleTest" time="0"/>
  <testcase name="isSundayAndNextRunIsMonday[66]" classname="hudson.scheduler.CronTabDayOfWeekLocaleTest" time="0"/>
  <testcase name="isSundayAndPreviousRunIsFriday[66]" classname="hudson.scheduler.CronTabDayOfWeekLocaleTest" time="0"/>
  <testcase name="isSundayAndNextRunIsTuesday[66]" classname="hudson.scheduler.CronTabDayOfWeekLocaleTest" time="0"/>
  <testcase name="isSundayAndNextRunIsNextSunday7[66]" classname="hudson.scheduler.CronTabDayOfWeekLocaleTest" time="0"/>
  <testcase name="isSundayAndPreviousRunIsMonday[66]" classname="hudson.scheduler.CronTabDayOfWeekLocaleTest" time="0"/>
  <testcase name="isSaturdayAndNextRunIsSundayAsterisk[66]" classname="hudson.scheduler.CronTabDayOfWeekLocaleTest" time="0"/>
  <testcase name="hudson8658[66]" classname="hudson.scheduler.CronTabDayOfWeekLocaleTest" time="0"/>
  <testcase name="isSundayAndNextRunIsNextSunday[66]" classname="hudson.scheduler.CronTabDayOfWeekLocaleTest" time="0.001"/>
  <testcase name="isSundayAndNextRunIsThursday[66]" classname="hudson.scheduler.CronTabDayOfWeekLocaleTest" time="0"/>
  <testcase name="isSundayAndPreviousRunIsPreviousSunday7[66]" classname="hudson.scheduler.CronTabDayOfWeekLocaleTest" time="0"/>
  <testcase name="isSundayAndNextRunIsWednesday[66]" classname="hudson.scheduler.CronTabDayOfWeekLocaleTest" time="0"/>
  <testcase name="isSundayAndNextRunIsSaturday[66]" classname="hudson.scheduler.CronTabDayOfWeekLocaleTest" time="0"/>
  <testcase name="isSundayAndPreviousRunIsTuesday[67]" classname="hudson.scheduler.CronTabDayOfWeekLocaleTest" time="0"/>
  <testcase name="isSundayAndPreviousRunIsThursday[67]" classname="hudson.scheduler.CronTabDayOfWeekLocaleTest" time="0"/>
  <testcase name="isSundayAndPreviousRunIsWednesday[67]" classname="hudson.scheduler.CronTabDayOfWeekLocaleTest" time="0"/>
  <testcase name="isSundayAndPreviousRunIsSaturday[67]" classname="hudson.scheduler.CronTabDayOfWeekLocaleTest" time="0"/>
  <testcase name="isSundayAndPreviousRunIsPreviousSunday[67]" classname="hudson.scheduler.CronTabDayOfWeekLocaleTest" time="0.001"/>
  <testcase name="isSundayAndNextRunIsFriday[67]" classname="hudson.scheduler.CronTabDayOfWeekLocaleTest" time="0"/>
  <testcase name="isSundayAndPreviousRunIsSaturdayAsterisk[67]" classname="hudson.scheduler.CronTabDayOfWeekLocaleTest" time="0"/>
  <testcase name="isSundayAndNextRunIsMonday[67]" classname="hudson.scheduler.CronTabDayOfWeekLocaleTest" time="0"/>
  <testcase name="isSundayAndPreviousRunIsFriday[67]" classname="hudson.scheduler.CronTabDayOfWeekLocaleTest" time="0"/>
  <testcase name="isSundayAndNextRunIsTuesday[67]" classname="hudson.scheduler.CronTabDayOfWeekLocaleTest" time="0"/>
  <testcase name="isSundayAndNextRunIsNextSunday7[67]" classname="hudson.scheduler.CronTabDayOfWeekLocaleTest" time="0"/>
  <testcase name="isSundayAndPreviousRunIsMonday[67]" classname="hudson.scheduler.CronTabDayOfWeekLocaleTest" time="0"/>
  <testcase name="isSaturdayAndNextRunIsSundayAsterisk[67]" classname="hudson.scheduler.CronTabDayOfWeekLocaleTest" time="0"/>
  <testcase name="hudson8658[67]" classname="hudson.scheduler.CronTabDayOfWeekLocaleTest" time="0"/>
  <testcase name="isSundayAndNextRunIsNextSunday[67]" classname="hudson.scheduler.CronTabDayOfWeekLocaleTest" time="0"/>
  <testcase name="isSundayAndNextRunIsThursday[67]" classname="hudson.scheduler.CronTabDayOfWeekLocaleTest" time="0.001"/>
  <testcase name="isSundayAndPreviousRunIsPreviousSunday7[67]" classname="hudson.scheduler.CronTabDayOfWeekLocaleTest" time="0"/>
  <testcase name="isSundayAndNextRunIsWednesday[67]" classname="hudson.scheduler.CronTabDayOfWeekLocaleTest" time="0"/>
  <testcase name="isSundayAndNextRunIsSaturday[67]" classname="hudson.scheduler.CronTabDayOfWeekLocaleTest" time="0"/>
  <testcase name="isSundayAndPreviousRunIsTuesday[68]" classname="hudson.scheduler.CronTabDayOfWeekLocaleTest" time="0"/>
  <testcase name="isSundayAndPreviousRunIsThursday[68]" classname="hudson.scheduler.CronTabDayOfWeekLocaleTest" time="0"/>
  <testcase name="isSundayAndPreviousRunIsWednesday[68]" classname="hudson.scheduler.CronTabDayOfWeekLocaleTest" time="0"/>
  <testcase name="isSundayAndPreviousRunIsSaturday[68]" classname="hudson.scheduler.CronTabDayOfWeekLocaleTest" time="0"/>
  <testcase name="isSundayAndPreviousRunIsPreviousSunday[68]" classname="hudson.scheduler.CronTabDayOfWeekLocaleTest" time="0"/>
  <testcase name="isSundayAndNextRunIsFriday[68]" classname="hudson.scheduler.CronTabDayOfWeekLocaleTest" time="0"/>
  <testcase name="isSundayAndPreviousRunIsSaturdayAsterisk[68]" classname="hudson.scheduler.CronTabDayOfWeekLocaleTest" time="0.001"/>
  <testcase name="isSundayAndNextRunIsMonday[68]" classname="hudson.scheduler.CronTabDayOfWeekLocaleTest" time="0"/>
  <testcase name="isSundayAndPreviousRunIsFriday[68]" classname="hudson.scheduler.CronTabDayOfWeekLocaleTest" time="0"/>
  <testcase name="isSundayAndNextRunIsTuesday[68]" classname="hudson.scheduler.CronTabDayOfWeekLocaleTest" time="0"/>
  <testcase name="isSundayAndNextRunIsNextSunday7[68]" classname="hudson.scheduler.CronTabDayOfWeekLocaleTest" time="0"/>
  <testcase name="isSundayAndPreviousRunIsMonday[68]" classname="hudson.scheduler.CronTabDayOfWeekLocaleTest" time="0"/>
  <testcase name="isSaturdayAndNextRunIsSundayAsterisk[68]" classname="hudson.scheduler.CronTabDayOfWeekLocaleTest" time="0"/>
  <testcase name="hudson8658[68]" classname="hudson.scheduler.CronTabDayOfWeekLocaleTest" time="0"/>
  <testcase name="isSundayAndNextRunIsNextSunday[68]" classname="hudson.scheduler.CronTabDayOfWeekLocaleTest" time="0"/>
  <testcase name="isSundayAndNextRunIsThursday[68]" classname="hudson.scheduler.CronTabDayOfWeekLocaleTest" time="0"/>
  <testcase name="isSundayAndPreviousRunIsPreviousSunday7[68]" classname="hudson.scheduler.CronTabDayOfWeekLocaleTest" time="0.001"/>
  <testcase name="isSundayAndNextRunIsWednesday[68]" classname="hudson.scheduler.CronTabDayOfWeekLocaleTest" time="0"/>
  <testcase name="isSundayAndNextRunIsSaturday[68]" classname="hudson.scheduler.CronTabDayOfWeekLocaleTest" time="0"/>
  <testcase name="isSundayAndPreviousRunIsTuesday[69]" classname="hudson.scheduler.CronTabDayOfWeekLocaleTest" time="0"/>
  <testcase name="isSundayAndPreviousRunIsThursday[69]" classname="hudson.scheduler.CronTabDayOfWeekLocaleTest" time="0"/>
  <testcase name="isSundayAndPreviousRunIsWednesday[69]" classname="hudson.scheduler.CronTabDayOfWeekLocaleTest" time="0"/>
  <testcase name="isSundayAndPreviousRunIsSaturday[69]" classname="hudson.scheduler.CronTabDayOfWeekLocaleTest" time="0"/>
  <testcase name="isSundayAndPreviousRunIsPreviousSunday[69]" classname="hudson.scheduler.CronTabDayOfWeekLocaleTest" time="0"/>
  <testcase name="isSundayAndNextRunIsFriday[69]" classname="hudson.scheduler.CronTabDayOfWeekLocaleTest" time="0"/>
  <testcase name="isSundayAndPreviousRunIsSaturdayAsterisk[69]" classname="hudson.scheduler.CronTabDayOfWeekLocaleTest" time="0"/>
  <testcase name="isSundayAndNextRunIsMonday[69]" classname="hudson.scheduler.CronTabDayOfWeekLocaleTest" time="0.001"/>
  <testcase name="isSundayAndPreviousRunIsFriday[69]" classname="hudson.scheduler.CronTabDayOfWeekLocaleTest" time="0"/>
  <testcase name="isSundayAndNextRunIsTuesday[69]" classname="hudson.scheduler.CronTabDayOfWeekLocaleTest" time="0"/>
  <testcase name="isSundayAndNextRunIsNextSunday7[69]" classname="hudson.scheduler.CronTabDayOfWeekLocaleTest" time="0"/>
  <testcase name="isSundayAndPreviousRunIsMonday[69]" classname="hudson.scheduler.CronTabDayOfWeekLocaleTest" time="0"/>
  <testcase name="isSaturdayAndNextRunIsSundayAsterisk[69]" classname="hudson.scheduler.CronTabDayOfWeekLocaleTest" time="0"/>
  <testcase name="hudson8658[69]" classname="hudson.scheduler.CronTabDayOfWeekLocaleTest" time="0"/>
  <testcase name="isSundayAndNextRunIsNextSunday[69]" classname="hudson.scheduler.CronTabDayOfWeekLocaleTest" time="0"/>
  <testcase name="isSundayAndNextRunIsThursday[69]" classname="hudson.scheduler.CronTabDayOfWeekLocaleTest" time="0"/>
  <testcase name="isSundayAndPreviousRunIsPreviousSunday7[69]" classname="hudson.scheduler.CronTabDayOfWeekLocaleTest" time="0"/>
  <testcase name="isSundayAndNextRunIsWednesday[69]" classname="hudson.scheduler.CronTabDayOfWeekLocaleTest" time="0"/>
  <testcase name="isSundayAndNextRunIsSaturday[69]" classname="hudson.scheduler.CronTabDayOfWeekLocaleTest" time="0"/>
  <testcase name="isSundayAndPreviousRunIsTuesday[70]" classname="hudson.scheduler.CronTabDayOfWeekLocaleTest" time="0"/>
  <testcase name="isSundayAndPreviousRunIsThursday[70]" classname="hudson.scheduler.CronTabDayOfWeekLocaleTest" time="0"/>
  <testcase name="isSundayAndPreviousRunIsWednesday[70]" classname="hudson.scheduler.CronTabDayOfWeekLocaleTest" time="0"/>
  <testcase name="isSundayAndPreviousRunIsSaturday[70]" classname="hudson.scheduler.CronTabDayOfWeekLocaleTest" time="0"/>
  <testcase name="isSundayAndPreviousRunIsPreviousSunday[70]" classname="hudson.scheduler.CronTabDayOfWeekLocaleTest" time="0"/>
  <testcase name="isSundayAndNextRunIsFriday[70]" classname="hudson.scheduler.CronTabDayOfWeekLocaleTest" time="0"/>
  <testcase name="isSundayAndPreviousRunIsSaturdayAsterisk[70]" classname="hudson.scheduler.CronTabDayOfWeekLocaleTest" time="0"/>
  <testcase name="isSundayAndNextRunIsMonday[70]" classname="hudson.scheduler.CronTabDayOfWeekLocaleTest" time="0"/>
  <testcase name="isSundayAndPreviousRunIsFriday[70]" classname="hudson.scheduler.CronTabDayOfWeekLocaleTest" time="0"/>
  <testcase name="isSundayAndNextRunIsTuesday[70]" classname="hudson.scheduler.CronTabDayOfWeekLocaleTest" time="0"/>
  <testcase name="isSundayAndNextRunIsNextSunday7[70]" classname="hudson.scheduler.CronTabDayOfWeekLocaleTest" time="0"/>
  <testcase name="isSundayAndPreviousRunIsMonday[70]" classname="hudson.scheduler.CronTabDayOfWeekLocaleTest" time="0"/>
  <testcase name="isSaturdayAndNextRunIsSundayAsterisk[70]" classname="hudson.scheduler.CronTabDayOfWeekLocaleTest" time="0"/>
  <testcase name="hudson8658[70]" classname="hudson.scheduler.CronTabDayOfWeekLocaleTest" time="0"/>
  <testcase name="isSundayAndNextRunIsNextSunday[70]" classname="hudson.scheduler.CronTabDayOfWeekLocaleTest" time="0"/>
  <testcase name="isSundayAndNextRunIsThursday[70]" classname="hudson.scheduler.CronTabDayOfWeekLocaleTest" time="0.001"/>
  <testcase name="isSundayAndPreviousRunIsPreviousSunday7[70]" classname="hudson.scheduler.CronTabDayOfWeekLocaleTest" time="0"/>
  <testcase name="isSundayAndNextRunIsWednesday[70]" classname="hudson.scheduler.CronTabDayOfWeekLocaleTest" time="0"/>
  <testcase name="isSundayAndNextRunIsSaturday[70]" classname="hudson.scheduler.CronTabDayOfWeekLocaleTest" time="0"/>
  <testcase name="isSundayAndPreviousRunIsTuesday[71]" classname="hudson.scheduler.CronTabDayOfWeekLocaleTest" time="0"/>
  <testcase name="isSundayAndPreviousRunIsThursday[71]" classname="hudson.scheduler.CronTabDayOfWeekLocaleTest" time="0"/>
  <testcase name="isSundayAndPreviousRunIsWednesday[71]" classname="hudson.scheduler.CronTabDayOfWeekLocaleTest" time="0"/>
  <testcase name="isSundayAndPreviousRunIsSaturday[71]" classname="hudson.scheduler.CronTabDayOfWeekLocaleTest" time="0"/>
  <testcase name="isSundayAndPreviousRunIsPreviousSunday[71]" classname="hudson.scheduler.CronTabDayOfWeekLocaleTest" time="0"/>
  <testcase name="isSundayAndNextRunIsFriday[71]" classname="hudson.scheduler.CronTabDayOfWeekLocaleTest" time="0"/>
  <testcase name="isSundayAndPreviousRunIsSaturdayAsterisk[71]" classname="hudson.scheduler.CronTabDayOfWeekLocaleTest" time="0.001"/>
  <testcase name="isSundayAndNextRunIsMonday[71]" classname="hudson.scheduler.CronTabDayOfWeekLocaleTest" time="0"/>
  <testcase name="isSundayAndPreviousRunIsFriday[71]" classname="hudson.scheduler.CronTabDayOfWeekLocaleTest" time="0"/>
  <testcase name="isSundayAndNextRunIsTuesday[71]" classname="hudson.scheduler.CronTabDayOfWeekLocaleTest" time="0"/>
  <testcase name="isSundayAndNextRunIsNextSunday7[71]" classname="hudson.scheduler.CronTabDayOfWeekLocaleTest" time="0"/>
  <testcase name="isSundayAndPreviousRunIsMonday[71]" classname="hudson.scheduler.CronTabDayOfWeekLocaleTest" time="0"/>
  <testcase name="isSaturdayAndNextRunIsSundayAsterisk[71]" classname="hudson.scheduler.CronTabDayOfWeekLocaleTest" time="0.015"/>
  <testcase name="hudson8658[71]" classname="hudson.scheduler.CronTabDayOfWeekLocaleTest" time="0"/>
  <testcase name="isSundayAndNextRunIsNextSunday[71]" classname="hudson.scheduler.CronTabDayOfWeekLocaleTest" time="0"/>
  <testcase name="isSundayAndNextRunIsThursday[71]" classname="hudson.scheduler.CronTabDayOfWeekLocaleTest" time="0"/>
  <testcase name="isSundayAndPreviousRunIsPreviousSunday7[71]" classname="hudson.scheduler.CronTabDayOfWeekLocaleTest" time="0"/>
  <testcase name="isSundayAndNextRunIsWednesday[71]" classname="hudson.scheduler.CronTabDayOfWeekLocaleTest" time="0"/>
  <testcase name="isSundayAndNextRunIsSaturday[71]" classname="hudson.scheduler.CronTabDayOfWeekLocaleTest" time="0.001"/>
  <testcase name="isSundayAndPreviousRunIsTuesday[72]" classname="hudson.scheduler.CronTabDayOfWeekLocaleTest" time="0"/>
  <testcase name="isSundayAndPreviousRunIsThursday[72]" classname="hudson.scheduler.CronTabDayOfWeekLocaleTest" time="0"/>
  <testcase name="isSundayAndPreviousRunIsWednesday[72]" classname="hudson.scheduler.CronTabDayOfWeekLocaleTest" time="0"/>
  <testcase name="isSundayAndPreviousRunIsSaturday[72]" classname="hudson.scheduler.CronTabDayOfWeekLocaleTest" time="0"/>
  <testcase name="isSundayAndPreviousRunIsPreviousSunday[72]" classname="hudson.scheduler.CronTabDayOfWeekLocaleTest" time="0"/>
  <testcase name="isSundayAndNextRunIsFriday[72]" classname="hudson.scheduler.CronTabDayOfWeekLocaleTest" time="0"/>
  <testcase name="isSundayAndPreviousRunIsSaturdayAsterisk[72]" classname="hudson.scheduler.CronTabDayOfWeekLocaleTest" time="0"/>
  <testcase name="isSundayAndNextRunIsMonday[72]" classname="hudson.scheduler.CronTabDayOfWeekLocaleTest" time="0"/>
  <testcase name="isSundayAndPreviousRunIsFriday[72]" classname="hudson.scheduler.CronTabDayOfWeekLocaleTest" time="0"/>
  <testcase name="isSundayAndNextRunIsTuesday[72]" classname="hudson.scheduler.CronTabDayOfWeekLocaleTest" time="0.001"/>
  <testcase name="isSundayAndNextRunIsNextSunday7[72]" classname="hudson.scheduler.CronTabDayOfWeekLocaleTest" time="0"/>
  <testcase name="isSundayAndPreviousRunIsMonday[72]" classname="hudson.scheduler.CronTabDayOfWeekLocaleTest" time="0"/>
  <testcase name="isSaturdayAndNextRunIsSundayAsterisk[72]" classname="hudson.scheduler.CronTabDayOfWeekLocaleTest" time="0"/>
  <testcase name="hudson8658[72]" classname="hudson.scheduler.CronTabDayOfWeekLocaleTest" time="0"/>
  <testcase name="isSundayAndNextRunIsNextSunday[72]" classname="hudson.scheduler.CronTabDayOfWeekLocaleTest" time="0"/>
  <testcase name="isSundayAndNextRunIsThursday[72]" classname="hudson.scheduler.CronTabDayOfWeekLocaleTest" time="0"/>
  <testcase name="isSundayAndPreviousRunIsPreviousSunday7[72]" classname="hudson.scheduler.CronTabDayOfWeekLocaleTest" time="0"/>
  <testcase name="isSundayAndNextRunIsWednesday[72]" classname="hudson.scheduler.CronTabDayOfWeekLocaleTest" time="0"/>
  <testcase name="isSundayAndNextRunIsSaturday[72]" classname="hudson.scheduler.CronTabDayOfWeekLocaleTest" time="0"/>
  <testcase name="isSundayAndPreviousRunIsTuesday[73]" classname="hudson.scheduler.CronTabDayOfWeekLocaleTest" time="0.001"/>
  <testcase name="isSundayAndPreviousRunIsThursday[73]" classname="hudson.scheduler.CronTabDayOfWeekLocaleTest" time="0"/>
  <testcase name="isSundayAndPreviousRunIsWednesday[73]" classname="hudson.scheduler.CronTabDayOfWeekLocaleTest" time="0"/>
  <testcase name="isSundayAndPreviousRunIsSaturday[73]" classname="hudson.scheduler.CronTabDayOfWeekLocaleTest" time="0"/>
  <testcase name="isSundayAndPreviousRunIsPreviousSunday[73]" classname="hudson.scheduler.CronTabDayOfWeekLocaleTest" time="0"/>
  <testcase name="isSundayAndNextRunIsFriday[73]" classname="hudson.scheduler.CronTabDayOfWeekLocaleTest" time="0"/>
  <testcase name="isSundayAndPreviousRunIsSaturdayAsterisk[73]" classname="hudson.scheduler.CronTabDayOfWeekLocaleTest" time="0"/>
  <testcase name="isSundayAndNextRunIsMonday[73]" classname="hudson.scheduler.CronTabDayOfWeekLocaleTest" time="0"/>
  <testcase name="isSundayAndPreviousRunIsFriday[73]" classname="hudson.scheduler.CronTabDayOfWeekLocaleTest" time="0"/>
  <testcase name="isSundayAndNextRunIsTuesday[73]" classname="hudson.scheduler.CronTabDayOfWeekLocaleTest" time="0"/>
  <testcase name="isSundayAndNextRunIsNextSunday7[73]" classname="hudson.scheduler.CronTabDayOfWeekLocaleTest" time="0.001"/>
  <testcase name="isSundayAndPreviousRunIsMonday[73]" classname="hudson.scheduler.CronTabDayOfWeekLocaleTest" time="0"/>
  <testcase name="isSaturdayAndNextRunIsSundayAsterisk[73]" classname="hudson.scheduler.CronTabDayOfWeekLocaleTest" time="0"/>
  <testcase name="hudson8658[73]" classname="hudson.scheduler.CronTabDayOfWeekLocaleTest" time="0"/>
  <testcase name="isSundayAndNextRunIsNextSunday[73]" classname="hudson.scheduler.CronTabDayOfWeekLocaleTest" time="0"/>
  <testcase name="isSundayAndNextRunIsThursday[73]" classname="hudson.scheduler.CronTabDayOfWeekLocaleTest" time="0"/>
  <testcase name="isSundayAndPreviousRunIsPreviousSunday7[73]" classname="hudson.scheduler.CronTabDayOfWeekLocaleTest" time="0"/>
  <testcase name="isSundayAndNextRunIsWednesday[73]" classname="hudson.scheduler.CronTabDayOfWeekLocaleTest" time="0"/>
  <testcase name="isSundayAndNextRunIsSaturday[73]" classname="hudson.scheduler.CronTabDayOfWeekLocaleTest" time="0"/>
  <testcase name="isSundayAndPreviousRunIsTuesday[74]" classname="hudson.scheduler.CronTabDayOfWeekLocaleTest" time="0"/>
  <testcase name="isSundayAndPreviousRunIsThursday[74]" classname="hudson.scheduler.CronTabDayOfWeekLocaleTest" time="0.001"/>
  <testcase name="isSundayAndPreviousRunIsWednesday[74]" classname="hudson.scheduler.CronTabDayOfWeekLocaleTest" time="0"/>
  <testcase name="isSundayAndPreviousRunIsSaturday[74]" classname="hudson.scheduler.CronTabDayOfWeekLocaleTest" time="0"/>
  <testcase name="isSundayAndPreviousRunIsPreviousSunday[74]" classname="hudson.scheduler.CronTabDayOfWeekLocaleTest" time="0"/>
  <testcase name="isSundayAndNextRunIsFriday[74]" classname="hudson.scheduler.CronTabDayOfWeekLocaleTest" time="0.002"/>
  <testcase name="isSundayAndPreviousRunIsSaturdayAsterisk[74]" classname="hudson.scheduler.CronTabDayOfWeekLocaleTest" time="0"/>
  <testcase name="isSundayAndNextRunIsMonday[74]" classname="hudson.scheduler.CronTabDayOfWeekLocaleTest" time="0"/>
  <testcase name="isSundayAndPreviousRunIsFriday[74]" classname="hudson.scheduler.CronTabDayOfWeekLocaleTest" time="0"/>
  <testcase name="isSundayAndNextRunIsTuesday[74]" classname="hudson.scheduler.CronTabDayOfWeekLocaleTest" time="0"/>
  <testcase name="isSundayAndNextRunIsNextSunday7[74]" classname="hudson.scheduler.CronTabDayOfWeekLocaleTest" time="0"/>
  <testcase name="isSundayAndPreviousRunIsMonday[74]" classname="hudson.scheduler.CronTabDayOfWeekLocaleTest" time="0"/>
  <testcase name="isSaturdayAndNextRunIsSundayAsterisk[74]" classname="hudson.scheduler.CronTabDayOfWeekLocaleTest" time="0"/>
  <testcase name="hudson8658[74]" classname="hudson.scheduler.CronTabDayOfWeekLocaleTest" time="0"/>
  <testcase name="isSundayAndNextRunIsNextSunday[74]" classname="hudson.scheduler.CronTabDayOfWeekLocaleTest" time="0"/>
  <testcase name="isSundayAndNextRunIsThursday[74]" classname="hudson.scheduler.CronTabDayOfWeekLocaleTest" time="0"/>
  <testcase name="isSundayAndPreviousRunIsPreviousSunday7[74]" classname="hudson.scheduler.CronTabDayOfWeekLocaleTest" time="0"/>
  <testcase name="isSundayAndNextRunIsWednesday[74]" classname="hudson.scheduler.CronTabDayOfWeekLocaleTest" time="0"/>
  <testcase name="isSundayAndNextRunIsSaturday[74]" classname="hudson.scheduler.CronTabDayOfWeekLocaleTest" time="0"/>
  <testcase name="isSundayAndPreviousRunIsTuesday[75]" classname="hudson.scheduler.CronTabDayOfWeekLocaleTest" time="0"/>
  <testcase name="isSundayAndPreviousRunIsThursday[75]" classname="hudson.scheduler.CronTabDayOfWeekLocaleTest" time="0"/>
  <testcase name="isSundayAndPreviousRunIsWednesday[75]" classname="hudson.scheduler.CronTabDayOfWeekLocaleTest" time="0"/>
  <testcase name="isSundayAndPreviousRunIsSaturday[75]" classname="hudson.scheduler.CronTabDayOfWeekLocaleTest" time="0"/>
  <testcase name="isSundayAndPreviousRunIsPreviousSunday[75]" classname="hudson.scheduler.CronTabDayOfWeekLocaleTest" time="0"/>
  <testcase name="isSundayAndNextRunIsFriday[75]" classname="hudson.scheduler.CronTabDayOfWeekLocaleTest" time="0"/>
  <testcase name="isSundayAndPreviousRunIsSaturdayAsterisk[75]" classname="hudson.scheduler.CronTabDayOfWeekLocaleTest" time="0"/>
  <testcase name="isSundayAndNextRunIsMonday[75]" classname="hudson.scheduler.CronTabDayOfWeekLocaleTest" time="0"/>
  <testcase name="isSundayAndPreviousRunIsFriday[75]" classname="hudson.scheduler.CronTabDayOfWeekLocaleTest" time="0"/>
  <testcase name="isSundayAndNextRunIsTuesday[75]" classname="hudson.scheduler.CronTabDayOfWeekLocaleTest" time="0"/>
  <testcase name="isSundayAndNextRunIsNextSunday7[75]" classname="hudson.scheduler.CronTabDayOfWeekLocaleTest" time="0"/>
  <testcase name="isSundayAndPreviousRunIsMonday[75]" classname="hudson.scheduler.CronTabDayOfWeekLocaleTest" time="0"/>
  <testcase name="isSaturdayAndNextRunIsSundayAsterisk[75]" classname="hudson.scheduler.CronTabDayOfWeekLocaleTest" time="0"/>
  <testcase name="hudson8658[75]" classname="hudson.scheduler.CronTabDayOfWeekLocaleTest" time="0"/>
  <testcase name="isSundayAndNextRunIsNextSunday[75]" classname="hudson.scheduler.CronTabDayOfWeekLocaleTest" time="0"/>
  <testcase name="isSundayAndNextRunIsThursday[75]" classname="hudson.scheduler.CronTabDayOfWeekLocaleTest" time="0.001"/>
  <testcase name="isSundayAndPreviousRunIsPreviousSunday7[75]" classname="hudson.scheduler.CronTabDayOfWeekLocaleTest" time="0"/>
  <testcase name="isSundayAndNextRunIsWednesday[75]" classname="hudson.scheduler.CronTabDayOfWeekLocaleTest" time="0"/>
  <testcase name="isSundayAndNextRunIsSaturday[75]" classname="hudson.scheduler.CronTabDayOfWeekLocaleTest" time="0"/>
  <testcase name="isSundayAndPreviousRunIsTuesday[76]" classname="hudson.scheduler.CronTabDayOfWeekLocaleTest" time="0"/>
  <testcase name="isSundayAndPreviousRunIsThursday[76]" classname="hudson.scheduler.CronTabDayOfWeekLocaleTest" time="0"/>
  <testcase name="isSundayAndPreviousRunIsWednesday[76]" classname="hudson.scheduler.CronTabDayOfWeekLocaleTest" time="0"/>
  <testcase name="isSundayAndPreviousRunIsSaturday[76]" classname="hudson.scheduler.CronTabDayOfWeekLocaleTest" time="0"/>
  <testcase name="isSundayAndPreviousRunIsPreviousSunday[76]" classname="hudson.scheduler.CronTabDayOfWeekLocaleTest" time="0"/>
  <testcase name="isSundayAndNextRunIsFriday[76]" classname="hudson.scheduler.CronTabDayOfWeekLocaleTest" time="0"/>
  <testcase name="isSundayAndPreviousRunIsSaturdayAsterisk[76]" classname="hudson.scheduler.CronTabDayOfWeekLocaleTest" time="0"/>
  <testcase name="isSundayAndNextRunIsMonday[76]" classname="hudson.scheduler.CronTabDayOfWeekLocaleTest" time="0"/>
  <testcase name="isSundayAndPreviousRunIsFriday[76]" classname="hudson.scheduler.CronTabDayOfWeekLocaleTest" time="0"/>
  <testcase name="isSundayAndNextRunIsTuesday[76]" classname="hudson.scheduler.CronTabDayOfWeekLocaleTest" time="0"/>
  <testcase name="isSundayAndNextRunIsNextSunday7[76]" classname="hudson.scheduler.CronTabDayOfWeekLocaleTest" time="0"/>
  <testcase name="isSundayAndPreviousRunIsMonday[76]" classname="hudson.scheduler.CronTabDayOfWeekLocaleTest" time="0"/>
  <testcase name="isSaturdayAndNextRunIsSundayAsterisk[76]" classname="hudson.scheduler.CronTabDayOfWeekLocaleTest" time="0"/>
  <testcase name="hudson8658[76]" classname="hudson.scheduler.CronTabDayOfWeekLocaleTest" time="0"/>
  <testcase name="isSundayAndNextRunIsNextSunday[76]" classname="hudson.scheduler.CronTabDayOfWeekLocaleTest" time="0"/>
  <testcase name="isSundayAndNextRunIsThursday[76]" classname="hudson.scheduler.CronTabDayOfWeekLocaleTest" time="0"/>
  <testcase name="isSundayAndPreviousRunIsPreviousSunday7[76]" classname="hudson.scheduler.CronTabDayOfWeekLocaleTest" time="0.001"/>
  <testcase name="isSundayAndNextRunIsWednesday[76]" classname="hudson.scheduler.CronTabDayOfWeekLocaleTest" time="0"/>
  <testcase name="isSundayAndNextRunIsSaturday[76]" classname="hudson.scheduler.CronTabDayOfWeekLocaleTest" time="0"/>
  <testcase name="isSundayAndPreviousRunIsTuesday[77]" classname="hudson.scheduler.CronTabDayOfWeekLocaleTest" time="0"/>
  <testcase name="isSundayAndPreviousRunIsThursday[77]" classname="hudson.scheduler.CronTabDayOfWeekLocaleTest" time="0"/>
  <testcase name="isSundayAndPreviousRunIsWednesday[77]" classname="hudson.scheduler.CronTabDayOfWeekLocaleTest" time="0"/>
  <testcase name="isSundayAndPreviousRunIsSaturday[77]" classname="hudson.scheduler.CronTabDayOfWeekLocaleTest" time="0"/>
  <testcase name="isSundayAndPreviousRunIsPreviousSunday[77]" classname="hudson.scheduler.CronTabDayOfWeekLocaleTest" time="0"/>
  <testcase name="isSundayAndNextRunIsFriday[77]" classname="hudson.scheduler.CronTabDayOfWeekLocaleTest" time="0"/>
  <testcase name="isSundayAndPreviousRunIsSaturdayAsterisk[77]" classname="hudson.scheduler.CronTabDayOfWeekLocaleTest" time="0"/>
  <testcase name="isSundayAndNextRunIsMonday[77]" classname="hudson.scheduler.CronTabDayOfWeekLocaleTest" time="0.001"/>
  <testcase name="isSundayAndPreviousRunIsFriday[77]" classname="hudson.scheduler.CronTabDayOfWeekLocaleTest" time="0"/>
  <testcase name="isSundayAndNextRunIsTuesday[77]" classname="hudson.scheduler.CronTabDayOfWeekLocaleTest" time="0"/>
  <testcase name="isSundayAndNextRunIsNextSunday7[77]" classname="hudson.scheduler.CronTabDayOfWeekLocaleTest" time="0"/>
  <testcase name="isSundayAndPreviousRunIsMonday[77]" classname="hudson.scheduler.CronTabDayOfWeekLocaleTest" time="0"/>
  <testcase name="isSaturdayAndNextRunIsSundayAsterisk[77]" classname="hudson.scheduler.CronTabDayOfWeekLocaleTest" time="0"/>
  <testcase name="hudson8658[77]" classname="hudson.scheduler.CronTabDayOfWeekLocaleTest" time="0"/>
  <testcase name="isSundayAndNextRunIsNextSunday[77]" classname="hudson.scheduler.CronTabDayOfWeekLocaleTest" time="0"/>
  <testcase name="isSundayAndNextRunIsThursday[77]" classname="hudson.scheduler.CronTabDayOfWeekLocaleTest" time="0"/>
  <testcase name="isSundayAndPreviousRunIsPreviousSunday7[77]" classname="hudson.scheduler.CronTabDayOfWeekLocaleTest" time="0"/>
  <testcase name="isSundayAndNextRunIsWednesday[77]" classname="hudson.scheduler.CronTabDayOfWeekLocaleTest" time="0.001"/>
  <testcase name="isSundayAndNextRunIsSaturday[77]" classname="hudson.scheduler.CronTabDayOfWeekLocaleTest" time="0"/>
  <testcase name="isSundayAndPreviousRunIsTuesday[78]" classname="hudson.scheduler.CronTabDayOfWeekLocaleTest" time="0"/>
  <testcase name="isSundayAndPreviousRunIsThursday[78]" classname="hudson.scheduler.CronTabDayOfWeekLocaleTest" time="0"/>
  <testcase name="isSundayAndPreviousRunIsWednesday[78]" classname="hudson.scheduler.CronTabDayOfWeekLocaleTest" time="0"/>
  <testcase name="isSundayAndPreviousRunIsSaturday[78]" classname="hudson.scheduler.CronTabDayOfWeekLocaleTest" time="0"/>
  <testcase name="isSundayAndPreviousRunIsPreviousSunday[78]" classname="hudson.scheduler.CronTabDayOfWeekLocaleTest" time="0.001"/>
  <testcase name="isSundayAndNextRunIsFriday[78]" classname="hudson.scheduler.CronTabDayOfWeekLocaleTest" time="0"/>
  <testcase name="isSundayAndPreviousRunIsSaturdayAsterisk[78]" classname="hudson.scheduler.CronTabDayOfWeekLocaleTest" time="0"/>
  <testcase name="isSundayAndNextRunIsMonday[78]" classname="hudson.scheduler.CronTabDayOfWeekLocaleTest" time="0"/>
  <testcase name="isSundayAndPreviousRunIsFriday[78]" classname="hudson.scheduler.CronTabDayOfWeekLocaleTest" time="0"/>
  <testcase name="isSundayAndNextRunIsTuesday[78]" classname="hudson.scheduler.CronTabDayOfWeekLocaleTest" time="0"/>
  <testcase name="isSundayAndNextRunIsNextSunday7[78]" classname="hudson.scheduler.CronTabDayOfWeekLocaleTest" time="0"/>
  <testcase name="isSundayAndPreviousRunIsMonday[78]" classname="hudson.scheduler.CronTabDayOfWeekLocaleTest" time="0"/>
  <testcase name="isSaturdayAndNextRunIsSundayAsterisk[78]" classname="hudson.scheduler.CronTabDayOfWeekLocaleTest" time="0"/>
  <testcase name="hudson8658[78]" classname="hudson.scheduler.CronTabDayOfWeekLocaleTest" time="0"/>
  <testcase name="isSundayAndNextRunIsNextSunday[78]" classname="hudson.scheduler.CronTabDayOfWeekLocaleTest" time="0"/>
  <testcase name="isSundayAndNextRunIsThursday[78]" classname="hudson.scheduler.CronTabDayOfWeekLocaleTest" time="0.001"/>
  <testcase name="isSundayAndPreviousRunIsPreviousSunday7[78]" classname="hudson.scheduler.CronTabDayOfWeekLocaleTest" time="0"/>
  <testcase name="isSundayAndNextRunIsWednesday[78]" classname="hudson.scheduler.CronTabDayOfWeekLocaleTest" time="0"/>
  <testcase name="isSundayAndNextRunIsSaturday[78]" classname="hudson.scheduler.CronTabDayOfWeekLocaleTest" time="0"/>
  <testcase name="isSundayAndPreviousRunIsTuesday[79]" classname="hudson.scheduler.CronTabDayOfWeekLocaleTest" time="0"/>
  <testcase name="isSundayAndPreviousRunIsThursday[79]" classname="hudson.scheduler.CronTabDayOfWeekLocaleTest" time="0"/>
  <testcase name="isSundayAndPreviousRunIsWednesday[79]" classname="hudson.scheduler.CronTabDayOfWeekLocaleTest" time="0"/>
  <testcase name="isSundayAndPreviousRunIsSaturday[79]" classname="hudson.scheduler.CronTabDayOfWeekLocaleTest" time="0"/>
  <testcase name="isSundayAndPreviousRunIsPreviousSunday[79]" classname="hudson.scheduler.CronTabDayOfWeekLocaleTest" time="0"/>
  <testcase name="isSundayAndNextRunIsFriday[79]" classname="hudson.scheduler.CronTabDayOfWeekLocaleTest" time="0"/>
  <testcase name="isSundayAndPreviousRunIsSaturdayAsterisk[79]" classname="hudson.scheduler.CronTabDayOfWeekLocaleTest" time="0.001"/>
  <testcase name="isSundayAndNextRunIsMonday[79]" classname="hudson.scheduler.CronTabDayOfWeekLocaleTest" time="0"/>
  <testcase name="isSundayAndPreviousRunIsFriday[79]" classname="hudson.scheduler.CronTabDayOfWeekLocaleTest" time="0"/>
  <testcase name="isSundayAndNextRunIsTuesday[79]" classname="hudson.scheduler.CronTabDayOfWeekLocaleTest" time="0"/>
  <testcase name="isSundayAndNextRunIsNextSunday7[79]" classname="hudson.scheduler.CronTabDayOfWeekLocaleTest" time="0"/>
  <testcase name="isSundayAndPreviousRunIsMonday[79]" classname="hudson.scheduler.CronTabDayOfWeekLocaleTest" time="0"/>
  <testcase name="isSaturdayAndNextRunIsSundayAsterisk[79]" classname="hudson.scheduler.CronTabDayOfWeekLocaleTest" time="0"/>
  <testcase name="hudson8658[79]" classname="hudson.scheduler.CronTabDayOfWeekLocaleTest" time="0"/>
  <testcase name="isSundayAndNextRunIsNextSunday[79]" classname="hudson.scheduler.CronTabDayOfWeekLocaleTest" time="0"/>
  <testcase name="isSundayAndNextRunIsThursday[79]" classname="hudson.scheduler.CronTabDayOfWeekLocaleTest" time="0"/>
  <testcase name="isSundayAndPreviousRunIsPreviousSunday7[79]" classname="hudson.scheduler.CronTabDayOfWeekLocaleTest" time="0"/>
  <testcase name="isSundayAndNextRunIsWednesday[79]" classname="hudson.scheduler.CronTabDayOfWeekLocaleTest" time="0"/>
  <testcase name="isSundayAndNextRunIsSaturday[79]" classname="hudson.scheduler.CronTabDayOfWeekLocaleTest" time="0"/>
  <testcase name="isSundayAndPreviousRunIsTuesday[80]" classname="hudson.scheduler.CronTabDayOfWeekLocaleTest" time="0"/>
  <testcase name="isSundayAndPreviousRunIsThursday[80]" classname="hudson.scheduler.CronTabDayOfWeekLocaleTest" time="0"/>
  <testcase name="isSundayAndPreviousRunIsWednesday[80]" classname="hudson.scheduler.CronTabDayOfWeekLocaleTest" time="0"/>
  <testcase name="isSundayAndPreviousRunIsSaturday[80]" classname="hudson.scheduler.CronTabDayOfWeekLocaleTest" time="0"/>
  <testcase name="isSundayAndPreviousRunIsPreviousSunday[80]" classname="hudson.scheduler.CronTabDayOfWeekLocaleTest" time="0"/>
  <testcase name="isSundayAndNextRunIsFriday[80]" classname="hudson.scheduler.CronTabDayOfWeekLocaleTest" time="0"/>
  <testcase name="isSundayAndPreviousRunIsSaturdayAsterisk[80]" classname="hudson.scheduler.CronTabDayOfWeekLocaleTest" time="0"/>
  <testcase name="isSundayAndNextRunIsMonday[80]" classname="hudson.scheduler.CronTabDayOfWeekLocaleTest" time="0"/>
  <testcase name="isSundayAndPreviousRunIsFriday[80]" classname="hudson.scheduler.CronTabDayOfWeekLocaleTest" time="0"/>
  <testcase name="isSundayAndNextRunIsTuesday[80]" classname="hudson.scheduler.CronTabDayOfWeekLocaleTest" time="0"/>
  <testcase name="isSundayAndNextRunIsNextSunday7[80]" classname="hudson.scheduler.CronTabDayOfWeekLocaleTest" time="0"/>
  <testcase name="isSundayAndPreviousRunIsMonday[80]" classname="hudson.scheduler.CronTabDayOfWeekLocaleTest" time="0"/>
  <testcase name="isSaturdayAndNextRunIsSundayAsterisk[80]" classname="hudson.scheduler.CronTabDayOfWeekLocaleTest" time="0"/>
  <testcase name="hudson8658[80]" classname="hudson.scheduler.CronTabDayOfWeekLocaleTest" time="0"/>
  <testcase name="isSundayAndNextRunIsNextSunday[80]" classname="hudson.scheduler.CronTabDayOfWeekLocaleTest" time="0"/>
  <testcase name="isSundayAndNextRunIsThursday[80]" classname="hudson.scheduler.CronTabDayOfWeekLocaleTest" time="0"/>
  <testcase name="isSundayAndPreviousRunIsPreviousSunday7[80]" classname="hudson.scheduler.CronTabDayOfWeekLocaleTest" time="0"/>
  <testcase name="isSundayAndNextRunIsWednesday[80]" classname="hudson.scheduler.CronTabDayOfWeekLocaleTest" time="0"/>
  <testcase name="isSundayAndNextRunIsSaturday[80]" classname="hudson.scheduler.CronTabDayOfWeekLocaleTest" time="0"/>
  <testcase name="isSundayAndPreviousRunIsTuesday[81]" classname="hudson.scheduler.CronTabDayOfWeekLocaleTest" time="0"/>
  <testcase name="isSundayAndPreviousRunIsThursday[81]" classname="hudson.scheduler.CronTabDayOfWeekLocaleTest" time="0"/>
  <testcase name="isSundayAndPreviousRunIsWednesday[81]" classname="hudson.scheduler.CronTabDayOfWeekLocaleTest" time="0"/>
  <testcase name="isSundayAndPreviousRunIsSaturday[81]" classname="hudson.scheduler.CronTabDayOfWeekLocaleTest" time="0"/>
  <testcase name="isSundayAndPreviousRunIsPreviousSunday[81]" classname="hudson.scheduler.CronTabDayOfWeekLocaleTest" time="0"/>
  <testcase name="isSundayAndNextRunIsFriday[81]" classname="hudson.scheduler.CronTabDayOfWeekLocaleTest" time="0"/>
  <testcase name="isSundayAndPreviousRunIsSaturdayAsterisk[81]" classname="hudson.scheduler.CronTabDayOfWeekLocaleTest" time="0"/>
  <testcase name="isSundayAndNextRunIsMonday[81]" classname="hudson.scheduler.CronTabDayOfWeekLocaleTest" time="0"/>
  <testcase name="isSundayAndPreviousRunIsFriday[81]" classname="hudson.scheduler.CronTabDayOfWeekLocaleTest" time="0"/>
  <testcase name="isSundayAndNextRunIsTuesday[81]" classname="hudson.scheduler.CronTabDayOfWeekLocaleTest" time="0.001"/>
  <testcase name="isSundayAndNextRunIsNextSunday7[81]" classname="hudson.scheduler.CronTabDayOfWeekLocaleTest" time="0"/>
  <testcase name="isSundayAndPreviousRunIsMonday[81]" classname="hudson.scheduler.CronTabDayOfWeekLocaleTest" time="0"/>
  <testcase name="isSaturdayAndNextRunIsSundayAsterisk[81]" classname="hudson.scheduler.CronTabDayOfWeekLocaleTest" time="0"/>
  <testcase name="hudson8658[81]" classname="hudson.scheduler.CronTabDayOfWeekLocaleTest" time="0"/>
  <testcase name="isSundayAndNextRunIsNextSunday[81]" classname="hudson.scheduler.CronTabDayOfWeekLocaleTest" time="0"/>
  <testcase name="isSundayAndNextRunIsThursday[81]" classname="hudson.scheduler.CronTabDayOfWeekLocaleTest" time="0"/>
  <testcase name="isSundayAndPreviousRunIsPreviousSunday7[81]" classname="hudson.scheduler.CronTabDayOfWeekLocaleTest" time="0"/>
  <testcase name="isSundayAndNextRunIsWednesday[81]" classname="hudson.scheduler.CronTabDayOfWeekLocaleTest" time="0"/>
  <testcase name="isSundayAndNextRunIsSaturday[81]" classname="hudson.scheduler.CronTabDayOfWeekLocaleTest" time="0"/>
  <testcase name="isSundayAndPreviousRunIsTuesday[82]" classname="hudson.scheduler.CronTabDayOfWeekLocaleTest" time="0.001"/>
  <testcase name="isSundayAndPreviousRunIsThursday[82]" classname="hudson.scheduler.CronTabDayOfWeekLocaleTest" time="0"/>
  <testcase name="isSundayAndPreviousRunIsWednesday[82]" classname="hudson.scheduler.CronTabDayOfWeekLocaleTest" time="0"/>
  <testcase name="isSundayAndPreviousRunIsSaturday[82]" classname="hudson.scheduler.CronTabDayOfWeekLocaleTest" time="0"/>
  <testcase name="isSundayAndPreviousRunIsPreviousSunday[82]" classname="hudson.scheduler.CronTabDayOfWeekLocaleTest" time="0"/>
  <testcase name="isSundayAndNextRunIsFriday[82]" classname="hudson.scheduler.CronTabDayOfWeekLocaleTest" time="0"/>
  <testcase name="isSundayAndPreviousRunIsSaturdayAsterisk[82]" classname="hudson.scheduler.CronTabDayOfWeekLocaleTest" time="0"/>
  <testcase name="isSundayAndNextRunIsMonday[82]" classname="hudson.scheduler.CronTabDayOfWeekLocaleTest" time="0"/>
  <testcase name="isSundayAndPreviousRunIsFriday[82]" classname="hudson.scheduler.CronTabDayOfWeekLocaleTest" time="0"/>
  <testcase name="isSundayAndNextRunIsTuesday[82]" classname="hudson.scheduler.CronTabDayOfWeekLocaleTest" time="0"/>
  <testcase name="isSundayAndNextRunIsNextSunday7[82]" classname="hudson.scheduler.CronTabDayOfWeekLocaleTest" time="0"/>
  <testcase name="isSundayAndPreviousRunIsMonday[82]" classname="hudson.scheduler.CronTabDayOfWeekLocaleTest" time="0.001"/>
  <testcase name="isSaturdayAndNextRunIsSundayAsterisk[82]" classname="hudson.scheduler.CronTabDayOfWeekLocaleTest" time="0"/>
  <testcase name="hudson8658[82]" classname="hudson.scheduler.CronTabDayOfWeekLocaleTest" time="0"/>
  <testcase name="isSundayAndNextRunIsNextSunday[82]" classname="hudson.scheduler.CronTabDayOfWeekLocaleTest" time="0"/>
  <testcase name="isSundayAndNextRunIsThursday[82]" classname="hudson.scheduler.CronTabDayOfWeekLocaleTest" time="0"/>
  <testcase name="isSundayAndPreviousRunIsPreviousSunday7[82]" classname="hudson.scheduler.CronTabDayOfWeekLocaleTest" time="0"/>
  <testcase name="isSundayAndNextRunIsWednesday[82]" classname="hudson.scheduler.CronTabDayOfWeekLocaleTest" time="0"/>
  <testcase name="isSundayAndNextRunIsSaturday[82]" classname="hudson.scheduler.CronTabDayOfWeekLocaleTest" time="0"/>
  <testcase name="isSundayAndPreviousRunIsTuesday[83]" classname="hudson.scheduler.CronTabDayOfWeekLocaleTest" time="0"/>
  <testcase name="isSundayAndPreviousRunIsThursday[83]" classname="hudson.scheduler.CronTabDayOfWeekLocaleTest" time="0.001"/>
  <testcase name="isSundayAndPreviousRunIsWednesday[83]" classname="hudson.scheduler.CronTabDayOfWeekLocaleTest" time="0"/>
  <testcase name="isSundayAndPreviousRunIsSaturday[83]" classname="hudson.scheduler.CronTabDayOfWeekLocaleTest" time="0"/>
  <testcase name="isSundayAndPreviousRunIsPreviousSunday[83]" classname="hudson.scheduler.CronTabDayOfWeekLocaleTest" time="0"/>
  <testcase name="isSundayAndNextRunIsFriday[83]" classname="hudson.scheduler.CronTabDayOfWeekLocaleTest" time="0"/>
  <testcase name="isSundayAndPreviousRunIsSaturdayAsterisk[83]" classname="hudson.scheduler.CronTabDayOfWeekLocaleTest" time="0"/>
  <testcase name="isSundayAndNextRunIsMonday[83]" classname="hudson.scheduler.CronTabDayOfWeekLocaleTest" time="0"/>
  <testcase name="isSundayAndPreviousRunIsFriday[83]" classname="hudson.scheduler.CronTabDayOfWeekLocaleTest" time="0"/>
  <testcase name="isSundayAndNextRunIsTuesday[83]" classname="hudson.scheduler.CronTabDayOfWeekLocaleTest" time="0"/>
  <testcase name="isSundayAndNextRunIsNextSunday7[83]" classname="hudson.scheduler.CronTabDayOfWeekLocaleTest" time="0"/>
  <testcase name="isSundayAndPreviousRunIsMonday[83]" classname="hudson.scheduler.CronTabDayOfWeekLocaleTest" time="0"/>
  <testcase name="isSaturdayAndNextRunIsSundayAsterisk[83]" classname="hudson.scheduler.CronTabDayOfWeekLocaleTest" time="0.001"/>
  <testcase name="hudson8658[83]" classname="hudson.scheduler.CronTabDayOfWeekLocaleTest" time="0"/>
  <testcase name="isSundayAndNextRunIsNextSunday[83]" classname="hudson.scheduler.CronTabDayOfWeekLocaleTest" time="0"/>
  <testcase name="isSundayAndNextRunIsThursday[83]" classname="hudson.scheduler.CronTabDayOfWeekLocaleTest" time="0"/>
  <testcase name="isSundayAndPreviousRunIsPreviousSunday7[83]" classname="hudson.scheduler.CronTabDayOfWeekLocaleTest" time="0"/>
  <testcase name="isSundayAndNextRunIsWednesday[83]" classname="hudson.scheduler.CronTabDayOfWeekLocaleTest" time="0"/>
  <testcase name="isSundayAndNextRunIsSaturday[83]" classname="hudson.scheduler.CronTabDayOfWeekLocaleTest" time="0"/>
  <testcase name="isSundayAndPreviousRunIsTuesday[84]" classname="hudson.scheduler.CronTabDayOfWeekLocaleTest" time="0"/>
  <testcase name="isSundayAndPreviousRunIsThursday[84]" classname="hudson.scheduler.CronTabDayOfWeekLocaleTest" time="0"/>
  <testcase name="isSundayAndPreviousRunIsWednesday[84]" classname="hudson.scheduler.CronTabDayOfWeekLocaleTest" time="0"/>
  <testcase name="isSundayAndPreviousRunIsSaturday[84]" classname="hudson.scheduler.CronTabDayOfWeekLocaleTest" time="0"/>
  <testcase name="isSundayAndPreviousRunIsPreviousSunday[84]" classname="hudson.scheduler.CronTabDayOfWeekLocaleTest" time="0"/>
  <testcase name="isSundayAndNextRunIsFriday[84]" classname="hudson.scheduler.CronTabDayOfWeekLocaleTest" time="0"/>
  <testcase name="isSundayAndPreviousRunIsSaturdayAsterisk[84]" classname="hudson.scheduler.CronTabDayOfWeekLocaleTest" time="0"/>
  <testcase name="isSundayAndNextRunIsMonday[84]" classname="hudson.scheduler.CronTabDayOfWeekLocaleTest" time="0"/>
  <testcase name="isSundayAndPreviousRunIsFriday[84]" classname="hudson.scheduler.CronTabDayOfWeekLocaleTest" time="0"/>
  <testcase name="isSundayAndNextRunIsTuesday[84]" classname="hudson.scheduler.CronTabDayOfWeekLocaleTest" time="0"/>
  <testcase name="isSundayAndNextRunIsNextSunday7[84]" classname="hudson.scheduler.CronTabDayOfWeekLocaleTest" time="0"/>
  <testcase name="isSundayAndPreviousRunIsMonday[84]" classname="hudson.scheduler.CronTabDayOfWeekLocaleTest" time="0"/>
  <testcase name="isSaturdayAndNextRunIsSundayAsterisk[84]" classname="hudson.scheduler.CronTabDayOfWeekLocaleTest" time="0"/>
  <testcase name="hudson8658[84]" classname="hudson.scheduler.CronTabDayOfWeekLocaleTest" time="0.001"/>
  <testcase name="isSundayAndNextRunIsNextSunday[84]" classname="hudson.scheduler.CronTabDayOfWeekLocaleTest" time="0"/>
  <testcase name="isSundayAndNextRunIsThursday[84]" classname="hudson.scheduler.CronTabDayOfWeekLocaleTest" time="0"/>
  <testcase name="isSundayAndPreviousRunIsPreviousSunday7[84]" classname="hudson.scheduler.CronTabDayOfWeekLocaleTest" time="0"/>
  <testcase name="isSundayAndNextRunIsWednesday[84]" classname="hudson.scheduler.CronTabDayOfWeekLocaleTest" time="0"/>
  <testcase name="isSundayAndNextRunIsSaturday[84]" classname="hudson.scheduler.CronTabDayOfWeekLocaleTest" time="0"/>
  <testcase name="isSundayAndPreviousRunIsTuesday[85]" classname="hudson.scheduler.CronTabDayOfWeekLocaleTest" time="0"/>
  <testcase name="isSundayAndPreviousRunIsThursday[85]" classname="hudson.scheduler.CronTabDayOfWeekLocaleTest" time="0"/>
  <testcase name="isSundayAndPreviousRunIsWednesday[85]" classname="hudson.scheduler.CronTabDayOfWeekLocaleTest" time="0"/>
  <testcase name="isSundayAndPreviousRunIsSaturday[85]" classname="hudson.scheduler.CronTabDayOfWeekLocaleTest" time="0"/>
  <testcase name="isSundayAndPreviousRunIsPreviousSunday[85]" classname="hudson.scheduler.CronTabDayOfWeekLocaleTest" time="0.001"/>
  <testcase name="isSundayAndNextRunIsFriday[85]" classname="hudson.scheduler.CronTabDayOfWeekLocaleTest" time="0"/>
  <testcase name="isSundayAndPreviousRunIsSaturdayAsterisk[85]" classname="hudson.scheduler.CronTabDayOfWeekLocaleTest" time="0"/>
  <testcase name="isSundayAndNextRunIsMonday[85]" classname="hudson.scheduler.CronTabDayOfWeekLocaleTest" time="0"/>
  <testcase name="isSundayAndPreviousRunIsFriday[85]" classname="hudson.scheduler.CronTabDayOfWeekLocaleTest" time="0"/>
  <testcase name="isSundayAndNextRunIsTuesday[85]" classname="hudson.scheduler.CronTabDayOfWeekLocaleTest" time="0"/>
  <testcase name="isSundayAndNextRunIsNextSunday7[85]" classname="hudson.scheduler.CronTabDayOfWeekLocaleTest" time="0"/>
  <testcase name="isSundayAndPreviousRunIsMonday[85]" classname="hudson.scheduler.CronTabDayOfWeekLocaleTest" time="0"/>
  <testcase name="isSaturdayAndNextRunIsSundayAsterisk[85]" classname="hudson.scheduler.CronTabDayOfWeekLocaleTest" time="0"/>
  <testcase name="hudson8658[85]" classname="hudson.scheduler.CronTabDayOfWeekLocaleTest" time="0"/>
  <testcase name="isSundayAndNextRunIsNextSunday[85]" classname="hudson.scheduler.CronTabDayOfWeekLocaleTest" time="0"/>
  <testcase name="isSundayAndNextRunIsThursday[85]" classname="hudson.scheduler.CronTabDayOfWeekLocaleTest" time="0.001"/>
  <testcase name="isSundayAndPreviousRunIsPreviousSunday7[85]" classname="hudson.scheduler.CronTabDayOfWeekLocaleTest" time="0"/>
  <testcase name="isSundayAndNextRunIsWednesday[85]" classname="hudson.scheduler.CronTabDayOfWeekLocaleTest" time="0"/>
  <testcase name="isSundayAndNextRunIsSaturday[85]" classname="hudson.scheduler.CronTabDayOfWeekLocaleTest" time="0"/>
  <testcase name="isSundayAndPreviousRunIsTuesday[86]" classname="hudson.scheduler.CronTabDayOfWeekLocaleTest" time="0"/>
  <testcase name="isSundayAndPreviousRunIsThursday[86]" classname="hudson.scheduler.CronTabDayOfWeekLocaleTest" time="0"/>
  <testcase name="isSundayAndPreviousRunIsWednesday[86]" classname="hudson.scheduler.CronTabDayOfWeekLocaleTest" time="0"/>
  <testcase name="isSundayAndPreviousRunIsSaturday[86]" classname="hudson.scheduler.CronTabDayOfWeekLocaleTest" time="0"/>
  <testcase name="isSundayAndPreviousRunIsPreviousSunday[86]" classname="hudson.scheduler.CronTabDayOfWeekLocaleTest" time="0"/>
  <testcase name="isSundayAndNextRunIsFriday[86]" classname="hudson.scheduler.CronTabDayOfWeekLocaleTest" time="0.001"/>
  <testcase name="isSundayAndPreviousRunIsSaturdayAsterisk[86]" classname="hudson.scheduler.CronTabDayOfWeekLocaleTest" time="0"/>
  <testcase name="isSundayAndNextRunIsMonday[86]" classname="hudson.scheduler.CronTabDayOfWeekLocaleTest" time="0"/>
  <testcase name="isSundayAndPreviousRunIsFriday[86]" classname="hudson.scheduler.CronTabDayOfWeekLocaleTest" time="0"/>
  <testcase name="isSundayAndNextRunIsTuesday[86]" classname="hudson.scheduler.CronTabDayOfWeekLocaleTest" time="0"/>
  <testcase name="isSundayAndNextRunIsNextSunday7[86]" classname="hudson.scheduler.CronTabDayOfWeekLocaleTest" time="0"/>
  <testcase name="isSundayAndPreviousRunIsMonday[86]" classname="hudson.scheduler.CronTabDayOfWeekLocaleTest" time="0"/>
  <testcase name="isSaturdayAndNextRunIsSundayAsterisk[86]" classname="hudson.scheduler.CronTabDayOfWeekLocaleTest" time="0"/>
  <testcase name="hudson8658[86]" classname="hudson.scheduler.CronTabDayOfWeekLocaleTest" time="0"/>
  <testcase name="isSundayAndNextRunIsNextSunday[86]" classname="hudson.scheduler.CronTabDayOfWeekLocaleTest" time="0"/>
  <testcase name="isSundayAndNextRunIsThursday[86]" classname="hudson.scheduler.CronTabDayOfWeekLocaleTest" time="0"/>
  <testcase name="isSundayAndPreviousRunIsPreviousSunday7[86]" classname="hudson.scheduler.CronTabDayOfWeekLocaleTest" time="0.001"/>
  <testcase name="isSundayAndNextRunIsWednesday[86]" classname="hudson.scheduler.CronTabDayOfWeekLocaleTest" time="0"/>
  <testcase name="isSundayAndNextRunIsSaturday[86]" classname="hudson.scheduler.CronTabDayOfWeekLocaleTest" time="0"/>
  <testcase name="isSundayAndPreviousRunIsTuesday[87]" classname="hudson.scheduler.CronTabDayOfWeekLocaleTest" time="0"/>
  <testcase name="isSundayAndPreviousRunIsThursday[87]" classname="hudson.scheduler.CronTabDayOfWeekLocaleTest" time="0"/>
  <testcase name="isSundayAndPreviousRunIsWednesday[87]" classname="hudson.scheduler.CronTabDayOfWeekLocaleTest" time="0"/>
  <testcase name="isSundayAndPreviousRunIsSaturday[87]" classname="hudson.scheduler.CronTabDayOfWeekLocaleTest" time="0"/>
  <testcase name="isSundayAndPreviousRunIsPreviousSunday[87]" classname="hudson.scheduler.CronTabDayOfWeekLocaleTest" time="0"/>
  <testcase name="isSundayAndNextRunIsFriday[87]" classname="hudson.scheduler.CronTabDayOfWeekLocaleTest" time="0"/>
  <testcase name="isSundayAndPreviousRunIsSaturdayAsterisk[87]" classname="hudson.scheduler.CronTabDayOfWeekLocaleTest" time="0"/>
  <testcase name="isSundayAndNextRunIsMonday[87]" classname="hudson.scheduler.CronTabDayOfWeekLocaleTest" time="0.001"/>
  <testcase name="isSundayAndPreviousRunIsFriday[87]" classname="hudson.scheduler.CronTabDayOfWeekLocaleTest" time="0"/>
  <testcase name="isSundayAndNextRunIsTuesday[87]" classname="hudson.scheduler.CronTabDayOfWeekLocaleTest" time="0"/>
  <testcase name="isSundayAndNextRunIsNextSunday7[87]" classname="hudson.scheduler.CronTabDayOfWeekLocaleTest" time="0"/>
  <testcase name="isSundayAndPreviousRunIsMonday[87]" classname="hudson.scheduler.CronTabDayOfWeekLocaleTest" time="0"/>
  <testcase name="isSaturdayAndNextRunIsSundayAsterisk[87]" classname="hudson.scheduler.CronTabDayOfWeekLocaleTest" time="0"/>
  <testcase name="hudson8658[87]" classname="hudson.scheduler.CronTabDayOfWeekLocaleTest" time="0"/>
  <testcase name="isSundayAndNextRunIsNextSunday[87]" classname="hudson.scheduler.CronTabDayOfWeekLocaleTest" time="0"/>
  <testcase name="isSundayAndNextRunIsThursday[87]" classname="hudson.scheduler.CronTabDayOfWeekLocaleTest" time="0"/>
  <testcase name="isSundayAndPreviousRunIsPreviousSunday7[87]" classname="hudson.scheduler.CronTabDayOfWeekLocaleTest" time="0"/>
  <testcase name="isSundayAndNextRunIsWednesday[87]" classname="hudson.scheduler.CronTabDayOfWeekLocaleTest" time="0"/>
  <testcase name="isSundayAndNextRunIsSaturday[87]" classname="hudson.scheduler.CronTabDayOfWeekLocaleTest" time="0.001"/>
  <testcase name="isSundayAndPreviousRunIsTuesday[88]" classname="hudson.scheduler.CronTabDayOfWeekLocaleTest" time="0"/>
  <testcase name="isSundayAndPreviousRunIsThursday[88]" classname="hudson.scheduler.CronTabDayOfWeekLocaleTest" time="0"/>
  <testcase name="isSundayAndPreviousRunIsWednesday[88]" classname="hudson.scheduler.CronTabDayOfWeekLocaleTest" time="0"/>
  <testcase name="isSundayAndPreviousRunIsSaturday[88]" classname="hudson.scheduler.CronTabDayOfWeekLocaleTest" time="0"/>
  <testcase name="isSundayAndPreviousRunIsPreviousSunday[88]" classname="hudson.scheduler.CronTabDayOfWeekLocaleTest" time="0"/>
  <testcase name="isSundayAndNextRunIsFriday[88]" classname="hudson.scheduler.CronTabDayOfWeekLocaleTest" time="0"/>
  <testcase name="isSundayAndPreviousRunIsSaturdayAsterisk[88]" classname="hudson.scheduler.CronTabDayOfWeekLocaleTest" time="0"/>
  <testcase name="isSundayAndNextRunIsMonday[88]" classname="hudson.scheduler.CronTabDayOfWeekLocaleTest" time="0"/>
  <testcase name="isSundayAndPreviousRunIsFriday[88]" classname="hudson.scheduler.CronTabDayOfWeekLocaleTest" time="0"/>
  <testcase name="isSundayAndNextRunIsTuesday[88]" classname="hudson.scheduler.CronTabDayOfWeekLocaleTest" time="0"/>
  <testcase name="isSundayAndNextRunIsNextSunday7[88]" classname="hudson.scheduler.CronTabDayOfWeekLocaleTest" time="0"/>
  <testcase name="isSundayAndPreviousRunIsMonday[88]" classname="hudson.scheduler.CronTabDayOfWeekLocaleTest" time="0"/>
  <testcase name="isSaturdayAndNextRunIsSundayAsterisk[88]" classname="hudson.scheduler.CronTabDayOfWeekLocaleTest" time="0"/>
  <testcase name="hudson8658[88]" classname="hudson.scheduler.CronTabDayOfWeekLocaleTest" time="0"/>
  <testcase name="isSundayAndNextRunIsNextSunday[88]" classname="hudson.scheduler.CronTabDayOfWeekLocaleTest" time="0"/>
  <testcase name="isSundayAndNextRunIsThursday[88]" classname="hudson.scheduler.CronTabDayOfWeekLocaleTest" time="0"/>
  <testcase name="isSundayAndPreviousRunIsPreviousSunday7[88]" classname="hudson.scheduler.CronTabDayOfWeekLocaleTest" time="0"/>
  <testcase name="isSundayAndNextRunIsWednesday[88]" classname="hudson.scheduler.CronTabDayOfWeekLocaleTest" time="0"/>
  <testcase name="isSundayAndNextRunIsSaturday[88]" classname="hudson.scheduler.CronTabDayOfWeekLocaleTest" time="0"/>
  <testcase name="isSundayAndPreviousRunIsTuesday[89]" classname="hudson.scheduler.CronTabDayOfWeekLocaleTest" time="0"/>
  <testcase name="isSundayAndPreviousRunIsThursday[89]" classname="hudson.scheduler.CronTabDayOfWeekLocaleTest" time="0"/>
  <testcase name="isSundayAndPreviousRunIsWednesday[89]" classname="hudson.scheduler.CronTabDayOfWeekLocaleTest" time="0"/>
  <testcase name="isSundayAndPreviousRunIsSaturday[89]" classname="hudson.scheduler.CronTabDayOfWeekLocaleTest" time="0"/>
  <testcase name="isSundayAndPreviousRunIsPreviousSunday[89]" classname="hudson.scheduler.CronTabDayOfWeekLocaleTest" time="0"/>
  <testcase name="isSundayAndNextRunIsFriday[89]" classname="hudson.scheduler.CronTabDayOfWeekLocaleTest" time="0"/>
  <testcase name="isSundayAndPreviousRunIsSaturdayAsterisk[89]" classname="hudson.scheduler.CronTabDayOfWeekLocaleTest" time="0"/>
  <testcase name="isSundayAndNextRunIsMonday[89]" classname="hudson.scheduler.CronTabDayOfWeekLocaleTest" time="0"/>
  <testcase name="isSundayAndPreviousRunIsFriday[89]" classname="hudson.scheduler.CronTabDayOfWeekLocaleTest" time="0"/>
  <testcase name="isSundayAndNextRunIsTuesday[89]" classname="hudson.scheduler.CronTabDayOfWeekLocaleTest" time="0"/>
  <testcase name="isSundayAndNextRunIsNextSunday7[89]" classname="hudson.scheduler.CronTabDayOfWeekLocaleTest" time="0.001"/>
  <testcase name="isSundayAndPreviousRunIsMonday[89]" classname="hudson.scheduler.CronTabDayOfWeekLocaleTest" time="0"/>
  <testcase name="isSaturdayAndNextRunIsSundayAsterisk[89]" classname="hudson.scheduler.CronTabDayOfWeekLocaleTest" time="0"/>
  <testcase name="hudson8658[89]" classname="hudson.scheduler.CronTabDayOfWeekLocaleTest" time="0"/>
  <testcase name="isSundayAndNextRunIsNextSunday[89]" classname="hudson.scheduler.CronTabDayOfWeekLocaleTest" time="0"/>
  <testcase name="isSundayAndNextRunIsThursday[89]" classname="hudson.scheduler.CronTabDayOfWeekLocaleTest" time="0"/>
  <testcase name="isSundayAndPreviousRunIsPreviousSunday7[89]" classname="hudson.scheduler.CronTabDayOfWeekLocaleTest" time="0"/>
  <testcase name="isSundayAndNextRunIsWednesday[89]" classname="hudson.scheduler.CronTabDayOfWeekLocaleTest" time="0"/>
  <testcase name="isSundayAndNextRunIsSaturday[89]" classname="hudson.scheduler.CronTabDayOfWeekLocaleTest" time="0"/>
  <testcase name="isSundayAndPreviousRunIsTuesday[90]" classname="hudson.scheduler.CronTabDayOfWeekLocaleTest" time="0"/>
  <testcase name="isSundayAndPreviousRunIsThursday[90]" classname="hudson.scheduler.CronTabDayOfWeekLocaleTest" time="0.001"/>
  <testcase name="isSundayAndPreviousRunIsWednesday[90]" classname="hudson.scheduler.CronTabDayOfWeekLocaleTest" time="0"/>
  <testcase name="isSundayAndPreviousRunIsSaturday[90]" classname="hudson.scheduler.CronTabDayOfWeekLocaleTest" time="0"/>
  <testcase name="isSundayAndPreviousRunIsPreviousSunday[90]" classname="hudson.scheduler.CronTabDayOfWeekLocaleTest" time="0"/>
  <testcase name="isSundayAndNextRunIsFriday[90]" classname="hudson.scheduler.CronTabDayOfWeekLocaleTest" time="0"/>
  <testcase name="isSundayAndPreviousRunIsSaturdayAsterisk[90]" classname="hudson.scheduler.CronTabDayOfWeekLocaleTest" time="0"/>
  <testcase name="isSundayAndNextRunIsMonday[90]" classname="hudson.scheduler.CronTabDayOfWeekLocaleTest" time="0"/>
  <testcase name="isSundayAndPreviousRunIsFriday[90]" classname="hudson.scheduler.CronTabDayOfWeekLocaleTest" time="0"/>
  <testcase name="isSundayAndNextRunIsTuesday[90]" classname="hudson.scheduler.CronTabDayOfWeekLocaleTest" time="0"/>
  <testcase name="isSundayAndNextRunIsNextSunday7[90]" classname="hudson.scheduler.CronTabDayOfWeekLocaleTest" time="0"/>
  <testcase name="isSundayAndPreviousRunIsMonday[90]" classname="hudson.scheduler.CronTabDayOfWeekLocaleTest" time="0"/>
  <testcase name="isSaturdayAndNextRunIsSundayAsterisk[90]" classname="hudson.scheduler.CronTabDayOfWeekLocaleTest" time="0"/>
  <testcase name="hudson8658[90]" classname="hudson.scheduler.CronTabDayOfWeekLocaleTest" time="0"/>
  <testcase name="isSundayAndNextRunIsNextSunday[90]" classname="hudson.scheduler.CronTabDayOfWeekLocaleTest" time="0"/>
  <testcase name="isSundayAndNextRunIsThursday[90]" classname="hudson.scheduler.CronTabDayOfWeekLocaleTest" time="0"/>
  <testcase name="isSundayAndPreviousRunIsPreviousSunday7[90]" classname="hudson.scheduler.CronTabDayOfWeekLocaleTest" time="0"/>
  <testcase name="isSundayAndNextRunIsWednesday[90]" classname="hudson.scheduler.CronTabDayOfWeekLocaleTest" time="0"/>
  <testcase name="isSundayAndNextRunIsSaturday[90]" classname="hudson.scheduler.CronTabDayOfWeekLocaleTest" time="0"/>
  <testcase name="isSundayAndPreviousRunIsTuesday[91]" classname="hudson.scheduler.CronTabDayOfWeekLocaleTest" time="0"/>
  <testcase name="isSundayAndPreviousRunIsThursday[91]" classname="hudson.scheduler.CronTabDayOfWeekLocaleTest" time="0"/>
  <testcase name="isSundayAndPreviousRunIsWednesday[91]" classname="hudson.scheduler.CronTabDayOfWeekLocaleTest" time="0"/>
  <testcase name="isSundayAndPreviousRunIsSaturday[91]" classname="hudson.scheduler.CronTabDayOfWeekLocaleTest" time="0"/>
  <testcase name="isSundayAndPreviousRunIsPreviousSunday[91]" classname="hudson.scheduler.CronTabDayOfWeekLocaleTest" time="0"/>
  <testcase name="isSundayAndNextRunIsFriday[91]" classname="hudson.scheduler.CronTabDayOfWeekLocaleTest" time="0"/>
  <testcase name="isSundayAndPreviousRunIsSaturdayAsterisk[91]" classname="hudson.scheduler.CronTabDayOfWeekLocaleTest" time="0"/>
  <testcase name="isSundayAndNextRunIsMonday[91]" classname="hudson.scheduler.CronTabDayOfWeekLocaleTest" time="0"/>
  <testcase name="isSundayAndPreviousRunIsFriday[91]" classname="hudson.scheduler.CronTabDayOfWeekLocaleTest" time="0"/>
  <testcase name="isSundayAndNextRunIsTuesday[91]" classname="hudson.scheduler.CronTabDayOfWeekLocaleTest" time="0"/>
  <testcase name="isSundayAndNextRunIsNextSunday7[91]" classname="hudson.scheduler.CronTabDayOfWeekLocaleTest" time="0"/>
  <testcase name="isSundayAndPreviousRunIsMonday[91]" classname="hudson.scheduler.CronTabDayOfWeekLocaleTest" time="0"/>
  <testcase name="isSaturdayAndNextRunIsSundayAsterisk[91]" classname="hudson.scheduler.CronTabDayOfWeekLocaleTest" time="0"/>
  <testcase name="hudson8658[91]" classname="hudson.scheduler.CronTabDayOfWeekLocaleTest" time="0"/>
  <testcase name="isSundayAndNextRunIsNextSunday[91]" classname="hudson.scheduler.CronTabDayOfWeekLocaleTest" time="0"/>
  <testcase name="isSundayAndNextRunIsThursday[91]" classname="hudson.scheduler.CronTabDayOfWeekLocaleTest" time="0"/>
  <testcase name="isSundayAndPreviousRunIsPreviousSunday7[91]" classname="hudson.scheduler.CronTabDayOfWeekLocaleTest" time="0"/>
  <testcase name="isSundayAndNextRunIsWednesday[91]" classname="hudson.scheduler.CronTabDayOfWeekLocaleTest" time="0"/>
  <testcase name="isSundayAndNextRunIsSaturday[91]" classname="hudson.scheduler.CronTabDayOfWeekLocaleTest" time="0"/>
  <testcase name="isSundayAndPreviousRunIsTuesday[92]" classname="hudson.scheduler.CronTabDayOfWeekLocaleTest" time="0"/>
  <testcase name="isSundayAndPreviousRunIsThursday[92]" classname="hudson.scheduler.CronTabDayOfWeekLocaleTest" time="0"/>
  <testcase name="isSundayAndPreviousRunIsWednesday[92]" classname="hudson.scheduler.CronTabDayOfWeekLocaleTest" time="0"/>
  <testcase name="isSundayAndPreviousRunIsSaturday[92]" classname="hudson.scheduler.CronTabDayOfWeekLocaleTest" time="0"/>
  <testcase name="isSundayAndPreviousRunIsPreviousSunday[92]" classname="hudson.scheduler.CronTabDayOfWeekLocaleTest" time="0"/>
  <testcase name="isSundayAndNextRunIsFriday[92]" classname="hudson.scheduler.CronTabDayOfWeekLocaleTest" time="0"/>
  <testcase name="isSundayAndPreviousRunIsSaturdayAsterisk[92]" classname="hudson.scheduler.CronTabDayOfWeekLocaleTest" time="0"/>
  <testcase name="isSundayAndNextRunIsMonday[92]" classname="hudson.scheduler.CronTabDayOfWeekLocaleTest" time="0"/>
  <testcase name="isSundayAndPreviousRunIsFriday[92]" classname="hudson.scheduler.CronTabDayOfWeekLocaleTest" time="0"/>
  <testcase name="isSundayAndNextRunIsTuesday[92]" classname="hudson.scheduler.CronTabDayOfWeekLocaleTest" time="0"/>
  <testcase name="isSundayAndNextRunIsNextSunday7[92]" classname="hudson.scheduler.CronTabDayOfWeekLocaleTest" time="0"/>
  <testcase name="isSundayAndPreviousRunIsMonday[92]" classname="hudson.scheduler.CronTabDayOfWeekLocaleTest" time="0.001"/>
  <testcase name="isSaturdayAndNextRunIsSundayAsterisk[92]" classname="hudson.scheduler.CronTabDayOfWeekLocaleTest" time="0"/>
  <testcase name="hudson8658[92]" classname="hudson.scheduler.CronTabDayOfWeekLocaleTest" time="0"/>
  <testcase name="isSundayAndNextRunIsNextSunday[92]" classname="hudson.scheduler.CronTabDayOfWeekLocaleTest" time="0"/>
  <testcase name="isSundayAndNextRunIsThursday[92]" classname="hudson.scheduler.CronTabDayOfWeekLocaleTest" time="0"/>
  <testcase name="isSundayAndPreviousRunIsPreviousSunday7[92]" classname="hudson.scheduler.CronTabDayOfWeekLocaleTest" time="0"/>
  <testcase name="isSundayAndNextRunIsWednesday[92]" classname="hudson.scheduler.CronTabDayOfWeekLocaleTest" time="0"/>
  <testcase name="isSundayAndNextRunIsSaturday[92]" classname="hudson.scheduler.CronTabDayOfWeekLocaleTest" time="0"/>
  <testcase name="isSundayAndPreviousRunIsTuesday[93]" classname="hudson.scheduler.CronTabDayOfWeekLocaleTest" time="0"/>
  <testcase name="isSundayAndPreviousRunIsThursday[93]" classname="hudson.scheduler.CronTabDayOfWeekLocaleTest" time="0.001"/>
  <testcase name="isSundayAndPreviousRunIsWednesday[93]" classname="hudson.scheduler.CronTabDayOfWeekLocaleTest" time="0"/>
  <testcase name="isSundayAndPreviousRunIsSaturday[93]" classname="hudson.scheduler.CronTabDayOfWeekLocaleTest" time="0"/>
  <testcase name="isSundayAndPreviousRunIsPreviousSunday[93]" classname="hudson.scheduler.CronTabDayOfWeekLocaleTest" time="0"/>
  <testcase name="isSundayAndNextRunIsFriday[93]" classname="hudson.scheduler.CronTabDayOfWeekLocaleTest" time="0"/>
  <testcase name="isSundayAndPreviousRunIsSaturdayAsterisk[93]" classname="hudson.scheduler.CronTabDayOfWeekLocaleTest" time="0"/>
  <testcase name="isSundayAndNextRunIsMonday[93]" classname="hudson.scheduler.CronTabDayOfWeekLocaleTest" time="0"/>
  <testcase name="isSundayAndPreviousRunIsFriday[93]" classname="hudson.scheduler.CronTabDayOfWeekLocaleTest" time="0"/>
  <testcase name="isSundayAndNextRunIsTuesday[93]" classname="hudson.scheduler.CronTabDayOfWeekLocaleTest" time="0"/>
  <testcase name="isSundayAndNextRunIsNextSunday7[93]" classname="hudson.scheduler.CronTabDayOfWeekLocaleTest" time="0"/>
  <testcase name="isSundayAndPreviousRunIsMonday[93]" classname="hudson.scheduler.CronTabDayOfWeekLocaleTest" time="0"/>
  <testcase name="isSaturdayAndNextRunIsSundayAsterisk[93]" classname="hudson.scheduler.CronTabDayOfWeekLocaleTest" time="0.001"/>
  <testcase name="hudson8658[93]" classname="hudson.scheduler.CronTabDayOfWeekLocaleTest" time="0"/>
  <testcase name="isSundayAndNextRunIsNextSunday[93]" classname="hudson.scheduler.CronTabDayOfWeekLocaleTest" time="0"/>
  <testcase name="isSundayAndNextRunIsThursday[93]" classname="hudson.scheduler.CronTabDayOfWeekLocaleTest" time="0"/>
  <testcase name="isSundayAndPreviousRunIsPreviousSunday7[93]" classname="hudson.scheduler.CronTabDayOfWeekLocaleTest" time="0"/>
  <testcase name="isSundayAndNextRunIsWednesday[93]" classname="hudson.scheduler.CronTabDayOfWeekLocaleTest" time="0"/>
  <testcase name="isSundayAndNextRunIsSaturday[93]" classname="hudson.scheduler.CronTabDayOfWeekLocaleTest" time="0"/>
  <testcase name="isSundayAndPreviousRunIsTuesday[94]" classname="hudson.scheduler.CronTabDayOfWeekLocaleTest" time="0"/>
  <testcase name="isSundayAndPreviousRunIsThursday[94]" classname="hudson.scheduler.CronTabDayOfWeekLocaleTest" time="0"/>
  <testcase name="isSundayAndPreviousRunIsWednesday[94]" classname="hudson.scheduler.CronTabDayOfWeekLocaleTest" time="0"/>
  <testcase name="isSundayAndPreviousRunIsSaturday[94]" classname="hudson.scheduler.CronTabDayOfWeekLocaleTest" time="0.001"/>
  <testcase name="isSundayAndPreviousRunIsPreviousSunday[94]" classname="hudson.scheduler.CronTabDayOfWeekLocaleTest" time="0"/>
  <testcase name="isSundayAndNextRunIsFriday[94]" classname="hudson.scheduler.CronTabDayOfWeekLocaleTest" time="0"/>
  <testcase name="isSundayAndPreviousRunIsSaturdayAsterisk[94]" classname="hudson.scheduler.CronTabDayOfWeekLocaleTest" time="0"/>
  <testcase name="isSundayAndNextRunIsMonday[94]" classname="hudson.scheduler.CronTabDayOfWeekLocaleTest" time="0"/>
  <testcase name="isSundayAndPreviousRunIsFriday[94]" classname="hudson.scheduler.CronTabDayOfWeekLocaleTest" time="0"/>
  <testcase name="isSundayAndNextRunIsTuesday[94]" classname="hudson.scheduler.CronTabDayOfWeekLocaleTest" time="0"/>
  <testcase name="isSundayAndNextRunIsNextSunday7[94]" classname="hudson.scheduler.CronTabDayOfWeekLocaleTest" time="0"/>
  <testcase name="isSundayAndPreviousRunIsMonday[94]" classname="hudson.scheduler.CronTabDayOfWeekLocaleTest" time="0"/>
  <testcase name="isSaturdayAndNextRunIsSundayAsterisk[94]" classname="hudson.scheduler.CronTabDayOfWeekLocaleTest" time="0"/>
  <testcase name="hudson8658[94]" classname="hudson.scheduler.CronTabDayOfWeekLocaleTest" time="0"/>
  <testcase name="isSundayAndNextRunIsNextSunday[94]" classname="hudson.scheduler.CronTabDayOfWeekLocaleTest" time="0"/>
  <testcase name="isSundayAndNextRunIsThursday[94]" classname="hudson.scheduler.CronTabDayOfWeekLocaleTest" time="0"/>
  <testcase name="isSundayAndPreviousRunIsPreviousSunday7[94]" classname="hudson.scheduler.CronTabDayOfWeekLocaleTest" time="0"/>
  <testcase name="isSundayAndNextRunIsWednesday[94]" classname="hudson.scheduler.CronTabDayOfWeekLocaleTest" time="0"/>
  <testcase name="isSundayAndNextRunIsSaturday[94]" classname="hudson.scheduler.CronTabDayOfWeekLocaleTest" time="0"/>
  <testcase name="isSundayAndPreviousRunIsTuesday[95]" classname="hudson.scheduler.CronTabDayOfWeekLocaleTest" time="0"/>
  <testcase name="isSundayAndPreviousRunIsThursday[95]" classname="hudson.scheduler.CronTabDayOfWeekLocaleTest" time="0"/>
  <testcase name="isSundayAndPreviousRunIsWednesday[95]" classname="hudson.scheduler.CronTabDayOfWeekLocaleTest" time="0"/>
  <testcase name="isSundayAndPreviousRunIsSaturday[95]" classname="hudson.scheduler.CronTabDayOfWeekLocaleTest" time="0.001"/>
  <testcase name="isSundayAndPreviousRunIsPreviousSunday[95]" classname="hudson.scheduler.CronTabDayOfWeekLocaleTest" time="0"/>
  <testcase name="isSundayAndNextRunIsFriday[95]" classname="hudson.scheduler.CronTabDayOfWeekLocaleTest" time="0"/>
  <testcase name="isSundayAndPreviousRunIsSaturdayAsterisk[95]" classname="hudson.scheduler.CronTabDayOfWeekLocaleTest" time="0"/>
  <testcase name="isSundayAndNextRunIsMonday[95]" classname="hudson.scheduler.CronTabDayOfWeekLocaleTest" time="0"/>
  <testcase name="isSundayAndPreviousRunIsFriday[95]" classname="hudson.scheduler.CronTabDayOfWeekLocaleTest" time="0"/>
  <testcase name="isSundayAndNextRunIsTuesday[95]" classname="hudson.scheduler.CronTabDayOfWeekLocaleTest" time="0"/>
  <testcase name="isSundayAndNextRunIsNextSunday7[95]" classname="hudson.scheduler.CronTabDayOfWeekLocaleTest" time="0"/>
  <testcase name="isSundayAndPreviousRunIsMonday[95]" classname="hudson.scheduler.CronTabDayOfWeekLocaleTest" time="0"/>
  <testcase name="isSaturdayAndNextRunIsSundayAsterisk[95]" classname="hudson.scheduler.CronTabDayOfWeekLocaleTest" time="0"/>
  <testcase name="hudson8658[95]" classname="hudson.scheduler.CronTabDayOfWeekLocaleTest" time="0"/>
  <testcase name="isSundayAndNextRunIsNextSunday[95]" classname="hudson.scheduler.CronTabDayOfWeekLocaleTest" time="0.001"/>
  <testcase name="isSundayAndNextRunIsThursday[95]" classname="hudson.scheduler.CronTabDayOfWeekLocaleTest" time="0"/>
  <testcase name="isSundayAndPreviousRunIsPreviousSunday7[95]" classname="hudson.scheduler.CronTabDayOfWeekLocaleTest" time="0"/>
  <testcase name="isSundayAndNextRunIsWednesday[95]" classname="hudson.scheduler.CronTabDayOfWeekLocaleTest" time="0"/>
  <testcase name="isSundayAndNextRunIsSaturday[95]" classname="hudson.scheduler.CronTabDayOfWeekLocaleTest" time="0"/>
  <testcase name="isSundayAndPreviousRunIsTuesday[96]" classname="hudson.scheduler.CronTabDayOfWeekLocaleTest" time="0"/>
  <testcase name="isSundayAndPreviousRunIsThursday[96]" classname="hudson.scheduler.CronTabDayOfWeekLocaleTest" time="0"/>
  <testcase name="isSundayAndPreviousRunIsWednesday[96]" classname="hudson.scheduler.CronTabDayOfWeekLocaleTest" time="0"/>
  <testcase name="isSundayAndPreviousRunIsSaturday[96]" classname="hudson.scheduler.CronTabDayOfWeekLocaleTest" time="0"/>
  <testcase name="isSundayAndPreviousRunIsPreviousSunday[96]" classname="hudson.scheduler.CronTabDayOfWeekLocaleTest" time="0"/>
  <testcase name="isSundayAndNextRunIsFriday[96]" classname="hudson.scheduler.CronTabDayOfWeekLocaleTest" time="0.001"/>
  <testcase name="isSundayAndPreviousRunIsSaturdayAsterisk[96]" classname="hudson.scheduler.CronTabDayOfWeekLocaleTest" time="0"/>
  <testcase name="isSundayAndNextRunIsMonday[96]" classname="hudson.scheduler.CronTabDayOfWeekLocaleTest" time="0"/>
  <testcase name="isSundayAndPreviousRunIsFriday[96]" classname="hudson.scheduler.CronTabDayOfWeekLocaleTest" time="0"/>
  <testcase name="isSundayAndNextRunIsTuesday[96]" classname="hudson.scheduler.CronTabDayOfWeekLocaleTest" time="0"/>
  <testcase name="isSundayAndNextRunIsNextSunday7[96]" classname="hudson.scheduler.CronTabDayOfWeekLocaleTest" time="0"/>
  <testcase name="isSundayAndPreviousRunIsMonday[96]" classname="hudson.scheduler.CronTabDayOfWeekLocaleTest" time="0"/>
  <testcase name="isSaturdayAndNextRunIsSundayAsterisk[96]" classname="hudson.scheduler.CronTabDayOfWeekLocaleTest" time="0"/>
  <testcase name="hudson8658[96]" classname="hudson.scheduler.CronTabDayOfWeekLocaleTest" time="0"/>
  <testcase name="isSundayAndNextRunIsNextSunday[96]" classname="hudson.scheduler.CronTabDayOfWeekLocaleTest" time="0"/>
  <testcase name="isSundayAndNextRunIsThursday[96]" classname="hudson.scheduler.CronTabDayOfWeekLocaleTest" time="0"/>
  <testcase name="isSundayAndPreviousRunIsPreviousSunday7[96]" classname="hudson.scheduler.CronTabDayOfWeekLocaleTest" time="0.001"/>
  <testcase name="isSundayAndNextRunIsWednesday[96]" classname="hudson.scheduler.CronTabDayOfWeekLocaleTest" time="0"/>
  <testcase name="isSundayAndNextRunIsSaturday[96]" classname="hudson.scheduler.CronTabDayOfWeekLocaleTest" time="0"/>
  <testcase name="isSundayAndPreviousRunIsTuesday[97]" classname="hudson.scheduler.CronTabDayOfWeekLocaleTest" time="0"/>
  <testcase name="isSundayAndPreviousRunIsThursday[97]" classname="hudson.scheduler.CronTabDayOfWeekLocaleTest" time="0"/>
  <testcase name="isSundayAndPreviousRunIsWednesday[97]" classname="hudson.scheduler.CronTabDayOfWeekLocaleTest" time="0"/>
  <testcase name="isSundayAndPreviousRunIsSaturday[97]" classname="hudson.scheduler.CronTabDayOfWeekLocaleTest" time="0"/>
  <testcase name="isSundayAndPreviousRunIsPreviousSunday[97]" classname="hudson.scheduler.CronTabDayOfWeekLocaleTest" time="0"/>
  <testcase name="isSundayAndNextRunIsFriday[97]" classname="hudson.scheduler.CronTabDayOfWeekLocaleTest" time="0"/>
  <testcase name="isSundayAndPreviousRunIsSaturdayAsterisk[97]" classname="hudson.scheduler.CronTabDayOfWeekLocaleTest" time="0.001"/>
  <testcase name="isSundayAndNextRunIsMonday[97]" classname="hudson.scheduler.CronTabDayOfWeekLocaleTest" time="0"/>
  <testcase name="isSundayAndPreviousRunIsFriday[97]" classname="hudson.scheduler.CronTabDayOfWeekLocaleTest" time="0"/>
  <testcase name="isSundayAndNextRunIsTuesday[97]" classname="hudson.scheduler.CronTabDayOfWeekLocaleTest" time="0"/>
  <testcase name="isSundayAndNextRunIsNextSunday7[97]" classname="hudson.scheduler.CronTabDayOfWeekLocaleTest" time="0"/>
  <testcase name="isSundayAndPreviousRunIsMonday[97]" classname="hudson.scheduler.CronTabDayOfWeekLocaleTest" time="0"/>
  <testcase name="isSaturdayAndNextRunIsSundayAsterisk[97]" classname="hudson.scheduler.CronTabDayOfWeekLocaleTest" time="0"/>
  <testcase name="hudson8658[97]" classname="hudson.scheduler.CronTabDayOfWeekLocaleTest" time="0"/>
  <testcase name="isSundayAndNextRunIsNextSunday[97]" classname="hudson.scheduler.CronTabDayOfWeekLocaleTest" time="0"/>
  <testcase name="isSundayAndNextRunIsThursday[97]" classname="hudson.scheduler.CronTabDayOfWeekLocaleTest" time="0"/>
  <testcase name="isSundayAndPreviousRunIsPreviousSunday7[97]" classname="hudson.scheduler.CronTabDayOfWeekLocaleTest" time="0"/>
  <testcase name="isSundayAndNextRunIsWednesday[97]" classname="hudson.scheduler.CronTabDayOfWeekLocaleTest" time="0.001"/>
  <testcase name="isSundayAndNextRunIsSaturday[97]" classname="hudson.scheduler.CronTabDayOfWeekLocaleTest" time="0"/>
  <testcase name="isSundayAndPreviousRunIsTuesday[98]" classname="hudson.scheduler.CronTabDayOfWeekLocaleTest" time="0"/>
  <testcase name="isSundayAndPreviousRunIsThursday[98]" classname="hudson.scheduler.CronTabDayOfWeekLocaleTest" time="0"/>
  <testcase name="isSundayAndPreviousRunIsWednesday[98]" classname="hudson.scheduler.CronTabDayOfWeekLocaleTest" time="0"/>
  <testcase name="isSundayAndPreviousRunIsSaturday[98]" classname="hudson.scheduler.CronTabDayOfWeekLocaleTest" time="0"/>
  <testcase name="isSundayAndPreviousRunIsPreviousSunday[98]" classname="hudson.scheduler.CronTabDayOfWeekLocaleTest" time="0"/>
  <testcase name="isSundayAndNextRunIsFriday[98]" classname="hudson.scheduler.CronTabDayOfWeekLocaleTest" time="0"/>
  <testcase name="isSundayAndPreviousRunIsSaturdayAsterisk[98]" classname="hudson.scheduler.CronTabDayOfWeekLocaleTest" time="0"/>
  <testcase name="isSundayAndNextRunIsMonday[98]" classname="hudson.scheduler.CronTabDayOfWeekLocaleTest" time="0"/>
  <testcase name="isSundayAndPreviousRunIsFriday[98]" classname="hudson.scheduler.CronTabDayOfWeekLocaleTest" time="0.001"/>
  <testcase name="isSundayAndNextRunIsTuesday[98]" classname="hudson.scheduler.CronTabDayOfWeekLocaleTest" time="0"/>
  <testcase name="isSundayAndNextRunIsNextSunday7[98]" classname="hudson.scheduler.CronTabDayOfWeekLocaleTest" time="0"/>
  <testcase name="isSundayAndPreviousRunIsMonday[98]" classname="hudson.scheduler.CronTabDayOfWeekLocaleTest" time="0"/>
  <testcase name="isSaturdayAndNextRunIsSundayAsterisk[98]" classname="hudson.scheduler.CronTabDayOfWeekLocaleTest" time="0"/>
  <testcase name="hudson8658[98]" classname="hudson.scheduler.CronTabDayOfWeekLocaleTest" time="0"/>
  <testcase name="isSundayAndNextRunIsNextSunday[98]" classname="hudson.scheduler.CronTabDayOfWeekLocaleTest" time="0"/>
  <testcase name="isSundayAndNextRunIsThursday[98]" classname="hudson.scheduler.CronTabDayOfWeekLocaleTest" time="0"/>
  <testcase name="isSundayAndPreviousRunIsPreviousSunday7[98]" classname="hudson.scheduler.CronTabDayOfWeekLocaleTest" time="0"/>
  <testcase name="isSundayAndNextRunIsWednesday[98]" classname="hudson.scheduler.CronTabDayOfWeekLocaleTest" time="0"/>
  <testcase name="isSundayAndNextRunIsSaturday[98]" classname="hudson.scheduler.CronTabDayOfWeekLocaleTest" time="0"/>
  <testcase name="isSundayAndPreviousRunIsTuesday[99]" classname="hudson.scheduler.CronTabDayOfWeekLocaleTest" time="0"/>
  <testcase name="isSundayAndPreviousRunIsThursday[99]" classname="hudson.scheduler.CronTabDayOfWeekLocaleTest" time="0"/>
  <testcase name="isSundayAndPreviousRunIsWednesday[99]" classname="hudson.scheduler.CronTabDayOfWeekLocaleTest" time="0"/>
  <testcase name="isSundayAndPreviousRunIsSaturday[99]" classname="hudson.scheduler.CronTabDayOfWeekLocaleTest" time="0"/>
  <testcase name="isSundayAndPreviousRunIsPreviousSunday[99]" classname="hudson.scheduler.CronTabDayOfWeekLocaleTest" time="0"/>
  <testcase name="isSundayAndNextRunIsFriday[99]" classname="hudson.scheduler.CronTabDayOfWeekLocaleTest" time="0"/>
  <testcase name="isSundayAndPreviousRunIsSaturdayAsterisk[99]" classname="hudson.scheduler.CronTabDayOfWeekLocaleTest" time="0"/>
  <testcase name="isSundayAndNextRunIsMonday[99]" classname="hudson.scheduler.CronTabDayOfWeekLocaleTest" time="0"/>
  <testcase name="isSundayAndPreviousRunIsFriday[99]" classname="hudson.scheduler.CronTabDayOfWeekLocaleTest" time="0"/>
  <testcase name="isSundayAndNextRunIsTuesday[99]" classname="hudson.scheduler.CronTabDayOfWeekLocaleTest" time="0"/>
  <testcase name="isSundayAndNextRunIsNextSunday7[99]" classname="hudson.scheduler.CronTabDayOfWeekLocaleTest" time="0.001"/>
  <testcase name="isSundayAndPreviousRunIsMonday[99]" classname="hudson.scheduler.CronTabDayOfWeekLocaleTest" time="0"/>
  <testcase name="isSaturdayAndNextRunIsSundayAsterisk[99]" classname="hudson.scheduler.CronTabDayOfWeekLocaleTest" time="0"/>
  <testcase name="hudson8658[99]" classname="hudson.scheduler.CronTabDayOfWeekLocaleTest" time="0.001"/>
  <testcase name="isSundayAndNextRunIsNextSunday[99]" classname="hudson.scheduler.CronTabDayOfWeekLocaleTest" time="0"/>
  <testcase name="isSundayAndNextRunIsThursday[99]" classname="hudson.scheduler.CronTabDayOfWeekLocaleTest" time="0"/>
  <testcase name="isSundayAndPreviousRunIsPreviousSunday7[99]" classname="hudson.scheduler.CronTabDayOfWeekLocaleTest" time="0"/>
  <testcase name="isSundayAndNextRunIsWednesday[99]" classname="hudson.scheduler.CronTabDayOfWeekLocaleTest" time="0"/>
  <testcase name="isSundayAndNextRunIsSaturday[99]" classname="hudson.scheduler.CronTabDayOfWeekLocaleTest" time="0"/>
  <testcase name="isSundayAndPreviousRunIsTuesday[100]" classname="hudson.scheduler.CronTabDayOfWeekLocaleTest" time="0"/>
  <testcase name="isSundayAndPreviousRunIsThursday[100]" classname="hudson.scheduler.CronTabDayOfWeekLocaleTest" time="0"/>
  <testcase name="isSundayAndPreviousRunIsWednesday[100]" classname="hudson.scheduler.CronTabDayOfWeekLocaleTest" time="0.001"/>
  <testcase name="isSundayAndPreviousRunIsSaturday[100]" classname="hudson.scheduler.CronTabDayOfWeekLocaleTest" time="0"/>
  <testcase name="isSundayAndPreviousRunIsPreviousSunday[100]" classname="hudson.scheduler.CronTabDayOfWeekLocaleTest" time="0"/>
  <testcase name="isSundayAndNextRunIsFriday[100]" classname="hudson.scheduler.CronTabDayOfWeekLocaleTest" time="0"/>
  <testcase name="isSundayAndPreviousRunIsSaturdayAsterisk[100]" classname="hudson.scheduler.CronTabDayOfWeekLocaleTest" time="0"/>
  <testcase name="isSundayAndNextRunIsMonday[100]" classname="hudson.scheduler.CronTabDayOfWeekLocaleTest" time="0"/>
  <testcase name="isSundayAndPreviousRunIsFriday[100]" classname="hudson.scheduler.CronTabDayOfWeekLocaleTest" time="0"/>
  <testcase name="isSundayAndNextRunIsTuesday[100]" classname="hudson.scheduler.CronTabDayOfWeekLocaleTest" time="0"/>
  <testcase name="isSundayAndNextRunIsNextSunday7[100]" classname="hudson.scheduler.CronTabDayOfWeekLocaleTest" time="0"/>
  <testcase name="isSundayAndPreviousRunIsMonday[100]" classname="hudson.scheduler.CronTabDayOfWeekLocaleTest" time="0"/>
  <testcase name="isSaturdayAndNextRunIsSundayAsterisk[100]" classname="hudson.scheduler.CronTabDayOfWeekLocaleTest" time="0.001"/>
  <testcase name="hudson8658[100]" classname="hudson.scheduler.CronTabDayOfWeekLocaleTest" time="0"/>
  <testcase name="isSundayAndNextRunIsNextSunday[100]" classname="hudson.scheduler.CronTabDayOfWeekLocaleTest" time="0"/>
  <testcase name="isSundayAndNextRunIsThursday[100]" classname="hudson.scheduler.CronTabDayOfWeekLocaleTest" time="0"/>
  <testcase name="isSundayAndPreviousRunIsPreviousSunday7[100]" classname="hudson.scheduler.CronTabDayOfWeekLocaleTest" time="0"/>
  <testcase name="isSundayAndNextRunIsWednesday[100]" classname="hudson.scheduler.CronTabDayOfWeekLocaleTest" time="0"/>
  <testcase name="isSundayAndNextRunIsSaturday[100]" classname="hudson.scheduler.CronTabDayOfWeekLocaleTest" time="0"/>
  <testcase name="isSundayAndPreviousRunIsTuesday[101]" classname="hudson.scheduler.CronTabDayOfWeekLocaleTest" time="0"/>
  <testcase name="isSundayAndPreviousRunIsThursday[101]" classname="hudson.scheduler.CronTabDayOfWeekLocaleTest" time="0"/>
  <testcase name="isSundayAndPreviousRunIsWednesday[101]" classname="hudson.scheduler.CronTabDayOfWeekLocaleTest" time="0"/>
  <testcase name="isSundayAndPreviousRunIsSaturday[101]" classname="hudson.scheduler.CronTabDayOfWeekLocaleTest" time="0.001"/>
  <testcase name="isSundayAndPreviousRunIsPreviousSunday[101]" classname="hudson.scheduler.CronTabDayOfWeekLocaleTest" time="0"/>
  <testcase name="isSundayAndNextRunIsFriday[101]" classname="hudson.scheduler.CronTabDayOfWeekLocaleTest" time="0"/>
  <testcase name="isSundayAndPreviousRunIsSaturdayAsterisk[101]" classname="hudson.scheduler.CronTabDayOfWeekLocaleTest" time="0"/>
  <testcase name="isSundayAndNextRunIsMonday[101]" classname="hudson.scheduler.CronTabDayOfWeekLocaleTest" time="0"/>
  <testcase name="isSundayAndPreviousRunIsFriday[101]" classname="hudson.scheduler.CronTabDayOfWeekLocaleTest" time="0"/>
  <testcase name="isSundayAndNextRunIsTuesday[101]" classname="hudson.scheduler.CronTabDayOfWeekLocaleTest" time="0"/>
  <testcase name="isSundayAndNextRunIsNextSunday7[101]" classname="hudson.scheduler.CronTabDayOfWeekLocaleTest" time="0"/>
  <testcase name="isSundayAndPreviousRunIsMonday[101]" classname="hudson.scheduler.CronTabDayOfWeekLocaleTest" time="0"/>
  <testcase name="isSaturdayAndNextRunIsSundayAsterisk[101]" classname="hudson.scheduler.CronTabDayOfWeekLocaleTest" time="0"/>
  <testcase name="hudson8658[101]" classname="hudson.scheduler.CronTabDayOfWeekLocaleTest" time="0"/>
  <testcase name="isSundayAndNextRunIsNextSunday[101]" classname="hudson.scheduler.CronTabDayOfWeekLocaleTest" time="0.001"/>
  <testcase name="isSundayAndNextRunIsThursday[101]" classname="hudson.scheduler.CronTabDayOfWeekLocaleTest" time="0"/>
  <testcase name="isSundayAndPreviousRunIsPreviousSunday7[101]" classname="hudson.scheduler.CronTabDayOfWeekLocaleTest" time="0"/>
  <testcase name="isSundayAndNextRunIsWednesday[101]" classname="hudson.scheduler.CronTabDayOfWeekLocaleTest" time="0"/>
  <testcase name="isSundayAndNextRunIsSaturday[101]" classname="hudson.scheduler.CronTabDayOfWeekLocaleTest" time="0"/>
  <testcase name="isSundayAndPreviousRunIsTuesday[102]" classname="hudson.scheduler.CronTabDayOfWeekLocaleTest" time="0"/>
  <testcase name="isSundayAndPreviousRunIsThursday[102]" classname="hudson.scheduler.CronTabDayOfWeekLocaleTest" time="0"/>
  <testcase name="isSundayAndPreviousRunIsWednesday[102]" classname="hudson.scheduler.CronTabDayOfWeekLocaleTest" time="0"/>
  <testcase name="isSundayAndPreviousRunIsSaturday[102]" classname="hudson.scheduler.CronTabDayOfWeekLocaleTest" time="0"/>
  <testcase name="isSundayAndPreviousRunIsPreviousSunday[102]" classname="hudson.scheduler.CronTabDayOfWeekLocaleTest" time="0"/>
  <testcase name="isSundayAndNextRunIsFriday[102]" classname="hudson.scheduler.CronTabDayOfWeekLocaleTest" time="0.001"/>
  <testcase name="isSundayAndPreviousRunIsSaturdayAsterisk[102]" classname="hudson.scheduler.CronTabDayOfWeekLocaleTest" time="0"/>
  <testcase name="isSundayAndNextRunIsMonday[102]" classname="hudson.scheduler.CronTabDayOfWeekLocaleTest" time="0"/>
  <testcase name="isSundayAndPreviousRunIsFriday[102]" classname="hudson.scheduler.CronTabDayOfWeekLocaleTest" time="0"/>
  <testcase name="isSundayAndNextRunIsTuesday[102]" classname="hudson.scheduler.CronTabDayOfWeekLocaleTest" time="0"/>
  <testcase name="isSundayAndNextRunIsNextSunday7[102]" classname="hudson.scheduler.CronTabDayOfWeekLocaleTest" time="0"/>
  <testcase name="isSundayAndPreviousRunIsMonday[102]" classname="hudson.scheduler.CronTabDayOfWeekLocaleTest" time="0"/>
  <testcase name="isSaturdayAndNextRunIsSundayAsterisk[102]" classname="hudson.scheduler.CronTabDayOfWeekLocaleTest" time="0"/>
  <testcase name="hudson8658[102]" classname="hudson.scheduler.CronTabDayOfWeekLocaleTest" time="0"/>
  <testcase name="isSundayAndNextRunIsNextSunday[102]" classname="hudson.scheduler.CronTabDayOfWeekLocaleTest" time="0"/>
  <testcase name="isSundayAndNextRunIsThursday[102]" classname="hudson.scheduler.CronTabDayOfWeekLocaleTest" time="0"/>
  <testcase name="isSundayAndPreviousRunIsPreviousSunday7[102]" classname="hudson.scheduler.CronTabDayOfWeekLocaleTest" time="0"/>
  <testcase name="isSundayAndNextRunIsWednesday[102]" classname="hudson.scheduler.CronTabDayOfWeekLocaleTest" time="0"/>
  <testcase name="isSundayAndNextRunIsSaturday[102]" classname="hudson.scheduler.CronTabDayOfWeekLocaleTest" time="0"/>
  <testcase name="isSundayAndPreviousRunIsTuesday[103]" classname="hudson.scheduler.CronTabDayOfWeekLocaleTest" time="0"/>
  <testcase name="isSundayAndPreviousRunIsThursday[103]" classname="hudson.scheduler.CronTabDayOfWeekLocaleTest" time="0"/>
  <testcase name="isSundayAndPreviousRunIsWednesday[103]" classname="hudson.scheduler.CronTabDayOfWeekLocaleTest" time="0"/>
  <testcase name="isSundayAndPreviousRunIsSaturday[103]" classname="hudson.scheduler.CronTabDayOfWeekLocaleTest" time="0"/>
  <testcase name="isSundayAndPreviousRunIsPreviousSunday[103]" classname="hudson.scheduler.CronTabDayOfWeekLocaleTest" time="0"/>
  <testcase name="isSundayAndNextRunIsFriday[103]" classname="hudson.scheduler.CronTabDayOfWeekLocaleTest" time="0"/>
  <testcase name="isSundayAndPreviousRunIsSaturdayAsterisk[103]" classname="hudson.scheduler.CronTabDayOfWeekLocaleTest" time="0"/>
  <testcase name="isSundayAndNextRunIsMonday[103]" classname="hudson.scheduler.CronTabDayOfWeekLocaleTest" time="0.001"/>
  <testcase name="isSundayAndPreviousRunIsFriday[103]" classname="hudson.scheduler.CronTabDayOfWeekLocaleTest" time="0"/>
  <testcase name="isSundayAndNextRunIsTuesday[103]" classname="hudson.scheduler.CronTabDayOfWeekLocaleTest" time="0"/>
  <testcase name="isSundayAndNextRunIsNextSunday7[103]" classname="hudson.scheduler.CronTabDayOfWeekLocaleTest" time="0"/>
  <testcase name="isSundayAndPreviousRunIsMonday[103]" classname="hudson.scheduler.CronTabDayOfWeekLocaleTest" time="0"/>
  <testcase name="isSaturdayAndNextRunIsSundayAsterisk[103]" classname="hudson.scheduler.CronTabDayOfWeekLocaleTest" time="0"/>
  <testcase name="hudson8658[103]" classname="hudson.scheduler.CronTabDayOfWeekLocaleTest" time="0"/>
  <testcase name="isSundayAndNextRunIsNextSunday[103]" classname="hudson.scheduler.CronTabDayOfWeekLocaleTest" time="0"/>
  <testcase name="isSundayAndNextRunIsThursday[103]" classname="hudson.scheduler.CronTabDayOfWeekLocaleTest" time="0"/>
  <testcase name="isSundayAndPreviousRunIsPreviousSunday7[103]" classname="hudson.scheduler.CronTabDayOfWeekLocaleTest" time="0"/>
  <testcase name="isSundayAndNextRunIsWednesday[103]" classname="hudson.scheduler.CronTabDayOfWeekLocaleTest" time="0"/>
  <testcase name="isSundayAndNextRunIsSaturday[103]" classname="hudson.scheduler.CronTabDayOfWeekLocaleTest" time="0.001"/>
  <testcase name="isSundayAndPreviousRunIsTuesday[104]" classname="hudson.scheduler.CronTabDayOfWeekLocaleTest" time="0"/>
  <testcase name="isSundayAndPreviousRunIsThursday[104]" classname="hudson.scheduler.CronTabDayOfWeekLocaleTest" time="0"/>
  <testcase name="isSundayAndPreviousRunIsWednesday[104]" classname="hudson.scheduler.CronTabDayOfWeekLocaleTest" time="0"/>
  <testcase name="isSundayAndPreviousRunIsSaturday[104]" classname="hudson.scheduler.CronTabDayOfWeekLocaleTest" time="0"/>
  <testcase name="isSundayAndPreviousRunIsPreviousSunday[104]" classname="hudson.scheduler.CronTabDayOfWeekLocaleTest" time="0"/>
  <testcase name="isSundayAndNextRunIsFriday[104]" classname="hudson.scheduler.CronTabDayOfWeekLocaleTest" time="0"/>
  <testcase name="isSundayAndPreviousRunIsSaturdayAsterisk[104]" classname="hudson.scheduler.CronTabDayOfWeekLocaleTest" time="0"/>
  <testcase name="isSundayAndNextRunIsMonday[104]" classname="hudson.scheduler.CronTabDayOfWeekLocaleTest" time="0"/>
  <testcase name="isSundayAndPreviousRunIsFriday[104]" classname="hudson.scheduler.CronTabDayOfWeekLocaleTest" time="0"/>
  <testcase name="isSundayAndNextRunIsTuesday[104]" classname="hudson.scheduler.CronTabDayOfWeekLocaleTest" time="0.001"/>
  <testcase name="isSundayAndNextRunIsNextSunday7[104]" classname="hudson.scheduler.CronTabDayOfWeekLocaleTest" time="0"/>
  <testcase name="isSundayAndPreviousRunIsMonday[104]" classname="hudson.scheduler.CronTabDayOfWeekLocaleTest" time="0"/>
  <testcase name="isSaturdayAndNextRunIsSundayAsterisk[104]" classname="hudson.scheduler.CronTabDayOfWeekLocaleTest" time="0"/>
  <testcase name="hudson8658[104]" classname="hudson.scheduler.CronTabDayOfWeekLocaleTest" time="0"/>
  <testcase name="isSundayAndNextRunIsNextSunday[104]" classname="hudson.scheduler.CronTabDayOfWeekLocaleTest" time="0"/>
  <testcase name="isSundayAndNextRunIsThursday[104]" classname="hudson.scheduler.CronTabDayOfWeekLocaleTest" time="0"/>
  <testcase name="isSundayAndPreviousRunIsPreviousSunday7[104]" classname="hudson.scheduler.CronTabDayOfWeekLocaleTest" time="0"/>
  <testcase name="isSundayAndNextRunIsWednesday[104]" classname="hudson.scheduler.CronTabDayOfWeekLocaleTest" time="0"/>
  <testcase name="isSundayAndNextRunIsSaturday[104]" classname="hudson.scheduler.CronTabDayOfWeekLocaleTest" time="0"/>
  <testcase name="isSundayAndPreviousRunIsTuesday[105]" classname="hudson.scheduler.CronTabDayOfWeekLocaleTest" time="0"/>
  <testcase name="isSundayAndPreviousRunIsThursday[105]" classname="hudson.scheduler.CronTabDayOfWeekLocaleTest" time="0"/>
  <testcase name="isSundayAndPreviousRunIsWednesday[105]" classname="hudson.scheduler.CronTabDayOfWeekLocaleTest" time="0"/>
  <testcase name="isSundayAndPreviousRunIsSaturday[105]" classname="hudson.scheduler.CronTabDayOfWeekLocaleTest" time="0"/>
  <testcase name="isSundayAndPreviousRunIsPreviousSunday[105]" classname="hudson.scheduler.CronTabDayOfWeekLocaleTest" time="0"/>
  <testcase name="isSundayAndNextRunIsFriday[105]" classname="hudson.scheduler.CronTabDayOfWeekLocaleTest" time="0"/>
  <testcase name="isSundayAndPreviousRunIsSaturdayAsterisk[105]" classname="hudson.scheduler.CronTabDayOfWeekLocaleTest" time="0"/>
  <testcase name="isSundayAndNextRunIsMonday[105]" classname="hudson.scheduler.CronTabDayOfWeekLocaleTest" time="0"/>
  <testcase name="isSundayAndPreviousRunIsFriday[105]" classname="hudson.scheduler.CronTabDayOfWeekLocaleTest" time="0"/>
  <testcase name="isSundayAndNextRunIsTuesday[105]" classname="hudson.scheduler.CronTabDayOfWeekLocaleTest" time="0"/>
  <testcase name="isSundayAndNextRunIsNextSunday7[105]" classname="hudson.scheduler.CronTabDayOfWeekLocaleTest" time="0.001"/>
  <testcase name="isSundayAndPreviousRunIsMonday[105]" classname="hudson.scheduler.CronTabDayOfWeekLocaleTest" time="0"/>
  <testcase name="isSaturdayAndNextRunIsSundayAsterisk[105]" classname="hudson.scheduler.CronTabDayOfWeekLocaleTest" time="0"/>
  <testcase name="hudson8658[105]" classname="hudson.scheduler.CronTabDayOfWeekLocaleTest" time="0"/>
  <testcase name="isSundayAndNextRunIsNextSunday[105]" classname="hudson.scheduler.CronTabDayOfWeekLocaleTest" time="0"/>
  <testcase name="isSundayAndNextRunIsThursday[105]" classname="hudson.scheduler.CronTabDayOfWeekLocaleTest" time="0"/>
  <testcase name="isSundayAndPreviousRunIsPreviousSunday7[105]" classname="hudson.scheduler.CronTabDayOfWeekLocaleTest" time="0"/>
  <testcase name="isSundayAndNextRunIsWednesday[105]" classname="hudson.scheduler.CronTabDayOfWeekLocaleTest" time="0"/>
  <testcase name="isSundayAndNextRunIsSaturday[105]" classname="hudson.scheduler.CronTabDayOfWeekLocaleTest" time="0"/>
  <testcase name="isSundayAndPreviousRunIsTuesday[106]" classname="hudson.scheduler.CronTabDayOfWeekLocaleTest" time="0.001"/>
  <testcase name="isSundayAndPreviousRunIsThursday[106]" classname="hudson.scheduler.CronTabDayOfWeekLocaleTest" time="0"/>
  <testcase name="isSundayAndPreviousRunIsWednesday[106]" classname="hudson.scheduler.CronTabDayOfWeekLocaleTest" time="0"/>
  <testcase name="isSundayAndPreviousRunIsSaturday[106]" classname="hudson.scheduler.CronTabDayOfWeekLocaleTest" time="0"/>
  <testcase name="isSundayAndPreviousRunIsPreviousSunday[106]" classname="hudson.scheduler.CronTabDayOfWeekLocaleTest" time="0"/>
  <testcase name="isSundayAndNextRunIsFriday[106]" classname="hudson.scheduler.CronTabDayOfWeekLocaleTest" time="0"/>
  <testcase name="isSundayAndPreviousRunIsSaturdayAsterisk[106]" classname="hudson.scheduler.CronTabDayOfWeekLocaleTest" time="0"/>
  <testcase name="isSundayAndNextRunIsMonday[106]" classname="hudson.scheduler.CronTabDayOfWeekLocaleTest" time="0"/>
  <testcase name="isSundayAndPreviousRunIsFriday[106]" classname="hudson.scheduler.CronTabDayOfWeekLocaleTest" time="0"/>
  <testcase name="isSundayAndNextRunIsTuesday[106]" classname="hudson.scheduler.CronTabDayOfWeekLocaleTest" time="0"/>
  <testcase name="isSundayAndNextRunIsNextSunday7[106]" classname="hudson.scheduler.CronTabDayOfWeekLocaleTest" time="0"/>
  <testcase name="isSundayAndPreviousRunIsMonday[106]" classname="hudson.scheduler.CronTabDayOfWeekLocaleTest" time="0.001"/>
  <testcase name="isSaturdayAndNextRunIsSundayAsterisk[106]" classname="hudson.scheduler.CronTabDayOfWeekLocaleTest" time="0"/>
  <testcase name="hudson8658[106]" classname="hudson.scheduler.CronTabDayOfWeekLocaleTest" time="0"/>
  <testcase name="isSundayAndNextRunIsNextSunday[106]" classname="hudson.scheduler.CronTabDayOfWeekLocaleTest" time="0"/>
  <testcase name="isSundayAndNextRunIsThursday[106]" classname="hudson.scheduler.CronTabDayOfWeekLocaleTest" time="0"/>
  <testcase name="isSundayAndPreviousRunIsPreviousSunday7[106]" classname="hudson.scheduler.CronTabDayOfWeekLocaleTest" time="0"/>
  <testcase name="isSundayAndNextRunIsWednesday[106]" classname="hudson.scheduler.CronTabDayOfWeekLocaleTest" time="0"/>
  <testcase name="isSundayAndNextRunIsSaturday[106]" classname="hudson.scheduler.CronTabDayOfWeekLocaleTest" time="0"/>
  <testcase name="isSundayAndPreviousRunIsTuesday[107]" classname="hudson.scheduler.CronTabDayOfWeekLocaleTest" time="0"/>
  <testcase name="isSundayAndPreviousRunIsThursday[107]" classname="hudson.scheduler.CronTabDayOfWeekLocaleTest" time="0"/>
  <testcase name="isSundayAndPreviousRunIsWednesday[107]" classname="hudson.scheduler.CronTabDayOfWeekLocaleTest" time="0.001"/>
  <testcase name="isSundayAndPreviousRunIsSaturday[107]" classname="hudson.scheduler.CronTabDayOfWeekLocaleTest" time="0"/>
  <testcase name="isSundayAndPreviousRunIsPreviousSunday[107]" classname="hudson.scheduler.CronTabDayOfWeekLocaleTest" time="0"/>
  <testcase name="isSundayAndNextRunIsFriday[107]" classname="hudson.scheduler.CronTabDayOfWeekLocaleTest" time="0"/>
  <testcase name="isSundayAndPreviousRunIsSaturdayAsterisk[107]" classname="hudson.scheduler.CronTabDayOfWeekLocaleTest" time="0"/>
  <testcase name="isSundayAndNextRunIsMonday[107]" classname="hudson.scheduler.CronTabDayOfWeekLocaleTest" time="0"/>
  <testcase name="isSundayAndPreviousRunIsFriday[107]" classname="hudson.scheduler.CronTabDayOfWeekLocaleTest" time="0"/>
  <testcase name="isSundayAndNextRunIsTuesday[107]" classname="hudson.scheduler.CronTabDayOfWeekLocaleTest" time="0"/>
  <testcase name="isSundayAndNextRunIsNextSunday7[107]" classname="hudson.scheduler.CronTabDayOfWeekLocaleTest" time="0"/>
  <testcase name="isSundayAndPreviousRunIsMonday[107]" classname="hudson.scheduler.CronTabDayOfWeekLocaleTest" time="0"/>
  <testcase name="isSaturdayAndNextRunIsSundayAsterisk[107]" classname="hudson.scheduler.CronTabDayOfWeekLocaleTest" time="0.001"/>
  <testcase name="hudson8658[107]" classname="hudson.scheduler.CronTabDayOfWeekLocaleTest" time="0"/>
  <testcase name="isSundayAndNextRunIsNextSunday[107]" classname="hudson.scheduler.CronTabDayOfWeekLocaleTest" time="0"/>
  <testcase name="isSundayAndNextRunIsThursday[107]" classname="hudson.scheduler.CronTabDayOfWeekLocaleTest" time="0"/>
  <testcase name="isSundayAndPreviousRunIsPreviousSunday7[107]" classname="hudson.scheduler.CronTabDayOfWeekLocaleTest" time="0"/>
  <testcase name="isSundayAndNextRunIsWednesday[107]" classname="hudson.scheduler.CronTabDayOfWeekLocaleTest" time="0"/>
  <testcase name="isSundayAndNextRunIsSaturday[107]" classname="hudson.scheduler.CronTabDayOfWeekLocaleTest" time="0"/>
  <testcase name="isSundayAndPreviousRunIsTuesday[108]" classname="hudson.scheduler.CronTabDayOfWeekLocaleTest" time="0"/>
  <testcase name="isSundayAndPreviousRunIsThursday[108]" classname="hudson.scheduler.CronTabDayOfWeekLocaleTest" time="0"/>
  <testcase name="isSundayAndPreviousRunIsWednesday[108]" classname="hudson.scheduler.CronTabDayOfWeekLocaleTest" time="0"/>
  <testcase name="isSundayAndPreviousRunIsSaturday[108]" classname="hudson.scheduler.CronTabDayOfWeekLocaleTest" time="0.001"/>
  <testcase name="isSundayAndPreviousRunIsPreviousSunday[108]" classname="hudson.scheduler.CronTabDayOfWeekLocaleTest" time="0"/>
  <testcase name="isSundayAndNextRunIsFriday[108]" classname="hudson.scheduler.CronTabDayOfWeekLocaleTest" time="0"/>
  <testcase name="isSundayAndPreviousRunIsSaturdayAsterisk[108]" classname="hudson.scheduler.CronTabDayOfWeekLocaleTest" time="0"/>
  <testcase name="isSundayAndNextRunIsMonday[108]" classname="hudson.scheduler.CronTabDayOfWeekLocaleTest" time="0"/>
  <testcase name="isSundayAndPreviousRunIsFriday[108]" classname="hudson.scheduler.CronTabDayOfWeekLocaleTest" time="0"/>
  <testcase name="isSundayAndNextRunIsTuesday[108]" classname="hudson.scheduler.CronTabDayOfWeekLocaleTest" time="0"/>
  <testcase name="isSundayAndNextRunIsNextSunday7[108]" classname="hudson.scheduler.CronTabDayOfWeekLocaleTest" time="0"/>
  <testcase name="isSundayAndPreviousRunIsMonday[108]" classname="hudson.scheduler.CronTabDayOfWeekLocaleTest" time="0"/>
  <testcase name="isSaturdayAndNextRunIsSundayAsterisk[108]" classname="hudson.scheduler.CronTabDayOfWeekLocaleTest" time="0"/>
  <testcase name="hudson8658[108]" classname="hudson.scheduler.CronTabDayOfWeekLocaleTest" time="0"/>
  <testcase name="isSundayAndNextRunIsNextSunday[108]" classname="hudson.scheduler.CronTabDayOfWeekLocaleTest" time="0.001"/>
  <testcase name="isSundayAndNextRunIsThursday[108]" classname="hudson.scheduler.CronTabDayOfWeekLocaleTest" time="0"/>
  <testcase name="isSundayAndPreviousRunIsPreviousSunday7[108]" classname="hudson.scheduler.CronTabDayOfWeekLocaleTest" time="0"/>
  <testcase name="isSundayAndNextRunIsWednesday[108]" classname="hudson.scheduler.CronTabDayOfWeekLocaleTest" time="0"/>
  <testcase name="isSundayAndNextRunIsSaturday[108]" classname="hudson.scheduler.CronTabDayOfWeekLocaleTest" time="0"/>
  <testcase name="isSundayAndPreviousRunIsTuesday[109]" classname="hudson.scheduler.CronTabDayOfWeekLocaleTest" time="0"/>
  <testcase name="isSundayAndPreviousRunIsThursday[109]" classname="hudson.scheduler.CronTabDayOfWeekLocaleTest" time="0"/>
  <testcase name="isSundayAndPreviousRunIsWednesday[109]" classname="hudson.scheduler.CronTabDayOfWeekLocaleTest" time="0"/>
  <testcase name="isSundayAndPreviousRunIsSaturday[109]" classname="hudson.scheduler.CronTabDayOfWeekLocaleTest" time="0"/>
  <testcase name="isSundayAndPreviousRunIsPreviousSunday[109]" classname="hudson.scheduler.CronTabDayOfWeekLocaleTest" time="0"/>
  <testcase name="isSundayAndNextRunIsFriday[109]" classname="hudson.scheduler.CronTabDayOfWeekLocaleTest" time="0"/>
  <testcase name="isSundayAndPreviousRunIsSaturdayAsterisk[109]" classname="hudson.scheduler.CronTabDayOfWeekLocaleTest" time="0"/>
  <testcase name="isSundayAndNextRunIsMonday[109]" classname="hudson.scheduler.CronTabDayOfWeekLocaleTest" time="0"/>
  <testcase name="isSundayAndPreviousRunIsFriday[109]" classname="hudson.scheduler.CronTabDayOfWeekLocaleTest" time="0"/>
  <testcase name="isSundayAndNextRunIsTuesday[109]" classname="hudson.scheduler.CronTabDayOfWeekLocaleTest" time="0"/>
  <testcase name="isSundayAndNextRunIsNextSunday7[109]" classname="hudson.scheduler.CronTabDayOfWeekLocaleTest" time="0"/>
  <testcase name="isSundayAndPreviousRunIsMonday[109]" classname="hudson.scheduler.CronTabDayOfWeekLocaleTest" time="0"/>
  <testcase name="isSaturdayAndNextRunIsSundayAsterisk[109]" classname="hudson.scheduler.CronTabDayOfWeekLocaleTest" time="0"/>
  <testcase name="hudson8658[109]" classname="hudson.scheduler.CronTabDayOfWeekLocaleTest" time="0"/>
  <testcase name="isSundayAndNextRunIsNextSunday[109]" classname="hudson.scheduler.CronTabDayOfWeekLocaleTest" time="0"/>
  <testcase name="isSundayAndNextRunIsThursday[109]" classname="hudson.scheduler.CronTabDayOfWeekLocaleTest" time="0.001"/>
  <testcase name="isSundayAndPreviousRunIsPreviousSunday7[109]" classname="hudson.scheduler.CronTabDayOfWeekLocaleTest" time="0"/>
  <testcase name="isSundayAndNextRunIsWednesday[109]" classname="hudson.scheduler.CronTabDayOfWeekLocaleTest" time="0"/>
  <testcase name="isSundayAndNextRunIsSaturday[109]" classname="hudson.scheduler.CronTabDayOfWeekLocaleTest" time="0"/>
  <testcase name="isSundayAndPreviousRunIsTuesday[110]" classname="hudson.scheduler.CronTabDayOfWeekLocaleTest" time="0"/>
  <testcase name="isSundayAndPreviousRunIsThursday[110]" classname="hudson.scheduler.CronTabDayOfWeekLocaleTest" time="0"/>
  <testcase name="isSundayAndPreviousRunIsWednesday[110]" classname="hudson.scheduler.CronTabDayOfWeekLocaleTest" time="0"/>
  <testcase name="isSundayAndPreviousRunIsSaturday[110]" classname="hudson.scheduler.CronTabDayOfWeekLocaleTest" time="0"/>
  <testcase name="isSundayAndPreviousRunIsPreviousSunday[110]" classname="hudson.scheduler.CronTabDayOfWeekLocaleTest" time="0"/>
  <testcase name="isSundayAndNextRunIsFriday[110]" classname="hudson.scheduler.CronTabDayOfWeekLocaleTest" time="0"/>
  <testcase name="isSundayAndPreviousRunIsSaturdayAsterisk[110]" classname="hudson.scheduler.CronTabDayOfWeekLocaleTest" time="0"/>
  <testcase name="isSundayAndNextRunIsMonday[110]" classname="hudson.scheduler.CronTabDayOfWeekLocaleTest" time="0"/>
  <testcase name="isSundayAndPreviousRunIsFriday[110]" classname="hudson.scheduler.CronTabDayOfWeekLocaleTest" time="0"/>
  <testcase name="isSundayAndNextRunIsTuesday[110]" classname="hudson.scheduler.CronTabDayOfWeekLocaleTest" time="0"/>
  <testcase name="isSundayAndNextRunIsNextSunday7[110]" classname="hudson.scheduler.CronTabDayOfWeekLocaleTest" time="0"/>
  <testcase name="isSundayAndPreviousRunIsMonday[110]" classname="hudson.scheduler.CronTabDayOfWeekLocaleTest" time="0"/>
  <testcase name="isSaturdayAndNextRunIsSundayAsterisk[110]" classname="hudson.scheduler.CronTabDayOfWeekLocaleTest" time="0"/>
  <testcase name="hudson8658[110]" classname="hudson.scheduler.CronTabDayOfWeekLocaleTest" time="0"/>
  <testcase name="isSundayAndNextRunIsNextSunday[110]" classname="hudson.scheduler.CronTabDayOfWeekLocaleTest" time="0"/>
  <testcase name="isSundayAndNextRunIsThursday[110]" classname="hudson.scheduler.CronTabDayOfWeekLocaleTest" time="0"/>
  <testcase name="isSundayAndPreviousRunIsPreviousSunday7[110]" classname="hudson.scheduler.CronTabDayOfWeekLocaleTest" time="0"/>
  <testcase name="isSundayAndNextRunIsWednesday[110]" classname="hudson.scheduler.CronTabDayOfWeekLocaleTest" time="0"/>
  <testcase name="isSundayAndNextRunIsSaturday[110]" classname="hudson.scheduler.CronTabDayOfWeekLocaleTest" time="0"/>
  <testcase name="isSundayAndPreviousRunIsTuesday[111]" classname="hudson.scheduler.CronTabDayOfWeekLocaleTest" time="0"/>
  <testcase name="isSundayAndPreviousRunIsThursday[111]" classname="hudson.scheduler.CronTabDayOfWeekLocaleTest" time="0"/>
  <testcase name="isSundayAndPreviousRunIsWednesday[111]" classname="hudson.scheduler.CronTabDayOfWeekLocaleTest" time="0"/>
  <testcase name="isSundayAndPreviousRunIsSaturday[111]" classname="hudson.scheduler.CronTabDayOfWeekLocaleTest" time="0"/>
  <testcase name="isSundayAndPreviousRunIsPreviousSunday[111]" classname="hudson.scheduler.CronTabDayOfWeekLocaleTest" time="0"/>
  <testcase name="isSundayAndNextRunIsFriday[111]" classname="hudson.scheduler.CronTabDayOfWeekLocaleTest" time="0"/>
  <testcase name="isSundayAndPreviousRunIsSaturdayAsterisk[111]" classname="hudson.scheduler.CronTabDayOfWeekLocaleTest" time="0"/>
  <testcase name="isSundayAndNextRunIsMonday[111]" classname="hudson.scheduler.CronTabDayOfWeekLocaleTest" time="0"/>
  <testcase name="isSundayAndPreviousRunIsFriday[111]" classname="hudson.scheduler.CronTabDayOfWeekLocaleTest" time="0.001"/>
  <testcase name="isSundayAndNextRunIsTuesday[111]" classname="hudson.scheduler.CronTabDayOfWeekLocaleTest" time="0"/>
  <testcase name="isSundayAndNextRunIsNextSunday7[111]" classname="hudson.scheduler.CronTabDayOfWeekLocaleTest" time="0"/>
  <testcase name="isSundayAndPreviousRunIsMonday[111]" classname="hudson.scheduler.CronTabDayOfWeekLocaleTest" time="0"/>
  <testcase name="isSaturdayAndNextRunIsSundayAsterisk[111]" classname="hudson.scheduler.CronTabDayOfWeekLocaleTest" time="0"/>
  <testcase name="hudson8658[111]" classname="hudson.scheduler.CronTabDayOfWeekLocaleTest" time="0"/>
  <testcase name="isSundayAndNextRunIsNextSunday[111]" classname="hudson.scheduler.CronTabDayOfWeekLocaleTest" time="0"/>
  <testcase name="isSundayAndNextRunIsThursday[111]" classname="hudson.scheduler.CronTabDayOfWeekLocaleTest" time="0"/>
  <testcase name="isSundayAndPreviousRunIsPreviousSunday7[111]" classname="hudson.scheduler.CronTabDayOfWeekLocaleTest" time="0"/>
  <testcase name="isSundayAndNextRunIsWednesday[111]" classname="hudson.scheduler.CronTabDayOfWeekLocaleTest" time="0"/>
  <testcase name="isSundayAndNextRunIsSaturday[111]" classname="hudson.scheduler.CronTabDayOfWeekLocaleTest" time="0"/>
  <testcase name="isSundayAndPreviousRunIsTuesday[112]" classname="hudson.scheduler.CronTabDayOfWeekLocaleTest" time="0"/>
  <testcase name="isSundayAndPreviousRunIsThursday[112]" classname="hudson.scheduler.CronTabDayOfWeekLocaleTest" time="0"/>
  <testcase name="isSundayAndPreviousRunIsWednesday[112]" classname="hudson.scheduler.CronTabDayOfWeekLocaleTest" time="0"/>
  <testcase name="isSundayAndPreviousRunIsSaturday[112]" classname="hudson.scheduler.CronTabDayOfWeekLocaleTest" time="0"/>
  <testcase name="isSundayAndPreviousRunIsPreviousSunday[112]" classname="hudson.scheduler.CronTabDayOfWeekLocaleTest" time="0"/>
  <testcase name="isSundayAndNextRunIsFriday[112]" classname="hudson.scheduler.CronTabDayOfWeekLocaleTest" time="0"/>
  <testcase name="isSundayAndPreviousRunIsSaturdayAsterisk[112]" classname="hudson.scheduler.CronTabDayOfWeekLocaleTest" time="0"/>
  <testcase name="isSundayAndNextRunIsMonday[112]" classname="hudson.scheduler.CronTabDayOfWeekLocaleTest" time="0"/>
  <testcase name="isSundayAndPreviousRunIsFriday[112]" classname="hudson.scheduler.CronTabDayOfWeekLocaleTest" time="0"/>
  <testcase name="isSundayAndNextRunIsTuesday[112]" classname="hudson.scheduler.CronTabDayOfWeekLocaleTest" time="0"/>
  <testcase name="isSundayAndNextRunIsNextSunday7[112]" classname="hudson.scheduler.CronTabDayOfWeekLocaleTest" time="0"/>
  <testcase name="isSundayAndPreviousRunIsMonday[112]" classname="hudson.scheduler.CronTabDayOfWeekLocaleTest" time="0"/>
  <testcase name="isSaturdayAndNextRunIsSundayAsterisk[112]" classname="hudson.scheduler.CronTabDayOfWeekLocaleTest" time="0"/>
  <testcase name="hudson8658[112]" classname="hudson.scheduler.CronTabDayOfWeekLocaleTest" time="0"/>
  <testcase name="isSundayAndNextRunIsNextSunday[112]" classname="hudson.scheduler.CronTabDayOfWeekLocaleTest" time="0"/>
  <testcase name="isSundayAndNextRunIsThursday[112]" classname="hudson.scheduler.CronTabDayOfWeekLocaleTest" time="0"/>
  <testcase name="isSundayAndPreviousRunIsPreviousSunday7[112]" classname="hudson.scheduler.CronTabDayOfWeekLocaleTest" time="0"/>
  <testcase name="isSundayAndNextRunIsWednesday[112]" classname="hudson.scheduler.CronTabDayOfWeekLocaleTest" time="0"/>
  <testcase name="isSundayAndNextRunIsSaturday[112]" classname="hudson.scheduler.CronTabDayOfWeekLocaleTest" time="0"/>
  <testcase name="isSundayAndPreviousRunIsTuesday[113]" classname="hudson.scheduler.CronTabDayOfWeekLocaleTest" time="0"/>
  <testcase name="isSundayAndPreviousRunIsThursday[113]" classname="hudson.scheduler.CronTabDayOfWeekLocaleTest" time="0"/>
  <testcase name="isSundayAndPreviousRunIsWednesday[113]" classname="hudson.scheduler.CronTabDayOfWeekLocaleTest" time="0"/>
  <testcase name="isSundayAndPreviousRunIsSaturday[113]" classname="hudson.scheduler.CronTabDayOfWeekLocaleTest" time="0"/>
  <testcase name="isSundayAndPreviousRunIsPreviousSunday[113]" classname="hudson.scheduler.CronTabDayOfWeekLocaleTest" time="0"/>
  <testcase name="isSundayAndNextRunIsFriday[113]" classname="hudson.scheduler.CronTabDayOfWeekLocaleTest" time="0"/>
  <testcase name="isSundayAndPreviousRunIsSaturdayAsterisk[113]" classname="hudson.scheduler.CronTabDayOfWeekLocaleTest" time="0"/>
  <testcase name="isSundayAndNextRunIsMonday[113]" classname="hudson.scheduler.CronTabDayOfWeekLocaleTest" time="0"/>
  <testcase name="isSundayAndPreviousRunIsFriday[113]" classname="hudson.scheduler.CronTabDayOfWeekLocaleTest" time="0"/>
  <testcase name="isSundayAndNextRunIsTuesday[113]" classname="hudson.scheduler.CronTabDayOfWeekLocaleTest" time="0"/>
  <testcase name="isSundayAndNextRunIsNextSunday7[113]" classname="hudson.scheduler.CronTabDayOfWeekLocaleTest" time="0"/>
  <testcase name="isSundayAndPreviousRunIsMonday[113]" classname="hudson.scheduler.CronTabDayOfWeekLocaleTest" time="0"/>
  <testcase name="isSaturdayAndNextRunIsSundayAsterisk[113]" classname="hudson.scheduler.CronTabDayOfWeekLocaleTest" time="0.001"/>
  <testcase name="hudson8658[113]" classname="hudson.scheduler.CronTabDayOfWeekLocaleTest" time="0"/>
  <testcase name="isSundayAndNextRunIsNextSunday[113]" classname="hudson.scheduler.CronTabDayOfWeekLocaleTest" time="0"/>
  <testcase name="isSundayAndNextRunIsThursday[113]" classname="hudson.scheduler.CronTabDayOfWeekLocaleTest" time="0"/>
  <testcase name="isSundayAndPreviousRunIsPreviousSunday7[113]" classname="hudson.scheduler.CronTabDayOfWeekLocaleTest" time="0"/>
  <testcase name="isSundayAndNextRunIsWednesday[113]" classname="hudson.scheduler.CronTabDayOfWeekLocaleTest" time="0"/>
  <testcase name="isSundayAndNextRunIsSaturday[113]" classname="hudson.scheduler.CronTabDayOfWeekLocaleTest" time="0"/>
  <testcase name="isSundayAndPreviousRunIsTuesday[114]" classname="hudson.scheduler.CronTabDayOfWeekLocaleTest" time="0"/>
  <testcase name="isSundayAndPreviousRunIsThursday[114]" classname="hudson.scheduler.CronTabDayOfWeekLocaleTest" time="0"/>
  <testcase name="isSundayAndPreviousRunIsWednesday[114]" classname="hudson.scheduler.CronTabDayOfWeekLocaleTest" time="0"/>
  <testcase name="isSundayAndPreviousRunIsSaturday[114]" classname="hudson.scheduler.CronTabDayOfWeekLocaleTest" time="0.001"/>
  <testcase name="isSundayAndPreviousRunIsPreviousSunday[114]" classname="hudson.scheduler.CronTabDayOfWeekLocaleTest" time="0"/>
  <testcase name="isSundayAndNextRunIsFriday[114]" classname="hudson.scheduler.CronTabDayOfWeekLocaleTest" time="0"/>
  <testcase name="isSundayAndPreviousRunIsSaturdayAsterisk[114]" classname="hudson.scheduler.CronTabDayOfWeekLocaleTest" time="0"/>
  <testcase name="isSundayAndNextRunIsMonday[114]" classname="hudson.scheduler.CronTabDayOfWeekLocaleTest" time="0"/>
  <testcase name="isSundayAndPreviousRunIsFriday[114]" classname="hudson.scheduler.CronTabDayOfWeekLocaleTest" time="0"/>
  <testcase name="isSundayAndNextRunIsTuesday[114]" classname="hudson.scheduler.CronTabDayOfWeekLocaleTest" time="0"/>
  <testcase name="isSundayAndNextRunIsNextSunday7[114]" classname="hudson.scheduler.CronTabDayOfWeekLocaleTest" time="0"/>
  <testcase name="isSundayAndPreviousRunIsMonday[114]" classname="hudson.scheduler.CronTabDayOfWeekLocaleTest" time="0"/>
  <testcase name="isSaturdayAndNextRunIsSundayAsterisk[114]" classname="hudson.scheduler.CronTabDayOfWeekLocaleTest" time="0"/>
  <testcase name="hudson8658[114]" classname="hudson.scheduler.CronTabDayOfWeekLocaleTest" time="0"/>
  <testcase name="isSundayAndNextRunIsNextSunday[114]" classname="hudson.scheduler.CronTabDayOfWeekLocaleTest" time="0.001"/>
  <testcase name="isSundayAndNextRunIsThursday[114]" classname="hudson.scheduler.CronTabDayOfWeekLocaleTest" time="0"/>
  <testcase name="isSundayAndPreviousRunIsPreviousSunday7[114]" classname="hudson.scheduler.CronTabDayOfWeekLocaleTest" time="0"/>
  <testcase name="isSundayAndNextRunIsWednesday[114]" classname="hudson.scheduler.CronTabDayOfWeekLocaleTest" time="0"/>
  <testcase name="isSundayAndNextRunIsSaturday[114]" classname="hudson.scheduler.CronTabDayOfWeekLocaleTest" time="0"/>
  <testcase name="isSundayAndPreviousRunIsTuesday[115]" classname="hudson.scheduler.CronTabDayOfWeekLocaleTest" time="0"/>
  <testcase name="isSundayAndPreviousRunIsThursday[115]" classname="hudson.scheduler.CronTabDayOfWeekLocaleTest" time="0"/>
  <testcase name="isSundayAndPreviousRunIsWednesday[115]" classname="hudson.scheduler.CronTabDayOfWeekLocaleTest" time="0"/>
  <testcase name="isSundayAndPreviousRunIsSaturday[115]" classname="hudson.scheduler.CronTabDayOfWeekLocaleTest" time="0"/>
  <testcase name="isSundayAndPreviousRunIsPreviousSunday[115]" classname="hudson.scheduler.CronTabDayOfWeekLocaleTest" time="0"/>
  <testcase name="isSundayAndNextRunIsFriday[115]" classname="hudson.scheduler.CronTabDayOfWeekLocaleTest" time="0.001"/>
  <testcase name="isSundayAndPreviousRunIsSaturdayAsterisk[115]" classname="hudson.scheduler.CronTabDayOfWeekLocaleTest" time="0"/>
  <testcase name="isSundayAndNextRunIsMonday[115]" classname="hudson.scheduler.CronTabDayOfWeekLocaleTest" time="0"/>
  <testcase name="isSundayAndPreviousRunIsFriday[115]" classname="hudson.scheduler.CronTabDayOfWeekLocaleTest" time="0"/>
  <testcase name="isSundayAndNextRunIsTuesday[115]" classname="hudson.scheduler.CronTabDayOfWeekLocaleTest" time="0"/>
  <testcase name="isSundayAndNextRunIsNextSunday7[115]" classname="hudson.scheduler.CronTabDayOfWeekLocaleTest" time="0"/>
  <testcase name="isSundayAndPreviousRunIsMonday[115]" classname="hudson.scheduler.CronTabDayOfWeekLocaleTest" time="0"/>
  <testcase name="isSaturdayAndNextRunIsSundayAsterisk[115]" classname="hudson.scheduler.CronTabDayOfWeekLocaleTest" time="0"/>
  <testcase name="hudson8658[115]" classname="hudson.scheduler.CronTabDayOfWeekLocaleTest" time="0"/>
  <testcase name="isSundayAndNextRunIsNextSunday[115]" classname="hudson.scheduler.CronTabDayOfWeekLocaleTest" time="0"/>
  <testcase name="isSundayAndNextRunIsThursday[115]" classname="hudson.scheduler.CronTabDayOfWeekLocaleTest" time="0.001"/>
  <testcase name="isSundayAndPreviousRunIsPreviousSunday7[115]" classname="hudson.scheduler.CronTabDayOfWeekLocaleTest" time="0"/>
  <testcase name="isSundayAndNextRunIsWednesday[115]" classname="hudson.scheduler.CronTabDayOfWeekLocaleTest" time="0"/>
  <testcase name="isSundayAndNextRunIsSaturday[115]" classname="hudson.scheduler.CronTabDayOfWeekLocaleTest" time="0"/>
  <testcase name="isSundayAndPreviousRunIsTuesday[116]" classname="hudson.scheduler.CronTabDayOfWeekLocaleTest" time="0"/>
  <testcase name="isSundayAndPreviousRunIsThursday[116]" classname="hudson.scheduler.CronTabDayOfWeekLocaleTest" time="0"/>
  <testcase name="isSundayAndPreviousRunIsWednesday[116]" classname="hudson.scheduler.CronTabDayOfWeekLocaleTest" time="0"/>
  <testcase name="isSundayAndPreviousRunIsSaturday[116]" classname="hudson.scheduler.CronTabDayOfWeekLocaleTest" time="0"/>
  <testcase name="isSundayAndPreviousRunIsPreviousSunday[116]" classname="hudson.scheduler.CronTabDayOfWeekLocaleTest" time="0"/>
  <testcase name="isSundayAndNextRunIsFriday[116]" classname="hudson.scheduler.CronTabDayOfWeekLocaleTest" time="0"/>
  <testcase name="isSundayAndPreviousRunIsSaturdayAsterisk[116]" classname="hudson.scheduler.CronTabDayOfWeekLocaleTest" time="0.001"/>
  <testcase name="isSundayAndNextRunIsMonday[116]" classname="hudson.scheduler.CronTabDayOfWeekLocaleTest" time="0"/>
  <testcase name="isSundayAndPreviousRunIsFriday[116]" classname="hudson.scheduler.CronTabDayOfWeekLocaleTest" time="0"/>
  <testcase name="isSundayAndNextRunIsTuesday[116]" classname="hudson.scheduler.CronTabDayOfWeekLocaleTest" time="0"/>
  <testcase name="isSundayAndNextRunIsNextSunday7[116]" classname="hudson.scheduler.CronTabDayOfWeekLocaleTest" time="0"/>
  <testcase name="isSundayAndPreviousRunIsMonday[116]" classname="hudson.scheduler.CronTabDayOfWeekLocaleTest" time="0"/>
  <testcase name="isSaturdayAndNextRunIsSundayAsterisk[116]" classname="hudson.scheduler.CronTabDayOfWeekLocaleTest" time="0"/>
  <testcase name="hudson8658[116]" classname="hudson.scheduler.CronTabDayOfWeekLocaleTest" time="0"/>
  <testcase name="isSundayAndNextRunIsNextSunday[116]" classname="hudson.scheduler.CronTabDayOfWeekLocaleTest" time="0"/>
  <testcase name="isSundayAndNextRunIsThursday[116]" classname="hudson.scheduler.CronTabDayOfWeekLocaleTest" time="0"/>
  <testcase name="isSundayAndPreviousRunIsPreviousSunday7[116]" classname="hudson.scheduler.CronTabDayOfWeekLocaleTest" time="0"/>
  <testcase name="isSundayAndNextRunIsWednesday[116]" classname="hudson.scheduler.CronTabDayOfWeekLocaleTest" time="0.001"/>
  <testcase name="isSundayAndNextRunIsSaturday[116]" classname="hudson.scheduler.CronTabDayOfWeekLocaleTest" time="0"/>
  <testcase name="isSundayAndPreviousRunIsTuesday[117]" classname="hudson.scheduler.CronTabDayOfWeekLocaleTest" time="0"/>
  <testcase name="isSundayAndPreviousRunIsThursday[117]" classname="hudson.scheduler.CronTabDayOfWeekLocaleTest" time="0"/>
  <testcase name="isSundayAndPreviousRunIsWednesday[117]" classname="hudson.scheduler.CronTabDayOfWeekLocaleTest" time="0"/>
  <testcase name="isSundayAndPreviousRunIsSaturday[117]" classname="hudson.scheduler.CronTabDayOfWeekLocaleTest" time="0"/>
  <testcase name="isSundayAndPreviousRunIsPreviousSunday[117]" classname="hudson.scheduler.CronTabDayOfWeekLocaleTest" time="0"/>
  <testcase name="isSundayAndNextRunIsFriday[117]" classname="hudson.scheduler.CronTabDayOfWeekLocaleTest" time="0"/>
  <testcase name="isSundayAndPreviousRunIsSaturdayAsterisk[117]" classname="hudson.scheduler.CronTabDayOfWeekLocaleTest" time="0"/>
  <testcase name="isSundayAndNextRunIsMonday[117]" classname="hudson.scheduler.CronTabDayOfWeekLocaleTest" time="0"/>
  <testcase name="isSundayAndPreviousRunIsFriday[117]" classname="hudson.scheduler.CronTabDayOfWeekLocaleTest" time="0.001"/>
  <testcase name="isSundayAndNextRunIsTuesday[117]" classname="hudson.scheduler.CronTabDayOfWeekLocaleTest" time="0"/>
  <testcase name="isSundayAndNextRunIsNextSunday7[117]" classname="hudson.scheduler.CronTabDayOfWeekLocaleTest" time="0"/>
  <testcase name="isSundayAndPreviousRunIsMonday[117]" classname="hudson.scheduler.CronTabDayOfWeekLocaleTest" time="0"/>
  <testcase name="isSaturdayAndNextRunIsSundayAsterisk[117]" classname="hudson.scheduler.CronTabDayOfWeekLocaleTest" time="0"/>
  <testcase name="hudson8658[117]" classname="hudson.scheduler.CronTabDayOfWeekLocaleTest" time="0"/>
  <testcase name="isSundayAndNextRunIsNextSunday[117]" classname="hudson.scheduler.CronTabDayOfWeekLocaleTest" time="0"/>
  <testcase name="isSundayAndNextRunIsThursday[117]" classname="hudson.scheduler.CronTabDayOfWeekLocaleTest" time="0"/>
  <testcase name="isSundayAndPreviousRunIsPreviousSunday7[117]" classname="hudson.scheduler.CronTabDayOfWeekLocaleTest" time="0"/>
  <testcase name="isSundayAndNextRunIsWednesday[117]" classname="hudson.scheduler.CronTabDayOfWeekLocaleTest" time="0"/>
  <testcase name="isSundayAndNextRunIsSaturday[117]" classname="hudson.scheduler.CronTabDayOfWeekLocaleTest" time="0"/>
  <testcase name="isSundayAndPreviousRunIsTuesday[118]" classname="hudson.scheduler.CronTabDayOfWeekLocaleTest" time="0"/>
  <testcase name="isSundayAndPreviousRunIsThursday[118]" classname="hudson.scheduler.CronTabDayOfWeekLocaleTest" time="0"/>
  <testcase name="isSundayAndPreviousRunIsWednesday[118]" classname="hudson.scheduler.CronTabDayOfWeekLocaleTest" time="0"/>
  <testcase name="isSundayAndPreviousRunIsSaturday[118]" classname="hudson.scheduler.CronTabDayOfWeekLocaleTest" time="0"/>
  <testcase name="isSundayAndPreviousRunIsPreviousSunday[118]" classname="hudson.scheduler.CronTabDayOfWeekLocaleTest" time="0"/>
  <testcase name="isSundayAndNextRunIsFriday[118]" classname="hudson.scheduler.CronTabDayOfWeekLocaleTest" time="0"/>
  <testcase name="isSundayAndPreviousRunIsSaturdayAsterisk[118]" classname="hudson.scheduler.CronTabDayOfWeekLocaleTest" time="0"/>
  <testcase name="isSundayAndNextRunIsMonday[118]" classname="hudson.scheduler.CronTabDayOfWeekLocaleTest" time="0"/>
  <testcase name="isSundayAndPreviousRunIsFriday[118]" classname="hudson.scheduler.CronTabDayOfWeekLocaleTest" time="0"/>
  <testcase name="isSundayAndNextRunIsTuesday[118]" classname="hudson.scheduler.CronTabDayOfWeekLocaleTest" time="0"/>
  <testcase name="isSundayAndNextRunIsNextSunday7[118]" classname="hudson.scheduler.CronTabDayOfWeekLocaleTest" time="0"/>
  <testcase name="isSundayAndPreviousRunIsMonday[118]" classname="hudson.scheduler.CronTabDayOfWeekLocaleTest" time="0"/>
  <testcase name="isSaturdayAndNextRunIsSundayAsterisk[118]" classname="hudson.scheduler.CronTabDayOfWeekLocaleTest" time="0"/>
  <testcase name="hudson8658[118]" classname="hudson.scheduler.CronTabDayOfWeekLocaleTest" time="0"/>
  <testcase name="isSundayAndNextRunIsNextSunday[118]" classname="hudson.scheduler.CronTabDayOfWeekLocaleTest" time="0"/>
  <testcase name="isSundayAndNextRunIsThursday[118]" classname="hudson.scheduler.CronTabDayOfWeekLocaleTest" time="0"/>
  <testcase name="isSundayAndPreviousRunIsPreviousSunday7[118]" classname="hudson.scheduler.CronTabDayOfWeekLocaleTest" time="0"/>
  <testcase name="isSundayAndNextRunIsWednesday[118]" classname="hudson.scheduler.CronTabDayOfWeekLocaleTest" time="0"/>
  <testcase name="isSundayAndNextRunIsSaturday[118]" classname="hudson.scheduler.CronTabDayOfWeekLocaleTest" time="0"/>
  <testcase name="isSundayAndPreviousRunIsTuesday[119]" classname="hudson.scheduler.CronTabDayOfWeekLocaleTest" time="0"/>
  <testcase name="isSundayAndPreviousRunIsThursday[119]" classname="hudson.scheduler.CronTabDayOfWeekLocaleTest" time="0"/>
  <testcase name="isSundayAndPreviousRunIsWednesday[119]" classname="hudson.scheduler.CronTabDayOfWeekLocaleTest" time="0"/>
  <testcase name="isSundayAndPreviousRunIsSaturday[119]" classname="hudson.scheduler.CronTabDayOfWeekLocaleTest" time="0"/>
  <testcase name="isSundayAndPreviousRunIsPreviousSunday[119]" classname="hudson.scheduler.CronTabDayOfWeekLocaleTest" time="0"/>
  <testcase name="isSundayAndNextRunIsFriday[119]" classname="hudson.scheduler.CronTabDayOfWeekLocaleTest" time="0"/>
  <testcase name="isSundayAndPreviousRunIsSaturdayAsterisk[119]" classname="hudson.scheduler.CronTabDayOfWeekLocaleTest" time="0"/>
  <testcase name="isSundayAndNextRunIsMonday[119]" classname="hudson.scheduler.CronTabDayOfWeekLocaleTest" time="0"/>
  <testcase name="isSundayAndPreviousRunIsFriday[119]" classname="hudson.scheduler.CronTabDayOfWeekLocaleTest" time="0"/>
  <testcase name="isSundayAndNextRunIsTuesday[119]" classname="hudson.scheduler.CronTabDayOfWeekLocaleTest" time="0"/>
  <testcase name="isSundayAndNextRunIsNextSunday7[119]" classname="hudson.scheduler.CronTabDayOfWeekLocaleTest" time="0"/>
  <testcase name="isSundayAndPreviousRunIsMonday[119]" classname="hudson.scheduler.CronTabDayOfWeekLocaleTest" time="0.001"/>
  <testcase name="isSaturdayAndNextRunIsSundayAsterisk[119]" classname="hudson.scheduler.CronTabDayOfWeekLocaleTest" time="0"/>
  <testcase name="hudson8658[119]" classname="hudson.scheduler.CronTabDayOfWeekLocaleTest" time="0"/>
  <testcase name="isSundayAndNextRunIsNextSunday[119]" classname="hudson.scheduler.CronTabDayOfWeekLocaleTest" time="0"/>
  <testcase name="isSundayAndNextRunIsThursday[119]" classname="hudson.scheduler.CronTabDayOfWeekLocaleTest" time="0"/>
  <testcase name="isSundayAndPreviousRunIsPreviousSunday7[119]" classname="hudson.scheduler.CronTabDayOfWeekLocaleTest" time="0"/>
  <testcase name="isSundayAndNextRunIsWednesday[119]" classname="hudson.scheduler.CronTabDayOfWeekLocaleTest" time="0"/>
  <testcase name="isSundayAndNextRunIsSaturday[119]" classname="hudson.scheduler.CronTabDayOfWeekLocaleTest" time="0"/>
  <testcase name="isSundayAndPreviousRunIsTuesday[120]" classname="hudson.scheduler.CronTabDayOfWeekLocaleTest" time="0"/>
  <testcase name="isSundayAndPreviousRunIsThursday[120]" classname="hudson.scheduler.CronTabDayOfWeekLocaleTest" time="0"/>
  <testcase name="isSundayAndPreviousRunIsWednesday[120]" classname="hudson.scheduler.CronTabDayOfWeekLocaleTest" time="0"/>
  <testcase name="isSundayAndPreviousRunIsSaturday[120]" classname="hudson.scheduler.CronTabDayOfWeekLocaleTest" time="0"/>
  <testcase name="isSundayAndPreviousRunIsPreviousSunday[120]" classname="hudson.scheduler.CronTabDayOfWeekLocaleTest" time="0"/>
  <testcase name="isSundayAndNextRunIsFriday[120]" classname="hudson.scheduler.CronTabDayOfWeekLocaleTest" time="0"/>
  <testcase name="isSundayAndPreviousRunIsSaturdayAsterisk[120]" classname="hudson.scheduler.CronTabDayOfWeekLocaleTest" time="0"/>
  <testcase name="isSundayAndNextRunIsMonday[120]" classname="hudson.scheduler.CronTabDayOfWeekLocaleTest" time="0"/>
  <testcase name="isSundayAndPreviousRunIsFriday[120]" classname="hudson.scheduler.CronTabDayOfWeekLocaleTest" time="0"/>
  <testcase name="isSundayAndNextRunIsTuesday[120]" classname="hudson.scheduler.CronTabDayOfWeekLocaleTest" time="0"/>
  <testcase name="isSundayAndNextRunIsNextSunday7[120]" classname="hudson.scheduler.CronTabDayOfWeekLocaleTest" time="0"/>
  <testcase name="isSundayAndPreviousRunIsMonday[120]" classname="hudson.scheduler.CronTabDayOfWeekLocaleTest" time="0"/>
  <testcase name="isSaturdayAndNextRunIsSundayAsterisk[120]" classname="hudson.scheduler.CronTabDayOfWeekLocaleTest" time="0"/>
  <testcase name="hudson8658[120]" classname="hudson.scheduler.CronTabDayOfWeekLocaleTest" time="0"/>
  <testcase name="isSundayAndNextRunIsNextSunday[120]" classname="hudson.scheduler.CronTabDayOfWeekLocaleTest" time="0"/>
  <testcase name="isSundayAndNextRunIsThursday[120]" classname="hudson.scheduler.CronTabDayOfWeekLocaleTest" time="0"/>
  <testcase name="isSundayAndPreviousRunIsPreviousSunday7[120]" classname="hudson.scheduler.CronTabDayOfWeekLocaleTest" time="0"/>
  <testcase name="isSundayAndNextRunIsWednesday[120]" classname="hudson.scheduler.CronTabDayOfWeekLocaleTest" time="0"/>
  <testcase name="isSundayAndNextRunIsSaturday[120]" classname="hudson.scheduler.CronTabDayOfWeekLocaleTest" time="0"/>
  <testcase name="isSundayAndPreviousRunIsTuesday[121]" classname="hudson.scheduler.CronTabDayOfWeekLocaleTest" time="0"/>
  <testcase name="isSundayAndPreviousRunIsThursday[121]" classname="hudson.scheduler.CronTabDayOfWeekLocaleTest" time="0"/>
  <testcase name="isSundayAndPreviousRunIsWednesday[121]" classname="hudson.scheduler.CronTabDayOfWeekLocaleTest" time="0"/>
  <testcase name="isSundayAndPreviousRunIsSaturday[121]" classname="hudson.scheduler.CronTabDayOfWeekLocaleTest" time="0"/>
  <testcase name="isSundayAndPreviousRunIsPreviousSunday[121]" classname="hudson.scheduler.CronTabDayOfWeekLocaleTest" time="0"/>
  <testcase name="isSundayAndNextRunIsFriday[121]" classname="hudson.scheduler.CronTabDayOfWeekLocaleTest" time="0"/>
  <testcase name="isSundayAndPreviousRunIsSaturdayAsterisk[121]" classname="hudson.scheduler.CronTabDayOfWeekLocaleTest" time="0"/>
  <testcase name="isSundayAndNextRunIsMonday[121]" classname="hudson.scheduler.CronTabDayOfWeekLocaleTest" time="0"/>
  <testcase name="isSundayAndPreviousRunIsFriday[121]" classname="hudson.scheduler.CronTabDayOfWeekLocaleTest" time="0"/>
  <testcase name="isSundayAndNextRunIsTuesday[121]" classname="hudson.scheduler.CronTabDayOfWeekLocaleTest" time="0"/>
  <testcase name="isSundayAndNextRunIsNextSunday7[121]" classname="hudson.scheduler.CronTabDayOfWeekLocaleTest" time="0"/>
  <testcase name="isSundayAndPreviousRunIsMonday[121]" classname="hudson.scheduler.CronTabDayOfWeekLocaleTest" time="0"/>
  <testcase name="isSaturdayAndNextRunIsSundayAsterisk[121]" classname="hudson.scheduler.CronTabDayOfWeekLocaleTest" time="0"/>
  <testcase name="hudson8658[121]" classname="hudson.scheduler.CronTabDayOfWeekLocaleTest" time="0"/>
  <testcase name="isSundayAndNextRunIsNextSunday[121]" classname="hudson.scheduler.CronTabDayOfWeekLocaleTest" time="0"/>
  <testcase name="isSundayAndNextRunIsThursday[121]" classname="hudson.scheduler.CronTabDayOfWeekLocaleTest" time="0"/>
  <testcase name="isSundayAndPreviousRunIsPreviousSunday7[121]" classname="hudson.scheduler.CronTabDayOfWeekLocaleTest" time="0"/>
  <testcase name="isSundayAndNextRunIsWednesday[121]" classname="hudson.scheduler.CronTabDayOfWeekLocaleTest" time="0"/>
  <testcase name="isSundayAndNextRunIsSaturday[121]" classname="hudson.scheduler.CronTabDayOfWeekLocaleTest" time="0"/>
  <testcase name="isSundayAndPreviousRunIsTuesday[122]" classname="hudson.scheduler.CronTabDayOfWeekLocaleTest" time="0"/>
  <testcase name="isSundayAndPreviousRunIsThursday[122]" classname="hudson.scheduler.CronTabDayOfWeekLocaleTest" time="0"/>
  <testcase name="isSundayAndPreviousRunIsWednesday[122]" classname="hudson.scheduler.CronTabDayOfWeekLocaleTest" time="0"/>
  <testcase name="isSundayAndPreviousRunIsSaturday[122]" classname="hudson.scheduler.CronTabDayOfWeekLocaleTest" time="0"/>
  <testcase name="isSundayAndPreviousRunIsPreviousSunday[122]" classname="hudson.scheduler.CronTabDayOfWeekLocaleTest" time="0"/>
  <testcase name="isSundayAndNextRunIsFriday[122]" classname="hudson.scheduler.CronTabDayOfWeekLocaleTest" time="0"/>
  <testcase name="isSundayAndPreviousRunIsSaturdayAsterisk[122]" classname="hudson.scheduler.CronTabDayOfWeekLocaleTest" time="0"/>
  <testcase name="isSundayAndNextRunIsMonday[122]" classname="hudson.scheduler.CronTabDayOfWeekLocaleTest" time="0.001"/>
  <testcase name="isSundayAndPreviousRunIsFriday[122]" classname="hudson.scheduler.CronTabDayOfWeekLocaleTest" time="0"/>
  <testcase name="isSundayAndNextRunIsTuesday[122]" classname="hudson.scheduler.CronTabDayOfWeekLocaleTest" time="0"/>
  <testcase name="isSundayAndNextRunIsNextSunday7[122]" classname="hudson.scheduler.CronTabDayOfWeekLocaleTest" time="0"/>
  <testcase name="isSundayAndPreviousRunIsMonday[122]" classname="hudson.scheduler.CronTabDayOfWeekLocaleTest" time="0"/>
  <testcase name="isSaturdayAndNextRunIsSundayAsterisk[122]" classname="hudson.scheduler.CronTabDayOfWeekLocaleTest" time="0"/>
  <testcase name="hudson8658[122]" classname="hudson.scheduler.CronTabDayOfWeekLocaleTest" time="0"/>
  <testcase name="isSundayAndNextRunIsNextSunday[122]" classname="hudson.scheduler.CronTabDayOfWeekLocaleTest" time="0"/>
  <testcase name="isSundayAndNextRunIsThursday[122]" classname="hudson.scheduler.CronTabDayOfWeekLocaleTest" time="0"/>
  <testcase name="isSundayAndPreviousRunIsPreviousSunday7[122]" classname="hudson.scheduler.CronTabDayOfWeekLocaleTest" time="0"/>
  <testcase name="isSundayAndNextRunIsWednesday[122]" classname="hudson.scheduler.CronTabDayOfWeekLocaleTest" time="0"/>
  <testcase name="isSundayAndNextRunIsSaturday[122]" classname="hudson.scheduler.CronTabDayOfWeekLocaleTest" time="0.001"/>
  <testcase name="isSundayAndPreviousRunIsTuesday[123]" classname="hudson.scheduler.CronTabDayOfWeekLocaleTest" time="0"/>
  <testcase name="isSundayAndPreviousRunIsThursday[123]" classname="hudson.scheduler.CronTabDayOfWeekLocaleTest" time="0"/>
  <testcase name="isSundayAndPreviousRunIsWednesday[123]" classname="hudson.scheduler.CronTabDayOfWeekLocaleTest" time="0"/>
  <testcase name="isSundayAndPreviousRunIsSaturday[123]" classname="hudson.scheduler.CronTabDayOfWeekLocaleTest" time="0"/>
  <testcase name="isSundayAndPreviousRunIsPreviousSunday[123]" classname="hudson.scheduler.CronTabDayOfWeekLocaleTest" time="0"/>
  <testcase name="isSundayAndNextRunIsFriday[123]" classname="hudson.scheduler.CronTabDayOfWeekLocaleTest" time="0"/>
  <testcase name="isSundayAndPreviousRunIsSaturdayAsterisk[123]" classname="hudson.scheduler.CronTabDayOfWeekLocaleTest" time="0"/>
  <testcase name="isSundayAndNextRunIsMonday[123]" classname="hudson.scheduler.CronTabDayOfWeekLocaleTest" time="0"/>
  <testcase name="isSundayAndPreviousRunIsFriday[123]" classname="hudson.scheduler.CronTabDayOfWeekLocaleTest" time="0"/>
  <testcase name="isSundayAndNextRunIsTuesday[123]" classname="hudson.scheduler.CronTabDayOfWeekLocaleTest" time="0.001"/>
  <testcase name="isSundayAndNextRunIsNextSunday7[123]" classname="hudson.scheduler.CronTabDayOfWeekLocaleTest" time="0"/>
  <testcase name="isSundayAndPreviousRunIsMonday[123]" classname="hudson.scheduler.CronTabDayOfWeekLocaleTest" time="0"/>
  <testcase name="isSaturdayAndNextRunIsSundayAsterisk[123]" classname="hudson.scheduler.CronTabDayOfWeekLocaleTest" time="0"/>
  <testcase name="hudson8658[123]" classname="hudson.scheduler.CronTabDayOfWeekLocaleTest" time="0"/>
  <testcase name="isSundayAndNextRunIsNextSunday[123]" classname="hudson.scheduler.CronTabDayOfWeekLocaleTest" time="0"/>
  <testcase name="isSundayAndNextRunIsThursday[123]" classname="hudson.scheduler.CronTabDayOfWeekLocaleTest" time="0"/>
  <testcase name="isSundayAndPreviousRunIsPreviousSunday7[123]" classname="hudson.scheduler.CronTabDayOfWeekLocaleTest" time="0"/>
  <testcase name="isSundayAndNextRunIsWednesday[123]" classname="hudson.scheduler.CronTabDayOfWeekLocaleTest" time="0"/>
  <testcase name="isSundayAndNextRunIsSaturday[123]" classname="hudson.scheduler.CronTabDayOfWeekLocaleTest" time="0"/>
  <testcase name="isSundayAndPreviousRunIsTuesday[124]" classname="hudson.scheduler.CronTabDayOfWeekLocaleTest" time="0.001"/>
  <testcase name="isSundayAndPreviousRunIsThursday[124]" classname="hudson.scheduler.CronTabDayOfWeekLocaleTest" time="0"/>
  <testcase name="isSundayAndPreviousRunIsWednesday[124]" classname="hudson.scheduler.CronTabDayOfWeekLocaleTest" time="0"/>
  <testcase name="isSundayAndPreviousRunIsSaturday[124]" classname="hudson.scheduler.CronTabDayOfWeekLocaleTest" time="0"/>
  <testcase name="isSundayAndPreviousRunIsPreviousSunday[124]" classname="hudson.scheduler.CronTabDayOfWeekLocaleTest" time="0"/>
  <testcase name="isSundayAndNextRunIsFriday[124]" classname="hudson.scheduler.CronTabDayOfWeekLocaleTest" time="0"/>
  <testcase name="isSundayAndPreviousRunIsSaturdayAsterisk[124]" classname="hudson.scheduler.CronTabDayOfWeekLocaleTest" time="0"/>
  <testcase name="isSundayAndNextRunIsMonday[124]" classname="hudson.scheduler.CronTabDayOfWeekLocaleTest" time="0"/>
  <testcase name="isSundayAndPreviousRunIsFriday[124]" classname="hudson.scheduler.CronTabDayOfWeekLocaleTest" time="0"/>
  <testcase name="isSundayAndNextRunIsTuesday[124]" classname="hudson.scheduler.CronTabDayOfWeekLocaleTest" time="0"/>
  <testcase name="isSundayAndNextRunIsNextSunday7[124]" classname="hudson.scheduler.CronTabDayOfWeekLocaleTest" time="0"/>
  <testcase name="isSundayAndPreviousRunIsMonday[124]" classname="hudson.scheduler.CronTabDayOfWeekLocaleTest" time="0.001"/>
  <testcase name="isSaturdayAndNextRunIsSundayAsterisk[124]" classname="hudson.scheduler.CronTabDayOfWeekLocaleTest" time="0"/>
  <testcase name="hudson8658[124]" classname="hudson.scheduler.CronTabDayOfWeekLocaleTest" time="0"/>
  <testcase name="isSundayAndNextRunIsNextSunday[124]" classname="hudson.scheduler.CronTabDayOfWeekLocaleTest" time="0"/>
  <testcase name="isSundayAndNextRunIsThursday[124]" classname="hudson.scheduler.CronTabDayOfWeekLocaleTest" time="0"/>
  <testcase name="isSundayAndPreviousRunIsPreviousSunday7[124]" classname="hudson.scheduler.CronTabDayOfWeekLocaleTest" time="0"/>
  <testcase name="isSundayAndNextRunIsWednesday[124]" classname="hudson.scheduler.CronTabDayOfWeekLocaleTest" time="0"/>
  <testcase name="isSundayAndNextRunIsSaturday[124]" classname="hudson.scheduler.CronTabDayOfWeekLocaleTest" time="0"/>
  <testcase name="isSundayAndPreviousRunIsTuesday[125]" classname="hudson.scheduler.CronTabDayOfWeekLocaleTest" time="0"/>
  <testcase name="isSundayAndPreviousRunIsThursday[125]" classname="hudson.scheduler.CronTabDayOfWeekLocaleTest" time="0"/>
  <testcase name="isSundayAndPreviousRunIsWednesday[125]" classname="hudson.scheduler.CronTabDayOfWeekLocaleTest" time="0"/>
  <testcase name="isSundayAndPreviousRunIsSaturday[125]" classname="hudson.scheduler.CronTabDayOfWeekLocaleTest" time="0"/>
  <testcase name="isSundayAndPreviousRunIsPreviousSunday[125]" classname="hudson.scheduler.CronTabDayOfWeekLocaleTest" time="0"/>
  <testcase name="isSundayAndNextRunIsFriday[125]" classname="hudson.scheduler.CronTabDayOfWeekLocaleTest" time="0"/>
  <testcase name="isSundayAndPreviousRunIsSaturdayAsterisk[125]" classname="hudson.scheduler.CronTabDayOfWeekLocaleTest" time="0"/>
  <testcase name="isSundayAndNextRunIsMonday[125]" classname="hudson.scheduler.CronTabDayOfWeekLocaleTest" time="0"/>
  <testcase name="isSundayAndPreviousRunIsFriday[125]" classname="hudson.scheduler.CronTabDayOfWeekLocaleTest" time="0"/>
  <testcase name="isSundayAndNextRunIsTuesday[125]" classname="hudson.scheduler.CronTabDayOfWeekLocaleTest" time="0"/>
  <testcase name="isSundayAndNextRunIsNextSunday7[125]" classname="hudson.scheduler.CronTabDayOfWeekLocaleTest" time="0"/>
  <testcase name="isSundayAndPreviousRunIsMonday[125]" classname="hudson.scheduler.CronTabDayOfWeekLocaleTest" time="0"/>
  <testcase name="isSaturdayAndNextRunIsSundayAsterisk[125]" classname="hudson.scheduler.CronTabDayOfWeekLocaleTest" time="0.001"/>
  <testcase name="hudson8658[125]" classname="hudson.scheduler.CronTabDayOfWeekLocaleTest" time="0"/>
  <testcase name="isSundayAndNextRunIsNextSunday[125]" classname="hudson.scheduler.CronTabDayOfWeekLocaleTest" time="0"/>
  <testcase name="isSundayAndNextRunIsThursday[125]" classname="hudson.scheduler.CronTabDayOfWeekLocaleTest" time="0"/>
  <testcase name="isSundayAndPreviousRunIsPreviousSunday7[125]" classname="hudson.scheduler.CronTabDayOfWeekLocaleTest" time="0"/>
  <testcase name="isSundayAndNextRunIsWednesday[125]" classname="hudson.scheduler.CronTabDayOfWeekLocaleTest" time="0"/>
  <testcase name="isSundayAndNextRunIsSaturday[125]" classname="hudson.scheduler.CronTabDayOfWeekLocaleTest" time="0"/>
  <testcase name="isSundayAndPreviousRunIsTuesday[126]" classname="hudson.scheduler.CronTabDayOfWeekLocaleTest" time="0"/>
  <testcase name="isSundayAndPreviousRunIsThursday[126]" classname="hudson.scheduler.CronTabDayOfWeekLocaleTest" time="0"/>
  <testcase name="isSundayAndPreviousRunIsWednesday[126]" classname="hudson.scheduler.CronTabDayOfWeekLocaleTest" time="0"/>
  <testcase name="isSundayAndPreviousRunIsSaturday[126]" classname="hudson.scheduler.CronTabDayOfWeekLocaleTest" time="0.001"/>
  <testcase name="isSundayAndPreviousRunIsPreviousSunday[126]" classname="hudson.scheduler.CronTabDayOfWeekLocaleTest" time="0"/>
  <testcase name="isSundayAndNextRunIsFriday[126]" classname="hudson.scheduler.CronTabDayOfWeekLocaleTest" time="0"/>
  <testcase name="isSundayAndPreviousRunIsSaturdayAsterisk[126]" classname="hudson.scheduler.CronTabDayOfWeekLocaleTest" time="0"/>
  <testcase name="isSundayAndNextRunIsMonday[126]" classname="hudson.scheduler.CronTabDayOfWeekLocaleTest" time="0"/>
  <testcase name="isSundayAndPreviousRunIsFriday[126]" classname="hudson.scheduler.CronTabDayOfWeekLocaleTest" time="0"/>
  <testcase name="isSundayAndNextRunIsTuesday[126]" classname="hudson.scheduler.CronTabDayOfWeekLocaleTest" time="0"/>
  <testcase name="isSundayAndNextRunIsNextSunday7[126]" classname="hudson.scheduler.CronTabDayOfWeekLocaleTest" time="0"/>
  <testcase name="isSundayAndPreviousRunIsMonday[126]" classname="hudson.scheduler.CronTabDayOfWeekLocaleTest" time="0"/>
  <testcase name="isSaturdayAndNextRunIsSundayAsterisk[126]" classname="hudson.scheduler.CronTabDayOfWeekLocaleTest" time="0"/>
  <testcase name="hudson8658[126]" classname="hudson.scheduler.CronTabDayOfWeekLocaleTest" time="0"/>
  <testcase name="isSundayAndNextRunIsNextSunday[126]" classname="hudson.scheduler.CronTabDayOfWeekLocaleTest" time="0.001"/>
  <testcase name="isSundayAndNextRunIsThursday[126]" classname="hudson.scheduler.CronTabDayOfWeekLocaleTest" time="0"/>
  <testcase name="isSundayAndPreviousRunIsPreviousSunday7[126]" classname="hudson.scheduler.CronTabDayOfWeekLocaleTest" time="0"/>
  <testcase name="isSundayAndNextRunIsWednesday[126]" classname="hudson.scheduler.CronTabDayOfWeekLocaleTest" time="0"/>
  <testcase name="isSundayAndNextRunIsSaturday[126]" classname="hudson.scheduler.CronTabDayOfWeekLocaleTest" time="0"/>
  <testcase name="isSundayAndPreviousRunIsTuesday[127]" classname="hudson.scheduler.CronTabDayOfWeekLocaleTest" time="0"/>
  <testcase name="isSundayAndPreviousRunIsThursday[127]" classname="hudson.scheduler.CronTabDayOfWeekLocaleTest" time="0"/>
  <testcase name="isSundayAndPreviousRunIsWednesday[127]" classname="hudson.scheduler.CronTabDayOfWeekLocaleTest" time="0"/>
  <testcase name="isSundayAndPreviousRunIsSaturday[127]" classname="hudson.scheduler.CronTabDayOfWeekLocaleTest" time="0"/>
  <testcase name="isSundayAndPreviousRunIsPreviousSunday[127]" classname="hudson.scheduler.CronTabDayOfWeekLocaleTest" time="0"/>
  <testcase name="isSundayAndNextRunIsFriday[127]" classname="hudson.scheduler.CronTabDayOfWeekLocaleTest" time="0.001"/>
  <testcase name="isSundayAndPreviousRunIsSaturdayAsterisk[127]" classname="hudson.scheduler.CronTabDayOfWeekLocaleTest" time="0"/>
  <testcase name="isSundayAndNextRunIsMonday[127]" classname="hudson.scheduler.CronTabDayOfWeekLocaleTest" time="0"/>
  <testcase name="isSundayAndPreviousRunIsFriday[127]" classname="hudson.scheduler.CronTabDayOfWeekLocaleTest" time="0"/>
  <testcase name="isSundayAndNextRunIsTuesday[127]" classname="hudson.scheduler.CronTabDayOfWeekLocaleTest" time="0"/>
  <testcase name="isSundayAndNextRunIsNextSunday7[127]" classname="hudson.scheduler.CronTabDayOfWeekLocaleTest" time="0"/>
  <testcase name="isSundayAndPreviousRunIsMonday[127]" classname="hudson.scheduler.CronTabDayOfWeekLocaleTest" time="0"/>
  <testcase name="isSaturdayAndNextRunIsSundayAsterisk[127]" classname="hudson.scheduler.CronTabDayOfWeekLocaleTest" time="0"/>
  <testcase name="hudson8658[127]" classname="hudson.scheduler.CronTabDayOfWeekLocaleTest" time="0"/>
  <testcase name="isSundayAndNextRunIsNextSunday[127]" classname="hudson.scheduler.CronTabDayOfWeekLocaleTest" time="0"/>
  <testcase name="isSundayAndNextRunIsThursday[127]" classname="hudson.scheduler.CronTabDayOfWeekLocaleTest" time="0.001"/>
  <testcase name="isSundayAndPreviousRunIsPreviousSunday7[127]" classname="hudson.scheduler.CronTabDayOfWeekLocaleTest" time="0"/>
  <testcase name="isSundayAndNextRunIsWednesday[127]" classname="hudson.scheduler.CronTabDayOfWeekLocaleTest" time="0"/>
  <testcase name="isSundayAndNextRunIsSaturday[127]" classname="hudson.scheduler.CronTabDayOfWeekLocaleTest" time="0"/>
  <testcase name="isSundayAndPreviousRunIsTuesday[128]" classname="hudson.scheduler.CronTabDayOfWeekLocaleTest" time="0"/>
  <testcase name="isSundayAndPreviousRunIsThursday[128]" classname="hudson.scheduler.CronTabDayOfWeekLocaleTest" time="0"/>
  <testcase name="isSundayAndPreviousRunIsWednesday[128]" classname="hudson.scheduler.CronTabDayOfWeekLocaleTest" time="0"/>
  <testcase name="isSundayAndPreviousRunIsSaturday[128]" classname="hudson.scheduler.CronTabDayOfWeekLocaleTest" time="0"/>
  <testcase name="isSundayAndPreviousRunIsPreviousSunday[128]" classname="hudson.scheduler.CronTabDayOfWeekLocaleTest" time="0"/>
  <testcase name="isSundayAndNextRunIsFriday[128]" classname="hudson.scheduler.CronTabDayOfWeekLocaleTest" time="0"/>
  <testcase name="isSundayAndPreviousRunIsSaturdayAsterisk[128]" classname="hudson.scheduler.CronTabDayOfWeekLocaleTest" time="0.001"/>
  <testcase name="isSundayAndNextRunIsMonday[128]" classname="hudson.scheduler.CronTabDayOfWeekLocaleTest" time="0"/>
  <testcase name="isSundayAndPreviousRunIsFriday[128]" classname="hudson.scheduler.CronTabDayOfWeekLocaleTest" time="0"/>
  <testcase name="isSundayAndNextRunIsTuesday[128]" classname="hudson.scheduler.CronTabDayOfWeekLocaleTest" time="0"/>
  <testcase name="isSundayAndNextRunIsNextSunday7[128]" classname="hudson.scheduler.CronTabDayOfWeekLocaleTest" time="0"/>
  <testcase name="isSundayAndPreviousRunIsMonday[128]" classname="hudson.scheduler.CronTabDayOfWeekLocaleTest" time="0"/>
  <testcase name="isSaturdayAndNextRunIsSundayAsterisk[128]" classname="hudson.scheduler.CronTabDayOfWeekLocaleTest" time="0"/>
  <testcase name="hudson8658[128]" classname="hudson.scheduler.CronTabDayOfWeekLocaleTest" time="0"/>
  <testcase name="isSundayAndNextRunIsNextSunday[128]" classname="hudson.scheduler.CronTabDayOfWeekLocaleTest" time="0"/>
  <testcase name="isSundayAndNextRunIsThursday[128]" classname="hudson.scheduler.CronTabDayOfWeekLocaleTest" time="0"/>
  <testcase name="isSundayAndPreviousRunIsPreviousSunday7[128]" classname="hudson.scheduler.CronTabDayOfWeekLocaleTest" time="0"/>
  <testcase name="isSundayAndNextRunIsWednesday[128]" classname="hudson.scheduler.CronTabDayOfWeekLocaleTest" time="0"/>
  <testcase name="isSundayAndNextRunIsSaturday[128]" classname="hudson.scheduler.CronTabDayOfWeekLocaleTest" time="0"/>
  <testcase name="isSundayAndPreviousRunIsTuesday[129]" classname="hudson.scheduler.CronTabDayOfWeekLocaleTest" time="0"/>
  <testcase name="isSundayAndPreviousRunIsThursday[129]" classname="hudson.scheduler.CronTabDayOfWeekLocaleTest" time="0"/>
  <testcase name="isSundayAndPreviousRunIsWednesday[129]" classname="hudson.scheduler.CronTabDayOfWeekLocaleTest" time="0"/>
  <testcase name="isSundayAndPreviousRunIsSaturday[129]" classname="hudson.scheduler.CronTabDayOfWeekLocaleTest" time="0"/>
  <testcase name="isSundayAndPreviousRunIsPreviousSunday[129]" classname="hudson.scheduler.CronTabDayOfWeekLocaleTest" time="0"/>
  <testcase name="isSundayAndNextRunIsFriday[129]" classname="hudson.scheduler.CronTabDayOfWeekLocaleTest" time="0"/>
  <testcase name="isSundayAndPreviousRunIsSaturdayAsterisk[129]" classname="hudson.scheduler.CronTabDayOfWeekLocaleTest" time="0"/>
  <testcase name="isSundayAndNextRunIsMonday[129]" classname="hudson.scheduler.CronTabDayOfWeekLocaleTest" time="0"/>
  <testcase name="isSundayAndPreviousRunIsFriday[129]" classname="hudson.scheduler.CronTabDayOfWeekLocaleTest" time="0"/>
  <testcase name="isSundayAndNextRunIsTuesday[129]" classname="hudson.scheduler.CronTabDayOfWeekLocaleTest" time="0"/>
  <testcase name="isSundayAndNextRunIsNextSunday7[129]" classname="hudson.scheduler.CronTabDayOfWeekLocaleTest" time="0"/>
  <testcase name="isSundayAndPreviousRunIsMonday[129]" classname="hudson.scheduler.CronTabDayOfWeekLocaleTest" time="0"/>
  <testcase name="isSaturdayAndNextRunIsSundayAsterisk[129]" classname="hudson.scheduler.CronTabDayOfWeekLocaleTest" time="0"/>
  <testcase name="hudson8658[129]" classname="hudson.scheduler.CronTabDayOfWeekLocaleTest" time="0"/>
  <testcase name="isSundayAndNextRunIsNextSunday[129]" classname="hudson.scheduler.CronTabDayOfWeekLocaleTest" time="0"/>
  <testcase name="isSundayAndNextRunIsThursday[129]" classname="hudson.scheduler.CronTabDayOfWeekLocaleTest" time="0"/>
  <testcase name="isSundayAndPreviousRunIsPreviousSunday7[129]" classname="hudson.scheduler.CronTabDayOfWeekLocaleTest" time="0"/>
  <testcase name="isSundayAndNextRunIsWednesday[129]" classname="hudson.scheduler.CronTabDayOfWeekLocaleTest" time="0"/>
  <testcase name="isSundayAndNextRunIsSaturday[129]" classname="hudson.scheduler.CronTabDayOfWeekLocaleTest" time="0"/>
  <testcase name="isSundayAndPreviousRunIsTuesday[130]" classname="hudson.scheduler.CronTabDayOfWeekLocaleTest" time="0"/>
  <testcase name="isSundayAndPreviousRunIsThursday[130]" classname="hudson.scheduler.CronTabDayOfWeekLocaleTest" time="0"/>
  <testcase name="isSundayAndPreviousRunIsWednesday[130]" classname="hudson.scheduler.CronTabDayOfWeekLocaleTest" time="0"/>
  <testcase name="isSundayAndPreviousRunIsSaturday[130]" classname="hudson.scheduler.CronTabDayOfWeekLocaleTest" time="0"/>
  <testcase name="isSundayAndPreviousRunIsPreviousSunday[130]" classname="hudson.scheduler.CronTabDayOfWeekLocaleTest" time="0"/>
  <testcase name="isSundayAndNextRunIsFriday[130]" classname="hudson.scheduler.CronTabDayOfWeekLocaleTest" time="0"/>
  <testcase name="isSundayAndPreviousRunIsSaturdayAsterisk[130]" classname="hudson.scheduler.CronTabDayOfWeekLocaleTest" time="0"/>
  <testcase name="isSundayAndNextRunIsMonday[130]" classname="hudson.scheduler.CronTabDayOfWeekLocaleTest" time="0"/>
  <testcase name="isSundayAndPreviousRunIsFriday[130]" classname="hudson.scheduler.CronTabDayOfWeekLocaleTest" time="0"/>
  <testcase name="isSundayAndNextRunIsTuesday[130]" classname="hudson.scheduler.CronTabDayOfWeekLocaleTest" time="0"/>
  <testcase name="isSundayAndNextRunIsNextSunday7[130]" classname="hudson.scheduler.CronTabDayOfWeekLocaleTest" time="0"/>
  <testcase name="isSundayAndPreviousRunIsMonday[130]" classname="hudson.scheduler.CronTabDayOfWeekLocaleTest" time="0"/>
  <testcase name="isSaturdayAndNextRunIsSundayAsterisk[130]" classname="hudson.scheduler.CronTabDayOfWeekLocaleTest" time="0"/>
  <testcase name="hudson8658[130]" classname="hudson.scheduler.CronTabDayOfWeekLocaleTest" time="0"/>
  <testcase name="isSundayAndNextRunIsNextSunday[130]" classname="hudson.scheduler.CronTabDayOfWeekLocaleTest" time="0"/>
  <testcase name="isSundayAndNextRunIsThursday[130]" classname="hudson.scheduler.CronTabDayOfWeekLocaleTest" time="0"/>
  <testcase name="isSundayAndPreviousRunIsPreviousSunday7[130]" classname="hudson.scheduler.CronTabDayOfWeekLocaleTest" time="0"/>
  <testcase name="isSundayAndNextRunIsWednesday[130]" classname="hudson.scheduler.CronTabDayOfWeekLocaleTest" time="0"/>
  <testcase name="isSundayAndNextRunIsSaturday[130]" classname="hudson.scheduler.CronTabDayOfWeekLocaleTest" time="0"/>
  <testcase name="isSundayAndPreviousRunIsTuesday[131]" classname="hudson.scheduler.CronTabDayOfWeekLocaleTest" time="0.001"/>
  <testcase name="isSundayAndPreviousRunIsThursday[131]" classname="hudson.scheduler.CronTabDayOfWeekLocaleTest" time="0"/>
  <testcase name="isSundayAndPreviousRunIsWednesday[131]" classname="hudson.scheduler.CronTabDayOfWeekLocaleTest" time="0"/>
  <testcase name="isSundayAndPreviousRunIsSaturday[131]" classname="hudson.scheduler.CronTabDayOfWeekLocaleTest" time="0"/>
  <testcase name="isSundayAndPreviousRunIsPreviousSunday[131]" classname="hudson.scheduler.CronTabDayOfWeekLocaleTest" time="0"/>
  <testcase name="isSundayAndNextRunIsFriday[131]" classname="hudson.scheduler.CronTabDayOfWeekLocaleTest" time="0"/>
  <testcase name="isSundayAndPreviousRunIsSaturdayAsterisk[131]" classname="hudson.scheduler.CronTabDayOfWeekLocaleTest" time="0"/>
  <testcase name="isSundayAndNextRunIsMonday[131]" classname="hudson.scheduler.CronTabDayOfWeekLocaleTest" time="0"/>
  <testcase name="isSundayAndPreviousRunIsFriday[131]" classname="hudson.scheduler.CronTabDayOfWeekLocaleTest" time="0"/>
  <testcase name="isSundayAndNextRunIsTuesday[131]" classname="hudson.scheduler.CronTabDayOfWeekLocaleTest" time="0"/>
  <testcase name="isSundayAndNextRunIsNextSunday7[131]" classname="hudson.scheduler.CronTabDayOfWeekLocaleTest" time="0"/>
  <testcase name="isSundayAndPreviousRunIsMonday[131]" classname="hudson.scheduler.CronTabDayOfWeekLocaleTest" time="0"/>
  <testcase name="isSaturdayAndNextRunIsSundayAsterisk[131]" classname="hudson.scheduler.CronTabDayOfWeekLocaleTest" time="0"/>
  <testcase name="hudson8658[131]" classname="hudson.scheduler.CronTabDayOfWeekLocaleTest" time="0"/>
  <testcase name="isSundayAndNextRunIsNextSunday[131]" classname="hudson.scheduler.CronTabDayOfWeekLocaleTest" time="0"/>
  <testcase name="isSundayAndNextRunIsThursday[131]" classname="hudson.scheduler.CronTabDayOfWeekLocaleTest" time="0"/>
  <testcase name="isSundayAndPreviousRunIsPreviousSunday7[131]" classname="hudson.scheduler.CronTabDayOfWeekLocaleTest" time="0"/>
  <testcase name="isSundayAndNextRunIsWednesday[131]" classname="hudson.scheduler.CronTabDayOfWeekLocaleTest" time="0"/>
  <testcase name="isSundayAndNextRunIsSaturday[131]" classname="hudson.scheduler.CronTabDayOfWeekLocaleTest" time="0"/>
  <testcase name="isSundayAndPreviousRunIsTuesday[132]" classname="hudson.scheduler.CronTabDayOfWeekLocaleTest" time="0"/>
  <testcase name="isSundayAndPreviousRunIsThursday[132]" classname="hudson.scheduler.CronTabDayOfWeekLocaleTest" time="0"/>
  <testcase name="isSundayAndPreviousRunIsWednesday[132]" classname="hudson.scheduler.CronTabDayOfWeekLocaleTest" time="0"/>
  <testcase name="isSundayAndPreviousRunIsSaturday[132]" classname="hudson.scheduler.CronTabDayOfWeekLocaleTest" time="0"/>
  <testcase name="isSundayAndPreviousRunIsPreviousSunday[132]" classname="hudson.scheduler.CronTabDayOfWeekLocaleTest" time="0"/>
  <testcase name="isSundayAndNextRunIsFriday[132]" classname="hudson.scheduler.CronTabDayOfWeekLocaleTest" time="0"/>
  <testcase name="isSundayAndPreviousRunIsSaturdayAsterisk[132]" classname="hudson.scheduler.CronTabDayOfWeekLocaleTest" time="0"/>
  <testcase name="isSundayAndNextRunIsMonday[132]" classname="hudson.scheduler.CronTabDayOfWeekLocaleTest" time="0"/>
  <testcase name="isSundayAndPreviousRunIsFriday[132]" classname="hudson.scheduler.CronTabDayOfWeekLocaleTest" time="0"/>
  <testcase name="isSundayAndNextRunIsTuesday[132]" classname="hudson.scheduler.CronTabDayOfWeekLocaleTest" time="0"/>
  <testcase name="isSundayAndNextRunIsNextSunday7[132]" classname="hudson.scheduler.CronTabDayOfWeekLocaleTest" time="0"/>
  <testcase name="isSundayAndPreviousRunIsMonday[132]" classname="hudson.scheduler.CronTabDayOfWeekLocaleTest" time="0"/>
  <testcase name="isSaturdayAndNextRunIsSundayAsterisk[132]" classname="hudson.scheduler.CronTabDayOfWeekLocaleTest" time="0"/>
  <testcase name="hudson8658[132]" classname="hudson.scheduler.CronTabDayOfWeekLocaleTest" time="0"/>
  <testcase name="isSundayAndNextRunIsNextSunday[132]" classname="hudson.scheduler.CronTabDayOfWeekLocaleTest" time="0"/>
  <testcase name="isSundayAndNextRunIsThursday[132]" classname="hudson.scheduler.CronTabDayOfWeekLocaleTest" time="0"/>
  <testcase name="isSundayAndPreviousRunIsPreviousSunday7[132]" classname="hudson.scheduler.CronTabDayOfWeekLocaleTest" time="0"/>
  <testcase name="isSundayAndNextRunIsWednesday[132]" classname="hudson.scheduler.CronTabDayOfWeekLocaleTest" time="0"/>
  <testcase name="isSundayAndNextRunIsSaturday[132]" classname="hudson.scheduler.CronTabDayOfWeekLocaleTest" time="0"/>
  <testcase name="isSundayAndPreviousRunIsTuesday[133]" classname="hudson.scheduler.CronTabDayOfWeekLocaleTest" time="0"/>
  <testcase name="isSundayAndPreviousRunIsThursday[133]" classname="hudson.scheduler.CronTabDayOfWeekLocaleTest" time="0"/>
  <testcase name="isSundayAndPreviousRunIsWednesday[133]" classname="hudson.scheduler.CronTabDayOfWeekLocaleTest" time="0"/>
  <testcase name="isSundayAndPreviousRunIsSaturday[133]" classname="hudson.scheduler.CronTabDayOfWeekLocaleTest" time="0.001"/>
  <testcase name="isSundayAndPreviousRunIsPreviousSunday[133]" classname="hudson.scheduler.CronTabDayOfWeekLocaleTest" time="0"/>
  <testcase name="isSundayAndNextRunIsFriday[133]" classname="hudson.scheduler.CronTabDayOfWeekLocaleTest" time="0"/>
  <testcase name="isSundayAndPreviousRunIsSaturdayAsterisk[133]" classname="hudson.scheduler.CronTabDayOfWeekLocaleTest" time="0"/>
  <testcase name="isSundayAndNextRunIsMonday[133]" classname="hudson.scheduler.CronTabDayOfWeekLocaleTest" time="0"/>
  <testcase name="isSundayAndPreviousRunIsFriday[133]" classname="hudson.scheduler.CronTabDayOfWeekLocaleTest" time="0"/>
  <testcase name="isSundayAndNextRunIsTuesday[133]" classname="hudson.scheduler.CronTabDayOfWeekLocaleTest" time="0"/>
  <testcase name="isSundayAndNextRunIsNextSunday7[133]" classname="hudson.scheduler.CronTabDayOfWeekLocaleTest" time="0"/>
  <testcase name="isSundayAndPreviousRunIsMonday[133]" classname="hudson.scheduler.CronTabDayOfWeekLocaleTest" time="0"/>
  <testcase name="isSaturdayAndNextRunIsSundayAsterisk[133]" classname="hudson.scheduler.CronTabDayOfWeekLocaleTest" time="0"/>
  <testcase name="hudson8658[133]" classname="hudson.scheduler.CronTabDayOfWeekLocaleTest" time="0"/>
  <testcase name="isSundayAndNextRunIsNextSunday[133]" classname="hudson.scheduler.CronTabDayOfWeekLocaleTest" time="0.001"/>
  <testcase name="isSundayAndNextRunIsThursday[133]" classname="hudson.scheduler.CronTabDayOfWeekLocaleTest" time="0"/>
  <testcase name="isSundayAndPreviousRunIsPreviousSunday7[133]" classname="hudson.scheduler.CronTabDayOfWeekLocaleTest" time="0"/>
  <testcase name="isSundayAndNextRunIsWednesday[133]" classname="hudson.scheduler.CronTabDayOfWeekLocaleTest" time="0"/>
  <testcase name="isSundayAndNextRunIsSaturday[133]" classname="hudson.scheduler.CronTabDayOfWeekLocaleTest" time="0"/>
  <testcase name="isSundayAndPreviousRunIsTuesday[134]" classname="hudson.scheduler.CronTabDayOfWeekLocaleTest" time="0"/>
  <testcase name="isSundayAndPreviousRunIsThursday[134]" classname="hudson.scheduler.CronTabDayOfWeekLocaleTest" time="0"/>
  <testcase name="isSundayAndPreviousRunIsWednesday[134]" classname="hudson.scheduler.CronTabDayOfWeekLocaleTest" time="0"/>
  <testcase name="isSundayAndPreviousRunIsSaturday[134]" classname="hudson.scheduler.CronTabDayOfWeekLocaleTest" time="0"/>
  <testcase name="isSundayAndPreviousRunIsPreviousSunday[134]" classname="hudson.scheduler.CronTabDayOfWeekLocaleTest" time="0"/>
  <testcase name="isSundayAndNextRunIsFriday[134]" classname="hudson.scheduler.CronTabDayOfWeekLocaleTest" time="0.001"/>
  <testcase name="isSundayAndPreviousRunIsSaturdayAsterisk[134]" classname="hudson.scheduler.CronTabDayOfWeekLocaleTest" time="0"/>
  <testcase name="isSundayAndNextRunIsMonday[134]" classname="hudson.scheduler.CronTabDayOfWeekLocaleTest" time="0"/>
  <testcase name="isSundayAndPreviousRunIsFriday[134]" classname="hudson.scheduler.CronTabDayOfWeekLocaleTest" time="0"/>
  <testcase name="isSundayAndNextRunIsTuesday[134]" classname="hudson.scheduler.CronTabDayOfWeekLocaleTest" time="0"/>
  <testcase name="isSundayAndNextRunIsNextSunday7[134]" classname="hudson.scheduler.CronTabDayOfWeekLocaleTest" time="0"/>
  <testcase name="isSundayAndPreviousRunIsMonday[134]" classname="hudson.scheduler.CronTabDayOfWeekLocaleTest" time="0"/>
  <testcase name="isSaturdayAndNextRunIsSundayAsterisk[134]" classname="hudson.scheduler.CronTabDayOfWeekLocaleTest" time="0"/>
  <testcase name="hudson8658[134]" classname="hudson.scheduler.CronTabDayOfWeekLocaleTest" time="0"/>
  <testcase name="isSundayAndNextRunIsNextSunday[134]" classname="hudson.scheduler.CronTabDayOfWeekLocaleTest" time="0"/>
  <testcase name="isSundayAndNextRunIsThursday[134]" classname="hudson.scheduler.CronTabDayOfWeekLocaleTest" time="0"/>
  <testcase name="isSundayAndPreviousRunIsPreviousSunday7[134]" classname="hudson.scheduler.CronTabDayOfWeekLocaleTest" time="0.001"/>
  <testcase name="isSundayAndNextRunIsWednesday[134]" classname="hudson.scheduler.CronTabDayOfWeekLocaleTest" time="0"/>
  <testcase name="isSundayAndNextRunIsSaturday[134]" classname="hudson.scheduler.CronTabDayOfWeekLocaleTest" time="0"/>
  <testcase name="isSundayAndPreviousRunIsTuesday[135]" classname="hudson.scheduler.CronTabDayOfWeekLocaleTest" time="0"/>
  <testcase name="isSundayAndPreviousRunIsThursday[135]" classname="hudson.scheduler.CronTabDayOfWeekLocaleTest" time="0"/>
  <testcase name="isSundayAndPreviousRunIsWednesday[135]" classname="hudson.scheduler.CronTabDayOfWeekLocaleTest" time="0"/>
  <testcase name="isSundayAndPreviousRunIsSaturday[135]" classname="hudson.scheduler.CronTabDayOfWeekLocaleTest" time="0"/>
  <testcase name="isSundayAndPreviousRunIsPreviousSunday[135]" classname="hudson.scheduler.CronTabDayOfWeekLocaleTest" time="0"/>
  <testcase name="isSundayAndNextRunIsFriday[135]" classname="hudson.scheduler.CronTabDayOfWeekLocaleTest" time="0"/>
  <testcase name="isSundayAndPreviousRunIsSaturdayAsterisk[135]" classname="hudson.scheduler.CronTabDayOfWeekLocaleTest" time="0"/>
  <testcase name="isSundayAndNextRunIsMonday[135]" classname="hudson.scheduler.CronTabDayOfWeekLocaleTest" time="0.001"/>
  <testcase name="isSundayAndPreviousRunIsFriday[135]" classname="hudson.scheduler.CronTabDayOfWeekLocaleTest" time="0"/>
  <testcase name="isSundayAndNextRunIsTuesday[135]" classname="hudson.scheduler.CronTabDayOfWeekLocaleTest" time="0"/>
  <testcase name="isSundayAndNextRunIsNextSunday7[135]" classname="hudson.scheduler.CronTabDayOfWeekLocaleTest" time="0"/>
  <testcase name="isSundayAndPreviousRunIsMonday[135]" classname="hudson.scheduler.CronTabDayOfWeekLocaleTest" time="0"/>
  <testcase name="isSaturdayAndNextRunIsSundayAsterisk[135]" classname="hudson.scheduler.CronTabDayOfWeekLocaleTest" time="0"/>
  <testcase name="hudson8658[135]" classname="hudson.scheduler.CronTabDayOfWeekLocaleTest" time="0"/>
  <testcase name="isSundayAndNextRunIsNextSunday[135]" classname="hudson.scheduler.CronTabDayOfWeekLocaleTest" time="0"/>
  <testcase name="isSundayAndNextRunIsThursday[135]" classname="hudson.scheduler.CronTabDayOfWeekLocaleTest" time="0"/>
  <testcase name="isSundayAndPreviousRunIsPreviousSunday7[135]" classname="hudson.scheduler.CronTabDayOfWeekLocaleTest" time="0"/>
  <testcase name="isSundayAndNextRunIsWednesday[135]" classname="hudson.scheduler.CronTabDayOfWeekLocaleTest" time="0"/>
  <testcase name="isSundayAndNextRunIsSaturday[135]" classname="hudson.scheduler.CronTabDayOfWeekLocaleTest" time="0.001"/>
  <testcase name="isSundayAndPreviousRunIsTuesday[136]" classname="hudson.scheduler.CronTabDayOfWeekLocaleTest" time="0"/>
  <testcase name="isSundayAndPreviousRunIsThursday[136]" classname="hudson.scheduler.CronTabDayOfWeekLocaleTest" time="0"/>
  <testcase name="isSundayAndPreviousRunIsWednesday[136]" classname="hudson.scheduler.CronTabDayOfWeekLocaleTest" time="0"/>
  <testcase name="isSundayAndPreviousRunIsSaturday[136]" classname="hudson.scheduler.CronTabDayOfWeekLocaleTest" time="0"/>
  <testcase name="isSundayAndPreviousRunIsPreviousSunday[136]" classname="hudson.scheduler.CronTabDayOfWeekLocaleTest" time="0"/>
  <testcase name="isSundayAndNextRunIsFriday[136]" classname="hudson.scheduler.CronTabDayOfWeekLocaleTest" time="0"/>
  <testcase name="isSundayAndPreviousRunIsSaturdayAsterisk[136]" classname="hudson.scheduler.CronTabDayOfWeekLocaleTest" time="0"/>
  <testcase name="isSundayAndNextRunIsMonday[136]" classname="hudson.scheduler.CronTabDayOfWeekLocaleTest" time="0"/>
  <testcase name="isSundayAndPreviousRunIsFriday[136]" classname="hudson.scheduler.CronTabDayOfWeekLocaleTest" time="0"/>
  <testcase name="isSundayAndNextRunIsTuesday[136]" classname="hudson.scheduler.CronTabDayOfWeekLocaleTest" time="0.001"/>
  <testcase name="isSundayAndNextRunIsNextSunday7[136]" classname="hudson.scheduler.CronTabDayOfWeekLocaleTest" time="0"/>
  <testcase name="isSundayAndPreviousRunIsMonday[136]" classname="hudson.scheduler.CronTabDayOfWeekLocaleTest" time="0"/>
  <testcase name="isSaturdayAndNextRunIsSundayAsterisk[136]" classname="hudson.scheduler.CronTabDayOfWeekLocaleTest" time="0"/>
  <testcase name="hudson8658[136]" classname="hudson.scheduler.CronTabDayOfWeekLocaleTest" time="0"/>
  <testcase name="isSundayAndNextRunIsNextSunday[136]" classname="hudson.scheduler.CronTabDayOfWeekLocaleTest" time="0"/>
  <testcase name="isSundayAndNextRunIsThursday[136]" classname="hudson.scheduler.CronTabDayOfWeekLocaleTest" time="0"/>
  <testcase name="isSundayAndPreviousRunIsPreviousSunday7[136]" classname="hudson.scheduler.CronTabDayOfWeekLocaleTest" time="0"/>
  <testcase name="isSundayAndNextRunIsWednesday[136]" classname="hudson.scheduler.CronTabDayOfWeekLocaleTest" time="0"/>
  <testcase name="isSundayAndNextRunIsSaturday[136]" classname="hudson.scheduler.CronTabDayOfWeekLocaleTest" time="0"/>
  <testcase name="isSundayAndPreviousRunIsTuesday[137]" classname="hudson.scheduler.CronTabDayOfWeekLocaleTest" time="0.001"/>
  <testcase name="isSundayAndPreviousRunIsThursday[137]" classname="hudson.scheduler.CronTabDayOfWeekLocaleTest" time="0"/>
  <testcase name="isSundayAndPreviousRunIsWednesday[137]" classname="hudson.scheduler.CronTabDayOfWeekLocaleTest" time="0"/>
  <testcase name="isSundayAndPreviousRunIsSaturday[137]" classname="hudson.scheduler.CronTabDayOfWeekLocaleTest" time="0"/>
  <testcase name="isSundayAndPreviousRunIsPreviousSunday[137]" classname="hudson.scheduler.CronTabDayOfWeekLocaleTest" time="0"/>
  <testcase name="isSundayAndNextRunIsFriday[137]" classname="hudson.scheduler.CronTabDayOfWeekLocaleTest" time="0"/>
  <testcase name="isSundayAndPreviousRunIsSaturdayAsterisk[137]" classname="hudson.scheduler.CronTabDayOfWeekLocaleTest" time="0"/>
  <testcase name="isSundayAndNextRunIsMonday[137]" classname="hudson.scheduler.CronTabDayOfWeekLocaleTest" time="0"/>
  <testcase name="isSundayAndPreviousRunIsFriday[137]" classname="hudson.scheduler.CronTabDayOfWeekLocaleTest" time="0"/>
  <testcase name="isSundayAndNextRunIsTuesday[137]" classname="hudson.scheduler.CronTabDayOfWeekLocaleTest" time="0"/>
  <testcase name="isSundayAndNextRunIsNextSunday7[137]" classname="hudson.scheduler.CronTabDayOfWeekLocaleTest" time="0.001"/>
  <testcase name="isSundayAndPreviousRunIsMonday[137]" classname="hudson.scheduler.CronTabDayOfWeekLocaleTest" time="0"/>
  <testcase name="isSaturdayAndNextRunIsSundayAsterisk[137]" classname="hudson.scheduler.CronTabDayOfWeekLocaleTest" time="0"/>
  <testcase name="hudson8658[137]" classname="hudson.scheduler.CronTabDayOfWeekLocaleTest" time="0"/>
  <testcase name="isSundayAndNextRunIsNextSunday[137]" classname="hudson.scheduler.CronTabDayOfWeekLocaleTest" time="0"/>
  <testcase name="isSundayAndNextRunIsThursday[137]" classname="hudson.scheduler.CronTabDayOfWeekLocaleTest" time="0"/>
  <testcase name="isSundayAndPreviousRunIsPreviousSunday7[137]" classname="hudson.scheduler.CronTabDayOfWeekLocaleTest" time="0"/>
  <testcase name="isSundayAndNextRunIsWednesday[137]" classname="hudson.scheduler.CronTabDayOfWeekLocaleTest" time="0"/>
  <testcase name="isSundayAndNextRunIsSaturday[137]" classname="hudson.scheduler.CronTabDayOfWeekLocaleTest" time="0"/>
  <testcase name="isSundayAndPreviousRunIsTuesday[138]" classname="hudson.scheduler.CronTabDayOfWeekLocaleTest" time="0"/>
  <testcase name="isSundayAndPreviousRunIsThursday[138]" classname="hudson.scheduler.CronTabDayOfWeekLocaleTest" time="0.001"/>
  <testcase name="isSundayAndPreviousRunIsWednesday[138]" classname="hudson.scheduler.CronTabDayOfWeekLocaleTest" time="0"/>
  <testcase name="isSundayAndPreviousRunIsSaturday[138]" classname="hudson.scheduler.CronTabDayOfWeekLocaleTest" time="0"/>
  <testcase name="isSundayAndPreviousRunIsPreviousSunday[138]" classname="hudson.scheduler.CronTabDayOfWeekLocaleTest" time="0"/>
  <testcase name="isSundayAndNextRunIsFriday[138]" classname="hudson.scheduler.CronTabDayOfWeekLocaleTest" time="0"/>
  <testcase name="isSundayAndPreviousRunIsSaturdayAsterisk[138]" classname="hudson.scheduler.CronTabDayOfWeekLocaleTest" time="0"/>
  <testcase name="isSundayAndNextRunIsMonday[138]" classname="hudson.scheduler.CronTabDayOfWeekLocaleTest" time="0"/>
  <testcase name="isSundayAndPreviousRunIsFriday[138]" classname="hudson.scheduler.CronTabDayOfWeekLocaleTest" time="0"/>
  <testcase name="isSundayAndNextRunIsTuesday[138]" classname="hudson.scheduler.CronTabDayOfWeekLocaleTest" time="0"/>
  <testcase name="isSundayAndNextRunIsNextSunday7[138]" classname="hudson.scheduler.CronTabDayOfWeekLocaleTest" time="0"/>
  <testcase name="isSundayAndPreviousRunIsMonday[138]" classname="hudson.scheduler.CronTabDayOfWeekLocaleTest" time="0"/>
  <testcase name="isSaturdayAndNextRunIsSundayAsterisk[138]" classname="hudson.scheduler.CronTabDayOfWeekLocaleTest" time="0"/>
  <testcase name="hudson8658[138]" classname="hudson.scheduler.CronTabDayOfWeekLocaleTest" time="0"/>
  <testcase name="isSundayAndNextRunIsNextSunday[138]" classname="hudson.scheduler.CronTabDayOfWeekLocaleTest" time="0"/>
  <testcase name="isSundayAndNextRunIsThursday[138]" classname="hudson.scheduler.CronTabDayOfWeekLocaleTest" time="0"/>
  <testcase name="isSundayAndPreviousRunIsPreviousSunday7[138]" classname="hudson.scheduler.CronTabDayOfWeekLocaleTest" time="0"/>
  <testcase name="isSundayAndNextRunIsWednesday[138]" classname="hudson.scheduler.CronTabDayOfWeekLocaleTest" time="0"/>
  <testcase name="isSundayAndNextRunIsSaturday[138]" classname="hudson.scheduler.CronTabDayOfWeekLocaleTest" time="0"/>
  <testcase name="isSundayAndPreviousRunIsTuesday[139]" classname="hudson.scheduler.CronTabDayOfWeekLocaleTest" time="0"/>
  <testcase name="isSundayAndPreviousRunIsThursday[139]" classname="hudson.scheduler.CronTabDayOfWeekLocaleTest" time="0"/>
  <testcase name="isSundayAndPreviousRunIsWednesday[139]" classname="hudson.scheduler.CronTabDayOfWeekLocaleTest" time="0"/>
  <testcase name="isSundayAndPreviousRunIsSaturday[139]" classname="hudson.scheduler.CronTabDayOfWeekLocaleTest" time="0"/>
  <testcase name="isSundayAndPreviousRunIsPreviousSunday[139]" classname="hudson.scheduler.CronTabDayOfWeekLocaleTest" time="0"/>
  <testcase name="isSundayAndNextRunIsFriday[139]" classname="hudson.scheduler.CronTabDayOfWeekLocaleTest" time="0"/>
  <testcase name="isSundayAndPreviousRunIsSaturdayAsterisk[139]" classname="hudson.scheduler.CronTabDayOfWeekLocaleTest" time="0"/>
  <testcase name="isSundayAndNextRunIsMonday[139]" classname="hudson.scheduler.CronTabDayOfWeekLocaleTest" time="0"/>
  <testcase name="isSundayAndPreviousRunIsFriday[139]" classname="hudson.scheduler.CronTabDayOfWeekLocaleTest" time="0"/>
  <testcase name="isSundayAndNextRunIsTuesday[139]" classname="hudson.scheduler.CronTabDayOfWeekLocaleTest" time="0"/>
  <testcase name="isSundayAndNextRunIsNextSunday7[139]" classname="hudson.scheduler.CronTabDayOfWeekLocaleTest" time="0"/>
  <testcase name="isSundayAndPreviousRunIsMonday[139]" classname="hudson.scheduler.CronTabDayOfWeekLocaleTest" time="0"/>
  <testcase name="isSaturdayAndNextRunIsSundayAsterisk[139]" classname="hudson.scheduler.CronTabDayOfWeekLocaleTest" time="0"/>
  <testcase name="hudson8658[139]" classname="hudson.scheduler.CronTabDayOfWeekLocaleTest" time="0.001"/>
  <testcase name="isSundayAndNextRunIsNextSunday[139]" classname="hudson.scheduler.CronTabDayOfWeekLocaleTest" time="0"/>
  <testcase name="isSundayAndNextRunIsThursday[139]" classname="hudson.scheduler.CronTabDayOfWeekLocaleTest" time="0"/>
  <testcase name="isSundayAndPreviousRunIsPreviousSunday7[139]" classname="hudson.scheduler.CronTabDayOfWeekLocaleTest" time="0"/>
  <testcase name="isSundayAndNextRunIsWednesday[139]" classname="hudson.scheduler.CronTabDayOfWeekLocaleTest" time="0"/>
  <testcase name="isSundayAndNextRunIsSaturday[139]" classname="hudson.scheduler.CronTabDayOfWeekLocaleTest" time="0"/>
  <testcase name="isSundayAndPreviousRunIsTuesday[140]" classname="hudson.scheduler.CronTabDayOfWeekLocaleTest" time="0"/>
  <testcase name="isSundayAndPreviousRunIsThursday[140]" classname="hudson.scheduler.CronTabDayOfWeekLocaleTest" time="0"/>
  <testcase name="isSundayAndPreviousRunIsWednesday[140]" classname="hudson.scheduler.CronTabDayOfWeekLocaleTest" time="0"/>
  <testcase name="isSundayAndPreviousRunIsSaturday[140]" classname="hudson.scheduler.CronTabDayOfWeekLocaleTest" time="0.001"/>
  <testcase name="isSundayAndPreviousRunIsPreviousSunday[140]" classname="hudson.scheduler.CronTabDayOfWeekLocaleTest" time="0"/>
  <testcase name="isSundayAndNextRunIsFriday[140]" classname="hudson.scheduler.CronTabDayOfWeekLocaleTest" time="0"/>
  <testcase name="isSundayAndPreviousRunIsSaturdayAsterisk[140]" classname="hudson.scheduler.CronTabDayOfWeekLocaleTest" time="0"/>
  <testcase name="isSundayAndNextRunIsMonday[140]" classname="hudson.scheduler.CronTabDayOfWeekLocaleTest" time="0"/>
  <testcase name="isSundayAndPreviousRunIsFriday[140]" classname="hudson.scheduler.CronTabDayOfWeekLocaleTest" time="0"/>
  <testcase name="isSundayAndNextRunIsTuesday[140]" classname="hudson.scheduler.CronTabDayOfWeekLocaleTest" time="0"/>
  <testcase name="isSundayAndNextRunIsNextSunday7[140]" classname="hudson.scheduler.CronTabDayOfWeekLocaleTest" time="0"/>
  <testcase name="isSundayAndPreviousRunIsMonday[140]" classname="hudson.scheduler.CronTabDayOfWeekLocaleTest" time="0"/>
  <testcase name="isSaturdayAndNextRunIsSundayAsterisk[140]" classname="hudson.scheduler.CronTabDayOfWeekLocaleTest" time="0"/>
  <testcase name="hudson8658[140]" classname="hudson.scheduler.CronTabDayOfWeekLocaleTest" time="0"/>
  <testcase name="isSundayAndNextRunIsNextSunday[140]" classname="hudson.scheduler.CronTabDayOfWeekLocaleTest" time="0.001"/>
  <testcase name="isSundayAndNextRunIsThursday[140]" classname="hudson.scheduler.CronTabDayOfWeekLocaleTest" time="0"/>
  <testcase name="isSundayAndPreviousRunIsPreviousSunday7[140]" classname="hudson.scheduler.CronTabDayOfWeekLocaleTest" time="0"/>
  <testcase name="isSundayAndNextRunIsWednesday[140]" classname="hudson.scheduler.CronTabDayOfWeekLocaleTest" time="0"/>
  <testcase name="isSundayAndNextRunIsSaturday[140]" classname="hudson.scheduler.CronTabDayOfWeekLocaleTest" time="0"/>
  <testcase name="isSundayAndPreviousRunIsTuesday[141]" classname="hudson.scheduler.CronTabDayOfWeekLocaleTest" time="0"/>
  <testcase name="isSundayAndPreviousRunIsThursday[141]" classname="hudson.scheduler.CronTabDayOfWeekLocaleTest" time="0"/>
  <testcase name="isSundayAndPreviousRunIsWednesday[141]" classname="hudson.scheduler.CronTabDayOfWeekLocaleTest" time="0"/>
  <testcase name="isSundayAndPreviousRunIsSaturday[141]" classname="hudson.scheduler.CronTabDayOfWeekLocaleTest" time="0"/>
  <testcase name="isSundayAndPreviousRunIsPreviousSunday[141]" classname="hudson.scheduler.CronTabDayOfWeekLocaleTest" time="0"/>
  <testcase name="isSundayAndNextRunIsFriday[141]" classname="hudson.scheduler.CronTabDayOfWeekLocaleTest" time="0.001"/>
  <testcase name="isSundayAndPreviousRunIsSaturdayAsterisk[141]" classname="hudson.scheduler.CronTabDayOfWeekLocaleTest" time="0"/>
  <testcase name="isSundayAndNextRunIsMonday[141]" classname="hudson.scheduler.CronTabDayOfWeekLocaleTest" time="0"/>
  <testcase name="isSundayAndPreviousRunIsFriday[141]" classname="hudson.scheduler.CronTabDayOfWeekLocaleTest" time="0"/>
  <testcase name="isSundayAndNextRunIsTuesday[141]" classname="hudson.scheduler.CronTabDayOfWeekLocaleTest" time="0"/>
  <testcase name="isSundayAndNextRunIsNextSunday7[141]" classname="hudson.scheduler.CronTabDayOfWeekLocaleTest" time="0"/>
  <testcase name="isSundayAndPreviousRunIsMonday[141]" classname="hudson.scheduler.CronTabDayOfWeekLocaleTest" time="0"/>
  <testcase name="isSaturdayAndNextRunIsSundayAsterisk[141]" classname="hudson.scheduler.CronTabDayOfWeekLocaleTest" time="0"/>
  <testcase name="hudson8658[141]" classname="hudson.scheduler.CronTabDayOfWeekLocaleTest" time="0"/>
  <testcase name="isSundayAndNextRunIsNextSunday[141]" classname="hudson.scheduler.CronTabDayOfWeekLocaleTest" time="0"/>
  <testcase name="isSundayAndNextRunIsThursday[141]" classname="hudson.scheduler.CronTabDayOfWeekLocaleTest" time="0"/>
  <testcase name="isSundayAndPreviousRunIsPreviousSunday7[141]" classname="hudson.scheduler.CronTabDayOfWeekLocaleTest" time="0.001"/>
  <testcase name="isSundayAndNextRunIsWednesday[141]" classname="hudson.scheduler.CronTabDayOfWeekLocaleTest" time="0"/>
  <testcase name="isSundayAndNextRunIsSaturday[141]" classname="hudson.scheduler.CronTabDayOfWeekLocaleTest" time="0"/>
  <testcase name="isSundayAndPreviousRunIsTuesday[142]" classname="hudson.scheduler.CronTabDayOfWeekLocaleTest" time="0"/>
  <testcase name="isSundayAndPreviousRunIsThursday[142]" classname="hudson.scheduler.CronTabDayOfWeekLocaleTest" time="0"/>
  <testcase name="isSundayAndPreviousRunIsWednesday[142]" classname="hudson.scheduler.CronTabDayOfWeekLocaleTest" time="0"/>
  <testcase name="isSundayAndPreviousRunIsSaturday[142]" classname="hudson.scheduler.CronTabDayOfWeekLocaleTest" time="0"/>
  <testcase name="isSundayAndPreviousRunIsPreviousSunday[142]" classname="hudson.scheduler.CronTabDayOfWeekLocaleTest" time="0"/>
  <testcase name="isSundayAndNextRunIsFriday[142]" classname="hudson.scheduler.CronTabDayOfWeekLocaleTest" time="0"/>
  <testcase name="isSundayAndPreviousRunIsSaturdayAsterisk[142]" classname="hudson.scheduler.CronTabDayOfWeekLocaleTest" time="0"/>
  <testcase name="isSundayAndNextRunIsMonday[142]" classname="hudson.scheduler.CronTabDayOfWeekLocaleTest" time="0.001"/>
  <testcase name="isSundayAndPreviousRunIsFriday[142]" classname="hudson.scheduler.CronTabDayOfWeekLocaleTest" time="0"/>
  <testcase name="isSundayAndNextRunIsTuesday[142]" classname="hudson.scheduler.CronTabDayOfWeekLocaleTest" time="0"/>
  <testcase name="isSundayAndNextRunIsNextSunday7[142]" classname="hudson.scheduler.CronTabDayOfWeekLocaleTest" time="0"/>
  <testcase name="isSundayAndPreviousRunIsMonday[142]" classname="hudson.scheduler.CronTabDayOfWeekLocaleTest" time="0"/>
  <testcase name="isSaturdayAndNextRunIsSundayAsterisk[142]" classname="hudson.scheduler.CronTabDayOfWeekLocaleTest" time="0"/>
  <testcase name="hudson8658[142]" classname="hudson.scheduler.CronTabDayOfWeekLocaleTest" time="0"/>
  <testcase name="isSundayAndNextRunIsNextSunday[142]" classname="hudson.scheduler.CronTabDayOfWeekLocaleTest" time="0"/>
  <testcase name="isSundayAndNextRunIsThursday[142]" classname="hudson.scheduler.CronTabDayOfWeekLocaleTest" time="0"/>
  <testcase name="isSundayAndPreviousRunIsPreviousSunday7[142]" classname="hudson.scheduler.CronTabDayOfWeekLocaleTest" time="0"/>
  <testcase name="isSundayAndNextRunIsWednesday[142]" classname="hudson.scheduler.CronTabDayOfWeekLocaleTest" time="0"/>
  <testcase name="isSundayAndNextRunIsSaturday[142]" classname="hudson.scheduler.CronTabDayOfWeekLocaleTest" time="0.001"/>
  <testcase name="isSundayAndPreviousRunIsTuesday[143]" classname="hudson.scheduler.CronTabDayOfWeekLocaleTest" time="0"/>
  <testcase name="isSundayAndPreviousRunIsThursday[143]" classname="hudson.scheduler.CronTabDayOfWeekLocaleTest" time="0"/>
  <testcase name="isSundayAndPreviousRunIsWednesday[143]" classname="hudson.scheduler.CronTabDayOfWeekLocaleTest" time="0"/>
  <testcase name="isSundayAndPreviousRunIsSaturday[143]" classname="hudson.scheduler.CronTabDayOfWeekLocaleTest" time="0"/>
  <testcase name="isSundayAndPreviousRunIsPreviousSunday[143]" classname="hudson.scheduler.CronTabDayOfWeekLocaleTest" time="0"/>
  <testcase name="isSundayAndNextRunIsFriday[143]" classname="hudson.scheduler.CronTabDayOfWeekLocaleTest" time="0"/>
  <testcase name="isSundayAndPreviousRunIsSaturdayAsterisk[143]" classname="hudson.scheduler.CronTabDayOfWeekLocaleTest" time="0"/>
  <testcase name="isSundayAndNextRunIsMonday[143]" classname="hudson.scheduler.CronTabDayOfWeekLocaleTest" time="0"/>
  <testcase name="isSundayAndPreviousRunIsFriday[143]" classname="hudson.scheduler.CronTabDayOfWeekLocaleTest" time="0.001"/>
  <testcase name="isSundayAndNextRunIsTuesday[143]" classname="hudson.scheduler.CronTabDayOfWeekLocaleTest" time="0"/>
  <testcase name="isSundayAndNextRunIsNextSunday7[143]" classname="hudson.scheduler.CronTabDayOfWeekLocaleTest" time="0"/>
  <testcase name="isSundayAndPreviousRunIsMonday[143]" classname="hudson.scheduler.CronTabDayOfWeekLocaleTest" time="0"/>
  <testcase name="isSaturdayAndNextRunIsSundayAsterisk[143]" classname="hudson.scheduler.CronTabDayOfWeekLocaleTest" time="0"/>
  <testcase name="hudson8658[143]" classname="hudson.scheduler.CronTabDayOfWeekLocaleTest" time="0"/>
  <testcase name="isSundayAndNextRunIsNextSunday[143]" classname="hudson.scheduler.CronTabDayOfWeekLocaleTest" time="0"/>
  <testcase name="isSundayAndNextRunIsThursday[143]" classname="hudson.scheduler.CronTabDayOfWeekLocaleTest" time="0"/>
  <testcase name="isSundayAndPreviousRunIsPreviousSunday7[143]" classname="hudson.scheduler.CronTabDayOfWeekLocaleTest" time="0"/>
  <testcase name="isSundayAndNextRunIsWednesday[143]" classname="hudson.scheduler.CronTabDayOfWeekLocaleTest" time="0"/>
  <testcase name="isSundayAndNextRunIsSaturday[143]" classname="hudson.scheduler.CronTabDayOfWeekLocaleTest" time="0"/>
  <testcase name="isSundayAndPreviousRunIsTuesday[144]" classname="hudson.scheduler.CronTabDayOfWeekLocaleTest" time="0"/>
  <testcase name="isSundayAndPreviousRunIsThursday[144]" classname="hudson.scheduler.CronTabDayOfWeekLocaleTest" time="0"/>
  <testcase name="isSundayAndPreviousRunIsWednesday[144]" classname="hudson.scheduler.CronTabDayOfWeekLocaleTest" time="0"/>
  <testcase name="isSundayAndPreviousRunIsSaturday[144]" classname="hudson.scheduler.CronTabDayOfWeekLocaleTest" time="0"/>
  <testcase name="isSundayAndPreviousRunIsPreviousSunday[144]" classname="hudson.scheduler.CronTabDayOfWeekLocaleTest" time="0"/>
  <testcase name="isSundayAndNextRunIsFriday[144]" classname="hudson.scheduler.CronTabDayOfWeekLocaleTest" time="0"/>
  <testcase name="isSundayAndPreviousRunIsSaturdayAsterisk[144]" classname="hudson.scheduler.CronTabDayOfWeekLocaleTest" time="0"/>
  <testcase name="isSundayAndNextRunIsMonday[144]" classname="hudson.scheduler.CronTabDayOfWeekLocaleTest" time="0"/>
  <testcase name="isSundayAndPreviousRunIsFriday[144]" classname="hudson.scheduler.CronTabDayOfWeekLocaleTest" time="0"/>
  <testcase name="isSundayAndNextRunIsTuesday[144]" classname="hudson.scheduler.CronTabDayOfWeekLocaleTest" time="0"/>
  <testcase name="isSundayAndNextRunIsNextSunday7[144]" classname="hudson.scheduler.CronTabDayOfWeekLocaleTest" time="0.001"/>
  <testcase name="isSundayAndPreviousRunIsMonday[144]" classname="hudson.scheduler.CronTabDayOfWeekLocaleTest" time="0"/>
  <testcase name="isSaturdayAndNextRunIsSundayAsterisk[144]" classname="hudson.scheduler.CronTabDayOfWeekLocaleTest" time="0"/>
  <testcase name="hudson8658[144]" classname="hudson.scheduler.CronTabDayOfWeekLocaleTest" time="0"/>
  <testcase name="isSundayAndNextRunIsNextSunday[144]" classname="hudson.scheduler.CronTabDayOfWeekLocaleTest" time="0"/>
  <testcase name="isSundayAndNextRunIsThursday[144]" classname="hudson.scheduler.CronTabDayOfWeekLocaleTest" time="0"/>
  <testcase name="isSundayAndPreviousRunIsPreviousSunday7[144]" classname="hudson.scheduler.CronTabDayOfWeekLocaleTest" time="0"/>
  <testcase name="isSundayAndNextRunIsWednesday[144]" classname="hudson.scheduler.CronTabDayOfWeekLocaleTest" time="0"/>
  <testcase name="isSundayAndNextRunIsSaturday[144]" classname="hudson.scheduler.CronTabDayOfWeekLocaleTest" time="0"/>
  <testcase name="isSundayAndPreviousRunIsTuesday[145]" classname="hudson.scheduler.CronTabDayOfWeekLocaleTest" time="0"/>
  <testcase name="isSundayAndPreviousRunIsThursday[145]" classname="hudson.scheduler.CronTabDayOfWeekLocaleTest" time="0.001"/>
  <testcase name="isSundayAndPreviousRunIsWednesday[145]" classname="hudson.scheduler.CronTabDayOfWeekLocaleTest" time="0"/>
  <testcase name="isSundayAndPreviousRunIsSaturday[145]" classname="hudson.scheduler.CronTabDayOfWeekLocaleTest" time="0"/>
  <testcase name="isSundayAndPreviousRunIsPreviousSunday[145]" classname="hudson.scheduler.CronTabDayOfWeekLocaleTest" time="0"/>
  <testcase name="isSundayAndNextRunIsFriday[145]" classname="hudson.scheduler.CronTabDayOfWeekLocaleTest" time="0"/>
  <testcase name="isSundayAndPreviousRunIsSaturdayAsterisk[145]" classname="hudson.scheduler.CronTabDayOfWeekLocaleTest" time="0"/>
  <testcase name="isSundayAndNextRunIsMonday[145]" classname="hudson.scheduler.CronTabDayOfWeekLocaleTest" time="0"/>
  <testcase name="isSundayAndPreviousRunIsFriday[145]" classname="hudson.scheduler.CronTabDayOfWeekLocaleTest" time="0"/>
  <testcase name="isSundayAndNextRunIsTuesday[145]" classname="hudson.scheduler.CronTabDayOfWeekLocaleTest" time="0"/>
  <testcase name="isSundayAndNextRunIsNextSunday7[145]" classname="hudson.scheduler.CronTabDayOfWeekLocaleTest" time="0"/>
  <testcase name="isSundayAndPreviousRunIsMonday[145]" classname="hudson.scheduler.CronTabDayOfWeekLocaleTest" time="0"/>
  <testcase name="isSaturdayAndNextRunIsSundayAsterisk[145]" classname="hudson.scheduler.CronTabDayOfWeekLocaleTest" time="0.001"/>
  <testcase name="hudson8658[145]" classname="hudson.scheduler.CronTabDayOfWeekLocaleTest" time="0"/>
  <testcase name="isSundayAndNextRunIsNextSunday[145]" classname="hudson.scheduler.CronTabDayOfWeekLocaleTest" time="0"/>
  <testcase name="isSundayAndNextRunIsThursday[145]" classname="hudson.scheduler.CronTabDayOfWeekLocaleTest" time="0"/>
  <testcase name="isSundayAndPreviousRunIsPreviousSunday7[145]" classname="hudson.scheduler.CronTabDayOfWeekLocaleTest" time="0"/>
  <testcase name="isSundayAndNextRunIsWednesday[145]" classname="hudson.scheduler.CronTabDayOfWeekLocaleTest" time="0"/>
  <testcase name="isSundayAndNextRunIsSaturday[145]" classname="hudson.scheduler.CronTabDayOfWeekLocaleTest" time="0"/>
  <testcase name="isSundayAndPreviousRunIsTuesday[146]" classname="hudson.scheduler.CronTabDayOfWeekLocaleTest" time="0"/>
  <testcase name="isSundayAndPreviousRunIsThursday[146]" classname="hudson.scheduler.CronTabDayOfWeekLocaleTest" time="0"/>
  <testcase name="isSundayAndPreviousRunIsWednesday[146]" classname="hudson.scheduler.CronTabDayOfWeekLocaleTest" time="0"/>
  <testcase name="isSundayAndPreviousRunIsSaturday[146]" classname="hudson.scheduler.CronTabDayOfWeekLocaleTest" time="0.001"/>
  <testcase name="isSundayAndPreviousRunIsPreviousSunday[146]" classname="hudson.scheduler.CronTabDayOfWeekLocaleTest" time="0"/>
  <testcase name="isSundayAndNextRunIsFriday[146]" classname="hudson.scheduler.CronTabDayOfWeekLocaleTest" time="0"/>
  <testcase name="isSundayAndPreviousRunIsSaturdayAsterisk[146]" classname="hudson.scheduler.CronTabDayOfWeekLocaleTest" time="0"/>
  <testcase name="isSundayAndNextRunIsMonday[146]" classname="hudson.scheduler.CronTabDayOfWeekLocaleTest" time="0"/>
  <testcase name="isSundayAndPreviousRunIsFriday[146]" classname="hudson.scheduler.CronTabDayOfWeekLocaleTest" time="0"/>
  <testcase name="isSundayAndNextRunIsTuesday[146]" classname="hudson.scheduler.CronTabDayOfWeekLocaleTest" time="0"/>
  <testcase name="isSundayAndNextRunIsNextSunday7[146]" classname="hudson.scheduler.CronTabDayOfWeekLocaleTest" time="0"/>
  <testcase name="isSundayAndPreviousRunIsMonday[146]" classname="hudson.scheduler.CronTabDayOfWeekLocaleTest" time="0"/>
  <testcase name="isSaturdayAndNextRunIsSundayAsterisk[146]" classname="hudson.scheduler.CronTabDayOfWeekLocaleTest" time="0"/>
  <testcase name="hudson8658[146]" classname="hudson.scheduler.CronTabDayOfWeekLocaleTest" time="0.001"/>
  <testcase name="isSundayAndNextRunIsNextSunday[146]" classname="hudson.scheduler.CronTabDayOfWeekLocaleTest" time="0"/>
  <testcase name="isSundayAndNextRunIsThursday[146]" classname="hudson.scheduler.CronTabDayOfWeekLocaleTest" time="0"/>
  <testcase name="isSundayAndPreviousRunIsPreviousSunday7[146]" classname="hudson.scheduler.CronTabDayOfWeekLocaleTest" time="0"/>
  <testcase name="isSundayAndNextRunIsWednesday[146]" classname="hudson.scheduler.CronTabDayOfWeekLocaleTest" time="0"/>
  <testcase name="isSundayAndNextRunIsSaturday[146]" classname="hudson.scheduler.CronTabDayOfWeekLocaleTest" time="0"/>
  <testcase name="isSundayAndPreviousRunIsTuesday[147]" classname="hudson.scheduler.CronTabDayOfWeekLocaleTest" time="0"/>
  <testcase name="isSundayAndPreviousRunIsThursday[147]" classname="hudson.scheduler.CronTabDayOfWeekLocaleTest" time="0"/>
  <testcase name="isSundayAndPreviousRunIsWednesday[147]" classname="hudson.scheduler.CronTabDayOfWeekLocaleTest" time="0"/>
  <testcase name="isSundayAndPreviousRunIsSaturday[147]" classname="hudson.scheduler.CronTabDayOfWeekLocaleTest" time="0"/>
  <testcase name="isSundayAndPreviousRunIsPreviousSunday[147]" classname="hudson.scheduler.CronTabDayOfWeekLocaleTest" time="0.001"/>
  <testcase name="isSundayAndNextRunIsFriday[147]" classname="hudson.scheduler.CronTabDayOfWeekLocaleTest" time="0"/>
  <testcase name="isSundayAndPreviousRunIsSaturdayAsterisk[147]" classname="hudson.scheduler.CronTabDayOfWeekLocaleTest" time="0"/>
  <testcase name="isSundayAndNextRunIsMonday[147]" classname="hudson.scheduler.CronTabDayOfWeekLocaleTest" time="0"/>
  <testcase name="isSundayAndPreviousRunIsFriday[147]" classname="hudson.scheduler.CronTabDayOfWeekLocaleTest" time="0"/>
  <testcase name="isSundayAndNextRunIsTuesday[147]" classname="hudson.scheduler.CronTabDayOfWeekLocaleTest" time="0"/>
  <testcase name="isSundayAndNextRunIsNextSunday7[147]" classname="hudson.scheduler.CronTabDayOfWeekLocaleTest" time="0"/>
  <testcase name="isSundayAndPreviousRunIsMonday[147]" classname="hudson.scheduler.CronTabDayOfWeekLocaleTest" time="0"/>
  <testcase name="isSaturdayAndNextRunIsSundayAsterisk[147]" classname="hudson.scheduler.CronTabDayOfWeekLocaleTest" time="0"/>
  <testcase name="hudson8658[147]" classname="hudson.scheduler.CronTabDayOfWeekLocaleTest" time="0"/>
  <testcase name="isSundayAndNextRunIsNextSunday[147]" classname="hudson.scheduler.CronTabDayOfWeekLocaleTest" time="0"/>
  <testcase name="isSundayAndNextRunIsThursday[147]" classname="hudson.scheduler.CronTabDayOfWeekLocaleTest" time="0"/>
  <testcase name="isSundayAndPreviousRunIsPreviousSunday7[147]" classname="hudson.scheduler.CronTabDayOfWeekLocaleTest" time="0"/>
  <testcase name="isSundayAndNextRunIsWednesday[147]" classname="hudson.scheduler.CronTabDayOfWeekLocaleTest" time="0"/>
  <testcase name="isSundayAndNextRunIsSaturday[147]" classname="hudson.scheduler.CronTabDayOfWeekLocaleTest" time="0"/>
  <testcase name="isSundayAndPreviousRunIsTuesday[148]" classname="hudson.scheduler.CronTabDayOfWeekLocaleTest" time="0"/>
  <testcase name="isSundayAndPreviousRunIsThursday[148]" classname="hudson.scheduler.CronTabDayOfWeekLocaleTest" time="0"/>
  <testcase name="isSundayAndPreviousRunIsWednesday[148]" classname="hudson.scheduler.CronTabDayOfWeekLocaleTest" time="0"/>
  <testcase name="isSundayAndPreviousRunIsSaturday[148]" classname="hudson.scheduler.CronTabDayOfWeekLocaleTest" time="0"/>
  <testcase name="isSundayAndPreviousRunIsPreviousSunday[148]" classname="hudson.scheduler.CronTabDayOfWeekLocaleTest" time="0"/>
  <testcase name="isSundayAndNextRunIsFriday[148]" classname="hudson.scheduler.CronTabDayOfWeekLocaleTest" time="0"/>
  <testcase name="isSundayAndPreviousRunIsSaturdayAsterisk[148]" classname="hudson.scheduler.CronTabDayOfWeekLocaleTest" time="0.001"/>
  <testcase name="isSundayAndNextRunIsMonday[148]" classname="hudson.scheduler.CronTabDayOfWeekLocaleTest" time="0"/>
  <testcase name="isSundayAndPreviousRunIsFriday[148]" classname="hudson.scheduler.CronTabDayOfWeekLocaleTest" time="0"/>
  <testcase name="isSundayAndNextRunIsTuesday[148]" classname="hudson.scheduler.CronTabDayOfWeekLocaleTest" time="0"/>
  <testcase name="isSundayAndNextRunIsNextSunday7[148]" classname="hudson.scheduler.CronTabDayOfWeekLocaleTest" time="0"/>
  <testcase name="isSundayAndPreviousRunIsMonday[148]" classname="hudson.scheduler.CronTabDayOfWeekLocaleTest" time="0"/>
  <testcase name="isSaturdayAndNextRunIsSundayAsterisk[148]" classname="hudson.scheduler.CronTabDayOfWeekLocaleTest" time="0"/>
  <testcase name="hudson8658[148]" classname="hudson.scheduler.CronTabDayOfWeekLocaleTest" time="0"/>
  <testcase name="isSundayAndNextRunIsNextSunday[148]" classname="hudson.scheduler.CronTabDayOfWeekLocaleTest" time="0"/>
  <testcase name="isSundayAndNextRunIsThursday[148]" classname="hudson.scheduler.CronTabDayOfWeekLocaleTest" time="0"/>
  <testcase name="isSundayAndPreviousRunIsPreviousSunday7[148]" classname="hudson.scheduler.CronTabDayOfWeekLocaleTest" time="0.001"/>
  <testcase name="isSundayAndNextRunIsWednesday[148]" classname="hudson.scheduler.CronTabDayOfWeekLocaleTest" time="0"/>
  <testcase name="isSundayAndNextRunIsSaturday[148]" classname="hudson.scheduler.CronTabDayOfWeekLocaleTest" time="0"/>
  <testcase name="isSundayAndPreviousRunIsTuesday[149]" classname="hudson.scheduler.CronTabDayOfWeekLocaleTest" time="0"/>
  <testcase name="isSundayAndPreviousRunIsThursday[149]" classname="hudson.scheduler.CronTabDayOfWeekLocaleTest" time="0"/>
  <testcase name="isSundayAndPreviousRunIsWednesday[149]" classname="hudson.scheduler.CronTabDayOfWeekLocaleTest" time="0"/>
  <testcase name="isSundayAndPreviousRunIsSaturday[149]" classname="hudson.scheduler.CronTabDayOfWeekLocaleTest" time="0"/>
  <testcase name="isSundayAndPreviousRunIsPreviousSunday[149]" classname="hudson.scheduler.CronTabDayOfWeekLocaleTest" time="0"/>
  <testcase name="isSundayAndNextRunIsFriday[149]" classname="hudson.scheduler.CronTabDayOfWeekLocaleTest" time="0"/>
  <testcase name="isSundayAndPreviousRunIsSaturdayAsterisk[149]" classname="hudson.scheduler.CronTabDayOfWeekLocaleTest" time="0.001"/>
  <testcase name="isSundayAndNextRunIsMonday[149]" classname="hudson.scheduler.CronTabDayOfWeekLocaleTest" time="0"/>
  <testcase name="isSundayAndPreviousRunIsFriday[149]" classname="hudson.scheduler.CronTabDayOfWeekLocaleTest" time="0"/>
  <testcase name="isSundayAndNextRunIsTuesday[149]" classname="hudson.scheduler.CronTabDayOfWeekLocaleTest" time="0"/>
  <testcase name="isSundayAndNextRunIsNextSunday7[149]" classname="hudson.scheduler.CronTabDayOfWeekLocaleTest" time="0"/>
  <testcase name="isSundayAndPreviousRunIsMonday[149]" classname="hudson.scheduler.CronTabDayOfWeekLocaleTest" time="0.001"/>
  <testcase name="isSaturdayAndNextRunIsSundayAsterisk[149]" classname="hudson.scheduler.CronTabDayOfWeekLocaleTest" time="0"/>
  <testcase name="hudson8658[149]" classname="hudson.scheduler.CronTabDayOfWeekLocaleTest" time="0"/>
  <testcase name="isSundayAndNextRunIsNextSunday[149]" classname="hudson.scheduler.CronTabDayOfWeekLocaleTest" time="0"/>
  <testcase name="isSundayAndNextRunIsThursday[149]" classname="hudson.scheduler.CronTabDayOfWeekLocaleTest" time="0"/>
  <testcase name="isSundayAndPreviousRunIsPreviousSunday7[149]" classname="hudson.scheduler.CronTabDayOfWeekLocaleTest" time="0"/>
  <testcase name="isSundayAndNextRunIsWednesday[149]" classname="hudson.scheduler.CronTabDayOfWeekLocaleTest" time="0.001"/>
  <testcase name="isSundayAndNextRunIsSaturday[149]" classname="hudson.scheduler.CronTabDayOfWeekLocaleTest" time="0"/>
  <testcase name="isSundayAndPreviousRunIsTuesday[150]" classname="hudson.scheduler.CronTabDayOfWeekLocaleTest" time="0"/>
  <testcase name="isSundayAndPreviousRunIsThursday[150]" classname="hudson.scheduler.CronTabDayOfWeekLocaleTest" time="0"/>
  <testcase name="isSundayAndPreviousRunIsWednesday[150]" classname="hudson.scheduler.CronTabDayOfWeekLocaleTest" time="0"/>
  <testcase name="isSundayAndPreviousRunIsSaturday[150]" classname="hudson.scheduler.CronTabDayOfWeekLocaleTest" time="0"/>
  <testcase name="isSundayAndPreviousRunIsPreviousSunday[150]" classname="hudson.scheduler.CronTabDayOfWeekLocaleTest" time="0"/>
  <testcase name="isSundayAndNextRunIsFriday[150]" classname="hudson.scheduler.CronTabDayOfWeekLocaleTest" time="0"/>
  <testcase name="isSundayAndPreviousRunIsSaturdayAsterisk[150]" classname="hudson.scheduler.CronTabDayOfWeekLocaleTest" time="0"/>
  <testcase name="isSundayAndNextRunIsMonday[150]" classname="hudson.scheduler.CronTabDayOfWeekLocaleTest" time="0"/>
  <testcase name="isSundayAndPreviousRunIsFriday[150]" classname="hudson.scheduler.CronTabDayOfWeekLocaleTest" time="0"/>
  <testcase name="isSundayAndNextRunIsTuesday[150]" classname="hudson.scheduler.CronTabDayOfWeekLocaleTest" time="0"/>
  <testcase name="isSundayAndNextRunIsNextSunday7[150]" classname="hudson.scheduler.CronTabDayOfWeekLocaleTest" time="0.001"/>
  <testcase name="isSundayAndPreviousRunIsMonday[150]" classname="hudson.scheduler.CronTabDayOfWeekLocaleTest" time="0"/>
  <testcase name="isSaturdayAndNextRunIsSundayAsterisk[150]" classname="hudson.scheduler.CronTabDayOfWeekLocaleTest" time="0"/>
  <testcase name="hudson8658[150]" classname="hudson.scheduler.CronTabDayOfWeekLocaleTest" time="0"/>
  <testcase name="isSundayAndNextRunIsNextSunday[150]" classname="hudson.scheduler.CronTabDayOfWeekLocaleTest" time="0"/>
  <testcase name="isSundayAndNextRunIsThursday[150]" classname="hudson.scheduler.CronTabDayOfWeekLocaleTest" time="0"/>
  <testcase name="isSundayAndPreviousRunIsPreviousSunday7[150]" classname="hudson.scheduler.CronTabDayOfWeekLocaleTest" time="0"/>
  <testcase name="isSundayAndNextRunIsWednesday[150]" classname="hudson.scheduler.CronTabDayOfWeekLocaleTest" time="0.001"/>
  <testcase name="isSundayAndNextRunIsSaturday[150]" classname="hudson.scheduler.CronTabDayOfWeekLocaleTest" time="0"/>
  <testcase name="isSundayAndPreviousRunIsTuesday[151]" classname="hudson.scheduler.CronTabDayOfWeekLocaleTest" time="0"/>
  <testcase name="isSundayAndPreviousRunIsThursday[151]" classname="hudson.scheduler.CronTabDayOfWeekLocaleTest" time="0"/>
  <testcase name="isSundayAndPreviousRunIsWednesday[151]" classname="hudson.scheduler.CronTabDayOfWeekLocaleTest" time="0"/>
  <testcase name="isSundayAndPreviousRunIsSaturday[151]" classname="hudson.scheduler.CronTabDayOfWeekLocaleTest" time="0.001"/>
  <testcase name="isSundayAndPreviousRunIsPreviousSunday[151]" classname="hudson.scheduler.CronTabDayOfWeekLocaleTest" time="0"/>
  <testcase name="isSundayAndNextRunIsFriday[151]" classname="hudson.scheduler.CronTabDayOfWeekLocaleTest" time="0"/>
  <testcase name="isSundayAndPreviousRunIsSaturdayAsterisk[151]" classname="hudson.scheduler.CronTabDayOfWeekLocaleTest" time="0"/>
  <testcase name="isSundayAndNextRunIsMonday[151]" classname="hudson.scheduler.CronTabDayOfWeekLocaleTest" time="0"/>
  <testcase name="isSundayAndPreviousRunIsFriday[151]" classname="hudson.scheduler.CronTabDayOfWeekLocaleTest" time="0.001"/>
  <testcase name="isSundayAndNextRunIsTuesday[151]" classname="hudson.scheduler.CronTabDayOfWeekLocaleTest" time="0"/>
  <testcase name="isSundayAndNextRunIsNextSunday7[151]" classname="hudson.scheduler.CronTabDayOfWeekLocaleTest" time="0"/>
  <testcase name="isSundayAndPreviousRunIsMonday[151]" classname="hudson.scheduler.CronTabDayOfWeekLocaleTest" time="0"/>
  <testcase name="isSaturdayAndNextRunIsSundayAsterisk[151]" classname="hudson.scheduler.CronTabDayOfWeekLocaleTest" time="0"/>
  <testcase name="hudson8658[151]" classname="hudson.scheduler.CronTabDayOfWeekLocaleTest" time="0"/>
  <testcase name="isSundayAndNextRunIsNextSunday[151]" classname="hudson.scheduler.CronTabDayOfWeekLocaleTest" time="0"/>
  <testcase name="isSundayAndNextRunIsThursday[151]" classname="hudson.scheduler.CronTabDayOfWeekLocaleTest" time="0"/>
  <testcase name="isSundayAndPreviousRunIsPreviousSunday7[151]" classname="hudson.scheduler.CronTabDayOfWeekLocaleTest" time="0"/>
  <testcase name="isSundayAndNextRunIsWednesday[151]" classname="hudson.scheduler.CronTabDayOfWeekLocaleTest" time="0.001"/>
  <testcase name="isSundayAndNextRunIsSaturday[151]" classname="hudson.scheduler.CronTabDayOfWeekLocaleTest" time="0"/>
  <testcase name="isSundayAndPreviousRunIsTuesday[152]" classname="hudson.scheduler.CronTabDayOfWeekLocaleTest" time="0"/>
  <testcase name="isSundayAndPreviousRunIsThursday[152]" classname="hudson.scheduler.CronTabDayOfWeekLocaleTest" time="0"/>
  <testcase name="isSundayAndPreviousRunIsWednesday[152]" classname="hudson.scheduler.CronTabDayOfWeekLocaleTest" time="0"/>
  <testcase name="isSundayAndPreviousRunIsSaturday[152]" classname="hudson.scheduler.CronTabDayOfWeekLocaleTest" time="0"/>
  <testcase name="isSundayAndPreviousRunIsPreviousSunday[152]" classname="hudson.scheduler.CronTabDayOfWeekLocaleTest" time="0"/>
  <testcase name="isSundayAndNextRunIsFriday[152]" classname="hudson.scheduler.CronTabDayOfWeekLocaleTest" time="0"/>
  <testcase name="isSundayAndPreviousRunIsSaturdayAsterisk[152]" classname="hudson.scheduler.CronTabDayOfWeekLocaleTest" time="0"/>
  <testcase name="isSundayAndNextRunIsMonday[152]" classname="hudson.scheduler.CronTabDayOfWeekLocaleTest" time="0"/>
  <testcase name="isSundayAndPreviousRunIsFriday[152]" classname="hudson.scheduler.CronTabDayOfWeekLocaleTest" time="0.001"/>
  <testcase name="isSundayAndNextRunIsTuesday[152]" classname="hudson.scheduler.CronTabDayOfWeekLocaleTest" time="0"/>
  <testcase name="isSundayAndNextRunIsNextSunday7[152]" classname="hudson.scheduler.CronTabDayOfWeekLocaleTest" time="0"/>
  <testcase name="isSundayAndPreviousRunIsMonday[152]" classname="hudson.scheduler.CronTabDayOfWeekLocaleTest" time="0"/>
  <testcase name="isSaturdayAndNextRunIsSundayAsterisk[152]" classname="hudson.scheduler.CronTabDayOfWeekLocaleTest" time="0"/>
  <testcase name="hudson8658[152]" classname="hudson.scheduler.CronTabDayOfWeekLocaleTest" time="0"/>
  <testcase name="isSundayAndNextRunIsNextSunday[152]" classname="hudson.scheduler.CronTabDayOfWeekLocaleTest" time="0"/>
  <testcase name="isSundayAndNextRunIsThursday[152]" classname="hudson.scheduler.CronTabDayOfWeekLocaleTest" time="0"/>
  <testcase name="isSundayAndPreviousRunIsPreviousSunday7[152]" classname="hudson.scheduler.CronTabDayOfWeekLocaleTest" time="0"/>
  <testcase name="isSundayAndNextRunIsWednesday[152]" classname="hudson.scheduler.CronTabDayOfWeekLocaleTest" time="0"/>
  <testcase name="isSundayAndNextRunIsSaturday[152]" classname="hudson.scheduler.CronTabDayOfWeekLocaleTest" time="0"/>
  <testcase name="isSundayAndPreviousRunIsTuesday[153]" classname="hudson.scheduler.CronTabDayOfWeekLocaleTest" time="0"/>
  <testcase name="isSundayAndPreviousRunIsThursday[153]" classname="hudson.scheduler.CronTabDayOfWeekLocaleTest" time="0"/>
  <testcase name="isSundayAndPreviousRunIsWednesday[153]" classname="hudson.scheduler.CronTabDayOfWeekLocaleTest" time="0"/>
  <testcase name="isSundayAndPreviousRunIsSaturday[153]" classname="hudson.scheduler.CronTabDayOfWeekLocaleTest" time="0"/>
  <testcase name="isSundayAndPreviousRunIsPreviousSunday[153]" classname="hudson.scheduler.CronTabDayOfWeekLocaleTest" time="0"/>
  <testcase name="isSundayAndNextRunIsFriday[153]" classname="hudson.scheduler.CronTabDayOfWeekLocaleTest" time="0"/>
  <testcase name="isSundayAndPreviousRunIsSaturdayAsterisk[153]" classname="hudson.scheduler.CronTabDayOfWeekLocaleTest" time="0"/>
  <testcase name="isSundayAndNextRunIsMonday[153]" classname="hudson.scheduler.CronTabDayOfWeekLocaleTest" time="0"/>
  <testcase name="isSundayAndPreviousRunIsFriday[153]" classname="hudson.scheduler.CronTabDayOfWeekLocaleTest" time="0"/>
  <testcase name="isSundayAndNextRunIsTuesday[153]" classname="hudson.scheduler.CronTabDayOfWeekLocaleTest" time="0"/>
  <testcase name="isSundayAndNextRunIsNextSunday7[153]" classname="hudson.scheduler.CronTabDayOfWeekLocaleTest" time="0.001"/>
  <testcase name="isSundayAndPreviousRunIsMonday[153]" classname="hudson.scheduler.CronTabDayOfWeekLocaleTest" time="0"/>
  <testcase name="isSaturdayAndNextRunIsSundayAsterisk[153]" classname="hudson.scheduler.CronTabDayOfWeekLocaleTest" time="0"/>
  <testcase name="hudson8658[153]" classname="hudson.scheduler.CronTabDayOfWeekLocaleTest" time="0"/>
  <testcase name="isSundayAndNextRunIsNextSunday[153]" classname="hudson.scheduler.CronTabDayOfWeekLocaleTest" time="0"/>
  <testcase name="isSundayAndNextRunIsThursday[153]" classname="hudson.scheduler.CronTabDayOfWeekLocaleTest" time="0"/>
  <testcase name="isSundayAndPreviousRunIsPreviousSunday7[153]" classname="hudson.scheduler.CronTabDayOfWeekLocaleTest" time="0"/>
  <testcase name="isSundayAndNextRunIsWednesday[153]" classname="hudson.scheduler.CronTabDayOfWeekLocaleTest" time="0"/>
  <testcase name="isSundayAndNextRunIsSaturday[153]" classname="hudson.scheduler.CronTabDayOfWeekLocaleTest" time="0"/>
  <testcase name="isSundayAndPreviousRunIsTuesday[154]" classname="hudson.scheduler.CronTabDayOfWeekLocaleTest" time="0"/>
  <testcase name="isSundayAndPreviousRunIsThursday[154]" classname="hudson.scheduler.CronTabDayOfWeekLocaleTest" time="0.001"/>
  <testcase name="isSundayAndPreviousRunIsWednesday[154]" classname="hudson.scheduler.CronTabDayOfWeekLocaleTest" time="0"/>
  <testcase name="isSundayAndPreviousRunIsSaturday[154]" classname="hudson.scheduler.CronTabDayOfWeekLocaleTest" time="0"/>
  <testcase name="isSundayAndPreviousRunIsPreviousSunday[154]" classname="hudson.scheduler.CronTabDayOfWeekLocaleTest" time="0"/>
  <testcase name="isSundayAndNextRunIsFriday[154]" classname="hudson.scheduler.CronTabDayOfWeekLocaleTest" time="0"/>
  <testcase name="isSundayAndPreviousRunIsSaturdayAsterisk[154]" classname="hudson.scheduler.CronTabDayOfWeekLocaleTest" time="0"/>
  <testcase name="isSundayAndNextRunIsMonday[154]" classname="hudson.scheduler.CronTabDayOfWeekLocaleTest" time="0"/>
  <testcase name="isSundayAndPreviousRunIsFriday[154]" classname="hudson.scheduler.CronTabDayOfWeekLocaleTest" time="0"/>
  <testcase name="isSundayAndNextRunIsTuesday[154]" classname="hudson.scheduler.CronTabDayOfWeekLocaleTest" time="0"/>
  <testcase name="isSundayAndNextRunIsNextSunday7[154]" classname="hudson.scheduler.CronTabDayOfWeekLocaleTest" time="0"/>
  <testcase name="isSundayAndPreviousRunIsMonday[154]" classname="hudson.scheduler.CronTabDayOfWeekLocaleTest" time="0"/>
  <testcase name="isSaturdayAndNextRunIsSundayAsterisk[154]" classname="hudson.scheduler.CronTabDayOfWeekLocaleTest" time="0.001"/>
  <testcase name="hudson8658[154]" classname="hudson.scheduler.CronTabDayOfWeekLocaleTest" time="0"/>
  <testcase name="isSundayAndNextRunIsNextSunday[154]" classname="hudson.scheduler.CronTabDayOfWeekLocaleTest" time="0"/>
  <testcase name="isSundayAndNextRunIsThursday[154]" classname="hudson.scheduler.CronTabDayOfWeekLocaleTest" time="0"/>
  <testcase name="isSundayAndPreviousRunIsPreviousSunday7[154]" classname="hudson.scheduler.CronTabDayOfWeekLocaleTest" time="0"/>
  <testcase name="isSundayAndNextRunIsWednesday[154]" classname="hudson.scheduler.CronTabDayOfWeekLocaleTest" time="0"/>
  <testcase name="isSundayAndNextRunIsSaturday[154]" classname="hudson.scheduler.CronTabDayOfWeekLocaleTest" time="0"/>
  <testcase name="isSundayAndPreviousRunIsTuesday[155]" classname="hudson.scheduler.CronTabDayOfWeekLocaleTest" time="0"/>
  <testcase name="isSundayAndPreviousRunIsThursday[155]" classname="hudson.scheduler.CronTabDayOfWeekLocaleTest" time="0"/>
  <testcase name="isSundayAndPreviousRunIsWednesday[155]" classname="hudson.scheduler.CronTabDayOfWeekLocaleTest" time="0"/>
  <testcase name="isSundayAndPreviousRunIsSaturday[155]" classname="hudson.scheduler.CronTabDayOfWeekLocaleTest" time="0"/>
  <testcase name="isSundayAndPreviousRunIsPreviousSunday[155]" classname="hudson.scheduler.CronTabDayOfWeekLocaleTest" time="0"/>
  <testcase name="isSundayAndNextRunIsFriday[155]" classname="hudson.scheduler.CronTabDayOfWeekLocaleTest" time="0"/>
  <testcase name="isSundayAndPreviousRunIsSaturdayAsterisk[155]" classname="hudson.scheduler.CronTabDayOfWeekLocaleTest" time="0"/>
  <testcase name="isSundayAndNextRunIsMonday[155]" classname="hudson.scheduler.CronTabDayOfWeekLocaleTest" time="0"/>
  <testcase name="isSundayAndPreviousRunIsFriday[155]" classname="hudson.scheduler.CronTabDayOfWeekLocaleTest" time="0"/>
  <testcase name="isSundayAndNextRunIsTuesday[155]" classname="hudson.scheduler.CronTabDayOfWeekLocaleTest" time="0"/>
  <testcase name="isSundayAndNextRunIsNextSunday7[155]" classname="hudson.scheduler.CronTabDayOfWeekLocaleTest" time="0"/>
  <testcase name="isSundayAndPreviousRunIsMonday[155]" classname="hudson.scheduler.CronTabDayOfWeekLocaleTest" time="0"/>
  <testcase name="isSaturdayAndNextRunIsSundayAsterisk[155]" classname="hudson.scheduler.CronTabDayOfWeekLocaleTest" time="0"/>
  <testcase name="hudson8658[155]" classname="hudson.scheduler.CronTabDayOfWeekLocaleTest" time="0"/>
  <testcase name="isSundayAndNextRunIsNextSunday[155]" classname="hudson.scheduler.CronTabDayOfWeekLocaleTest" time="0"/>
  <testcase name="isSundayAndNextRunIsThursday[155]" classname="hudson.scheduler.CronTabDayOfWeekLocaleTest" time="0"/>
  <testcase name="isSundayAndPreviousRunIsPreviousSunday7[155]" classname="hudson.scheduler.CronTabDayOfWeekLocaleTest" time="0"/>
  <testcase name="isSundayAndNextRunIsWednesday[155]" classname="hudson.scheduler.CronTabDayOfWeekLocaleTest" time="0"/>
  <testcase name="isSundayAndNextRunIsSaturday[155]" classname="hudson.scheduler.CronTabDayOfWeekLocaleTest" time="0"/>
  <testcase name="isSundayAndPreviousRunIsTuesday[156]" classname="hudson.scheduler.CronTabDayOfWeekLocaleTest" time="0"/>
  <testcase name="isSundayAndPreviousRunIsThursday[156]" classname="hudson.scheduler.CronTabDayOfWeekLocaleTest" time="0"/>
  <testcase name="isSundayAndPreviousRunIsWednesday[156]" classname="hudson.scheduler.CronTabDayOfWeekLocaleTest" time="0"/>
  <testcase name="isSundayAndPreviousRunIsSaturday[156]" classname="hudson.scheduler.CronTabDayOfWeekLocaleTest" time="0"/>
  <testcase name="isSundayAndPreviousRunIsPreviousSunday[156]" classname="hudson.scheduler.CronTabDayOfWeekLocaleTest" time="0"/>
  <testcase name="isSundayAndNextRunIsFriday[156]" classname="hudson.scheduler.CronTabDayOfWeekLocaleTest" time="0"/>
  <testcase name="isSundayAndPreviousRunIsSaturdayAsterisk[156]" classname="hudson.scheduler.CronTabDayOfWeekLocaleTest" time="0"/>
  <testcase name="isSundayAndNextRunIsMonday[156]" classname="hudson.scheduler.CronTabDayOfWeekLocaleTest" time="0"/>
  <testcase name="isSundayAndPreviousRunIsFriday[156]" classname="hudson.scheduler.CronTabDayOfWeekLocaleTest" time="0"/>
  <testcase name="isSundayAndNextRunIsTuesday[156]" classname="hudson.scheduler.CronTabDayOfWeekLocaleTest" time="0"/>
  <testcase name="isSundayAndNextRunIsNextSunday7[156]" classname="hudson.scheduler.CronTabDayOfWeekLocaleTest" time="0"/>
  <testcase name="isSundayAndPreviousRunIsMonday[156]" classname="hudson.scheduler.CronTabDayOfWeekLocaleTest" time="0"/>
  <testcase name="isSaturdayAndNextRunIsSundayAsterisk[156]" classname="hudson.scheduler.CronTabDayOfWeekLocaleTest" time="0"/>
  <testcase name="hudson8658[156]" classname="hudson.scheduler.CronTabDayOfWeekLocaleTest" time="0"/>
  <testcase name="isSundayAndNextRunIsNextSunday[156]" classname="hudson.scheduler.CronTabDayOfWeekLocaleTest" time="0"/>
  <testcase name="isSundayAndNextRunIsThursday[156]" classname="hudson.scheduler.CronTabDayOfWeekLocaleTest" time="0"/>
  <testcase name="isSundayAndPreviousRunIsPreviousSunday7[156]" classname="hudson.scheduler.CronTabDayOfWeekLocaleTest" time="0.001"/>
  <testcase name="isSundayAndNextRunIsWednesday[156]" classname="hudson.scheduler.CronTabDayOfWeekLocaleTest" time="0"/>
  <testcase name="isSundayAndNextRunIsSaturday[156]" classname="hudson.scheduler.CronTabDayOfWeekLocaleTest" time="0"/>
</testsuite>